[0.017s] Invoking command in '/home/edisonwong/dev_ws/build/diffdrive_arduino': CMAKE_PREFIX_PATH=/home/edisonwong/dev_ws/install/serial:/home/edisonwong/dev_ws/install/serial_motor_demo_msgs:/home/edisonwong/dev_ws/install/diffdrive_arduino:/home/edisonwong/dev_ws/install/my_package:/home/edisonwong/dev_ws/install/my_bot:/home/edisonwong/dev_ws/install/serial_motor_demo:/opt/ros/humble /usr/bin/cmake --build /home/edisonwong/dev_ws/build/diffdrive_arduino -- -j8 -l8
[0.087s] [ 42%] Built target fake_robot
[0.089s] [100%] Built target diffdrive_arduino
[0.104s] Invoked command in '/home/edisonwong/dev_ws/build/diffdrive_arduino' returned '0': CMAKE_PREFIX_PATH=/home/edisonwong/dev_ws/install/serial:/home/edisonwong/dev_ws/install/serial_motor_demo_msgs:/home/edisonwong/dev_ws/install/diffdrive_arduino:/home/edisonwong/dev_ws/install/my_package:/home/edisonwong/dev_ws/install/my_bot:/home/edisonwong/dev_ws/install/serial_motor_demo:/opt/ros/humble /usr/bin/cmake --build /home/edisonwong/dev_ws/build/diffdrive_arduino -- -j8 -l8
[0.163s] Invoking command in '/home/edisonwong/dev_ws/build/diffdrive_arduino': CMAKE_PREFIX_PATH=/home/edisonwong/dev_ws/install/serial:/home/edisonwong/dev_ws/install/serial_motor_demo_msgs:/home/edisonwong/dev_ws/install/diffdrive_arduino:/home/edisonwong/dev_ws/install/my_package:/home/edisonwong/dev_ws/install/my_bot:/home/edisonwong/dev_ws/install/serial_motor_demo:/opt/ros/humble /usr/bin/cmake --install /home/edisonwong/dev_ws/build/diffdrive_arduino
[0.177s] -- Install configuration: ""
[0.178s] -- Execute custom install script
[0.178s] -- Up-to-date symlink: /home/edisonwong/dev_ws/install/diffdrive_arduino/share/diffdrive_arduino//robot_hardware.xml
[0.179s] -- Up-to-date symlink: /home/edisonwong/dev_ws/install/diffdrive_arduino/share/diffdrive_arduino//fake_robot_hardware.xml
[0.180s] -- Up-to-date symlink: /home/edisonwong/dev_ws/install/diffdrive_arduino/lib/libdiffdrive_arduino.so
[0.180s] -- Up-to-date symlink: /home/edisonwong/dev_ws/install/diffdrive_arduino/lib/libfake_robot.so
[0.181s] -- Up-to-date symlink: /home/edisonwong/dev_ws/install/diffdrive_arduino/share/diffdrive_arduino/controllers/robot_controller_example.yaml
[0.182s] -- Up-to-date symlink: /home/edisonwong/dev_ws/install/diffdrive_arduino/share/diffdrive_arduino/__pycache__/test_robot.launch.cpython-310.pyc
[0.182s] -- Up-to-date symlink: /home/edisonwong/dev_ws/install/diffdrive_arduino/share/diffdrive_arduino/fake_robot.launch.py
[0.183s] -- Up-to-date symlink: /home/edisonwong/dev_ws/install/diffdrive_arduino/share/diffdrive_arduino/test_robot.launch.py
[0.183s] -- Up-to-date symlink: /home/edisonwong/dev_ws/install/diffdrive_arduino/share/diffdrive_arduino/environment/library_path.sh
[0.183s] -- Up-to-date symlink: /home/edisonwong/dev_ws/install/diffdrive_arduino/share/diffdrive_arduino/environment/library_path.dsv
[0.183s] -- Up-to-date symlink: /home/edisonwong/dev_ws/install/diffdrive_arduino/share/ament_index/resource_index/package_run_dependencies/diffdrive_arduino
[0.184s] -- Up-to-date symlink: /home/edisonwong/dev_ws/install/diffdrive_arduino/share/ament_index/resource_index/parent_prefix_path/diffdrive_arduino
[0.184s] -- Up-to-date symlink: /home/edisonwong/dev_ws/install/diffdrive_arduino/share/diffdrive_arduino/environment/ament_prefix_path.sh
[0.184s] -- Up-to-date symlink: /home/edisonwong/dev_ws/install/diffdrive_arduino/share/diffdrive_arduino/environment/ament_prefix_path.dsv
[0.184s] -- Up-to-date symlink: /home/edisonwong/dev_ws/install/diffdrive_arduino/share/diffdrive_arduino/environment/path.sh
[0.185s] -- Up-to-date symlink: /home/edisonwong/dev_ws/install/diffdrive_arduino/share/diffdrive_arduino/environment/path.dsv
[0.185s] -- Up-to-date symlink: /home/edisonwong/dev_ws/install/diffdrive_arduino/share/diffdrive_arduino/local_setup.bash
[0.186s] -- Up-to-date symlink: /home/edisonwong/dev_ws/install/diffdrive_arduino/share/diffdrive_arduino/local_setup.sh
[0.186s] -- Up-to-date symlink: /home/edisonwong/dev_ws/install/diffdrive_arduino/share/diffdrive_arduino/local_setup.zsh
[0.187s] -- Up-to-date symlink: /home/edisonwong/dev_ws/install/diffdrive_arduino/share/diffdrive_arduino/local_setup.dsv
[0.187s] -- Symlinking: /home/edisonwong/dev_ws/install/diffdrive_arduino/share/diffdrive_arduino/package.dsv
[0.205s] -- Up-to-date symlink: /home/edisonwong/dev_ws/install/diffdrive_arduino/share/ament_index/resource_index/packages/diffdrive_arduino
[0.205s] -- Up-to-date symlink: /home/edisonwong/dev_ws/install/diffdrive_arduino/share/ament_index/resource_index/hardware_interface__pluginlib__plugin/diffdrive_arduino
[0.206s] -- Up-to-date symlink: /home/edisonwong/dev_ws/install/diffdrive_arduino/share/diffdrive_arduino/cmake/ament_cmake_export_libraries-extras.cmake
[0.206s] -- Up-to-date symlink: /home/edisonwong/dev_ws/install/diffdrive_arduino/share/diffdrive_arduino/cmake/ament_cmake_export_dependencies-extras.cmake
[0.207s] -- Up-to-date symlink: /home/edisonwong/dev_ws/install/diffdrive_arduino/share/diffdrive_arduino/cmake/diffdrive_arduinoConfig.cmake
[0.207s] -- Up-to-date symlink: /home/edisonwong/dev_ws/install/diffdrive_arduino/share/diffdrive_arduino/cmake/diffdrive_arduinoConfig-version.cmake
[0.207s] -- Up-to-date symlink: /home/edisonwong/dev_ws/install/diffdrive_arduino/share/diffdrive_arduino/package.xml
[0.214s] Invoked command in '/home/edisonwong/dev_ws/build/diffdrive_arduino' returned '0': CMAKE_PREFIX_PATH=/home/edisonwong/dev_ws/install/serial:/home/edisonwong/dev_ws/install/serial_motor_demo_msgs:/home/edisonwong/dev_ws/install/diffdrive_arduino:/home/edisonwong/dev_ws/install/my_package:/home/edisonwong/dev_ws/install/my_bot:/home/edisonwong/dev_ws/install/serial_motor_demo:/opt/ros/humble /usr/bin/cmake --install /home/edisonwong/dev_ws/build/diffdrive_arduino
