[0.011s] Invoking command in '/home/edisonwong/dev_ws/src/build/diffdrive_arduino': AMENT_PREFIX_PATH=/home/edisonwong/dev_ws/src/install/serial:${AMENT_PREFIX_PATH} CMAKE_PREFIX_PATH=/home/edisonwong/dev_ws/src/install/serial:/opt/ros/humble LD_LIBRARY_PATH=/home/edisonwong/dev_ws/src/install/serial/lib:${LD_LIBRARY_PATH} /usr/bin/cmake --build /home/edisonwong/dev_ws/src/build/diffdrive_arduino -- -j8 -l8
[0.061s] -- Found ament_cmake: 1.3.3 (/opt/ros/humble/share/ament_cmake/cmake)
[0.304s] -- Override CMake install command with custom implementation using symlinks instead of copying resources
[0.320s] -- Found serial: 1.2.1 (/home/edisonwong/dev_ws/src/install/serial/share/serial/cmake)
[0.323s] -- Found hardware_interface: 2.18.0 (/opt/ros/humble/share/hardware_interface/cmake)
[0.370s] -- Found rosidl_generator_c: 3.1.4 (/opt/ros/humble/share/rosidl_generator_c/cmake)
[0.375s] -- Found rosidl_adapter: 3.1.4 (/opt/ros/humble/share/rosidl_adapter/cmake)
[0.383s] -- Found rosidl_generator_cpp: 3.1.4 (/opt/ros/humble/share/rosidl_generator_cpp/cmake)
[0.408s] -- Using all available rosidl_typesupport_c: rosidl_typesupport_fastrtps_c;rosidl_typesupport_introspection_c
[0.438s] -- Using all available rosidl_typesupport_cpp: rosidl_typesupport_fastrtps_cpp;rosidl_typesupport_introspection_cpp
[1.672s] -- Found rmw_implementation_cmake: 6.1.1 (/opt/ros/humble/share/rmw_implementation_cmake/cmake)
[1.675s] -- Found rmw_fastrtps_cpp: 6.2.2 (/opt/ros/humble/share/rmw_fastrtps_cpp/cmake)
[1.843s] -- Using RMW implementation 'rmw_fastrtps_cpp' as default
[2.045s] -- Found controller_manager: 2.18.0 (/opt/ros/humble/share/controller_manager/cmake)
[3.741s] -- Configuring done
[3.830s] -- Generating done
[3.833s] -- Build files have been written to: /home/edisonwong/dev_ws/src/build/diffdrive_arduino
[3.862s] [35m[1mConsolidate compiler generated dependencies of target fake_robot[0m
[3.862s] [35m[1mConsolidate compiler generated dependencies of target diffdrive_arduino[0m
[3.874s] [ 14%] [32mBuilding CXX object CMakeFiles/fake_robot.dir/src/fake_robot.cpp.o[0m
[3.875s] [ 28%] [32mBuilding CXX object CMakeFiles/fake_robot.dir/src/wheel.cpp.o[0m
[3.882s] [ 42%] [32mBuilding CXX object CMakeFiles/diffdrive_arduino.dir/src/diffdrive_arduino.cpp.o[0m
[3.883s] [ 57%] [32mBuilding CXX object CMakeFiles/diffdrive_arduino.dir/src/wheel.cpp.o[0m
[3.884s] [ 71%] [32mBuilding CXX object CMakeFiles/diffdrive_arduino.dir/src/arduino_comms.cpp.o[0m
[8.113s] [ 85%] [32m[1mLinking CXX shared library libdiffdrive_arduino.so[0m
[8.248s] [100%] [32m[1mLinking CXX shared library libfake_robot.so[0m
[8.409s] [100%] Built target diffdrive_arduino
[8.453s] [100%] Built target fake_robot
[8.467s] Invoked command in '/home/edisonwong/dev_ws/src/build/diffdrive_arduino' returned '0': AMENT_PREFIX_PATH=/home/edisonwong/dev_ws/src/install/serial:${AMENT_PREFIX_PATH} CMAKE_PREFIX_PATH=/home/edisonwong/dev_ws/src/install/serial:/opt/ros/humble LD_LIBRARY_PATH=/home/edisonwong/dev_ws/src/install/serial/lib:${LD_LIBRARY_PATH} /usr/bin/cmake --build /home/edisonwong/dev_ws/src/build/diffdrive_arduino -- -j8 -l8
[8.502s] Invoking command in '/home/edisonwong/dev_ws/src/build/diffdrive_arduino': AMENT_PREFIX_PATH=/home/edisonwong/dev_ws/src/install/serial:${AMENT_PREFIX_PATH} CMAKE_PREFIX_PATH=/home/edisonwong/dev_ws/src/install/serial:/opt/ros/humble LD_LIBRARY_PATH=/home/edisonwong/dev_ws/src/install/serial/lib:${LD_LIBRARY_PATH} /usr/bin/cmake --install /home/edisonwong/dev_ws/src/build/diffdrive_arduino
[8.511s] -- Install configuration: ""
[8.512s] -- Execute custom install script
[8.512s] -- Symlinking: /home/edisonwong/dev_ws/src/install/diffdrive_arduino/share/diffdrive_arduino//robot_hardware.xml
[8.521s] -- Symlinking: /home/edisonwong/dev_ws/src/install/diffdrive_arduino/share/diffdrive_arduino//fake_robot_hardware.xml
[8.530s] -- Symlinking: /home/edisonwong/dev_ws/src/install/diffdrive_arduino/lib/libdiffdrive_arduino.so
[8.539s] -- Symlinking: /home/edisonwong/dev_ws/src/install/diffdrive_arduino/lib/libfake_robot.so
[8.549s] -- Symlinking: /home/edisonwong/dev_ws/src/install/diffdrive_arduino/share/diffdrive_arduino/controllers/robot_controller_example.yaml
[8.558s] -- Symlinking: /home/edisonwong/dev_ws/src/install/diffdrive_arduino/share/diffdrive_arduino/__pycache__/test_robot.launch.cpython-310.pyc
[8.567s] -- Symlinking: /home/edisonwong/dev_ws/src/install/diffdrive_arduino/share/diffdrive_arduino/fake_robot.launch.py
[8.576s] -- Symlinking: /home/edisonwong/dev_ws/src/install/diffdrive_arduino/share/diffdrive_arduino/test_robot.launch.py
[8.586s] -- Symlinking: /home/edisonwong/dev_ws/src/install/diffdrive_arduino/share/diffdrive_arduino/environment/library_path.sh
[8.595s] -- Symlinking: /home/edisonwong/dev_ws/src/install/diffdrive_arduino/share/diffdrive_arduino/environment/library_path.dsv
[8.604s] -- Symlinking: /home/edisonwong/dev_ws/src/install/diffdrive_arduino/share/ament_index/resource_index/package_run_dependencies/diffdrive_arduino
[8.615s] -- Symlinking: /home/edisonwong/dev_ws/src/install/diffdrive_arduino/share/ament_index/resource_index/parent_prefix_path/diffdrive_arduino
[8.624s] -- Symlinking: /home/edisonwong/dev_ws/src/install/diffdrive_arduino/share/diffdrive_arduino/environment/ament_prefix_path.sh
[8.635s] -- Symlinking: /home/edisonwong/dev_ws/src/install/diffdrive_arduino/share/diffdrive_arduino/environment/ament_prefix_path.dsv
[8.645s] -- Symlinking: /home/edisonwong/dev_ws/src/install/diffdrive_arduino/share/diffdrive_arduino/environment/path.sh
[8.655s] -- Symlinking: /home/edisonwong/dev_ws/src/install/diffdrive_arduino/share/diffdrive_arduino/environment/path.dsv
[8.666s] -- Symlinking: /home/edisonwong/dev_ws/src/install/diffdrive_arduino/share/diffdrive_arduino/local_setup.bash
[8.676s] -- Symlinking: /home/edisonwong/dev_ws/src/install/diffdrive_arduino/share/diffdrive_arduino/local_setup.sh
[8.686s] -- Symlinking: /home/edisonwong/dev_ws/src/install/diffdrive_arduino/share/diffdrive_arduino/local_setup.zsh
[8.697s] -- Symlinking: /home/edisonwong/dev_ws/src/install/diffdrive_arduino/share/diffdrive_arduino/local_setup.dsv
[8.706s] -- Symlinking: /home/edisonwong/dev_ws/src/install/diffdrive_arduino/share/diffdrive_arduino/package.dsv
[8.717s] -- Symlinking: /home/edisonwong/dev_ws/src/install/diffdrive_arduino/share/ament_index/resource_index/packages/diffdrive_arduino
[8.728s] -- Symlinking: /home/edisonwong/dev_ws/src/install/diffdrive_arduino/share/ament_index/resource_index/hardware_interface__pluginlib__plugin/diffdrive_arduino
[8.737s] -- Symlinking: /home/edisonwong/dev_ws/src/install/diffdrive_arduino/share/diffdrive_arduino/cmake/ament_cmake_export_libraries-extras.cmake
[8.748s] -- Symlinking: /home/edisonwong/dev_ws/src/install/diffdrive_arduino/share/diffdrive_arduino/cmake/ament_cmake_export_dependencies-extras.cmake
[8.758s] -- Symlinking: /home/edisonwong/dev_ws/src/install/diffdrive_arduino/share/diffdrive_arduino/cmake/diffdrive_arduinoConfig.cmake
[8.769s] -- Symlinking: /home/edisonwong/dev_ws/src/install/diffdrive_arduino/share/diffdrive_arduino/cmake/diffdrive_arduinoConfig-version.cmake
[8.779s] -- Symlinking: /home/edisonwong/dev_ws/src/install/diffdrive_arduino/share/diffdrive_arduino/package.xml
[8.794s] Invoked command in '/home/edisonwong/dev_ws/src/build/diffdrive_arduino' returned '0': AMENT_PREFIX_PATH=/home/edisonwong/dev_ws/src/install/serial:${AMENT_PREFIX_PATH} CMAKE_PREFIX_PATH=/home/edisonwong/dev_ws/src/install/serial:/opt/ros/humble LD_LIBRARY_PATH=/home/edisonwong/dev_ws/src/install/serial/lib:${LD_LIBRARY_PATH} /usr/bin/cmake --install /home/edisonwong/dev_ws/src/build/diffdrive_arduino
