[0.014s] Invoking command in '/home/edisonwong/dev_ws/build/diffdrive_arduino': CMAKE_PREFIX_PATH=/home/edisonwong/dev_ws/install/serial:/home/edisonwong/dev_ws/install/serial_motor_demo_msgs:/home/edisonwong/dev_ws/install/diffdrive_arduino:/home/edisonwong/dev_ws/install/my_package:/home/edisonwong/dev_ws/install/my_bot:/home/edisonwong/dev_ws/install/serial_motor_demo:/opt/ros/humble /usr/bin/cmake --build /home/edisonwong/dev_ws/build/diffdrive_arduino -- -j8 -l8
[0.083s] [100%] Built target diffdrive_arduino
[0.083s] [100%] Built target fake_robot
[0.101s] Invoked command in '/home/edisonwong/dev_ws/build/diffdrive_arduino' returned '0': CMAKE_PREFIX_PATH=/home/edisonwong/dev_ws/install/serial:/home/edisonwong/dev_ws/install/serial_motor_demo_msgs:/home/edisonwong/dev_ws/install/diffdrive_arduino:/home/edisonwong/dev_ws/install/my_package:/home/edisonwong/dev_ws/install/my_bot:/home/edisonwong/dev_ws/install/serial_motor_demo:/opt/ros/humble /usr/bin/cmake --build /home/edisonwong/dev_ws/build/diffdrive_arduino -- -j8 -l8
[0.148s] Invoking command in '/home/edisonwong/dev_ws/build/diffdrive_arduino': CMAKE_PREFIX_PATH=/home/edisonwong/dev_ws/install/serial:/home/edisonwong/dev_ws/install/serial_motor_demo_msgs:/home/edisonwong/dev_ws/install/diffdrive_arduino:/home/edisonwong/dev_ws/install/my_package:/home/edisonwong/dev_ws/install/my_bot:/home/edisonwong/dev_ws/install/serial_motor_demo:/opt/ros/humble /usr/bin/cmake --install /home/edisonwong/dev_ws/build/diffdrive_arduino
[0.159s] -- Install configuration: ""
[0.160s] -- Execute custom install script
[0.160s] -- Up-to-date symlink: /home/edisonwong/dev_ws/install/diffdrive_arduino/share/diffdrive_arduino//robot_hardware.xml
[0.161s] -- Up-to-date symlink: /home/edisonwong/dev_ws/install/diffdrive_arduino/share/diffdrive_arduino//fake_robot_hardware.xml
[0.161s] -- Up-to-date symlink: /home/edisonwong/dev_ws/install/diffdrive_arduino/lib/libdiffdrive_arduino.so
[0.161s] -- Up-to-date symlink: /home/edisonwong/dev_ws/install/diffdrive_arduino/lib/libfake_robot.so
[0.162s] -- Up-to-date symlink: /home/edisonwong/dev_ws/install/diffdrive_arduino/share/diffdrive_arduino/controllers/robot_controller_example.yaml
[0.162s] -- Up-to-date symlink: /home/edisonwong/dev_ws/install/diffdrive_arduino/share/diffdrive_arduino/__pycache__/test_robot.launch.cpython-310.pyc
[0.163s] -- Up-to-date symlink: /home/edisonwong/dev_ws/install/diffdrive_arduino/share/diffdrive_arduino/fake_robot.launch.py
[0.163s] -- Up-to-date symlink: /home/edisonwong/dev_ws/install/diffdrive_arduino/share/diffdrive_arduino/test_robot.launch.py
[0.163s] -- Up-to-date symlink: /home/edisonwong/dev_ws/install/diffdrive_arduino/share/diffdrive_arduino/environment/library_path.sh
[0.163s] -- Up-to-date symlink: /home/edisonwong/dev_ws/install/diffdrive_arduino/share/diffdrive_arduino/environment/library_path.dsv
[0.164s] -- Up-to-date symlink: /home/edisonwong/dev_ws/install/diffdrive_arduino/share/ament_index/resource_index/package_run_dependencies/diffdrive_arduino
[0.164s] -- Up-to-date symlink: /home/edisonwong/dev_ws/install/diffdrive_arduino/share/ament_index/resource_index/parent_prefix_path/diffdrive_arduino
[0.164s] -- Up-to-date symlink: /home/edisonwong/dev_ws/install/diffdrive_arduino/share/diffdrive_arduino/environment/ament_prefix_path.sh
[0.165s] -- Up-to-date symlink: /home/edisonwong/dev_ws/install/diffdrive_arduino/share/diffdrive_arduino/environment/ament_prefix_path.dsv
[0.165s] -- Up-to-date symlink: /home/edisonwong/dev_ws/install/diffdrive_arduino/share/diffdrive_arduino/environment/path.sh
[0.165s] -- Up-to-date symlink: /home/edisonwong/dev_ws/install/diffdrive_arduino/share/diffdrive_arduino/environment/path.dsv
[0.166s] -- Up-to-date symlink: /home/edisonwong/dev_ws/install/diffdrive_arduino/share/diffdrive_arduino/local_setup.bash
[0.166s] -- Up-to-date symlink: /home/edisonwong/dev_ws/install/diffdrive_arduino/share/diffdrive_arduino/local_setup.sh
[0.166s] -- Up-to-date symlink: /home/edisonwong/dev_ws/install/diffdrive_arduino/share/diffdrive_arduino/local_setup.zsh
[0.167s] -- Up-to-date symlink: /home/edisonwong/dev_ws/install/diffdrive_arduino/share/diffdrive_arduino/local_setup.dsv
[0.167s] -- Symlinking: /home/edisonwong/dev_ws/install/diffdrive_arduino/share/diffdrive_arduino/package.dsv
[0.179s] -- Up-to-date symlink: /home/edisonwong/dev_ws/install/diffdrive_arduino/share/ament_index/resource_index/packages/diffdrive_arduino
[0.179s] -- Up-to-date symlink: /home/edisonwong/dev_ws/install/diffdrive_arduino/share/ament_index/resource_index/hardware_interface__pluginlib__plugin/diffdrive_arduino
[0.180s] -- Up-to-date symlink: /home/edisonwong/dev_ws/install/diffdrive_arduino/share/diffdrive_arduino/cmake/ament_cmake_export_libraries-extras.cmake
[0.180s] -- Up-to-date symlink: /home/edisonwong/dev_ws/install/diffdrive_arduino/share/diffdrive_arduino/cmake/ament_cmake_export_dependencies-extras.cmake
[0.180s] -- Up-to-date symlink: /home/edisonwong/dev_ws/install/diffdrive_arduino/share/diffdrive_arduino/cmake/diffdrive_arduinoConfig.cmake
[0.181s] -- Up-to-date symlink: /home/edisonwong/dev_ws/install/diffdrive_arduino/share/diffdrive_arduino/cmake/diffdrive_arduinoConfig-version.cmake
[0.181s] -- Up-to-date symlink: /home/edisonwong/dev_ws/install/diffdrive_arduino/share/diffdrive_arduino/package.xml
[0.186s] Invoked command in '/home/edisonwong/dev_ws/build/diffdrive_arduino' returned '0': CMAKE_PREFIX_PATH=/home/edisonwong/dev_ws/install/serial:/home/edisonwong/dev_ws/install/serial_motor_demo_msgs:/home/edisonwong/dev_ws/install/diffdrive_arduino:/home/edisonwong/dev_ws/install/my_package:/home/edisonwong/dev_ws/install/my_bot:/home/edisonwong/dev_ws/install/serial_motor_demo:/opt/ros/humble /usr/bin/cmake --install /home/edisonwong/dev_ws/build/diffdrive_arduino
