[0.158s] Invoking command in '/home/edisonwong/dev_ws/build/serial_motor_demo_msgs': CMAKE_PREFIX_PATH=/opt/ros/humble /usr/bin/cmake --build /home/edisonwong/dev_ws/build/serial_motor_demo_msgs -- -j8 -l8
[0.491s] [  2%] Built target serial_motor_demo_msgs__cpp
[0.521s] [ 12%] Built target serial_motor_demo_msgs__rosidl_generator_c
[0.551s] [ 12%] Built target ament_cmake_python_symlink_serial_motor_demo_msgs
[0.681s] [ 23%] Built target serial_motor_demo_msgs__rosidl_typesupport_cpp
[0.752s] [ 34%] Built target serial_motor_demo_msgs__rosidl_typesupport_fastrtps_cpp
[0.763s] [ 48%] Built target serial_motor_demo_msgs__rosidl_typesupport_c
[0.765s] [ 55%] Built target serial_motor_demo_msgs__rosidl_typesupport_fastrtps_c
[0.775s] [ 65%] Built target serial_motor_demo_msgs__rosidl_typesupport_introspection_cpp
[0.780s] [ 76%] Built target serial_motor_demo_msgs__rosidl_typesupport_introspection_c
[0.907s] [ 76%] Built target serial_motor_demo_msgs
[1.053s] [ 78%] Built target serial_motor_demo_msgs__py
[1.235s] [ 87%] Built target serial_motor_demo_msgs__rosidl_generator_py
[1.379s] [ 91%] Built target serial_motor_demo_msgs__rosidl_typesupport_fastrtps_c__pyext
[1.425s] [ 95%] Built target serial_motor_demo_msgs__rosidl_typesupport_introspection_c__pyext
[1.481s] [100%] Built target serial_motor_demo_msgs__rosidl_typesupport_c__pyext
[3.386s] running egg_info
[3.392s] writing serial_motor_demo_msgs.egg-info/PKG-INFO
[3.393s] writing dependency_links to serial_motor_demo_msgs.egg-info/dependency_links.txt
[3.395s] writing top-level names to serial_motor_demo_msgs.egg-info/top_level.txt
[3.413s] reading manifest file 'serial_motor_demo_msgs.egg-info/SOURCES.txt'
[3.418s] writing manifest file 'serial_motor_demo_msgs.egg-info/SOURCES.txt'
[3.632s] [100%] Built target ament_cmake_python_build_serial_motor_demo_msgs_egg
[3.727s] Invoked command in '/home/edisonwong/dev_ws/build/serial_motor_demo_msgs' returned '0': CMAKE_PREFIX_PATH=/opt/ros/humble /usr/bin/cmake --build /home/edisonwong/dev_ws/build/serial_motor_demo_msgs -- -j8 -l8
[4.424s] Invoking command in '/home/edisonwong/dev_ws/build/serial_motor_demo_msgs': CMAKE_PREFIX_PATH=/opt/ros/humble /usr/bin/cmake --install /home/edisonwong/dev_ws/build/serial_motor_demo_msgs
[4.468s] -- Install configuration: ""
[4.474s] -- Execute custom install script
[4.475s] -- Up-to-date symlink: /home/edisonwong/dev_ws/install/serial_motor_demo_msgs/share/ament_index/resource_index/rosidl_interfaces/serial_motor_demo_msgs
[4.479s] -- Up-to-date symlink: /home/edisonwong/dev_ws/install/serial_motor_demo_msgs/include/serial_motor_demo_msgs/serial_motor_demo_msgs/msg/detail/encoder_vals__functions.h
[4.480s] -- Up-to-date symlink: /home/edisonwong/dev_ws/install/serial_motor_demo_msgs/include/serial_motor_demo_msgs/serial_motor_demo_msgs/msg/detail/encoder_vals__struct.h
[4.482s] -- Up-to-date symlink: /home/edisonwong/dev_ws/install/serial_motor_demo_msgs/include/serial_motor_demo_msgs/serial_motor_demo_msgs/msg/detail/encoder_vals__type_support.h
[4.483s] -- Up-to-date symlink: /home/edisonwong/dev_ws/install/serial_motor_demo_msgs/include/serial_motor_demo_msgs/serial_motor_demo_msgs/msg/detail/motor_command__functions.h
[4.484s] -- Up-to-date symlink: /home/edisonwong/dev_ws/install/serial_motor_demo_msgs/include/serial_motor_demo_msgs/serial_motor_demo_msgs/msg/detail/motor_command__struct.h
[4.485s] -- Up-to-date symlink: /home/edisonwong/dev_ws/install/serial_motor_demo_msgs/include/serial_motor_demo_msgs/serial_motor_demo_msgs/msg/detail/motor_command__type_support.h
[4.488s] -- Up-to-date symlink: /home/edisonwong/dev_ws/install/serial_motor_demo_msgs/include/serial_motor_demo_msgs/serial_motor_demo_msgs/msg/detail/motor_vels__functions.h
[4.489s] -- Up-to-date symlink: /home/edisonwong/dev_ws/install/serial_motor_demo_msgs/include/serial_motor_demo_msgs/serial_motor_demo_msgs/msg/detail/motor_vels__struct.h
[4.491s] -- Up-to-date symlink: /home/edisonwong/dev_ws/install/serial_motor_demo_msgs/include/serial_motor_demo_msgs/serial_motor_demo_msgs/msg/detail/motor_vels__type_support.h
[4.492s] -- Up-to-date symlink: /home/edisonwong/dev_ws/install/serial_motor_demo_msgs/include/serial_motor_demo_msgs/serial_motor_demo_msgs/msg/encoder_vals.h
[4.493s] -- Up-to-date symlink: /home/edisonwong/dev_ws/install/serial_motor_demo_msgs/include/serial_motor_demo_msgs/serial_motor_demo_msgs/msg/motor_command.h
[4.493s] -- Up-to-date symlink: /home/edisonwong/dev_ws/install/serial_motor_demo_msgs/include/serial_motor_demo_msgs/serial_motor_demo_msgs/msg/motor_vels.h
[4.494s] -- Up-to-date symlink: /home/edisonwong/dev_ws/install/serial_motor_demo_msgs/include/serial_motor_demo_msgs/serial_motor_demo_msgs/msg/rosidl_generator_c__visibility_control.h
[4.495s] -- Up-to-date symlink: /home/edisonwong/dev_ws/install/serial_motor_demo_msgs/share/serial_motor_demo_msgs/environment/library_path.sh
[4.500s] -- Up-to-date symlink: /home/edisonwong/dev_ws/install/serial_motor_demo_msgs/share/serial_motor_demo_msgs/environment/library_path.dsv
[4.501s] -- Up-to-date symlink: /home/edisonwong/dev_ws/install/serial_motor_demo_msgs/include/serial_motor_demo_msgs/serial_motor_demo_msgs/msg/detail/encoder_vals__rosidl_typesupport_fastrtps_c.h
[4.502s] -- Up-to-date symlink: /home/edisonwong/dev_ws/install/serial_motor_demo_msgs/include/serial_motor_demo_msgs/serial_motor_demo_msgs/msg/detail/motor_command__rosidl_typesupport_fastrtps_c.h
[4.503s] -- Up-to-date symlink: /home/edisonwong/dev_ws/install/serial_motor_demo_msgs/include/serial_motor_demo_msgs/serial_motor_demo_msgs/msg/detail/motor_vels__rosidl_typesupport_fastrtps_c.h
[4.503s] -- Up-to-date symlink: /home/edisonwong/dev_ws/install/serial_motor_demo_msgs/include/serial_motor_demo_msgs/serial_motor_demo_msgs/msg/rosidl_typesupport_fastrtps_c__visibility_control.h
[4.505s] -- Up-to-date symlink: /home/edisonwong/dev_ws/install/serial_motor_demo_msgs/include/serial_motor_demo_msgs/serial_motor_demo_msgs/msg/detail/encoder_vals__rosidl_typesupport_introspection_c.h
[4.506s] -- Up-to-date symlink: /home/edisonwong/dev_ws/install/serial_motor_demo_msgs/include/serial_motor_demo_msgs/serial_motor_demo_msgs/msg/detail/motor_command__rosidl_typesupport_introspection_c.h
[4.509s] -- Up-to-date symlink: /home/edisonwong/dev_ws/install/serial_motor_demo_msgs/include/serial_motor_demo_msgs/serial_motor_demo_msgs/msg/detail/motor_vels__rosidl_typesupport_introspection_c.h
[4.509s] -- Up-to-date symlink: /home/edisonwong/dev_ws/install/serial_motor_demo_msgs/include/serial_motor_demo_msgs/serial_motor_demo_msgs/msg/rosidl_typesupport_introspection_c__visibility_control.h
[4.513s] -- Up-to-date symlink: /home/edisonwong/dev_ws/install/serial_motor_demo_msgs/include/serial_motor_demo_msgs/serial_motor_demo_msgs/msg/detail/encoder_vals__builder.hpp
[4.515s] -- Up-to-date symlink: /home/edisonwong/dev_ws/install/serial_motor_demo_msgs/include/serial_motor_demo_msgs/serial_motor_demo_msgs/msg/detail/encoder_vals__struct.hpp
[4.517s] -- Up-to-date symlink: /home/edisonwong/dev_ws/install/serial_motor_demo_msgs/include/serial_motor_demo_msgs/serial_motor_demo_msgs/msg/detail/encoder_vals__traits.hpp
[4.521s] -- Up-to-date symlink: /home/edisonwong/dev_ws/install/serial_motor_demo_msgs/include/serial_motor_demo_msgs/serial_motor_demo_msgs/msg/detail/motor_command__builder.hpp
[4.523s] -- Up-to-date symlink: /home/edisonwong/dev_ws/install/serial_motor_demo_msgs/include/serial_motor_demo_msgs/serial_motor_demo_msgs/msg/detail/motor_command__struct.hpp
[4.524s] -- Up-to-date symlink: /home/edisonwong/dev_ws/install/serial_motor_demo_msgs/include/serial_motor_demo_msgs/serial_motor_demo_msgs/msg/detail/motor_command__traits.hpp
[4.525s] -- Up-to-date symlink: /home/edisonwong/dev_ws/install/serial_motor_demo_msgs/include/serial_motor_demo_msgs/serial_motor_demo_msgs/msg/detail/motor_vels__builder.hpp
[4.526s] -- Up-to-date symlink: /home/edisonwong/dev_ws/install/serial_motor_demo_msgs/include/serial_motor_demo_msgs/serial_motor_demo_msgs/msg/detail/motor_vels__struct.hpp
[4.528s] -- Up-to-date symlink: /home/edisonwong/dev_ws/install/serial_motor_demo_msgs/include/serial_motor_demo_msgs/serial_motor_demo_msgs/msg/detail/motor_vels__traits.hpp
[4.528s] -- Up-to-date symlink: /home/edisonwong/dev_ws/install/serial_motor_demo_msgs/include/serial_motor_demo_msgs/serial_motor_demo_msgs/msg/encoder_vals.hpp
[4.529s] -- Up-to-date symlink: /home/edisonwong/dev_ws/install/serial_motor_demo_msgs/include/serial_motor_demo_msgs/serial_motor_demo_msgs/msg/motor_command.hpp
[4.530s] -- Up-to-date symlink: /home/edisonwong/dev_ws/install/serial_motor_demo_msgs/include/serial_motor_demo_msgs/serial_motor_demo_msgs/msg/motor_vels.hpp
[4.532s] -- Up-to-date symlink: /home/edisonwong/dev_ws/install/serial_motor_demo_msgs/include/serial_motor_demo_msgs/serial_motor_demo_msgs/msg/detail/encoder_vals__rosidl_typesupport_fastrtps_cpp.hpp
[4.533s] -- Up-to-date symlink: /home/edisonwong/dev_ws/install/serial_motor_demo_msgs/include/serial_motor_demo_msgs/serial_motor_demo_msgs/msg/detail/motor_command__rosidl_typesupport_fastrtps_cpp.hpp
[4.534s] -- Up-to-date symlink: /home/edisonwong/dev_ws/install/serial_motor_demo_msgs/include/serial_motor_demo_msgs/serial_motor_demo_msgs/msg/detail/motor_vels__rosidl_typesupport_fastrtps_cpp.hpp
[4.534s] -- Up-to-date symlink: /home/edisonwong/dev_ws/install/serial_motor_demo_msgs/include/serial_motor_demo_msgs/serial_motor_demo_msgs/msg/rosidl_typesupport_fastrtps_cpp__visibility_control.h
[4.535s] -- Up-to-date symlink: /home/edisonwong/dev_ws/install/serial_motor_demo_msgs/include/serial_motor_demo_msgs/serial_motor_demo_msgs/msg/detail/encoder_vals__rosidl_typesupport_introspection_cpp.hpp
[4.536s] -- Up-to-date symlink: /home/edisonwong/dev_ws/install/serial_motor_demo_msgs/include/serial_motor_demo_msgs/serial_motor_demo_msgs/msg/detail/motor_command__rosidl_typesupport_introspection_cpp.hpp
[4.537s] -- Up-to-date symlink: /home/edisonwong/dev_ws/install/serial_motor_demo_msgs/include/serial_motor_demo_msgs/serial_motor_demo_msgs/msg/detail/motor_vels__rosidl_typesupport_introspection_cpp.hpp
[4.539s] -- Up-to-date symlink: /home/edisonwong/dev_ws/install/serial_motor_demo_msgs/share/serial_motor_demo_msgs/environment/pythonpath.sh
[4.540s] -- Up-to-date symlink: /home/edisonwong/dev_ws/install/serial_motor_demo_msgs/share/serial_motor_demo_msgs/environment/pythonpath.dsv
[4.543s] -- Up-to-date symlink: /home/edisonwong/dev_ws/install/serial_motor_demo_msgs/local/lib/python3.10/dist-packages/serial_motor_demo_msgs-0.0.0-py3.10.egg-info/PKG-INFO
[4.544s] -- Up-to-date symlink: /home/edisonwong/dev_ws/install/serial_motor_demo_msgs/local/lib/python3.10/dist-packages/serial_motor_demo_msgs-0.0.0-py3.10.egg-info/SOURCES.txt
[4.545s] -- Up-to-date symlink: /home/edisonwong/dev_ws/install/serial_motor_demo_msgs/local/lib/python3.10/dist-packages/serial_motor_demo_msgs-0.0.0-py3.10.egg-info/dependency_links.txt
[4.546s] -- Up-to-date symlink: /home/edisonwong/dev_ws/install/serial_motor_demo_msgs/local/lib/python3.10/dist-packages/serial_motor_demo_msgs-0.0.0-py3.10.egg-info/top_level.txt
[4.553s] -- Up-to-date symlink: /home/edisonwong/dev_ws/install/serial_motor_demo_msgs/local/lib/python3.10/dist-packages/serial_motor_demo_msgs/__init__.py
[4.555s] -- Up-to-date symlink: /home/edisonwong/dev_ws/install/serial_motor_demo_msgs/local/lib/python3.10/dist-packages/serial_motor_demo_msgs/_serial_motor_demo_msgs_s.ep.rosidl_typesupport_c.c
[4.556s] -- Up-to-date symlink: /home/edisonwong/dev_ws/install/serial_motor_demo_msgs/local/lib/python3.10/dist-packages/serial_motor_demo_msgs/_serial_motor_demo_msgs_s.ep.rosidl_typesupport_fastrtps_c.c
[4.557s] -- Up-to-date symlink: /home/edisonwong/dev_ws/install/serial_motor_demo_msgs/local/lib/python3.10/dist-packages/serial_motor_demo_msgs/_serial_motor_demo_msgs_s.ep.rosidl_typesupport_introspection_c.c
[4.558s] -- Up-to-date symlink: /home/edisonwong/dev_ws/install/serial_motor_demo_msgs/local/lib/python3.10/dist-packages/serial_motor_demo_msgs/libserial_motor_demo_msgs__rosidl_generator_py.so
[4.560s] -- Up-to-date symlink: /home/edisonwong/dev_ws/install/serial_motor_demo_msgs/local/lib/python3.10/dist-packages/serial_motor_demo_msgs/msg/__init__.py
[4.562s] -- Up-to-date symlink: /home/edisonwong/dev_ws/install/serial_motor_demo_msgs/local/lib/python3.10/dist-packages/serial_motor_demo_msgs/msg/_encoder_vals.py
[4.562s] -- Up-to-date symlink: /home/edisonwong/dev_ws/install/serial_motor_demo_msgs/local/lib/python3.10/dist-packages/serial_motor_demo_msgs/msg/_encoder_vals_s.c
[4.563s] -- Up-to-date symlink: /home/edisonwong/dev_ws/install/serial_motor_demo_msgs/local/lib/python3.10/dist-packages/serial_motor_demo_msgs/msg/_motor_command.py
[4.566s] -- Up-to-date symlink: /home/edisonwong/dev_ws/install/serial_motor_demo_msgs/local/lib/python3.10/dist-packages/serial_motor_demo_msgs/msg/_motor_command_s.c
[4.566s] -- Up-to-date symlink: /home/edisonwong/dev_ws/install/serial_motor_demo_msgs/local/lib/python3.10/dist-packages/serial_motor_demo_msgs/msg/_motor_vels.py
[4.569s] -- Up-to-date symlink: /home/edisonwong/dev_ws/install/serial_motor_demo_msgs/local/lib/python3.10/dist-packages/serial_motor_demo_msgs/msg/_motor_vels_s.c
[4.570s] -- Up-to-date symlink: /home/edisonwong/dev_ws/install/serial_motor_demo_msgs/local/lib/python3.10/dist-packages/serial_motor_demo_msgs/serial_motor_demo_msgs_s__rosidl_typesupport_c.cpython-310-x86_64-linux-gnu.so
[4.571s] -- Up-to-date symlink: /home/edisonwong/dev_ws/install/serial_motor_demo_msgs/local/lib/python3.10/dist-packages/serial_motor_demo_msgs/serial_motor_demo_msgs_s__rosidl_typesupport_fastrtps_c.cpython-310-x86_64-linux-gnu.so
[4.572s] -- Up-to-date symlink: /home/edisonwong/dev_ws/install/serial_motor_demo_msgs/local/lib/python3.10/dist-packages/serial_motor_demo_msgs/serial_motor_demo_msgs_s__rosidl_typesupport_introspection_c.cpython-310-x86_64-linux-gnu.so
[4.573s] -- Up-to-date symlink: /home/edisonwong/dev_ws/install/serial_motor_demo_msgs/local/lib/python3.10/dist-packages/serial_motor_demo_msgs/serial_motor_demo_msgs_s__rosidl_typesupport_fastrtps_c.cpython-310-x86_64-linux-gnu.so
[4.573s] -- Up-to-date symlink: /home/edisonwong/dev_ws/install/serial_motor_demo_msgs/local/lib/python3.10/dist-packages/serial_motor_demo_msgs/serial_motor_demo_msgs_s__rosidl_typesupport_introspection_c.cpython-310-x86_64-linux-gnu.so
[4.574s] -- Up-to-date symlink: /home/edisonwong/dev_ws/install/serial_motor_demo_msgs/local/lib/python3.10/dist-packages/serial_motor_demo_msgs/serial_motor_demo_msgs_s__rosidl_typesupport_c.cpython-310-x86_64-linux-gnu.so
[4.575s] -- Up-to-date symlink: /home/edisonwong/dev_ws/install/serial_motor_demo_msgs/share/serial_motor_demo_msgs/msg/MotorCommand.idl
[4.577s] -- Up-to-date symlink: /home/edisonwong/dev_ws/install/serial_motor_demo_msgs/share/serial_motor_demo_msgs/msg/MotorVels.idl
[4.578s] -- Up-to-date symlink: /home/edisonwong/dev_ws/install/serial_motor_demo_msgs/share/serial_motor_demo_msgs/msg/EncoderVals.idl
[4.581s] -- Up-to-date symlink: /home/edisonwong/dev_ws/install/serial_motor_demo_msgs/share/serial_motor_demo_msgs/msg/MotorCommand.msg
[4.582s] -- Up-to-date symlink: /home/edisonwong/dev_ws/install/serial_motor_demo_msgs/share/serial_motor_demo_msgs/msg/MotorVels.msg
[4.584s] -- Up-to-date symlink: /home/edisonwong/dev_ws/install/serial_motor_demo_msgs/share/serial_motor_demo_msgs/msg/EncoderVals.msg
[4.585s] -- Up-to-date symlink: /home/edisonwong/dev_ws/install/serial_motor_demo_msgs/share/ament_index/resource_index/package_run_dependencies/serial_motor_demo_msgs
[4.586s] -- Up-to-date symlink: /home/edisonwong/dev_ws/install/serial_motor_demo_msgs/share/ament_index/resource_index/parent_prefix_path/serial_motor_demo_msgs
[4.588s] -- Up-to-date symlink: /home/edisonwong/dev_ws/install/serial_motor_demo_msgs/share/serial_motor_demo_msgs/environment/ament_prefix_path.sh
[4.589s] -- Up-to-date symlink: /home/edisonwong/dev_ws/install/serial_motor_demo_msgs/share/serial_motor_demo_msgs/environment/ament_prefix_path.dsv
[4.591s] -- Up-to-date symlink: /home/edisonwong/dev_ws/install/serial_motor_demo_msgs/share/serial_motor_demo_msgs/environment/path.sh
[4.591s] -- Up-to-date symlink: /home/edisonwong/dev_ws/install/serial_motor_demo_msgs/share/serial_motor_demo_msgs/environment/path.dsv
[4.593s] -- Up-to-date symlink: /home/edisonwong/dev_ws/install/serial_motor_demo_msgs/share/serial_motor_demo_msgs/local_setup.bash
[4.594s] -- Up-to-date symlink: /home/edisonwong/dev_ws/install/serial_motor_demo_msgs/share/serial_motor_demo_msgs/local_setup.sh
[4.597s] -- Up-to-date symlink: /home/edisonwong/dev_ws/install/serial_motor_demo_msgs/share/serial_motor_demo_msgs/local_setup.zsh
[4.598s] -- Up-to-date symlink: /home/edisonwong/dev_ws/install/serial_motor_demo_msgs/share/serial_motor_demo_msgs/local_setup.dsv
[4.599s] -- Symlinking: /home/edisonwong/dev_ws/install/serial_motor_demo_msgs/share/serial_motor_demo_msgs/package.dsv
[4.656s] -- Up-to-date symlink: /home/edisonwong/dev_ws/install/serial_motor_demo_msgs/share/ament_index/resource_index/packages/serial_motor_demo_msgs
[4.657s] -- Up-to-date symlink: /home/edisonwong/dev_ws/install/serial_motor_demo_msgs/share/serial_motor_demo_msgs/cmake/rosidl_cmake-extras.cmake
[4.660s] -- Up-to-date symlink: /home/edisonwong/dev_ws/install/serial_motor_demo_msgs/share/serial_motor_demo_msgs/cmake/ament_cmake_export_include_directories-extras.cmake
[4.661s] -- Up-to-date symlink: /home/edisonwong/dev_ws/install/serial_motor_demo_msgs/share/serial_motor_demo_msgs/cmake/ament_cmake_export_libraries-extras.cmake
[4.662s] -- Up-to-date symlink: /home/edisonwong/dev_ws/install/serial_motor_demo_msgs/share/serial_motor_demo_msgs/cmake/ament_cmake_export_targets-extras.cmake
[4.662s] -- Up-to-date symlink: /home/edisonwong/dev_ws/install/serial_motor_demo_msgs/share/serial_motor_demo_msgs/cmake/rosidl_cmake_export_typesupport_targets-extras.cmake
[4.665s] -- Up-to-date symlink: /home/edisonwong/dev_ws/install/serial_motor_demo_msgs/share/serial_motor_demo_msgs/cmake/ament_cmake_export_dependencies-extras.cmake
[4.667s] -- Up-to-date symlink: /home/edisonwong/dev_ws/install/serial_motor_demo_msgs/share/serial_motor_demo_msgs/cmake/rosidl_cmake_export_typesupport_libraries-extras.cmake
[4.669s] -- Up-to-date symlink: /home/edisonwong/dev_ws/install/serial_motor_demo_msgs/share/serial_motor_demo_msgs/cmake/serial_motor_demo_msgsConfig.cmake
[4.670s] -- Up-to-date symlink: /home/edisonwong/dev_ws/install/serial_motor_demo_msgs/share/serial_motor_demo_msgs/cmake/serial_motor_demo_msgsConfig-version.cmake
[4.671s] -- Up-to-date symlink: /home/edisonwong/dev_ws/install/serial_motor_demo_msgs/share/serial_motor_demo_msgs/package.xml
[4.673s] -- Up-to-date: /home/edisonwong/dev_ws/install/serial_motor_demo_msgs/lib/libserial_motor_demo_msgs__rosidl_generator_c.so
[4.681s] -- Up-to-date: /home/edisonwong/dev_ws/install/serial_motor_demo_msgs/lib/libserial_motor_demo_msgs__rosidl_typesupport_fastrtps_c.so
[4.682s] -- Up-to-date: /home/edisonwong/dev_ws/install/serial_motor_demo_msgs/lib/libserial_motor_demo_msgs__rosidl_typesupport_introspection_c.so
[4.683s] -- Up-to-date: /home/edisonwong/dev_ws/install/serial_motor_demo_msgs/lib/libserial_motor_demo_msgs__rosidl_typesupport_c.so
[4.685s] -- Up-to-date: /home/edisonwong/dev_ws/install/serial_motor_demo_msgs/lib/libserial_motor_demo_msgs__rosidl_typesupport_fastrtps_cpp.so
[4.688s] -- Up-to-date: /home/edisonwong/dev_ws/install/serial_motor_demo_msgs/lib/libserial_motor_demo_msgs__rosidl_typesupport_introspection_cpp.so
[4.691s] -- Up-to-date: /home/edisonwong/dev_ws/install/serial_motor_demo_msgs/lib/libserial_motor_demo_msgs__rosidl_typesupport_cpp.so
[4.936s] Listing '/home/edisonwong/dev_ws/install/serial_motor_demo_msgs/local/lib/python3.10/dist-packages/serial_motor_demo_msgs'...
[4.937s] Listing '/home/edisonwong/dev_ws/install/serial_motor_demo_msgs/local/lib/python3.10/dist-packages/serial_motor_demo_msgs/msg'...
[4.972s] -- Up-to-date: /home/edisonwong/dev_ws/install/serial_motor_demo_msgs/lib/libserial_motor_demo_msgs__rosidl_generator_py.so
[4.975s] -- Up-to-date: /home/edisonwong/dev_ws/install/serial_motor_demo_msgs/share/serial_motor_demo_msgs/cmake/export_serial_motor_demo_msgs__rosidl_generator_cExport.cmake
[4.976s] -- Up-to-date: /home/edisonwong/dev_ws/install/serial_motor_demo_msgs/share/serial_motor_demo_msgs/cmake/export_serial_motor_demo_msgs__rosidl_generator_cExport-noconfig.cmake
[4.980s] -- Up-to-date: /home/edisonwong/dev_ws/install/serial_motor_demo_msgs/share/serial_motor_demo_msgs/cmake/export_serial_motor_demo_msgs__rosidl_typesupport_fastrtps_cExport.cmake
[4.981s] -- Up-to-date: /home/edisonwong/dev_ws/install/serial_motor_demo_msgs/share/serial_motor_demo_msgs/cmake/export_serial_motor_demo_msgs__rosidl_typesupport_fastrtps_cExport-noconfig.cmake
[4.982s] -- Up-to-date: /home/edisonwong/dev_ws/install/serial_motor_demo_msgs/share/serial_motor_demo_msgs/cmake/serial_motor_demo_msgs__rosidl_typesupport_introspection_cExport.cmake
[4.987s] -- Up-to-date: /home/edisonwong/dev_ws/install/serial_motor_demo_msgs/share/serial_motor_demo_msgs/cmake/serial_motor_demo_msgs__rosidl_typesupport_introspection_cExport-noconfig.cmake
[4.988s] -- Up-to-date: /home/edisonwong/dev_ws/install/serial_motor_demo_msgs/share/serial_motor_demo_msgs/cmake/serial_motor_demo_msgs__rosidl_typesupport_cExport.cmake
[4.989s] -- Up-to-date: /home/edisonwong/dev_ws/install/serial_motor_demo_msgs/share/serial_motor_demo_msgs/cmake/serial_motor_demo_msgs__rosidl_typesupport_cExport-noconfig.cmake
[4.989s] -- Up-to-date: /home/edisonwong/dev_ws/install/serial_motor_demo_msgs/share/serial_motor_demo_msgs/cmake/export_serial_motor_demo_msgs__rosidl_generator_cppExport.cmake
[4.992s] -- Up-to-date: /home/edisonwong/dev_ws/install/serial_motor_demo_msgs/share/serial_motor_demo_msgs/cmake/export_serial_motor_demo_msgs__rosidl_typesupport_fastrtps_cppExport.cmake
[4.993s] -- Up-to-date: /home/edisonwong/dev_ws/install/serial_motor_demo_msgs/share/serial_motor_demo_msgs/cmake/export_serial_motor_demo_msgs__rosidl_typesupport_fastrtps_cppExport-noconfig.cmake
[4.994s] -- Up-to-date: /home/edisonwong/dev_ws/install/serial_motor_demo_msgs/share/serial_motor_demo_msgs/cmake/serial_motor_demo_msgs__rosidl_typesupport_introspection_cppExport.cmake
[4.995s] -- Up-to-date: /home/edisonwong/dev_ws/install/serial_motor_demo_msgs/share/serial_motor_demo_msgs/cmake/serial_motor_demo_msgs__rosidl_typesupport_introspection_cppExport-noconfig.cmake
[5.001s] -- Up-to-date: /home/edisonwong/dev_ws/install/serial_motor_demo_msgs/share/serial_motor_demo_msgs/cmake/serial_motor_demo_msgs__rosidl_typesupport_cppExport.cmake
[5.004s] -- Up-to-date: /home/edisonwong/dev_ws/install/serial_motor_demo_msgs/share/serial_motor_demo_msgs/cmake/serial_motor_demo_msgs__rosidl_typesupport_cppExport-noconfig.cmake
[5.019s] -- Up-to-date: /home/edisonwong/dev_ws/install/serial_motor_demo_msgs/share/serial_motor_demo_msgs/cmake/export_serial_motor_demo_msgs__rosidl_generator_pyExport.cmake
[5.020s] -- Up-to-date: /home/edisonwong/dev_ws/install/serial_motor_demo_msgs/share/serial_motor_demo_msgs/cmake/export_serial_motor_demo_msgs__rosidl_generator_pyExport-noconfig.cmake
[5.044s] Invoked command in '/home/edisonwong/dev_ws/build/serial_motor_demo_msgs' returned '0': CMAKE_PREFIX_PATH=/opt/ros/humble /usr/bin/cmake --install /home/edisonwong/dev_ws/build/serial_motor_demo_msgs
