[0.562s] DEBUG:colcon:Command line arguments: ['/usr/bin/colcon', 'build', '--symlink-install']
[0.562s] DEBUG:colcon:Parsed command line arguments: Namespace(log_base=None, log_level=None, verb_name='build', build_base='build', install_base='install', merge_install=False, symlink_install=True, test_result_base=None, continue_on_error=False, executor='parallel', parallel_workers=8, event_handlers=None, ignore_user_meta=False, metas=['./colcon.meta'], base_paths=['.'], packages_ignore=None, packages_ignore_regex=None, paths=None, packages_up_to=None, packages_up_to_regex=None, packages_above=None, packages_above_and_dependencies=None, packages_above_depth=None, packages_select_by_dep=None, packages_skip_by_dep=None, packages_skip_up_to=None, packages_select_build_failed=False, packages_skip_build_finished=False, packages_select_test_failures=False, packages_skip_test_passed=False, packages_select=None, packages_skip=None, packages_select_regex=None, packages_skip_regex=None, packages_start=None, packages_end=None, allow_overriding=[], cmake_args=None, cmake_target=None, cmake_target_skip_unavailable=False, cmake_clean_cache=False, cmake_clean_first=False, cmake_force_configure=False, ament_cmake_args=None, catkin_cmake_args=None, catkin_skip_building_tests=False, verb_parser=<colcon_defaults.argument_parser.defaults.DefaultArgumentsDecorator object at 0x7f510368aa40>, verb_extension=<colcon_core.verb.build.BuildVerb object at 0x7f5103e13e20>, main=<bound method BuildVerb.main of <colcon_core.verb.build.BuildVerb object at 0x7f5103e13e20>>)
[0.610s] Level 1:colcon.colcon_core.package_discovery:discover_packages(colcon_meta) check parameters
[0.610s] Level 1:colcon.colcon_core.package_discovery:discover_packages(recursive) check parameters
[0.610s] Level 1:colcon.colcon_core.package_discovery:discover_packages(ignore) check parameters
[0.610s] Level 1:colcon.colcon_core.package_discovery:discover_packages(path) check parameters
[0.610s] Level 1:colcon.colcon_core.package_discovery:discover_packages(colcon_meta) discover
[0.610s] Level 1:colcon.colcon_core.package_discovery:discover_packages(recursive) discover
[0.610s] INFO:colcon.colcon_core.package_discovery:Crawling recursively for packages in '/home/edisonwong/dev_ws/src'
[0.610s] Level 1:colcon.colcon_core.package_identification:_identify(.) by extensions ['ignore', 'ignore_ament_install']
[0.610s] Level 1:colcon.colcon_core.package_identification:_identify(.) by extension 'ignore'
[0.611s] Level 1:colcon.colcon_core.package_identification:_identify(.) by extension 'ignore_ament_install'
[0.611s] Level 1:colcon.colcon_core.package_identification:_identify(.) by extensions ['colcon_pkg']
[0.611s] Level 1:colcon.colcon_core.package_identification:_identify(.) by extension 'colcon_pkg'
[0.611s] Level 1:colcon.colcon_core.package_identification:_identify(.) by extensions ['colcon_meta']
[0.611s] Level 1:colcon.colcon_core.package_identification:_identify(.) by extension 'colcon_meta'
[0.611s] Level 1:colcon.colcon_core.package_identification:_identify(.) by extensions ['ros']
[0.611s] Level 1:colcon.colcon_core.package_identification:_identify(.) by extension 'ros'
[0.624s] Level 1:colcon.colcon_core.package_identification:_identify(.) by extensions ['cmake', 'python']
[0.624s] Level 1:colcon.colcon_core.package_identification:_identify(.) by extension 'cmake'
[0.624s] Level 1:colcon.colcon_core.package_identification:_identify(.) by extension 'python'
[0.625s] Level 1:colcon.colcon_core.package_identification:_identify(.) by extensions ['python_setup_py']
[0.625s] Level 1:colcon.colcon_core.package_identification:_identify(.) by extension 'python_setup_py'
[0.625s] Level 1:colcon.colcon_core.package_identification:_identify(build) by extensions ['ignore', 'ignore_ament_install']
[0.625s] Level 1:colcon.colcon_core.package_identification:_identify(build) by extension 'ignore'
[0.625s] Level 1:colcon.colcon_core.package_identification:_identify(build) ignored
[0.625s] Level 1:colcon.colcon_core.package_identification:_identify(diffdrive_arduino) by extensions ['ignore', 'ignore_ament_install']
[0.625s] Level 1:colcon.colcon_core.package_identification:_identify(diffdrive_arduino) by extension 'ignore'
[0.625s] Level 1:colcon.colcon_core.package_identification:_identify(diffdrive_arduino) by extension 'ignore_ament_install'
[0.625s] Level 1:colcon.colcon_core.package_identification:_identify(diffdrive_arduino) by extensions ['colcon_pkg']
[0.625s] Level 1:colcon.colcon_core.package_identification:_identify(diffdrive_arduino) by extension 'colcon_pkg'
[0.625s] Level 1:colcon.colcon_core.package_identification:_identify(diffdrive_arduino) by extensions ['colcon_meta']
[0.625s] Level 1:colcon.colcon_core.package_identification:_identify(diffdrive_arduino) by extension 'colcon_meta'
[0.625s] Level 1:colcon.colcon_core.package_identification:_identify(diffdrive_arduino) by extensions ['ros']
[0.626s] Level 1:colcon.colcon_core.package_identification:_identify(diffdrive_arduino) by extension 'ros'
[0.630s] DEBUG:colcon.colcon_core.package_identification:Package 'diffdrive_arduino' with type 'ros.ament_cmake' and name 'diffdrive_arduino'
[0.631s] Level 1:colcon.colcon_core.package_identification:_identify(install) by extensions ['ignore', 'ignore_ament_install']
[0.631s] Level 1:colcon.colcon_core.package_identification:_identify(install) by extension 'ignore'
[0.631s] Level 1:colcon.colcon_core.package_identification:_identify(install) ignored
[0.631s] Level 1:colcon.colcon_core.package_identification:_identify(log) by extensions ['ignore', 'ignore_ament_install']
[0.631s] Level 1:colcon.colcon_core.package_identification:_identify(log) by extension 'ignore'
[0.631s] Level 1:colcon.colcon_core.package_identification:_identify(log) ignored
[0.631s] Level 1:colcon.colcon_core.package_identification:_identify(my_bot) by extensions ['ignore', 'ignore_ament_install']
[0.631s] Level 1:colcon.colcon_core.package_identification:_identify(my_bot) by extension 'ignore'
[0.631s] Level 1:colcon.colcon_core.package_identification:_identify(my_bot) by extension 'ignore_ament_install'
[0.631s] Level 1:colcon.colcon_core.package_identification:_identify(my_bot) by extensions ['colcon_pkg']
[0.631s] Level 1:colcon.colcon_core.package_identification:_identify(my_bot) by extension 'colcon_pkg'
[0.631s] Level 1:colcon.colcon_core.package_identification:_identify(my_bot) by extensions ['colcon_meta']
[0.631s] Level 1:colcon.colcon_core.package_identification:_identify(my_bot) by extension 'colcon_meta'
[0.631s] Level 1:colcon.colcon_core.package_identification:_identify(my_bot) by extensions ['ros']
[0.631s] Level 1:colcon.colcon_core.package_identification:_identify(my_bot) by extension 'ros'
[0.632s] DEBUG:colcon.colcon_core.package_identification:Package 'my_bot' with type 'ros.ament_cmake' and name 'my_bot'
[0.632s] Level 1:colcon.colcon_core.package_identification:_identify(serial) by extensions ['ignore', 'ignore_ament_install']
[0.632s] Level 1:colcon.colcon_core.package_identification:_identify(serial) by extension 'ignore'
[0.632s] Level 1:colcon.colcon_core.package_identification:_identify(serial) by extension 'ignore_ament_install'
[0.633s] Level 1:colcon.colcon_core.package_identification:_identify(serial) by extensions ['colcon_pkg']
[0.633s] Level 1:colcon.colcon_core.package_identification:_identify(serial) by extension 'colcon_pkg'
[0.633s] Level 1:colcon.colcon_core.package_identification:_identify(serial) by extensions ['colcon_meta']
[0.633s] Level 1:colcon.colcon_core.package_identification:_identify(serial) by extension 'colcon_meta'
[0.633s] Level 1:colcon.colcon_core.package_identification:_identify(serial) by extensions ['ros']
[0.633s] Level 1:colcon.colcon_core.package_identification:_identify(serial) by extension 'ros'
[0.633s] DEBUG:colcon.colcon_core.package_identification:Package 'serial' with type 'ros.ament_cmake' and name 'serial'
[0.633s] Level 1:colcon.colcon_core.package_identification:_identify(serial_motor_demo) by extensions ['ignore', 'ignore_ament_install']
[0.634s] Level 1:colcon.colcon_core.package_identification:_identify(serial_motor_demo) by extension 'ignore'
[0.634s] Level 1:colcon.colcon_core.package_identification:_identify(serial_motor_demo) by extension 'ignore_ament_install'
[0.634s] Level 1:colcon.colcon_core.package_identification:_identify(serial_motor_demo) by extensions ['colcon_pkg']
[0.634s] Level 1:colcon.colcon_core.package_identification:_identify(serial_motor_demo) by extension 'colcon_pkg'
[0.634s] Level 1:colcon.colcon_core.package_identification:_identify(serial_motor_demo) by extensions ['colcon_meta']
[0.634s] Level 1:colcon.colcon_core.package_identification:_identify(serial_motor_demo) by extension 'colcon_meta'
[0.634s] Level 1:colcon.colcon_core.package_identification:_identify(serial_motor_demo) by extensions ['ros']
[0.634s] Level 1:colcon.colcon_core.package_identification:_identify(serial_motor_demo) by extension 'ros'
[0.634s] Level 1:colcon.colcon_core.package_identification:_identify(serial_motor_demo) by extensions ['cmake', 'python']
[0.634s] Level 1:colcon.colcon_core.package_identification:_identify(serial_motor_demo) by extension 'cmake'
[0.634s] Level 1:colcon.colcon_core.package_identification:_identify(serial_motor_demo) by extension 'python'
[0.634s] Level 1:colcon.colcon_core.package_identification:_identify(serial_motor_demo) by extensions ['python_setup_py']
[0.634s] Level 1:colcon.colcon_core.package_identification:_identify(serial_motor_demo) by extension 'python_setup_py'
[0.634s] Level 1:colcon.colcon_core.package_identification:_identify(serial_motor_demo/serial_motor_demo) by extensions ['ignore', 'ignore_ament_install']
[0.634s] Level 1:colcon.colcon_core.package_identification:_identify(serial_motor_demo/serial_motor_demo) by extension 'ignore'
[0.634s] Level 1:colcon.colcon_core.package_identification:_identify(serial_motor_demo/serial_motor_demo) by extension 'ignore_ament_install'
[0.634s] Level 1:colcon.colcon_core.package_identification:_identify(serial_motor_demo/serial_motor_demo) by extensions ['colcon_pkg']
[0.635s] Level 1:colcon.colcon_core.package_identification:_identify(serial_motor_demo/serial_motor_demo) by extension 'colcon_pkg'
[0.635s] Level 1:colcon.colcon_core.package_identification:_identify(serial_motor_demo/serial_motor_demo) by extensions ['colcon_meta']
[0.635s] Level 1:colcon.colcon_core.package_identification:_identify(serial_motor_demo/serial_motor_demo) by extension 'colcon_meta'
[0.635s] Level 1:colcon.colcon_core.package_identification:_identify(serial_motor_demo/serial_motor_demo) by extensions ['ros']
[0.635s] Level 1:colcon.colcon_core.package_identification:_identify(serial_motor_demo/serial_motor_demo) by extension 'ros'
[0.635s] DEBUG:colcon.colcon_core.package_identification:Package 'serial_motor_demo/serial_motor_demo' with type 'ros.ament_python' and name 'serial_motor_demo'
[0.636s] Level 1:colcon.colcon_core.package_identification:_identify(serial_motor_demo/serial_motor_demo_msgs) by extensions ['ignore', 'ignore_ament_install']
[0.636s] Level 1:colcon.colcon_core.package_identification:_identify(serial_motor_demo/serial_motor_demo_msgs) by extension 'ignore'
[0.636s] Level 1:colcon.colcon_core.package_identification:_identify(serial_motor_demo/serial_motor_demo_msgs) by extension 'ignore_ament_install'
[0.636s] Level 1:colcon.colcon_core.package_identification:_identify(serial_motor_demo/serial_motor_demo_msgs) by extensions ['colcon_pkg']
[0.636s] Level 1:colcon.colcon_core.package_identification:_identify(serial_motor_demo/serial_motor_demo_msgs) by extension 'colcon_pkg'
[0.636s] Level 1:colcon.colcon_core.package_identification:_identify(serial_motor_demo/serial_motor_demo_msgs) by extensions ['colcon_meta']
[0.636s] Level 1:colcon.colcon_core.package_identification:_identify(serial_motor_demo/serial_motor_demo_msgs) by extension 'colcon_meta'
[0.636s] Level 1:colcon.colcon_core.package_identification:_identify(serial_motor_demo/serial_motor_demo_msgs) by extensions ['ros']
[0.636s] Level 1:colcon.colcon_core.package_identification:_identify(serial_motor_demo/serial_motor_demo_msgs) by extension 'ros'
[0.637s] DEBUG:colcon.colcon_core.package_identification:Package 'serial_motor_demo/serial_motor_demo_msgs' with type 'ros.ament_cmake' and name 'serial_motor_demo_msgs'
[0.637s] Level 1:colcon.colcon_core.package_discovery:discover_packages(recursive) using defaults
[0.637s] Level 1:colcon.colcon_core.package_discovery:discover_packages(ignore) discover
[0.637s] Level 1:colcon.colcon_core.package_discovery:discover_packages(ignore) using defaults
[0.637s] Level 1:colcon.colcon_core.package_discovery:discover_packages(path) discover
[0.637s] Level 1:colcon.colcon_core.package_discovery:discover_packages(path) using defaults
[0.670s] Level 1:colcon.colcon_core.package_discovery:discover_packages(prefix_path) check parameters
[0.670s] Level 1:colcon.colcon_core.package_discovery:discover_packages(prefix_path) discover
[0.676s] DEBUG:colcon.colcon_installed_package_information.package_discovery:Found 324 installed packages in /opt/ros/humble
[0.677s] Level 1:colcon.colcon_core.package_discovery:discover_packages(prefix_path) using defaults
[0.778s] Level 5:colcon.colcon_core.verb:set package 'my_bot' build argument 'cmake_args' from command line to 'None'
[0.778s] Level 5:colcon.colcon_core.verb:set package 'my_bot' build argument 'cmake_target' from command line to 'None'
[0.778s] Level 5:colcon.colcon_core.verb:set package 'my_bot' build argument 'cmake_target_skip_unavailable' from command line to 'False'
[0.778s] Level 5:colcon.colcon_core.verb:set package 'my_bot' build argument 'cmake_clean_cache' from command line to 'False'
[0.778s] Level 5:colcon.colcon_core.verb:set package 'my_bot' build argument 'cmake_clean_first' from command line to 'False'
[0.778s] Level 5:colcon.colcon_core.verb:set package 'my_bot' build argument 'cmake_force_configure' from command line to 'False'
[0.778s] Level 5:colcon.colcon_core.verb:set package 'my_bot' build argument 'ament_cmake_args' from command line to 'None'
[0.778s] Level 5:colcon.colcon_core.verb:set package 'my_bot' build argument 'catkin_cmake_args' from command line to 'None'
[0.778s] Level 5:colcon.colcon_core.verb:set package 'my_bot' build argument 'catkin_skip_building_tests' from command line to 'False'
[0.778s] DEBUG:colcon.colcon_core.verb:Building package 'my_bot' with the following arguments: {'ament_cmake_args': None, 'build_base': '/home/edisonwong/dev_ws/src/build/my_bot', 'catkin_cmake_args': None, 'catkin_skip_building_tests': False, 'cmake_args': None, 'cmake_clean_cache': False, 'cmake_clean_first': False, 'cmake_force_configure': False, 'cmake_target': None, 'cmake_target_skip_unavailable': False, 'install_base': '/home/edisonwong/dev_ws/src/install/my_bot', 'merge_install': False, 'path': '/home/edisonwong/dev_ws/src/my_bot', 'symlink_install': True, 'test_result_base': None}
[0.779s] Level 5:colcon.colcon_core.verb:set package 'serial' build argument 'cmake_args' from command line to 'None'
[0.779s] Level 5:colcon.colcon_core.verb:set package 'serial' build argument 'cmake_target' from command line to 'None'
[0.779s] Level 5:colcon.colcon_core.verb:set package 'serial' build argument 'cmake_target_skip_unavailable' from command line to 'False'
[0.779s] Level 5:colcon.colcon_core.verb:set package 'serial' build argument 'cmake_clean_cache' from command line to 'False'
[0.779s] Level 5:colcon.colcon_core.verb:set package 'serial' build argument 'cmake_clean_first' from command line to 'False'
[0.779s] Level 5:colcon.colcon_core.verb:set package 'serial' build argument 'cmake_force_configure' from command line to 'False'
[0.779s] Level 5:colcon.colcon_core.verb:set package 'serial' build argument 'ament_cmake_args' from command line to 'None'
[0.779s] Level 5:colcon.colcon_core.verb:set package 'serial' build argument 'catkin_cmake_args' from command line to 'None'
[0.779s] Level 5:colcon.colcon_core.verb:set package 'serial' build argument 'catkin_skip_building_tests' from command line to 'False'
[0.779s] DEBUG:colcon.colcon_core.verb:Building package 'serial' with the following arguments: {'ament_cmake_args': None, 'build_base': '/home/edisonwong/dev_ws/src/build/serial', 'catkin_cmake_args': None, 'catkin_skip_building_tests': False, 'cmake_args': None, 'cmake_clean_cache': False, 'cmake_clean_first': False, 'cmake_force_configure': False, 'cmake_target': None, 'cmake_target_skip_unavailable': False, 'install_base': '/home/edisonwong/dev_ws/src/install/serial', 'merge_install': False, 'path': '/home/edisonwong/dev_ws/src/serial', 'symlink_install': True, 'test_result_base': None}
[0.780s] Level 5:colcon.colcon_core.verb:set package 'serial_motor_demo_msgs' build argument 'cmake_args' from command line to 'None'
[0.780s] Level 5:colcon.colcon_core.verb:set package 'serial_motor_demo_msgs' build argument 'cmake_target' from command line to 'None'
[0.780s] Level 5:colcon.colcon_core.verb:set package 'serial_motor_demo_msgs' build argument 'cmake_target_skip_unavailable' from command line to 'False'
[0.780s] Level 5:colcon.colcon_core.verb:set package 'serial_motor_demo_msgs' build argument 'cmake_clean_cache' from command line to 'False'
[0.780s] Level 5:colcon.colcon_core.verb:set package 'serial_motor_demo_msgs' build argument 'cmake_clean_first' from command line to 'False'
[0.780s] Level 5:colcon.colcon_core.verb:set package 'serial_motor_demo_msgs' build argument 'cmake_force_configure' from command line to 'False'
[0.780s] Level 5:colcon.colcon_core.verb:set package 'serial_motor_demo_msgs' build argument 'ament_cmake_args' from command line to 'None'
[0.780s] Level 5:colcon.colcon_core.verb:set package 'serial_motor_demo_msgs' build argument 'catkin_cmake_args' from command line to 'None'
[0.780s] Level 5:colcon.colcon_core.verb:set package 'serial_motor_demo_msgs' build argument 'catkin_skip_building_tests' from command line to 'False'
[0.781s] DEBUG:colcon.colcon_core.verb:Building package 'serial_motor_demo_msgs' with the following arguments: {'ament_cmake_args': None, 'build_base': '/home/edisonwong/dev_ws/src/build/serial_motor_demo_msgs', 'catkin_cmake_args': None, 'catkin_skip_building_tests': False, 'cmake_args': None, 'cmake_clean_cache': False, 'cmake_clean_first': False, 'cmake_force_configure': False, 'cmake_target': None, 'cmake_target_skip_unavailable': False, 'install_base': '/home/edisonwong/dev_ws/src/install/serial_motor_demo_msgs', 'merge_install': False, 'path': '/home/edisonwong/dev_ws/src/serial_motor_demo/serial_motor_demo_msgs', 'symlink_install': True, 'test_result_base': None}
[0.781s] Level 5:colcon.colcon_core.verb:set package 'diffdrive_arduino' build argument 'cmake_args' from command line to 'None'
[0.782s] Level 5:colcon.colcon_core.verb:set package 'diffdrive_arduino' build argument 'cmake_target' from command line to 'None'
[0.782s] Level 5:colcon.colcon_core.verb:set package 'diffdrive_arduino' build argument 'cmake_target_skip_unavailable' from command line to 'False'
[0.782s] Level 5:colcon.colcon_core.verb:set package 'diffdrive_arduino' build argument 'cmake_clean_cache' from command line to 'False'
[0.782s] Level 5:colcon.colcon_core.verb:set package 'diffdrive_arduino' build argument 'cmake_clean_first' from command line to 'False'
[0.782s] Level 5:colcon.colcon_core.verb:set package 'diffdrive_arduino' build argument 'cmake_force_configure' from command line to 'False'
[0.782s] Level 5:colcon.colcon_core.verb:set package 'diffdrive_arduino' build argument 'ament_cmake_args' from command line to 'None'
[0.782s] Level 5:colcon.colcon_core.verb:set package 'diffdrive_arduino' build argument 'catkin_cmake_args' from command line to 'None'
[0.782s] Level 5:colcon.colcon_core.verb:set package 'diffdrive_arduino' build argument 'catkin_skip_building_tests' from command line to 'False'
[0.782s] DEBUG:colcon.colcon_core.verb:Building package 'diffdrive_arduino' with the following arguments: {'ament_cmake_args': None, 'build_base': '/home/edisonwong/dev_ws/src/build/diffdrive_arduino', 'catkin_cmake_args': None, 'catkin_skip_building_tests': False, 'cmake_args': None, 'cmake_clean_cache': False, 'cmake_clean_first': False, 'cmake_force_configure': False, 'cmake_target': None, 'cmake_target_skip_unavailable': False, 'install_base': '/home/edisonwong/dev_ws/src/install/diffdrive_arduino', 'merge_install': False, 'path': '/home/edisonwong/dev_ws/src/diffdrive_arduino', 'symlink_install': True, 'test_result_base': None}
[0.783s] Level 5:colcon.colcon_core.verb:set package 'serial_motor_demo' build argument 'cmake_args' from command line to 'None'
[0.783s] Level 5:colcon.colcon_core.verb:set package 'serial_motor_demo' build argument 'cmake_target' from command line to 'None'
[0.783s] Level 5:colcon.colcon_core.verb:set package 'serial_motor_demo' build argument 'cmake_target_skip_unavailable' from command line to 'False'
[0.783s] Level 5:colcon.colcon_core.verb:set package 'serial_motor_demo' build argument 'cmake_clean_cache' from command line to 'False'
[0.783s] Level 5:colcon.colcon_core.verb:set package 'serial_motor_demo' build argument 'cmake_clean_first' from command line to 'False'
[0.783s] Level 5:colcon.colcon_core.verb:set package 'serial_motor_demo' build argument 'cmake_force_configure' from command line to 'False'
[0.783s] Level 5:colcon.colcon_core.verb:set package 'serial_motor_demo' build argument 'ament_cmake_args' from command line to 'None'
[0.783s] Level 5:colcon.colcon_core.verb:set package 'serial_motor_demo' build argument 'catkin_cmake_args' from command line to 'None'
[0.783s] Level 5:colcon.colcon_core.verb:set package 'serial_motor_demo' build argument 'catkin_skip_building_tests' from command line to 'False'
[0.783s] DEBUG:colcon.colcon_core.verb:Building package 'serial_motor_demo' with the following arguments: {'ament_cmake_args': None, 'build_base': '/home/edisonwong/dev_ws/src/build/serial_motor_demo', 'catkin_cmake_args': None, 'catkin_skip_building_tests': False, 'cmake_args': None, 'cmake_clean_cache': False, 'cmake_clean_first': False, 'cmake_force_configure': False, 'cmake_target': None, 'cmake_target_skip_unavailable': False, 'install_base': '/home/edisonwong/dev_ws/src/install/serial_motor_demo', 'merge_install': False, 'path': '/home/edisonwong/dev_ws/src/serial_motor_demo/serial_motor_demo', 'symlink_install': True, 'test_result_base': None}
[0.784s] INFO:colcon.colcon_core.executor:Executing jobs using 'parallel' executor
[0.787s] DEBUG:colcon.colcon_parallel_executor.executor.parallel:run_until_complete
[0.787s] INFO:colcon.colcon_ros.task.ament_cmake.build:Building ROS package in '/home/edisonwong/dev_ws/src/serial' with build type 'ament_cmake'
[0.787s] INFO:colcon.colcon_cmake.task.cmake.build:Building CMake package in '/home/edisonwong/dev_ws/src/serial'
[0.796s] INFO:colcon.colcon_core.plugin_system:Skipping extension 'colcon_core.shell.bat': Not used on non-Windows systems
[0.796s] INFO:colcon.colcon_core.shell:Skip shell extension 'powershell' for command environment: Not usable outside of PowerShell
[0.796s] DEBUG:colcon.colcon_core.shell:Skip shell extension 'dsv' for command environment
[0.800s] INFO:colcon.colcon_ros.task.ament_cmake.build:Building ROS package in '/home/edisonwong/dev_ws/src/serial_motor_demo/serial_motor_demo_msgs' with build type 'ament_cmake'
[0.801s] INFO:colcon.colcon_cmake.task.cmake.build:Building CMake package in '/home/edisonwong/dev_ws/src/serial_motor_demo/serial_motor_demo_msgs'
[0.803s] INFO:colcon.colcon_core.shell:Skip shell extension 'powershell' for command environment: Not usable outside of PowerShell
[0.803s] DEBUG:colcon.colcon_core.shell:Skip shell extension 'dsv' for command environment
[0.807s] INFO:colcon.colcon_ros.task.ament_cmake.build:Building ROS package in '/home/edisonwong/dev_ws/src/my_bot' with build type 'ament_cmake'
[0.807s] INFO:colcon.colcon_cmake.task.cmake.build:Building CMake package in '/home/edisonwong/dev_ws/src/my_bot'
[0.809s] INFO:colcon.colcon_core.shell:Skip shell extension 'powershell' for command environment: Not usable outside of PowerShell
[0.809s] DEBUG:colcon.colcon_core.shell:Skip shell extension 'dsv' for command environment
[0.822s] DEBUG:colcon.colcon_core.event_handler.log_command:Invoking command in '/home/edisonwong/dev_ws/src/build/serial': CMAKE_PREFIX_PATH=/opt/ros/humble /usr/bin/cmake --build /home/edisonwong/dev_ws/src/build/serial -- -j8 -l8
[0.830s] DEBUG:colcon.colcon_core.event_handler.log_command:Invoking command in '/home/edisonwong/dev_ws/src/build/serial_motor_demo_msgs': CMAKE_PREFIX_PATH=/opt/ros/humble /usr/bin/cmake --build /home/edisonwong/dev_ws/src/build/serial_motor_demo_msgs -- -j8 -l8
[0.836s] DEBUG:colcon.colcon_core.event_handler.log_command:Invoking command in '/home/edisonwong/dev_ws/src/build/my_bot': CMAKE_PREFIX_PATH=/opt/ros/humble /usr/bin/cmake --build /home/edisonwong/dev_ws/src/build/my_bot -- -j8 -l8
[0.895s] DEBUG:colcon.colcon_core.event_handler.log_command:Invoked command in '/home/edisonwong/dev_ws/src/build/my_bot' returned '0': CMAKE_PREFIX_PATH=/opt/ros/humble /usr/bin/cmake --build /home/edisonwong/dev_ws/src/build/my_bot -- -j8 -l8
[0.952s] DEBUG:colcon.colcon_core.event_handler.log_command:Invoking command in '/home/edisonwong/dev_ws/src/build/my_bot': CMAKE_PREFIX_PATH=/opt/ros/humble /usr/bin/cmake --install /home/edisonwong/dev_ws/src/build/my_bot
[1.012s] DEBUG:colcon.colcon_core.event_handler.log_command:Invoked command in '/home/edisonwong/dev_ws/src/build/serial' returned '0': CMAKE_PREFIX_PATH=/opt/ros/humble /usr/bin/cmake --build /home/edisonwong/dev_ws/src/build/serial -- -j8 -l8
[1.015s] Level 1:colcon.colcon_core.environment:create_environment_scripts_only(my_bot)
[1.023s] DEBUG:colcon.colcon_core.event_handler.log_command:Invoked command in '/home/edisonwong/dev_ws/src/build/my_bot' returned '0': CMAKE_PREFIX_PATH=/opt/ros/humble /usr/bin/cmake --install /home/edisonwong/dev_ws/src/build/my_bot
[1.035s] Level 1:colcon.colcon_core.environment:checking '/home/edisonwong/dev_ws/src/install/my_bot' for CMake module files
[1.037s] Level 1:colcon.colcon_core.environment:checking '/home/edisonwong/dev_ws/src/install/my_bot' for CMake config files
[1.037s] Level 1:colcon.colcon_core.shell:create_environment_hook('my_bot', 'cmake_prefix_path')
[1.040s] INFO:colcon.colcon_core.shell:Creating environment hook '/home/edisonwong/dev_ws/src/install/my_bot/share/my_bot/hook/cmake_prefix_path.ps1'
[1.041s] INFO:colcon.colcon_core.shell:Creating environment descriptor '/home/edisonwong/dev_ws/src/install/my_bot/share/my_bot/hook/cmake_prefix_path.dsv'
[1.042s] INFO:colcon.colcon_core.shell:Creating environment hook '/home/edisonwong/dev_ws/src/install/my_bot/share/my_bot/hook/cmake_prefix_path.sh'
[1.045s] Level 1:colcon.colcon_core.environment:checking '/home/edisonwong/dev_ws/src/install/my_bot/bin'
[1.045s] Level 1:colcon.colcon_core.environment:checking '/home/edisonwong/dev_ws/src/install/my_bot/lib/pkgconfig/my_bot.pc'
[1.045s] Level 1:colcon.colcon_core.environment:checking '/home/edisonwong/dev_ws/src/install/my_bot/lib/python3.10/site-packages'
[1.046s] Level 1:colcon.colcon_core.environment:checking '/home/edisonwong/dev_ws/src/install/my_bot/bin'
[1.050s] INFO:colcon.colcon_core.shell:Creating package script '/home/edisonwong/dev_ws/src/install/my_bot/share/my_bot/package.ps1'
[1.052s] INFO:colcon.colcon_core.shell:Creating package descriptor '/home/edisonwong/dev_ws/src/install/my_bot/share/my_bot/package.dsv'
[1.054s] INFO:colcon.colcon_core.shell:Creating package script '/home/edisonwong/dev_ws/src/install/my_bot/share/my_bot/package.sh'
[1.055s] INFO:colcon.colcon_core.shell:Creating package script '/home/edisonwong/dev_ws/src/install/my_bot/share/my_bot/package.bash'
[1.057s] INFO:colcon.colcon_core.shell:Creating package script '/home/edisonwong/dev_ws/src/install/my_bot/share/my_bot/package.zsh'
[1.060s] Level 1:colcon.colcon_core.environment:create_file_with_runtime_dependencies(/home/edisonwong/dev_ws/src/install/my_bot/share/colcon-core/packages/my_bot)
[1.072s] DEBUG:colcon.colcon_core.event_handler.log_command:Invoking command in '/home/edisonwong/dev_ws/src/build/serial': CMAKE_PREFIX_PATH=/opt/ros/humble /usr/bin/cmake --install /home/edisonwong/dev_ws/src/build/serial
[1.096s] Level 1:colcon.colcon_core.environment:create_environment_scripts_only(my_bot)
[1.102s] Level 1:colcon.colcon_core.environment:checking '/home/edisonwong/dev_ws/src/install/my_bot' for CMake module files
[1.104s] Level 1:colcon.colcon_core.environment:checking '/home/edisonwong/dev_ws/src/install/my_bot' for CMake config files
[1.105s] Level 1:colcon.colcon_core.shell:create_environment_hook('my_bot', 'cmake_prefix_path')
[1.107s] INFO:colcon.colcon_core.shell:Creating environment hook '/home/edisonwong/dev_ws/src/install/my_bot/share/my_bot/hook/cmake_prefix_path.ps1'
[1.108s] INFO:colcon.colcon_core.shell:Creating environment descriptor '/home/edisonwong/dev_ws/src/install/my_bot/share/my_bot/hook/cmake_prefix_path.dsv'
[1.108s] INFO:colcon.colcon_core.shell:Creating environment hook '/home/edisonwong/dev_ws/src/install/my_bot/share/my_bot/hook/cmake_prefix_path.sh'
[1.109s] Level 1:colcon.colcon_core.environment:checking '/home/edisonwong/dev_ws/src/install/my_bot/bin'
[1.109s] Level 1:colcon.colcon_core.environment:checking '/home/edisonwong/dev_ws/src/install/my_bot/lib/pkgconfig/my_bot.pc'
[1.109s] Level 1:colcon.colcon_core.environment:checking '/home/edisonwong/dev_ws/src/install/my_bot/lib/python3.10/site-packages'
[1.110s] Level 1:colcon.colcon_core.environment:checking '/home/edisonwong/dev_ws/src/install/my_bot/bin'
[1.111s] INFO:colcon.colcon_core.shell:Creating package script '/home/edisonwong/dev_ws/src/install/my_bot/share/my_bot/package.ps1'
[1.112s] INFO:colcon.colcon_core.shell:Creating package descriptor '/home/edisonwong/dev_ws/src/install/my_bot/share/my_bot/package.dsv'
[1.112s] INFO:colcon.colcon_core.shell:Creating package script '/home/edisonwong/dev_ws/src/install/my_bot/share/my_bot/package.sh'
[1.113s] INFO:colcon.colcon_core.shell:Creating package script '/home/edisonwong/dev_ws/src/install/my_bot/share/my_bot/package.bash'
[1.114s] INFO:colcon.colcon_core.shell:Creating package script '/home/edisonwong/dev_ws/src/install/my_bot/share/my_bot/package.zsh'
[1.114s] Level 1:colcon.colcon_core.environment:create_file_with_runtime_dependencies(/home/edisonwong/dev_ws/src/install/my_bot/share/colcon-core/packages/my_bot)
[1.116s] Level 1:colcon.colcon_core.environment:create_environment_scripts_only(serial)
[1.120s] Level 1:colcon.colcon_core.environment:checking '/home/edisonwong/dev_ws/src/install/serial' for CMake module files
[1.121s] DEBUG:colcon.colcon_core.event_handler.log_command:Invoked command in '/home/edisonwong/dev_ws/src/build/serial' returned '0': CMAKE_PREFIX_PATH=/opt/ros/humble /usr/bin/cmake --install /home/edisonwong/dev_ws/src/build/serial
[1.122s] Level 1:colcon.colcon_core.environment:checking '/home/edisonwong/dev_ws/src/install/serial' for CMake config files
[1.122s] Level 1:colcon.colcon_core.shell:create_environment_hook('serial', 'cmake_prefix_path')
[1.124s] INFO:colcon.colcon_core.shell:Creating environment hook '/home/edisonwong/dev_ws/src/install/serial/share/serial/hook/cmake_prefix_path.ps1'
[1.124s] INFO:colcon.colcon_core.shell:Creating environment descriptor '/home/edisonwong/dev_ws/src/install/serial/share/serial/hook/cmake_prefix_path.dsv'
[1.125s] INFO:colcon.colcon_core.shell:Creating environment hook '/home/edisonwong/dev_ws/src/install/serial/share/serial/hook/cmake_prefix_path.sh'
[1.126s] Level 1:colcon.colcon_core.environment:checking '/home/edisonwong/dev_ws/src/install/serial/lib'
[1.126s] Level 1:colcon.colcon_core.environment:checking '/home/edisonwong/dev_ws/src/install/serial/bin'
[1.126s] Level 1:colcon.colcon_core.environment:checking '/home/edisonwong/dev_ws/src/install/serial/lib/pkgconfig/serial.pc'
[1.127s] Level 1:colcon.colcon_core.environment:checking '/home/edisonwong/dev_ws/src/install/serial/lib/python3.10/site-packages'
[1.127s] Level 1:colcon.colcon_core.environment:checking '/home/edisonwong/dev_ws/src/install/serial/bin'
[1.129s] INFO:colcon.colcon_core.shell:Creating package script '/home/edisonwong/dev_ws/src/install/serial/share/serial/package.ps1'
[1.130s] INFO:colcon.colcon_core.shell:Creating package descriptor '/home/edisonwong/dev_ws/src/install/serial/share/serial/package.dsv'
[1.131s] INFO:colcon.colcon_core.shell:Creating package script '/home/edisonwong/dev_ws/src/install/serial/share/serial/package.sh'
[1.132s] INFO:colcon.colcon_core.shell:Creating package script '/home/edisonwong/dev_ws/src/install/serial/share/serial/package.bash'
[1.133s] INFO:colcon.colcon_core.shell:Creating package script '/home/edisonwong/dev_ws/src/install/serial/share/serial/package.zsh'
[1.133s] Level 1:colcon.colcon_core.environment:create_file_with_runtime_dependencies(/home/edisonwong/dev_ws/src/install/serial/share/colcon-core/packages/serial)
[1.180s] Level 1:colcon.colcon_core.environment:create_environment_scripts_only(serial)
[1.183s] Level 1:colcon.colcon_core.environment:checking '/home/edisonwong/dev_ws/src/install/serial' for CMake module files
[1.183s] Level 1:colcon.colcon_core.environment:checking '/home/edisonwong/dev_ws/src/install/serial' for CMake config files
[1.183s] Level 1:colcon.colcon_core.shell:create_environment_hook('serial', 'cmake_prefix_path')
[1.185s] INFO:colcon.colcon_core.shell:Creating environment hook '/home/edisonwong/dev_ws/src/install/serial/share/serial/hook/cmake_prefix_path.ps1'
[1.185s] INFO:colcon.colcon_core.shell:Creating environment descriptor '/home/edisonwong/dev_ws/src/install/serial/share/serial/hook/cmake_prefix_path.dsv'
[1.186s] INFO:colcon.colcon_core.shell:Creating environment hook '/home/edisonwong/dev_ws/src/install/serial/share/serial/hook/cmake_prefix_path.sh'
[1.186s] Level 1:colcon.colcon_core.environment:checking '/home/edisonwong/dev_ws/src/install/serial/lib'
[1.186s] Level 1:colcon.colcon_core.environment:checking '/home/edisonwong/dev_ws/src/install/serial/bin'
[1.187s] Level 1:colcon.colcon_core.environment:checking '/home/edisonwong/dev_ws/src/install/serial/lib/pkgconfig/serial.pc'
[1.187s] Level 1:colcon.colcon_core.environment:checking '/home/edisonwong/dev_ws/src/install/serial/lib/python3.10/site-packages'
[1.187s] Level 1:colcon.colcon_core.environment:checking '/home/edisonwong/dev_ws/src/install/serial/bin'
[1.189s] INFO:colcon.colcon_core.shell:Creating package script '/home/edisonwong/dev_ws/src/install/serial/share/serial/package.ps1'
[1.189s] INFO:colcon.colcon_core.shell:Creating package descriptor '/home/edisonwong/dev_ws/src/install/serial/share/serial/package.dsv'
[1.190s] INFO:colcon.colcon_core.shell:Creating package script '/home/edisonwong/dev_ws/src/install/serial/share/serial/package.sh'
[1.190s] INFO:colcon.colcon_core.shell:Creating package script '/home/edisonwong/dev_ws/src/install/serial/share/serial/package.bash'
[1.191s] INFO:colcon.colcon_core.shell:Creating package script '/home/edisonwong/dev_ws/src/install/serial/share/serial/package.zsh'
[1.191s] Level 1:colcon.colcon_core.environment:create_file_with_runtime_dependencies(/home/edisonwong/dev_ws/src/install/serial/share/colcon-core/packages/serial)
[1.191s] INFO:colcon.colcon_ros.task.ament_cmake.build:Building ROS package in '/home/edisonwong/dev_ws/src/diffdrive_arduino' with build type 'ament_cmake'
[1.192s] INFO:colcon.colcon_cmake.task.cmake.build:Building CMake package in '/home/edisonwong/dev_ws/src/diffdrive_arduino'
[1.193s] INFO:colcon.colcon_core.shell:Skip shell extension 'powershell' for command environment: Not usable outside of PowerShell
[1.193s] DEBUG:colcon.colcon_core.shell:Skip shell extension 'dsv' for command environment
[1.206s] DEBUG:colcon.colcon_core.event_handler.log_command:Invoking command in '/home/edisonwong/dev_ws/src/build/diffdrive_arduino': AMENT_PREFIX_PATH=/home/edisonwong/dev_ws/src/install/serial:${AMENT_PREFIX_PATH} CMAKE_PREFIX_PATH=/home/edisonwong/dev_ws/src/install/serial:/opt/ros/humble LD_LIBRARY_PATH=/home/edisonwong/dev_ws/src/install/serial/lib:${LD_LIBRARY_PATH} /usr/bin/cmake --build /home/edisonwong/dev_ws/src/build/diffdrive_arduino -- -j8 -l8
[1.465s] DEBUG:colcon.colcon_core.event_handler.log_command:Invoked command in '/home/edisonwong/dev_ws/src/build/serial_motor_demo_msgs' returned '0': CMAKE_PREFIX_PATH=/opt/ros/humble /usr/bin/cmake --build /home/edisonwong/dev_ws/src/build/serial_motor_demo_msgs -- -j8 -l8
[1.570s] DEBUG:colcon.colcon_core.event_handler.log_command:Invoking command in '/home/edisonwong/dev_ws/src/build/serial_motor_demo_msgs': CMAKE_PREFIX_PATH=/opt/ros/humble /usr/bin/cmake --install /home/edisonwong/dev_ws/src/build/serial_motor_demo_msgs
[1.668s] Level 1:colcon.colcon_core.environment:create_environment_scripts_only(serial_motor_demo_msgs)
[1.672s] Level 1:colcon.colcon_core.environment:checking '/home/edisonwong/dev_ws/src/install/serial_motor_demo_msgs' for CMake module files
[1.673s] DEBUG:colcon.colcon_core.event_handler.log_command:Invoked command in '/home/edisonwong/dev_ws/src/build/serial_motor_demo_msgs' returned '0': CMAKE_PREFIX_PATH=/opt/ros/humble /usr/bin/cmake --install /home/edisonwong/dev_ws/src/build/serial_motor_demo_msgs
[1.674s] Level 1:colcon.colcon_core.environment:checking '/home/edisonwong/dev_ws/src/install/serial_motor_demo_msgs' for CMake config files
[1.675s] Level 1:colcon.colcon_core.shell:create_environment_hook('serial_motor_demo_msgs', 'cmake_prefix_path')
[1.677s] INFO:colcon.colcon_core.shell:Creating environment hook '/home/edisonwong/dev_ws/src/install/serial_motor_demo_msgs/share/serial_motor_demo_msgs/hook/cmake_prefix_path.ps1'
[1.678s] INFO:colcon.colcon_core.shell:Creating environment descriptor '/home/edisonwong/dev_ws/src/install/serial_motor_demo_msgs/share/serial_motor_demo_msgs/hook/cmake_prefix_path.dsv'
[1.678s] INFO:colcon.colcon_core.shell:Creating environment hook '/home/edisonwong/dev_ws/src/install/serial_motor_demo_msgs/share/serial_motor_demo_msgs/hook/cmake_prefix_path.sh'
[1.679s] Level 1:colcon.colcon_core.environment:checking '/home/edisonwong/dev_ws/src/install/serial_motor_demo_msgs/lib'
[1.679s] Level 1:colcon.colcon_core.shell:create_environment_hook('serial_motor_demo_msgs', 'ld_library_path_lib')
[1.680s] INFO:colcon.colcon_core.shell:Creating environment hook '/home/edisonwong/dev_ws/src/install/serial_motor_demo_msgs/share/serial_motor_demo_msgs/hook/ld_library_path_lib.ps1'
[1.681s] INFO:colcon.colcon_core.shell:Creating environment descriptor '/home/edisonwong/dev_ws/src/install/serial_motor_demo_msgs/share/serial_motor_demo_msgs/hook/ld_library_path_lib.dsv'
[1.681s] INFO:colcon.colcon_core.shell:Creating environment hook '/home/edisonwong/dev_ws/src/install/serial_motor_demo_msgs/share/serial_motor_demo_msgs/hook/ld_library_path_lib.sh'
[1.681s] Level 1:colcon.colcon_core.environment:checking '/home/edisonwong/dev_ws/src/install/serial_motor_demo_msgs/bin'
[1.681s] Level 1:colcon.colcon_core.environment:checking '/home/edisonwong/dev_ws/src/install/serial_motor_demo_msgs/lib/pkgconfig/serial_motor_demo_msgs.pc'
[1.682s] Level 1:colcon.colcon_core.environment:checking '/home/edisonwong/dev_ws/src/install/serial_motor_demo_msgs/lib/python3.10/site-packages'
[1.682s] Level 1:colcon.colcon_core.environment:checking '/home/edisonwong/dev_ws/src/install/serial_motor_demo_msgs/bin'
[1.683s] INFO:colcon.colcon_core.shell:Creating package script '/home/edisonwong/dev_ws/src/install/serial_motor_demo_msgs/share/serial_motor_demo_msgs/package.ps1'
[1.684s] INFO:colcon.colcon_core.shell:Creating package descriptor '/home/edisonwong/dev_ws/src/install/serial_motor_demo_msgs/share/serial_motor_demo_msgs/package.dsv'
[1.684s] INFO:colcon.colcon_core.shell:Creating package script '/home/edisonwong/dev_ws/src/install/serial_motor_demo_msgs/share/serial_motor_demo_msgs/package.sh'
[1.684s] INFO:colcon.colcon_core.shell:Creating package script '/home/edisonwong/dev_ws/src/install/serial_motor_demo_msgs/share/serial_motor_demo_msgs/package.bash'
[1.685s] INFO:colcon.colcon_core.shell:Creating package script '/home/edisonwong/dev_ws/src/install/serial_motor_demo_msgs/share/serial_motor_demo_msgs/package.zsh'
[1.685s] Level 1:colcon.colcon_core.environment:create_file_with_runtime_dependencies(/home/edisonwong/dev_ws/src/install/serial_motor_demo_msgs/share/colcon-core/packages/serial_motor_demo_msgs)
[1.793s] Level 1:colcon.colcon_core.environment:create_environment_scripts_only(serial_motor_demo_msgs)
[1.795s] Level 1:colcon.colcon_core.environment:checking '/home/edisonwong/dev_ws/src/install/serial_motor_demo_msgs' for CMake module files
[1.796s] Level 1:colcon.colcon_core.environment:checking '/home/edisonwong/dev_ws/src/install/serial_motor_demo_msgs' for CMake config files
[1.797s] Level 1:colcon.colcon_core.shell:create_environment_hook('serial_motor_demo_msgs', 'cmake_prefix_path')
[1.799s] INFO:colcon.colcon_core.shell:Creating environment hook '/home/edisonwong/dev_ws/src/install/serial_motor_demo_msgs/share/serial_motor_demo_msgs/hook/cmake_prefix_path.ps1'
[1.800s] INFO:colcon.colcon_core.shell:Creating environment descriptor '/home/edisonwong/dev_ws/src/install/serial_motor_demo_msgs/share/serial_motor_demo_msgs/hook/cmake_prefix_path.dsv'
[1.801s] INFO:colcon.colcon_core.shell:Creating environment hook '/home/edisonwong/dev_ws/src/install/serial_motor_demo_msgs/share/serial_motor_demo_msgs/hook/cmake_prefix_path.sh'
[1.802s] Level 1:colcon.colcon_core.environment:checking '/home/edisonwong/dev_ws/src/install/serial_motor_demo_msgs/lib'
[1.802s] Level 1:colcon.colcon_core.shell:create_environment_hook('serial_motor_demo_msgs', 'ld_library_path_lib')
[1.804s] INFO:colcon.colcon_core.shell:Creating environment hook '/home/edisonwong/dev_ws/src/install/serial_motor_demo_msgs/share/serial_motor_demo_msgs/hook/ld_library_path_lib.ps1'
[1.805s] INFO:colcon.colcon_core.shell:Creating environment descriptor '/home/edisonwong/dev_ws/src/install/serial_motor_demo_msgs/share/serial_motor_demo_msgs/hook/ld_library_path_lib.dsv'
[1.805s] INFO:colcon.colcon_core.shell:Creating environment hook '/home/edisonwong/dev_ws/src/install/serial_motor_demo_msgs/share/serial_motor_demo_msgs/hook/ld_library_path_lib.sh'
[1.806s] Level 1:colcon.colcon_core.environment:checking '/home/edisonwong/dev_ws/src/install/serial_motor_demo_msgs/bin'
[1.806s] Level 1:colcon.colcon_core.environment:checking '/home/edisonwong/dev_ws/src/install/serial_motor_demo_msgs/lib/pkgconfig/serial_motor_demo_msgs.pc'
[1.807s] Level 1:colcon.colcon_core.environment:checking '/home/edisonwong/dev_ws/src/install/serial_motor_demo_msgs/lib/python3.10/site-packages'
[1.807s] Level 1:colcon.colcon_core.environment:checking '/home/edisonwong/dev_ws/src/install/serial_motor_demo_msgs/bin'
[1.809s] INFO:colcon.colcon_core.shell:Creating package script '/home/edisonwong/dev_ws/src/install/serial_motor_demo_msgs/share/serial_motor_demo_msgs/package.ps1'
[1.809s] INFO:colcon.colcon_core.shell:Creating package descriptor '/home/edisonwong/dev_ws/src/install/serial_motor_demo_msgs/share/serial_motor_demo_msgs/package.dsv'
[1.810s] INFO:colcon.colcon_core.shell:Creating package script '/home/edisonwong/dev_ws/src/install/serial_motor_demo_msgs/share/serial_motor_demo_msgs/package.sh'
[1.810s] INFO:colcon.colcon_core.shell:Creating package script '/home/edisonwong/dev_ws/src/install/serial_motor_demo_msgs/share/serial_motor_demo_msgs/package.bash'
[1.811s] INFO:colcon.colcon_core.shell:Creating package script '/home/edisonwong/dev_ws/src/install/serial_motor_demo_msgs/share/serial_motor_demo_msgs/package.zsh'
[1.812s] Level 1:colcon.colcon_core.environment:create_file_with_runtime_dependencies(/home/edisonwong/dev_ws/src/install/serial_motor_demo_msgs/share/colcon-core/packages/serial_motor_demo_msgs)
[1.812s] INFO:colcon.colcon_ros.task.ament_python.build:Building ROS package in '/home/edisonwong/dev_ws/src/serial_motor_demo/serial_motor_demo' with build type 'ament_python'
[1.812s] Level 1:colcon.colcon_core.shell:create_environment_hook('serial_motor_demo', 'ament_prefix_path')
[1.815s] INFO:colcon.colcon_core.shell:Creating environment hook '/home/edisonwong/dev_ws/src/install/serial_motor_demo/share/serial_motor_demo/hook/ament_prefix_path.ps1'
[1.816s] INFO:colcon.colcon_core.shell:Creating environment descriptor '/home/edisonwong/dev_ws/src/install/serial_motor_demo/share/serial_motor_demo/hook/ament_prefix_path.dsv'
[1.816s] INFO:colcon.colcon_core.shell:Creating environment hook '/home/edisonwong/dev_ws/src/install/serial_motor_demo/share/serial_motor_demo/hook/ament_prefix_path.sh'
[1.818s] INFO:colcon.colcon_core.shell:Skip shell extension 'powershell' for command environment: Not usable outside of PowerShell
[1.819s] DEBUG:colcon.colcon_core.shell:Skip shell extension 'dsv' for command environment
[2.198s] INFO:colcon.colcon_core.task.python.build:Building Python package in '/home/edisonwong/dev_ws/src/serial_motor_demo/serial_motor_demo'
[2.200s] INFO:colcon.colcon_core.shell:Skip shell extension 'powershell' for command environment: Not usable outside of PowerShell
[2.200s] DEBUG:colcon.colcon_core.shell:Skip shell extension 'dsv' for command environment
[2.899s] DEBUG:colcon.colcon_core.event_handler.log_command:Invoking command in '/home/edisonwong/dev_ws/src/build/serial_motor_demo': AMENT_PREFIX_PATH=/home/edisonwong/dev_ws/src/install/serial_motor_demo_msgs:${AMENT_PREFIX_PATH} CMAKE_PREFIX_PATH=/home/edisonwong/dev_ws/src/install/serial_motor_demo_msgs LD_LIBRARY_PATH=/home/edisonwong/dev_ws/src/install/serial_motor_demo_msgs/lib:${LD_LIBRARY_PATH} PYTHONPATH=/home/edisonwong/dev_ws/src/build/serial_motor_demo/prefix_override:/home/edisonwong/dev_ws/src/install/serial_motor_demo/lib/python3.10/site-packages:/home/edisonwong/dev_ws/src/install/serial_motor_demo_msgs/local/lib/python3.10/dist-packages:${PYTHONPATH} /usr/bin/python3 setup.py develop --editable --build-directory /home/edisonwong/dev_ws/src/build/serial_motor_demo/build --no-deps install_data
[3.514s] Level 1:colcon.colcon_core.shell:create_environment_hook('serial_motor_demo', 'pythonpath_develop')
[3.515s] INFO:colcon.colcon_core.shell:Creating environment hook '/home/edisonwong/dev_ws/src/build/serial_motor_demo/share/serial_motor_demo/hook/pythonpath_develop.ps1'
[3.516s] DEBUG:colcon.colcon_core.event_handler.log_command:Invoked command in '/home/edisonwong/dev_ws/src/build/serial_motor_demo' returned '0': AMENT_PREFIX_PATH=/home/edisonwong/dev_ws/src/install/serial_motor_demo_msgs:${AMENT_PREFIX_PATH} CMAKE_PREFIX_PATH=/home/edisonwong/dev_ws/src/install/serial_motor_demo_msgs LD_LIBRARY_PATH=/home/edisonwong/dev_ws/src/install/serial_motor_demo_msgs/lib:${LD_LIBRARY_PATH} PYTHONPATH=/home/edisonwong/dev_ws/src/build/serial_motor_demo/prefix_override:/home/edisonwong/dev_ws/src/install/serial_motor_demo/lib/python3.10/site-packages:/home/edisonwong/dev_ws/src/install/serial_motor_demo_msgs/local/lib/python3.10/dist-packages:${PYTHONPATH} /usr/bin/python3 setup.py develop --editable --build-directory /home/edisonwong/dev_ws/src/build/serial_motor_demo/build --no-deps install_data
[3.516s] INFO:colcon.colcon_core.shell:Creating environment descriptor '/home/edisonwong/dev_ws/src/build/serial_motor_demo/share/serial_motor_demo/hook/pythonpath_develop.dsv'
[3.517s] INFO:colcon.colcon_core.shell:Creating environment hook '/home/edisonwong/dev_ws/src/build/serial_motor_demo/share/serial_motor_demo/hook/pythonpath_develop.sh'
[3.519s] Level 1:colcon.colcon_core.environment:checking '/home/edisonwong/dev_ws/src/install/serial_motor_demo' for CMake module files
[3.519s] Level 1:colcon.colcon_core.environment:checking '/home/edisonwong/dev_ws/src/install/serial_motor_demo' for CMake config files
[3.520s] Level 1:colcon.colcon_core.environment:checking '/home/edisonwong/dev_ws/src/install/serial_motor_demo/lib'
[3.520s] Level 1:colcon.colcon_core.environment:checking '/home/edisonwong/dev_ws/src/install/serial_motor_demo/bin'
[3.520s] Level 1:colcon.colcon_core.environment:checking '/home/edisonwong/dev_ws/src/install/serial_motor_demo/lib/pkgconfig/serial_motor_demo.pc'
[3.520s] Level 1:colcon.colcon_core.environment:checking '/home/edisonwong/dev_ws/src/install/serial_motor_demo/lib/python3.10/site-packages'
[3.520s] Level 1:colcon.colcon_core.shell:create_environment_hook('serial_motor_demo', 'pythonpath')
[3.522s] INFO:colcon.colcon_core.shell:Creating environment hook '/home/edisonwong/dev_ws/src/install/serial_motor_demo/share/serial_motor_demo/hook/pythonpath.ps1'
[3.523s] INFO:colcon.colcon_core.shell:Creating environment descriptor '/home/edisonwong/dev_ws/src/install/serial_motor_demo/share/serial_motor_demo/hook/pythonpath.dsv'
[3.523s] INFO:colcon.colcon_core.shell:Creating environment hook '/home/edisonwong/dev_ws/src/install/serial_motor_demo/share/serial_motor_demo/hook/pythonpath.sh'
[3.524s] Level 1:colcon.colcon_core.environment:checking '/home/edisonwong/dev_ws/src/install/serial_motor_demo/bin'
[3.524s] Level 1:colcon.colcon_core.environment:create_environment_scripts_only(serial_motor_demo)
[3.526s] INFO:colcon.colcon_core.shell:Creating package script '/home/edisonwong/dev_ws/src/install/serial_motor_demo/share/serial_motor_demo/package.ps1'
[3.526s] INFO:colcon.colcon_core.shell:Creating package descriptor '/home/edisonwong/dev_ws/src/install/serial_motor_demo/share/serial_motor_demo/package.dsv'
[3.527s] INFO:colcon.colcon_core.shell:Creating package script '/home/edisonwong/dev_ws/src/install/serial_motor_demo/share/serial_motor_demo/package.sh'
[3.528s] INFO:colcon.colcon_core.shell:Creating package script '/home/edisonwong/dev_ws/src/install/serial_motor_demo/share/serial_motor_demo/package.bash'
[3.528s] INFO:colcon.colcon_core.shell:Creating package script '/home/edisonwong/dev_ws/src/install/serial_motor_demo/share/serial_motor_demo/package.zsh'
[3.528s] Level 1:colcon.colcon_core.environment:create_file_with_runtime_dependencies(/home/edisonwong/dev_ws/src/install/serial_motor_demo/share/colcon-core/packages/serial_motor_demo)
[9.662s] DEBUG:colcon.colcon_core.event_handler.log_command:Invoked command in '/home/edisonwong/dev_ws/src/build/diffdrive_arduino' returned '0': AMENT_PREFIX_PATH=/home/edisonwong/dev_ws/src/install/serial:${AMENT_PREFIX_PATH} CMAKE_PREFIX_PATH=/home/edisonwong/dev_ws/src/install/serial:/opt/ros/humble LD_LIBRARY_PATH=/home/edisonwong/dev_ws/src/install/serial/lib:${LD_LIBRARY_PATH} /usr/bin/cmake --build /home/edisonwong/dev_ws/src/build/diffdrive_arduino -- -j8 -l8
[9.697s] DEBUG:colcon.colcon_core.event_handler.log_command:Invoking command in '/home/edisonwong/dev_ws/src/build/diffdrive_arduino': AMENT_PREFIX_PATH=/home/edisonwong/dev_ws/src/install/serial:${AMENT_PREFIX_PATH} CMAKE_PREFIX_PATH=/home/edisonwong/dev_ws/src/install/serial:/opt/ros/humble LD_LIBRARY_PATH=/home/edisonwong/dev_ws/src/install/serial/lib:${LD_LIBRARY_PATH} /usr/bin/cmake --install /home/edisonwong/dev_ws/src/build/diffdrive_arduino
[9.985s] Level 1:colcon.colcon_core.environment:create_environment_scripts_only(diffdrive_arduino)
[9.988s] Level 1:colcon.colcon_core.environment:checking '/home/edisonwong/dev_ws/src/install/diffdrive_arduino' for CMake module files
[9.989s] DEBUG:colcon.colcon_core.event_handler.log_command:Invoked command in '/home/edisonwong/dev_ws/src/build/diffdrive_arduino' returned '0': AMENT_PREFIX_PATH=/home/edisonwong/dev_ws/src/install/serial:${AMENT_PREFIX_PATH} CMAKE_PREFIX_PATH=/home/edisonwong/dev_ws/src/install/serial:/opt/ros/humble LD_LIBRARY_PATH=/home/edisonwong/dev_ws/src/install/serial/lib:${LD_LIBRARY_PATH} /usr/bin/cmake --install /home/edisonwong/dev_ws/src/build/diffdrive_arduino
[9.990s] Level 1:colcon.colcon_core.environment:checking '/home/edisonwong/dev_ws/src/install/diffdrive_arduino' for CMake config files
[9.990s] Level 1:colcon.colcon_core.shell:create_environment_hook('diffdrive_arduino', 'cmake_prefix_path')
[9.991s] INFO:colcon.colcon_core.shell:Creating environment hook '/home/edisonwong/dev_ws/src/install/diffdrive_arduino/share/diffdrive_arduino/hook/cmake_prefix_path.ps1'
[9.993s] INFO:colcon.colcon_core.shell:Creating environment descriptor '/home/edisonwong/dev_ws/src/install/diffdrive_arduino/share/diffdrive_arduino/hook/cmake_prefix_path.dsv'
[9.993s] INFO:colcon.colcon_core.shell:Creating environment hook '/home/edisonwong/dev_ws/src/install/diffdrive_arduino/share/diffdrive_arduino/hook/cmake_prefix_path.sh'
[9.994s] Level 1:colcon.colcon_core.environment:checking '/home/edisonwong/dev_ws/src/install/diffdrive_arduino/lib'
[9.994s] Level 1:colcon.colcon_core.shell:create_environment_hook('diffdrive_arduino', 'ld_library_path_lib')
[9.996s] INFO:colcon.colcon_core.shell:Creating environment hook '/home/edisonwong/dev_ws/src/install/diffdrive_arduino/share/diffdrive_arduino/hook/ld_library_path_lib.ps1'
[9.996s] INFO:colcon.colcon_core.shell:Creating environment descriptor '/home/edisonwong/dev_ws/src/install/diffdrive_arduino/share/diffdrive_arduino/hook/ld_library_path_lib.dsv'
[9.997s] INFO:colcon.colcon_core.shell:Creating environment hook '/home/edisonwong/dev_ws/src/install/diffdrive_arduino/share/diffdrive_arduino/hook/ld_library_path_lib.sh'
[9.997s] Level 1:colcon.colcon_core.environment:checking '/home/edisonwong/dev_ws/src/install/diffdrive_arduino/bin'
[9.997s] Level 1:colcon.colcon_core.environment:checking '/home/edisonwong/dev_ws/src/install/diffdrive_arduino/lib/pkgconfig/diffdrive_arduino.pc'
[9.998s] Level 1:colcon.colcon_core.environment:checking '/home/edisonwong/dev_ws/src/install/diffdrive_arduino/lib/python3.10/site-packages'
[9.998s] Level 1:colcon.colcon_core.environment:checking '/home/edisonwong/dev_ws/src/install/diffdrive_arduino/bin'
[9.999s] INFO:colcon.colcon_core.shell:Creating package script '/home/edisonwong/dev_ws/src/install/diffdrive_arduino/share/diffdrive_arduino/package.ps1'
[10.000s] INFO:colcon.colcon_core.shell:Creating package descriptor '/home/edisonwong/dev_ws/src/install/diffdrive_arduino/share/diffdrive_arduino/package.dsv'
[10.000s] INFO:colcon.colcon_core.shell:Creating package script '/home/edisonwong/dev_ws/src/install/diffdrive_arduino/share/diffdrive_arduino/package.sh'
[10.001s] INFO:colcon.colcon_core.shell:Creating package script '/home/edisonwong/dev_ws/src/install/diffdrive_arduino/share/diffdrive_arduino/package.bash'
[10.002s] INFO:colcon.colcon_core.shell:Creating package script '/home/edisonwong/dev_ws/src/install/diffdrive_arduino/share/diffdrive_arduino/package.zsh'
[10.002s] Level 1:colcon.colcon_core.environment:create_file_with_runtime_dependencies(/home/edisonwong/dev_ws/src/install/diffdrive_arduino/share/colcon-core/packages/diffdrive_arduino)
[10.039s] Level 1:colcon.colcon_core.environment:create_environment_scripts_only(diffdrive_arduino)
[10.041s] Level 1:colcon.colcon_core.environment:checking '/home/edisonwong/dev_ws/src/install/diffdrive_arduino' for CMake module files
[10.042s] Level 1:colcon.colcon_core.environment:checking '/home/edisonwong/dev_ws/src/install/diffdrive_arduino' for CMake config files
[10.043s] Level 1:colcon.colcon_core.shell:create_environment_hook('diffdrive_arduino', 'cmake_prefix_path')
[10.045s] INFO:colcon.colcon_core.shell:Creating environment hook '/home/edisonwong/dev_ws/src/install/diffdrive_arduino/share/diffdrive_arduino/hook/cmake_prefix_path.ps1'
[10.045s] INFO:colcon.colcon_core.shell:Creating environment descriptor '/home/edisonwong/dev_ws/src/install/diffdrive_arduino/share/diffdrive_arduino/hook/cmake_prefix_path.dsv'
[10.046s] INFO:colcon.colcon_core.shell:Creating environment hook '/home/edisonwong/dev_ws/src/install/diffdrive_arduino/share/diffdrive_arduino/hook/cmake_prefix_path.sh'
[10.047s] Level 1:colcon.colcon_core.environment:checking '/home/edisonwong/dev_ws/src/install/diffdrive_arduino/lib'
[10.047s] Level 1:colcon.colcon_core.shell:create_environment_hook('diffdrive_arduino', 'ld_library_path_lib')
[10.048s] INFO:colcon.colcon_core.shell:Creating environment hook '/home/edisonwong/dev_ws/src/install/diffdrive_arduino/share/diffdrive_arduino/hook/ld_library_path_lib.ps1'
[10.049s] INFO:colcon.colcon_core.shell:Creating environment descriptor '/home/edisonwong/dev_ws/src/install/diffdrive_arduino/share/diffdrive_arduino/hook/ld_library_path_lib.dsv'
[10.049s] INFO:colcon.colcon_core.shell:Creating environment hook '/home/edisonwong/dev_ws/src/install/diffdrive_arduino/share/diffdrive_arduino/hook/ld_library_path_lib.sh'
[10.050s] Level 1:colcon.colcon_core.environment:checking '/home/edisonwong/dev_ws/src/install/diffdrive_arduino/bin'
[10.050s] Level 1:colcon.colcon_core.environment:checking '/home/edisonwong/dev_ws/src/install/diffdrive_arduino/lib/pkgconfig/diffdrive_arduino.pc'
[10.050s] Level 1:colcon.colcon_core.environment:checking '/home/edisonwong/dev_ws/src/install/diffdrive_arduino/lib/python3.10/site-packages'
[10.050s] Level 1:colcon.colcon_core.environment:checking '/home/edisonwong/dev_ws/src/install/diffdrive_arduino/bin'
[10.053s] INFO:colcon.colcon_core.shell:Creating package script '/home/edisonwong/dev_ws/src/install/diffdrive_arduino/share/diffdrive_arduino/package.ps1'
[10.054s] INFO:colcon.colcon_core.shell:Creating package descriptor '/home/edisonwong/dev_ws/src/install/diffdrive_arduino/share/diffdrive_arduino/package.dsv'
[10.055s] INFO:colcon.colcon_core.shell:Creating package script '/home/edisonwong/dev_ws/src/install/diffdrive_arduino/share/diffdrive_arduino/package.sh'
[10.055s] INFO:colcon.colcon_core.shell:Creating package script '/home/edisonwong/dev_ws/src/install/diffdrive_arduino/share/diffdrive_arduino/package.bash'
[10.056s] INFO:colcon.colcon_core.shell:Creating package script '/home/edisonwong/dev_ws/src/install/diffdrive_arduino/share/diffdrive_arduino/package.zsh'
[10.057s] Level 1:colcon.colcon_core.environment:create_file_with_runtime_dependencies(/home/edisonwong/dev_ws/src/install/diffdrive_arduino/share/colcon-core/packages/diffdrive_arduino)
[10.057s] DEBUG:colcon.colcon_parallel_executor.executor.parallel:closing loop
[10.058s] DEBUG:colcon.colcon_parallel_executor.executor.parallel:loop closed
[10.058s] DEBUG:colcon.colcon_parallel_executor.executor.parallel:run_until_complete finished with '0'
[10.058s] DEBUG:colcon.colcon_core.event_reactor:joining thread
[10.079s] INFO:colcon.colcon_core.plugin_system:Skipping extension 'colcon_notification.desktop_notification.terminal_notifier': Not used on non-Darwin systems
[10.079s] INFO:colcon.colcon_core.plugin_system:Skipping extension 'colcon_notification.desktop_notification.win32': Not used on non-Windows systems
[10.079s] INFO:colcon.colcon_notification.desktop_notification:Sending desktop notification using 'notify2'
[10.099s] DEBUG:colcon.colcon_core.event_reactor:joined thread
[10.101s] INFO:colcon.colcon_core.shell:Creating prefix script '/home/edisonwong/dev_ws/src/install/local_setup.ps1'
[10.103s] INFO:colcon.colcon_core.shell:Creating prefix util module '/home/edisonwong/dev_ws/src/install/_local_setup_util_ps1.py'
[10.105s] INFO:colcon.colcon_core.shell:Creating prefix chain script '/home/edisonwong/dev_ws/src/install/setup.ps1'
[10.107s] INFO:colcon.colcon_core.shell:Creating prefix script '/home/edisonwong/dev_ws/src/install/local_setup.sh'
[10.109s] INFO:colcon.colcon_core.shell:Creating prefix util module '/home/edisonwong/dev_ws/src/install/_local_setup_util_sh.py'
[10.110s] INFO:colcon.colcon_core.shell:Creating prefix chain script '/home/edisonwong/dev_ws/src/install/setup.sh'
[10.112s] INFO:colcon.colcon_core.shell:Creating prefix script '/home/edisonwong/dev_ws/src/install/local_setup.bash'
[10.113s] INFO:colcon.colcon_core.shell:Creating prefix chain script '/home/edisonwong/dev_ws/src/install/setup.bash'
[10.115s] INFO:colcon.colcon_core.shell:Creating prefix script '/home/edisonwong/dev_ws/src/install/local_setup.zsh'
[10.115s] INFO:colcon.colcon_core.shell:Creating prefix chain script '/home/edisonwong/dev_ws/src/install/setup.zsh'
