[0.017s] Invoking command in '/home/edisonwong/dev_ws/build/my_bot': CMAKE_PREFIX_PATH=${CMAKE_PREFIX_PATH}:/home/edisonwong/dev_ws/install/serial_motor_demo:/opt/ros/humble /usr/bin/cmake --build /home/edisonwong/dev_ws/build/my_bot -- -j8 -l8
[0.083s] Invoked command in '/home/edisonwong/dev_ws/build/my_bot' returned '0': CMAKE_PREFIX_PATH=${CMAKE_PREFIX_PATH}:/home/edisonwong/dev_ws/install/serial_motor_demo:/opt/ros/humble /usr/bin/cmake --build /home/edisonwong/dev_ws/build/my_bot -- -j8 -l8
[0.126s] Invoking command in '/home/edisonwong/dev_ws/build/my_bot': CMAKE_PREFIX_PATH=${CMAKE_PREFIX_PATH}:/home/edisonwong/dev_ws/install/serial_motor_demo:/opt/ros/humble /usr/bin/cmake --install /home/edisonwong/dev_ws/build/my_bot
[0.141s] -- Install configuration: ""
[0.144s] -- Execute custom install script
[0.144s] -- Up-to-date symlink: /home/edisonwong/dev_ws/install/my_bot/share/my_bot/config/drive_bot.rviz
[0.144s] -- Up-to-date symlink: /home/edisonwong/dev_ws/install/my_bot/share/my_bot/config/empty.yaml
[0.145s] -- Symlinking: /home/edisonwong/dev_ws/install/my_bot/share/my_bot/config/my_controllers.yaml
[0.155s] -- Up-to-date symlink: /home/edisonwong/dev_ws/install/my_bot/share/my_bot/config/view_bot.rviz
[0.156s] -- Up-to-date symlink: /home/edisonwong/dev_ws/install/my_bot/share/my_bot/description/camera.xacro
[0.156s] -- Up-to-date symlink: /home/edisonwong/dev_ws/install/my_bot/share/my_bot/description/depth_camera.xacro
[0.156s] -- Up-to-date symlink: /home/edisonwong/dev_ws/install/my_bot/share/my_bot/description/gazebo_control.xacro
[0.157s] -- Up-to-date symlink: /home/edisonwong/dev_ws/install/my_bot/share/my_bot/description/inertial_macros.xacro
[0.157s] -- Up-to-date symlink: /home/edisonwong/dev_ws/install/my_bot/share/my_bot/description/lidar.xacro
[0.157s] -- Up-to-date symlink: /home/edisonwong/dev_ws/install/my_bot/share/my_bot/description/robot.urdf.xacro
[0.158s] -- Up-to-date symlink: /home/edisonwong/dev_ws/install/my_bot/share/my_bot/description/robot_core.xacro
[0.158s] -- Symlinking: /home/edisonwong/dev_ws/install/my_bot/share/my_bot/description/ros2_control.xacro
[0.166s] -- Up-to-date symlink: /home/edisonwong/dev_ws/install/my_bot/share/my_bot/launch/launch_sim.launch.py
[0.167s] -- Up-to-date symlink: /home/edisonwong/dev_ws/install/my_bot/share/my_bot/launch/rsp.launch.py
[0.167s] -- Up-to-date symlink: /home/edisonwong/dev_ws/install/my_bot/share/my_bot/worlds/empty.world
[0.167s] -- Up-to-date symlink: /home/edisonwong/dev_ws/install/my_bot/share/my_bot/worlds/kb5.world
[0.167s] -- Up-to-date symlink: /home/edisonwong/dev_ws/install/my_bot/share/my_bot/worlds/obstacles.world
[0.167s] -- Up-to-date symlink: /home/edisonwong/dev_ws/install/my_bot/share/ament_index/resource_index/package_run_dependencies/my_bot
[0.168s] -- Up-to-date symlink: /home/edisonwong/dev_ws/install/my_bot/share/ament_index/resource_index/parent_prefix_path/my_bot
[0.168s] -- Up-to-date symlink: /home/edisonwong/dev_ws/install/my_bot/share/my_bot/environment/ament_prefix_path.sh
[0.169s] -- Up-to-date symlink: /home/edisonwong/dev_ws/install/my_bot/share/my_bot/environment/ament_prefix_path.dsv
[0.169s] -- Up-to-date symlink: /home/edisonwong/dev_ws/install/my_bot/share/my_bot/environment/path.sh
[0.169s] -- Up-to-date symlink: /home/edisonwong/dev_ws/install/my_bot/share/my_bot/environment/path.dsv
[0.170s] -- Up-to-date symlink: /home/edisonwong/dev_ws/install/my_bot/share/my_bot/local_setup.bash
[0.170s] -- Up-to-date symlink: /home/edisonwong/dev_ws/install/my_bot/share/my_bot/local_setup.sh
[0.170s] -- Up-to-date symlink: /home/edisonwong/dev_ws/install/my_bot/share/my_bot/local_setup.zsh
[0.171s] -- Up-to-date symlink: /home/edisonwong/dev_ws/install/my_bot/share/my_bot/local_setup.dsv
[0.171s] -- Symlinking: /home/edisonwong/dev_ws/install/my_bot/share/my_bot/package.dsv
[0.181s] -- Up-to-date symlink: /home/edisonwong/dev_ws/install/my_bot/share/ament_index/resource_index/packages/my_bot
[0.181s] -- Up-to-date symlink: /home/edisonwong/dev_ws/install/my_bot/share/my_bot/cmake/my_botConfig.cmake
[0.182s] -- Up-to-date symlink: /home/edisonwong/dev_ws/install/my_bot/share/my_bot/cmake/my_botConfig-version.cmake
[0.182s] -- Up-to-date symlink: /home/edisonwong/dev_ws/install/my_bot/share/my_bot/package.xml
[0.185s] Invoked command in '/home/edisonwong/dev_ws/build/my_bot' returned '0': CMAKE_PREFIX_PATH=${CMAKE_PREFIX_PATH}:/home/edisonwong/dev_ws/install/serial_motor_demo:/opt/ros/humble /usr/bin/cmake --install /home/edisonwong/dev_ws/build/my_bot
