[0.122s] Invoking command in '/home/edisonwong/dev_ws/build/my_bot': CMAKE_PREFIX_PATH=${CMAKE_PREFIX_PATH}:/home/edisonwong/dev_ws/install/serial_motor_demo:/opt/ros/humble /usr/bin/cmake --build /home/edisonwong/dev_ws/build/my_bot -- -j8 -l8
[0.383s] Invoked command in '/home/edisonwong/dev_ws/build/my_bot' returned '0': CMAKE_PREFIX_PATH=${CMAKE_PREFIX_PATH}:/home/edisonwong/dev_ws/install/serial_motor_demo:/opt/ros/humble /usr/bin/cmake --build /home/edisonwong/dev_ws/build/my_bot -- -j8 -l8
[0.780s] Invoking command in '/home/edisonwong/dev_ws/build/my_bot': CMAKE_PREFIX_PATH=${CMAKE_PREFIX_PATH}:/home/edisonwong/dev_ws/install/serial_motor_demo:/opt/ros/humble /usr/bin/cmake --install /home/edisonwong/dev_ws/build/my_bot
[0.839s] -- Install configuration: ""
[0.844s] -- Execute custom install script
[0.845s] -- Up-to-date symlink: /home/edisonwong/dev_ws/install/my_bot/share/my_bot/config/drive_bot.rviz
[0.846s] -- Up-to-date symlink: /home/edisonwong/dev_ws/install/my_bot/share/my_bot/config/empty.yaml
[0.846s] -- Up-to-date symlink: /home/edisonwong/dev_ws/install/my_bot/share/my_bot/config/gazebo_params.yaml
[0.847s] -- Up-to-date symlink: /home/edisonwong/dev_ws/install/my_bot/share/my_bot/config/joystick.yaml
[0.847s] -- Up-to-date symlink: /home/edisonwong/dev_ws/install/my_bot/share/my_bot/config/main.rviz
[0.851s] -- Up-to-date symlink: /home/edisonwong/dev_ws/install/my_bot/share/my_bot/config/mapper_params_online_async.yaml
[0.855s] -- Up-to-date symlink: /home/edisonwong/dev_ws/install/my_bot/share/my_bot/config/my_controllers.yaml
[0.856s] -- Up-to-date symlink: /home/edisonwong/dev_ws/install/my_bot/share/my_bot/config/view_bot.rviz
[0.857s] -- Up-to-date symlink: /home/edisonwong/dev_ws/install/my_bot/share/my_bot/description/camera.xacro
[0.858s] -- Up-to-date symlink: /home/edisonwong/dev_ws/install/my_bot/share/my_bot/description/depth_camera.xacro
[0.860s] -- Up-to-date symlink: /home/edisonwong/dev_ws/install/my_bot/share/my_bot/description/gazebo_control.xacro
[0.861s] -- Up-to-date symlink: /home/edisonwong/dev_ws/install/my_bot/share/my_bot/description/inertial_macros.xacro
[0.862s] -- Up-to-date symlink: /home/edisonwong/dev_ws/install/my_bot/share/my_bot/description/lidar.xacro
[0.863s] -- Up-to-date symlink: /home/edisonwong/dev_ws/install/my_bot/share/my_bot/description/robot.urdf.xacro
[0.864s] -- Up-to-date symlink: /home/edisonwong/dev_ws/install/my_bot/share/my_bot/description/robot_core.xacro
[0.866s] -- Up-to-date symlink: /home/edisonwong/dev_ws/install/my_bot/share/my_bot/description/ros2_control.xacro
[0.866s] -- Up-to-date symlink: /home/edisonwong/dev_ws/install/my_bot/share/my_bot/launch/joystick.launch.py
[0.869s] -- Up-to-date symlink: /home/edisonwong/dev_ws/install/my_bot/share/my_bot/launch/launch_robot.launch.py
[0.874s] -- Up-to-date symlink: /home/edisonwong/dev_ws/install/my_bot/share/my_bot/launch/launch_sim.launch.py
[0.876s] -- Up-to-date symlink: /home/edisonwong/dev_ws/install/my_bot/share/my_bot/launch/rplidar.launch.py
[0.877s] -- Up-to-date symlink: /home/edisonwong/dev_ws/install/my_bot/share/my_bot/launch/rsp.launch.py
[0.878s] -- Up-to-date symlink: /home/edisonwong/dev_ws/install/my_bot/share/my_bot/worlds/empty.world
[0.880s] -- Up-to-date symlink: /home/edisonwong/dev_ws/install/my_bot/share/my_bot/worlds/kb5.world
[0.880s] -- Up-to-date symlink: /home/edisonwong/dev_ws/install/my_bot/share/my_bot/worlds/obstacles.world
[0.881s] -- Up-to-date symlink: /home/edisonwong/dev_ws/install/my_bot/share/ament_index/resource_index/package_run_dependencies/my_bot
[0.882s] -- Up-to-date symlink: /home/edisonwong/dev_ws/install/my_bot/share/ament_index/resource_index/parent_prefix_path/my_bot
[0.884s] -- Up-to-date symlink: /home/edisonwong/dev_ws/install/my_bot/share/my_bot/environment/ament_prefix_path.sh
[0.887s] -- Up-to-date symlink: /home/edisonwong/dev_ws/install/my_bot/share/my_bot/environment/ament_prefix_path.dsv
[0.891s] -- Up-to-date symlink: /home/edisonwong/dev_ws/install/my_bot/share/my_bot/environment/path.sh
[0.894s] -- Up-to-date symlink: /home/edisonwong/dev_ws/install/my_bot/share/my_bot/environment/path.dsv
[0.895s] -- Up-to-date symlink: /home/edisonwong/dev_ws/install/my_bot/share/my_bot/local_setup.bash
[0.899s] -- Up-to-date symlink: /home/edisonwong/dev_ws/install/my_bot/share/my_bot/local_setup.sh
[0.900s] -- Up-to-date symlink: /home/edisonwong/dev_ws/install/my_bot/share/my_bot/local_setup.zsh
[0.903s] -- Up-to-date symlink: /home/edisonwong/dev_ws/install/my_bot/share/my_bot/local_setup.dsv
[0.905s] -- Symlinking: /home/edisonwong/dev_ws/install/my_bot/share/my_bot/package.dsv
[0.960s] -- Up-to-date symlink: /home/edisonwong/dev_ws/install/my_bot/share/ament_index/resource_index/packages/my_bot
[0.962s] -- Up-to-date symlink: /home/edisonwong/dev_ws/install/my_bot/share/my_bot/cmake/my_botConfig.cmake
[0.963s] -- Up-to-date symlink: /home/edisonwong/dev_ws/install/my_bot/share/my_bot/cmake/my_botConfig-version.cmake
[0.964s] -- Up-to-date symlink: /home/edisonwong/dev_ws/install/my_bot/share/my_bot/package.xml
[0.981s] Invoked command in '/home/edisonwong/dev_ws/build/my_bot' returned '0': CMAKE_PREFIX_PATH=${CMAKE_PREFIX_PATH}:/home/edisonwong/dev_ws/install/serial_motor_demo:/opt/ros/humble /usr/bin/cmake --install /home/edisonwong/dev_ws/build/my_bot
