[0.452s] DEBUG:colcon:Command line arguments: ['/usr/bin/colcon', 'build', '--symlink-install']
[0.452s] DEBUG:colcon:Parsed command line arguments: Namespace(log_base=None, log_level=None, verb_name='build', build_base='build', install_base='install', merge_install=False, symlink_install=True, test_result_base=None, continue_on_error=False, executor='parallel', parallel_workers=8, event_handlers=None, ignore_user_meta=False, metas=['./colcon.meta'], base_paths=['.'], packages_ignore=None, packages_ignore_regex=None, paths=None, packages_up_to=None, packages_up_to_regex=None, packages_above=None, packages_above_and_dependencies=None, packages_above_depth=None, packages_select_by_dep=None, packages_skip_by_dep=None, packages_skip_up_to=None, packages_select_build_failed=False, packages_skip_build_finished=False, packages_select_test_failures=False, packages_skip_test_passed=False, packages_select=None, packages_skip=None, packages_select_regex=None, packages_skip_regex=None, packages_start=None, packages_end=None, allow_overriding=[], cmake_args=None, cmake_target=None, cmake_target_skip_unavailable=False, cmake_clean_cache=False, cmake_clean_first=False, cmake_force_configure=False, ament_cmake_args=None, catkin_cmake_args=None, catkin_skip_building_tests=False, verb_parser=<colcon_defaults.argument_parser.defaults.DefaultArgumentsDecorator object at 0x7f6d2ef47670>, verb_extension=<colcon_core.verb.build.BuildVerb object at 0x7f6d2f8cf490>, main=<bound method BuildVerb.main of <colcon_core.verb.build.BuildVerb object at 0x7f6d2f8cf490>>)
[0.493s] Level 1:colcon.colcon_core.package_discovery:discover_packages(colcon_meta) check parameters
[0.493s] Level 1:colcon.colcon_core.package_discovery:discover_packages(recursive) check parameters
[0.493s] Level 1:colcon.colcon_core.package_discovery:discover_packages(ignore) check parameters
[0.493s] Level 1:colcon.colcon_core.package_discovery:discover_packages(path) check parameters
[0.493s] Level 1:colcon.colcon_core.package_discovery:discover_packages(colcon_meta) discover
[0.493s] Level 1:colcon.colcon_core.package_discovery:discover_packages(recursive) discover
[0.493s] INFO:colcon.colcon_core.package_discovery:Crawling recursively for packages in '/home/edisonwong/dev_ws'
[0.493s] Level 1:colcon.colcon_core.package_identification:_identify(.) by extensions ['ignore', 'ignore_ament_install']
[0.494s] Level 1:colcon.colcon_core.package_identification:_identify(.) by extension 'ignore'
[0.494s] Level 1:colcon.colcon_core.package_identification:_identify(.) by extension 'ignore_ament_install'
[0.494s] Level 1:colcon.colcon_core.package_identification:_identify(.) by extensions ['colcon_pkg']
[0.494s] Level 1:colcon.colcon_core.package_identification:_identify(.) by extension 'colcon_pkg'
[0.494s] Level 1:colcon.colcon_core.package_identification:_identify(.) by extensions ['colcon_meta']
[0.494s] Level 1:colcon.colcon_core.package_identification:_identify(.) by extension 'colcon_meta'
[0.494s] Level 1:colcon.colcon_core.package_identification:_identify(.) by extensions ['ros']
[0.494s] Level 1:colcon.colcon_core.package_identification:_identify(.) by extension 'ros'
[0.507s] Level 1:colcon.colcon_core.package_identification:_identify(.) by extensions ['cmake', 'python']
[0.507s] Level 1:colcon.colcon_core.package_identification:_identify(.) by extension 'cmake'
[0.507s] Level 1:colcon.colcon_core.package_identification:_identify(.) by extension 'python'
[0.507s] Level 1:colcon.colcon_core.package_identification:_identify(.) by extensions ['python_setup_py']
[0.507s] Level 1:colcon.colcon_core.package_identification:_identify(.) by extension 'python_setup_py'
[0.507s] Level 1:colcon.colcon_core.package_identification:_identify(build) by extensions ['ignore', 'ignore_ament_install']
[0.507s] Level 1:colcon.colcon_core.package_identification:_identify(build) by extension 'ignore'
[0.507s] Level 1:colcon.colcon_core.package_identification:_identify(build) ignored
[0.508s] Level 1:colcon.colcon_core.package_identification:_identify(install) by extensions ['ignore', 'ignore_ament_install']
[0.508s] Level 1:colcon.colcon_core.package_identification:_identify(install) by extension 'ignore'
[0.508s] Level 1:colcon.colcon_core.package_identification:_identify(install) ignored
[0.508s] Level 1:colcon.colcon_core.package_identification:_identify(log) by extensions ['ignore', 'ignore_ament_install']
[0.508s] Level 1:colcon.colcon_core.package_identification:_identify(log) by extension 'ignore'
[0.508s] Level 1:colcon.colcon_core.package_identification:_identify(log) ignored
[0.508s] Level 1:colcon.colcon_core.package_identification:_identify(serial_motor_demo) by extensions ['ignore', 'ignore_ament_install']
[0.508s] Level 1:colcon.colcon_core.package_identification:_identify(serial_motor_demo) by extension 'ignore'
[0.508s] Level 1:colcon.colcon_core.package_identification:_identify(serial_motor_demo) by extension 'ignore_ament_install'
[0.508s] Level 1:colcon.colcon_core.package_identification:_identify(serial_motor_demo) by extensions ['colcon_pkg']
[0.508s] Level 1:colcon.colcon_core.package_identification:_identify(serial_motor_demo) by extension 'colcon_pkg'
[0.508s] Level 1:colcon.colcon_core.package_identification:_identify(serial_motor_demo) by extensions ['colcon_meta']
[0.508s] Level 1:colcon.colcon_core.package_identification:_identify(serial_motor_demo) by extension 'colcon_meta'
[0.509s] Level 1:colcon.colcon_core.package_identification:_identify(serial_motor_demo) by extensions ['ros']
[0.509s] Level 1:colcon.colcon_core.package_identification:_identify(serial_motor_demo) by extension 'ros'
[0.509s] Level 1:colcon.colcon_core.package_identification:_identify(serial_motor_demo) by extensions ['cmake', 'python']
[0.509s] Level 1:colcon.colcon_core.package_identification:_identify(serial_motor_demo) by extension 'cmake'
[0.509s] Level 1:colcon.colcon_core.package_identification:_identify(serial_motor_demo) by extension 'python'
[0.509s] Level 1:colcon.colcon_core.package_identification:_identify(serial_motor_demo) by extensions ['python_setup_py']
[0.509s] Level 1:colcon.colcon_core.package_identification:_identify(serial_motor_demo) by extension 'python_setup_py'
[0.509s] Level 1:colcon.colcon_core.package_identification:_identify(serial_motor_demo/serial_motor_demo) by extensions ['ignore', 'ignore_ament_install']
[0.509s] Level 1:colcon.colcon_core.package_identification:_identify(serial_motor_demo/serial_motor_demo) by extension 'ignore'
[0.509s] Level 1:colcon.colcon_core.package_identification:_identify(serial_motor_demo/serial_motor_demo) by extension 'ignore_ament_install'
[0.509s] Level 1:colcon.colcon_core.package_identification:_identify(serial_motor_demo/serial_motor_demo) by extensions ['colcon_pkg']
[0.509s] Level 1:colcon.colcon_core.package_identification:_identify(serial_motor_demo/serial_motor_demo) by extension 'colcon_pkg'
[0.509s] Level 1:colcon.colcon_core.package_identification:_identify(serial_motor_demo/serial_motor_demo) by extensions ['colcon_meta']
[0.509s] Level 1:colcon.colcon_core.package_identification:_identify(serial_motor_demo/serial_motor_demo) by extension 'colcon_meta'
[0.509s] Level 1:colcon.colcon_core.package_identification:_identify(serial_motor_demo/serial_motor_demo) by extensions ['ros']
[0.509s] Level 1:colcon.colcon_core.package_identification:_identify(serial_motor_demo/serial_motor_demo) by extension 'ros'
[0.512s] DEBUG:colcon.colcon_core.package_identification:Package 'serial_motor_demo/serial_motor_demo' with type 'ros.ament_python' and name 'serial_motor_demo'
[0.513s] Level 1:colcon.colcon_core.package_identification:_identify(serial_motor_demo/serial_motor_demo_msgs) by extensions ['ignore', 'ignore_ament_install']
[0.513s] Level 1:colcon.colcon_core.package_identification:_identify(serial_motor_demo/serial_motor_demo_msgs) by extension 'ignore'
[0.513s] Level 1:colcon.colcon_core.package_identification:_identify(serial_motor_demo/serial_motor_demo_msgs) by extension 'ignore_ament_install'
[0.513s] Level 1:colcon.colcon_core.package_identification:_identify(serial_motor_demo/serial_motor_demo_msgs) by extensions ['colcon_pkg']
[0.513s] Level 1:colcon.colcon_core.package_identification:_identify(serial_motor_demo/serial_motor_demo_msgs) by extension 'colcon_pkg'
[0.513s] Level 1:colcon.colcon_core.package_identification:_identify(serial_motor_demo/serial_motor_demo_msgs) by extensions ['colcon_meta']
[0.513s] Level 1:colcon.colcon_core.package_identification:_identify(serial_motor_demo/serial_motor_demo_msgs) by extension 'colcon_meta'
[0.513s] Level 1:colcon.colcon_core.package_identification:_identify(serial_motor_demo/serial_motor_demo_msgs) by extensions ['ros']
[0.513s] Level 1:colcon.colcon_core.package_identification:_identify(serial_motor_demo/serial_motor_demo_msgs) by extension 'ros'
[0.514s] DEBUG:colcon.colcon_core.package_identification:Package 'serial_motor_demo/serial_motor_demo_msgs' with type 'ros.ament_cmake' and name 'serial_motor_demo_msgs'
[0.514s] Level 1:colcon.colcon_core.package_identification:_identify(src) by extensions ['ignore', 'ignore_ament_install']
[0.514s] Level 1:colcon.colcon_core.package_identification:_identify(src) by extension 'ignore'
[0.514s] Level 1:colcon.colcon_core.package_identification:_identify(src) by extension 'ignore_ament_install'
[0.515s] Level 1:colcon.colcon_core.package_identification:_identify(src) by extensions ['colcon_pkg']
[0.515s] Level 1:colcon.colcon_core.package_identification:_identify(src) by extension 'colcon_pkg'
[0.515s] Level 1:colcon.colcon_core.package_identification:_identify(src) by extensions ['colcon_meta']
[0.515s] Level 1:colcon.colcon_core.package_identification:_identify(src) by extension 'colcon_meta'
[0.515s] Level 1:colcon.colcon_core.package_identification:_identify(src) by extensions ['ros']
[0.515s] Level 1:colcon.colcon_core.package_identification:_identify(src) by extension 'ros'
[0.515s] Level 1:colcon.colcon_core.package_identification:_identify(src) by extensions ['cmake', 'python']
[0.515s] Level 1:colcon.colcon_core.package_identification:_identify(src) by extension 'cmake'
[0.515s] Level 1:colcon.colcon_core.package_identification:_identify(src) by extension 'python'
[0.515s] Level 1:colcon.colcon_core.package_identification:_identify(src) by extensions ['python_setup_py']
[0.515s] Level 1:colcon.colcon_core.package_identification:_identify(src) by extension 'python_setup_py'
[0.515s] Level 1:colcon.colcon_core.package_identification:_identify(src/build) by extensions ['ignore', 'ignore_ament_install']
[0.515s] Level 1:colcon.colcon_core.package_identification:_identify(src/build) by extension 'ignore'
[0.515s] Level 1:colcon.colcon_core.package_identification:_identify(src/build) ignored
[0.516s] Level 1:colcon.colcon_core.package_identification:_identify(src/diffdrive_arduino) by extensions ['ignore', 'ignore_ament_install']
[0.516s] Level 1:colcon.colcon_core.package_identification:_identify(src/diffdrive_arduino) by extension 'ignore'
[0.516s] Level 1:colcon.colcon_core.package_identification:_identify(src/diffdrive_arduino) by extension 'ignore_ament_install'
[0.516s] Level 1:colcon.colcon_core.package_identification:_identify(src/diffdrive_arduino) by extensions ['colcon_pkg']
[0.516s] Level 1:colcon.colcon_core.package_identification:_identify(src/diffdrive_arduino) by extension 'colcon_pkg'
[0.516s] Level 1:colcon.colcon_core.package_identification:_identify(src/diffdrive_arduino) by extensions ['colcon_meta']
[0.516s] Level 1:colcon.colcon_core.package_identification:_identify(src/diffdrive_arduino) by extension 'colcon_meta'
[0.516s] Level 1:colcon.colcon_core.package_identification:_identify(src/diffdrive_arduino) by extensions ['ros']
[0.516s] Level 1:colcon.colcon_core.package_identification:_identify(src/diffdrive_arduino) by extension 'ros'
[0.518s] DEBUG:colcon.colcon_core.package_identification:Package 'src/diffdrive_arduino' with type 'ros.ament_cmake' and name 'diffdrive_arduino'
[0.518s] Level 1:colcon.colcon_core.package_identification:_identify(src/install) by extensions ['ignore', 'ignore_ament_install']
[0.518s] Level 1:colcon.colcon_core.package_identification:_identify(src/install) by extension 'ignore'
[0.518s] Level 1:colcon.colcon_core.package_identification:_identify(src/install) ignored
[0.518s] Level 1:colcon.colcon_core.package_identification:_identify(src/log) by extensions ['ignore', 'ignore_ament_install']
[0.518s] Level 1:colcon.colcon_core.package_identification:_identify(src/log) by extension 'ignore'
[0.518s] Level 1:colcon.colcon_core.package_identification:_identify(src/log) ignored
[0.518s] Level 1:colcon.colcon_core.package_identification:_identify(src/my_bot) by extensions ['ignore', 'ignore_ament_install']
[0.519s] Level 1:colcon.colcon_core.package_identification:_identify(src/my_bot) by extension 'ignore'
[0.519s] Level 1:colcon.colcon_core.package_identification:_identify(src/my_bot) by extension 'ignore_ament_install'
[0.519s] Level 1:colcon.colcon_core.package_identification:_identify(src/my_bot) by extensions ['colcon_pkg']
[0.519s] Level 1:colcon.colcon_core.package_identification:_identify(src/my_bot) by extension 'colcon_pkg'
[0.519s] Level 1:colcon.colcon_core.package_identification:_identify(src/my_bot) by extensions ['colcon_meta']
[0.519s] Level 1:colcon.colcon_core.package_identification:_identify(src/my_bot) by extension 'colcon_meta'
[0.519s] Level 1:colcon.colcon_core.package_identification:_identify(src/my_bot) by extensions ['ros']
[0.519s] Level 1:colcon.colcon_core.package_identification:_identify(src/my_bot) by extension 'ros'
[0.520s] DEBUG:colcon.colcon_core.package_identification:Package 'src/my_bot' with type 'ros.ament_cmake' and name 'my_bot'
[0.520s] Level 1:colcon.colcon_core.package_identification:_identify(src/serial) by extensions ['ignore', 'ignore_ament_install']
[0.520s] Level 1:colcon.colcon_core.package_identification:_identify(src/serial) by extension 'ignore'
[0.520s] Level 1:colcon.colcon_core.package_identification:_identify(src/serial) by extension 'ignore_ament_install'
[0.520s] Level 1:colcon.colcon_core.package_identification:_identify(src/serial) by extensions ['colcon_pkg']
[0.520s] Level 1:colcon.colcon_core.package_identification:_identify(src/serial) by extension 'colcon_pkg'
[0.520s] Level 1:colcon.colcon_core.package_identification:_identify(src/serial) by extensions ['colcon_meta']
[0.520s] Level 1:colcon.colcon_core.package_identification:_identify(src/serial) by extension 'colcon_meta'
[0.520s] Level 1:colcon.colcon_core.package_identification:_identify(src/serial) by extensions ['ros']
[0.520s] Level 1:colcon.colcon_core.package_identification:_identify(src/serial) by extension 'ros'
[0.521s] DEBUG:colcon.colcon_core.package_identification:Package 'src/serial' with type 'ros.ament_cmake' and name 'serial'
[0.521s] Level 1:colcon.colcon_core.package_discovery:discover_packages(recursive) using defaults
[0.521s] Level 1:colcon.colcon_core.package_discovery:discover_packages(ignore) discover
[0.521s] Level 1:colcon.colcon_core.package_discovery:discover_packages(ignore) using defaults
[0.521s] Level 1:colcon.colcon_core.package_discovery:discover_packages(path) discover
[0.521s] Level 1:colcon.colcon_core.package_discovery:discover_packages(path) using defaults
[0.551s] Level 1:colcon.colcon_core.package_discovery:discover_packages(prefix_path) check parameters
[0.551s] Level 1:colcon.colcon_core.package_discovery:discover_packages(prefix_path) discover
[0.558s] DEBUG:colcon.colcon_installed_package_information.package_discovery:Found 334 installed packages in /opt/ros/humble
[0.561s] Level 1:colcon.colcon_core.package_discovery:discover_packages(prefix_path) using defaults
[0.643s] Level 5:colcon.colcon_core.verb:set package 'my_bot' build argument 'cmake_args' from command line to 'None'
[0.643s] Level 5:colcon.colcon_core.verb:set package 'my_bot' build argument 'cmake_target' from command line to 'None'
[0.643s] Level 5:colcon.colcon_core.verb:set package 'my_bot' build argument 'cmake_target_skip_unavailable' from command line to 'False'
[0.643s] Level 5:colcon.colcon_core.verb:set package 'my_bot' build argument 'cmake_clean_cache' from command line to 'False'
[0.643s] Level 5:colcon.colcon_core.verb:set package 'my_bot' build argument 'cmake_clean_first' from command line to 'False'
[0.643s] Level 5:colcon.colcon_core.verb:set package 'my_bot' build argument 'cmake_force_configure' from command line to 'False'
[0.643s] Level 5:colcon.colcon_core.verb:set package 'my_bot' build argument 'ament_cmake_args' from command line to 'None'
[0.643s] Level 5:colcon.colcon_core.verb:set package 'my_bot' build argument 'catkin_cmake_args' from command line to 'None'
[0.643s] Level 5:colcon.colcon_core.verb:set package 'my_bot' build argument 'catkin_skip_building_tests' from command line to 'False'
[0.643s] DEBUG:colcon.colcon_core.verb:Building package 'my_bot' with the following arguments: {'ament_cmake_args': None, 'build_base': '/home/edisonwong/dev_ws/build/my_bot', 'catkin_cmake_args': None, 'catkin_skip_building_tests': False, 'cmake_args': None, 'cmake_clean_cache': False, 'cmake_clean_first': False, 'cmake_force_configure': False, 'cmake_target': None, 'cmake_target_skip_unavailable': False, 'install_base': '/home/edisonwong/dev_ws/install/my_bot', 'merge_install': False, 'path': '/home/edisonwong/dev_ws/src/my_bot', 'symlink_install': True, 'test_result_base': None}
[0.644s] Level 5:colcon.colcon_core.verb:set package 'serial' build argument 'cmake_args' from command line to 'None'
[0.645s] Level 5:colcon.colcon_core.verb:set package 'serial' build argument 'cmake_target' from command line to 'None'
[0.645s] Level 5:colcon.colcon_core.verb:set package 'serial' build argument 'cmake_target_skip_unavailable' from command line to 'False'
[0.645s] Level 5:colcon.colcon_core.verb:set package 'serial' build argument 'cmake_clean_cache' from command line to 'False'
[0.645s] Level 5:colcon.colcon_core.verb:set package 'serial' build argument 'cmake_clean_first' from command line to 'False'
[0.645s] Level 5:colcon.colcon_core.verb:set package 'serial' build argument 'cmake_force_configure' from command line to 'False'
[0.645s] Level 5:colcon.colcon_core.verb:set package 'serial' build argument 'ament_cmake_args' from command line to 'None'
[0.645s] Level 5:colcon.colcon_core.verb:set package 'serial' build argument 'catkin_cmake_args' from command line to 'None'
[0.645s] Level 5:colcon.colcon_core.verb:set package 'serial' build argument 'catkin_skip_building_tests' from command line to 'False'
[0.645s] DEBUG:colcon.colcon_core.verb:Building package 'serial' with the following arguments: {'ament_cmake_args': None, 'build_base': '/home/edisonwong/dev_ws/build/serial', 'catkin_cmake_args': None, 'catkin_skip_building_tests': False, 'cmake_args': None, 'cmake_clean_cache': False, 'cmake_clean_first': False, 'cmake_force_configure': False, 'cmake_target': None, 'cmake_target_skip_unavailable': False, 'install_base': '/home/edisonwong/dev_ws/install/serial', 'merge_install': False, 'path': '/home/edisonwong/dev_ws/src/serial', 'symlink_install': True, 'test_result_base': None}
[0.646s] Level 5:colcon.colcon_core.verb:set package 'serial_motor_demo_msgs' build argument 'cmake_args' from command line to 'None'
[0.646s] Level 5:colcon.colcon_core.verb:set package 'serial_motor_demo_msgs' build argument 'cmake_target' from command line to 'None'
[0.646s] Level 5:colcon.colcon_core.verb:set package 'serial_motor_demo_msgs' build argument 'cmake_target_skip_unavailable' from command line to 'False'
[0.646s] Level 5:colcon.colcon_core.verb:set package 'serial_motor_demo_msgs' build argument 'cmake_clean_cache' from command line to 'False'
[0.646s] Level 5:colcon.colcon_core.verb:set package 'serial_motor_demo_msgs' build argument 'cmake_clean_first' from command line to 'False'
[0.647s] Level 5:colcon.colcon_core.verb:set package 'serial_motor_demo_msgs' build argument 'cmake_force_configure' from command line to 'False'
[0.647s] Level 5:colcon.colcon_core.verb:set package 'serial_motor_demo_msgs' build argument 'ament_cmake_args' from command line to 'None'
[0.647s] Level 5:colcon.colcon_core.verb:set package 'serial_motor_demo_msgs' build argument 'catkin_cmake_args' from command line to 'None'
[0.647s] Level 5:colcon.colcon_core.verb:set package 'serial_motor_demo_msgs' build argument 'catkin_skip_building_tests' from command line to 'False'
[0.647s] DEBUG:colcon.colcon_core.verb:Building package 'serial_motor_demo_msgs' with the following arguments: {'ament_cmake_args': None, 'build_base': '/home/edisonwong/dev_ws/build/serial_motor_demo_msgs', 'catkin_cmake_args': None, 'catkin_skip_building_tests': False, 'cmake_args': None, 'cmake_clean_cache': False, 'cmake_clean_first': False, 'cmake_force_configure': False, 'cmake_target': None, 'cmake_target_skip_unavailable': False, 'install_base': '/home/edisonwong/dev_ws/install/serial_motor_demo_msgs', 'merge_install': False, 'path': '/home/edisonwong/dev_ws/serial_motor_demo/serial_motor_demo_msgs', 'symlink_install': True, 'test_result_base': None}
[0.648s] Level 5:colcon.colcon_core.verb:set package 'diffdrive_arduino' build argument 'cmake_args' from command line to 'None'
[0.648s] Level 5:colcon.colcon_core.verb:set package 'diffdrive_arduino' build argument 'cmake_target' from command line to 'None'
[0.648s] Level 5:colcon.colcon_core.verb:set package 'diffdrive_arduino' build argument 'cmake_target_skip_unavailable' from command line to 'False'
[0.648s] Level 5:colcon.colcon_core.verb:set package 'diffdrive_arduino' build argument 'cmake_clean_cache' from command line to 'False'
[0.649s] Level 5:colcon.colcon_core.verb:set package 'diffdrive_arduino' build argument 'cmake_clean_first' from command line to 'False'
[0.649s] Level 5:colcon.colcon_core.verb:set package 'diffdrive_arduino' build argument 'cmake_force_configure' from command line to 'False'
[0.649s] Level 5:colcon.colcon_core.verb:set package 'diffdrive_arduino' build argument 'ament_cmake_args' from command line to 'None'
[0.649s] Level 5:colcon.colcon_core.verb:set package 'diffdrive_arduino' build argument 'catkin_cmake_args' from command line to 'None'
[0.649s] Level 5:colcon.colcon_core.verb:set package 'diffdrive_arduino' build argument 'catkin_skip_building_tests' from command line to 'False'
[0.649s] DEBUG:colcon.colcon_core.verb:Building package 'diffdrive_arduino' with the following arguments: {'ament_cmake_args': None, 'build_base': '/home/edisonwong/dev_ws/build/diffdrive_arduino', 'catkin_cmake_args': None, 'catkin_skip_building_tests': False, 'cmake_args': None, 'cmake_clean_cache': False, 'cmake_clean_first': False, 'cmake_force_configure': False, 'cmake_target': None, 'cmake_target_skip_unavailable': False, 'install_base': '/home/edisonwong/dev_ws/install/diffdrive_arduino', 'merge_install': False, 'path': '/home/edisonwong/dev_ws/src/diffdrive_arduino', 'symlink_install': True, 'test_result_base': None}
[0.651s] Level 5:colcon.colcon_core.verb:set package 'serial_motor_demo' build argument 'cmake_args' from command line to 'None'
[0.651s] Level 5:colcon.colcon_core.verb:set package 'serial_motor_demo' build argument 'cmake_target' from command line to 'None'
[0.651s] Level 5:colcon.colcon_core.verb:set package 'serial_motor_demo' build argument 'cmake_target_skip_unavailable' from command line to 'False'
[0.651s] Level 5:colcon.colcon_core.verb:set package 'serial_motor_demo' build argument 'cmake_clean_cache' from command line to 'False'
[0.651s] Level 5:colcon.colcon_core.verb:set package 'serial_motor_demo' build argument 'cmake_clean_first' from command line to 'False'
[0.651s] Level 5:colcon.colcon_core.verb:set package 'serial_motor_demo' build argument 'cmake_force_configure' from command line to 'False'
[0.651s] Level 5:colcon.colcon_core.verb:set package 'serial_motor_demo' build argument 'ament_cmake_args' from command line to 'None'
[0.651s] Level 5:colcon.colcon_core.verb:set package 'serial_motor_demo' build argument 'catkin_cmake_args' from command line to 'None'
[0.651s] Level 5:colcon.colcon_core.verb:set package 'serial_motor_demo' build argument 'catkin_skip_building_tests' from command line to 'False'
[0.651s] DEBUG:colcon.colcon_core.verb:Building package 'serial_motor_demo' with the following arguments: {'ament_cmake_args': None, 'build_base': '/home/edisonwong/dev_ws/build/serial_motor_demo', 'catkin_cmake_args': None, 'catkin_skip_building_tests': False, 'cmake_args': None, 'cmake_clean_cache': False, 'cmake_clean_first': False, 'cmake_force_configure': False, 'cmake_target': None, 'cmake_target_skip_unavailable': False, 'install_base': '/home/edisonwong/dev_ws/install/serial_motor_demo', 'merge_install': False, 'path': '/home/edisonwong/dev_ws/serial_motor_demo/serial_motor_demo', 'symlink_install': True, 'test_result_base': None}
[0.652s] INFO:colcon.colcon_core.executor:Executing jobs using 'parallel' executor
[0.655s] DEBUG:colcon.colcon_parallel_executor.executor.parallel:run_until_complete
[0.656s] INFO:colcon.colcon_ros.task.ament_cmake.build:Building ROS package in '/home/edisonwong/dev_ws/src/serial' with build type 'ament_cmake'
[0.656s] INFO:colcon.colcon_cmake.task.cmake.build:Building CMake package in '/home/edisonwong/dev_ws/src/serial'
[0.666s] INFO:colcon.colcon_core.plugin_system:Skipping extension 'colcon_core.shell.bat': Not used on non-Windows systems
[0.666s] INFO:colcon.colcon_core.shell:Skip shell extension 'powershell' for command environment: Not usable outside of PowerShell
[0.667s] DEBUG:colcon.colcon_core.shell:Skip shell extension 'dsv' for command environment
[0.672s] INFO:colcon.colcon_ros.task.ament_cmake.build:Building ROS package in '/home/edisonwong/dev_ws/serial_motor_demo/serial_motor_demo_msgs' with build type 'ament_cmake'
[0.672s] INFO:colcon.colcon_cmake.task.cmake.build:Building CMake package in '/home/edisonwong/dev_ws/serial_motor_demo/serial_motor_demo_msgs'
[0.674s] INFO:colcon.colcon_core.shell:Skip shell extension 'powershell' for command environment: Not usable outside of PowerShell
[0.674s] DEBUG:colcon.colcon_core.shell:Skip shell extension 'dsv' for command environment
[0.678s] INFO:colcon.colcon_ros.task.ament_cmake.build:Building ROS package in '/home/edisonwong/dev_ws/src/my_bot' with build type 'ament_cmake'
[0.678s] INFO:colcon.colcon_cmake.task.cmake.build:Building CMake package in '/home/edisonwong/dev_ws/src/my_bot'
[0.680s] INFO:colcon.colcon_core.shell:Skip shell extension 'powershell' for command environment: Not usable outside of PowerShell
[0.680s] DEBUG:colcon.colcon_core.shell:Skip shell extension 'dsv' for command environment
[0.692s] DEBUG:colcon.colcon_core.event_handler.log_command:Invoking command in '/home/edisonwong/dev_ws/build/serial': CMAKE_PREFIX_PATH=/opt/ros/humble /usr/bin/cmake --build /home/edisonwong/dev_ws/build/serial -- -j8 -l8
[0.703s] DEBUG:colcon.colcon_core.event_handler.log_command:Invoking command in '/home/edisonwong/dev_ws/build/serial_motor_demo_msgs': CMAKE_PREFIX_PATH=/opt/ros/humble /usr/bin/cmake --build /home/edisonwong/dev_ws/build/serial_motor_demo_msgs -- -j8 -l8
[0.709s] DEBUG:colcon.colcon_core.event_handler.log_command:Invoking command in '/home/edisonwong/dev_ws/build/my_bot': CMAKE_PREFIX_PATH=/opt/ros/humble /usr/bin/cmake --build /home/edisonwong/dev_ws/build/my_bot -- -j8 -l8
[0.774s] DEBUG:colcon.colcon_core.event_handler.log_command:Invoked command in '/home/edisonwong/dev_ws/build/my_bot' returned '0': CMAKE_PREFIX_PATH=/opt/ros/humble /usr/bin/cmake --build /home/edisonwong/dev_ws/build/my_bot -- -j8 -l8
[0.857s] DEBUG:colcon.colcon_core.event_handler.log_command:Invoking command in '/home/edisonwong/dev_ws/build/my_bot': CMAKE_PREFIX_PATH=/opt/ros/humble /usr/bin/cmake --install /home/edisonwong/dev_ws/build/my_bot
[0.881s] DEBUG:colcon.colcon_core.event_handler.log_command:Invoked command in '/home/edisonwong/dev_ws/build/serial' returned '0': CMAKE_PREFIX_PATH=/opt/ros/humble /usr/bin/cmake --build /home/edisonwong/dev_ws/build/serial -- -j8 -l8
[0.903s] Level 1:colcon.colcon_core.environment:create_environment_scripts_only(my_bot)
[0.905s] DEBUG:colcon.colcon_core.event_handler.log_command:Invoked command in '/home/edisonwong/dev_ws/build/my_bot' returned '0': CMAKE_PREFIX_PATH=/opt/ros/humble /usr/bin/cmake --install /home/edisonwong/dev_ws/build/my_bot
[0.917s] Level 1:colcon.colcon_core.environment:checking '/home/edisonwong/dev_ws/install/my_bot' for CMake module files
[0.918s] Level 1:colcon.colcon_core.environment:checking '/home/edisonwong/dev_ws/install/my_bot' for CMake config files
[0.918s] Level 1:colcon.colcon_core.shell:create_environment_hook('my_bot', 'cmake_prefix_path')
[0.921s] INFO:colcon.colcon_core.shell:Creating environment hook '/home/edisonwong/dev_ws/install/my_bot/share/my_bot/hook/cmake_prefix_path.ps1'
[0.922s] INFO:colcon.colcon_core.shell:Creating environment descriptor '/home/edisonwong/dev_ws/install/my_bot/share/my_bot/hook/cmake_prefix_path.dsv'
[0.923s] INFO:colcon.colcon_core.shell:Creating environment hook '/home/edisonwong/dev_ws/install/my_bot/share/my_bot/hook/cmake_prefix_path.sh'
[0.924s] Level 1:colcon.colcon_core.environment:checking '/home/edisonwong/dev_ws/install/my_bot/bin'
[0.924s] Level 1:colcon.colcon_core.environment:checking '/home/edisonwong/dev_ws/install/my_bot/lib/pkgconfig/my_bot.pc'
[0.925s] Level 1:colcon.colcon_core.environment:checking '/home/edisonwong/dev_ws/install/my_bot/lib/python3.10/site-packages'
[0.925s] Level 1:colcon.colcon_core.environment:checking '/home/edisonwong/dev_ws/install/my_bot/bin'
[0.927s] INFO:colcon.colcon_core.shell:Creating package script '/home/edisonwong/dev_ws/install/my_bot/share/my_bot/package.ps1'
[0.929s] INFO:colcon.colcon_core.shell:Creating package descriptor '/home/edisonwong/dev_ws/install/my_bot/share/my_bot/package.dsv'
[0.930s] INFO:colcon.colcon_core.shell:Creating package script '/home/edisonwong/dev_ws/install/my_bot/share/my_bot/package.sh'
[0.931s] INFO:colcon.colcon_core.shell:Creating package script '/home/edisonwong/dev_ws/install/my_bot/share/my_bot/package.bash'
[0.932s] INFO:colcon.colcon_core.shell:Creating package script '/home/edisonwong/dev_ws/install/my_bot/share/my_bot/package.zsh'
[0.934s] Level 1:colcon.colcon_core.environment:create_file_with_runtime_dependencies(/home/edisonwong/dev_ws/install/my_bot/share/colcon-core/packages/my_bot)
[0.938s] DEBUG:colcon.colcon_core.event_handler.log_command:Invoking command in '/home/edisonwong/dev_ws/build/serial': CMAKE_PREFIX_PATH=/opt/ros/humble /usr/bin/cmake --install /home/edisonwong/dev_ws/build/serial
[0.972s] Level 1:colcon.colcon_core.environment:create_environment_scripts_only(my_bot)
[0.977s] Level 1:colcon.colcon_core.environment:checking '/home/edisonwong/dev_ws/install/my_bot' for CMake module files
[0.983s] Level 1:colcon.colcon_core.environment:checking '/home/edisonwong/dev_ws/install/my_bot' for CMake config files
[0.983s] Level 1:colcon.colcon_core.shell:create_environment_hook('my_bot', 'cmake_prefix_path')
[0.986s] INFO:colcon.colcon_core.shell:Creating environment hook '/home/edisonwong/dev_ws/install/my_bot/share/my_bot/hook/cmake_prefix_path.ps1'
[0.987s] INFO:colcon.colcon_core.shell:Creating environment descriptor '/home/edisonwong/dev_ws/install/my_bot/share/my_bot/hook/cmake_prefix_path.dsv'
[0.988s] INFO:colcon.colcon_core.shell:Creating environment hook '/home/edisonwong/dev_ws/install/my_bot/share/my_bot/hook/cmake_prefix_path.sh'
[0.989s] Level 1:colcon.colcon_core.environment:checking '/home/edisonwong/dev_ws/install/my_bot/bin'
[0.989s] Level 1:colcon.colcon_core.environment:checking '/home/edisonwong/dev_ws/install/my_bot/lib/pkgconfig/my_bot.pc'
[0.989s] Level 1:colcon.colcon_core.environment:checking '/home/edisonwong/dev_ws/install/my_bot/lib/python3.10/site-packages'
[0.990s] Level 1:colcon.colcon_core.environment:checking '/home/edisonwong/dev_ws/install/my_bot/bin'
[0.991s] INFO:colcon.colcon_core.shell:Creating package script '/home/edisonwong/dev_ws/install/my_bot/share/my_bot/package.ps1'
[0.992s] INFO:colcon.colcon_core.shell:Creating package descriptor '/home/edisonwong/dev_ws/install/my_bot/share/my_bot/package.dsv'
[0.993s] INFO:colcon.colcon_core.shell:Creating package script '/home/edisonwong/dev_ws/install/my_bot/share/my_bot/package.sh'
[0.994s] INFO:colcon.colcon_core.shell:Creating package script '/home/edisonwong/dev_ws/install/my_bot/share/my_bot/package.bash'
[0.994s] INFO:colcon.colcon_core.shell:Creating package script '/home/edisonwong/dev_ws/install/my_bot/share/my_bot/package.zsh'
[0.995s] Level 1:colcon.colcon_core.environment:create_file_with_runtime_dependencies(/home/edisonwong/dev_ws/install/my_bot/share/colcon-core/packages/my_bot)
[0.997s] Level 1:colcon.colcon_core.environment:create_environment_scripts_only(serial)
[0.999s] Level 1:colcon.colcon_core.environment:checking '/home/edisonwong/dev_ws/install/serial' for CMake module files
[1.001s] DEBUG:colcon.colcon_core.event_handler.log_command:Invoked command in '/home/edisonwong/dev_ws/build/serial' returned '0': CMAKE_PREFIX_PATH=/opt/ros/humble /usr/bin/cmake --install /home/edisonwong/dev_ws/build/serial
[1.001s] Level 1:colcon.colcon_core.environment:checking '/home/edisonwong/dev_ws/install/serial' for CMake config files
[1.002s] Level 1:colcon.colcon_core.shell:create_environment_hook('serial', 'cmake_prefix_path')
[1.005s] INFO:colcon.colcon_core.shell:Creating environment hook '/home/edisonwong/dev_ws/install/serial/share/serial/hook/cmake_prefix_path.ps1'
[1.007s] INFO:colcon.colcon_core.shell:Creating environment descriptor '/home/edisonwong/dev_ws/install/serial/share/serial/hook/cmake_prefix_path.dsv'
[1.007s] INFO:colcon.colcon_core.shell:Creating environment hook '/home/edisonwong/dev_ws/install/serial/share/serial/hook/cmake_prefix_path.sh'
[1.008s] Level 1:colcon.colcon_core.environment:checking '/home/edisonwong/dev_ws/install/serial/lib'
[1.009s] Level 1:colcon.colcon_core.environment:checking '/home/edisonwong/dev_ws/install/serial/bin'
[1.009s] Level 1:colcon.colcon_core.environment:checking '/home/edisonwong/dev_ws/install/serial/lib/pkgconfig/serial.pc'
[1.009s] Level 1:colcon.colcon_core.environment:checking '/home/edisonwong/dev_ws/install/serial/lib/python3.10/site-packages'
[1.010s] Level 1:colcon.colcon_core.environment:checking '/home/edisonwong/dev_ws/install/serial/bin'
[1.013s] INFO:colcon.colcon_core.shell:Creating package script '/home/edisonwong/dev_ws/install/serial/share/serial/package.ps1'
[1.014s] INFO:colcon.colcon_core.shell:Creating package descriptor '/home/edisonwong/dev_ws/install/serial/share/serial/package.dsv'
[1.014s] INFO:colcon.colcon_core.shell:Creating package script '/home/edisonwong/dev_ws/install/serial/share/serial/package.sh'
[1.015s] INFO:colcon.colcon_core.shell:Creating package script '/home/edisonwong/dev_ws/install/serial/share/serial/package.bash'
[1.016s] INFO:colcon.colcon_core.shell:Creating package script '/home/edisonwong/dev_ws/install/serial/share/serial/package.zsh'
[1.016s] Level 1:colcon.colcon_core.environment:create_file_with_runtime_dependencies(/home/edisonwong/dev_ws/install/serial/share/colcon-core/packages/serial)
[1.075s] Level 1:colcon.colcon_core.environment:create_environment_scripts_only(serial)
[1.080s] Level 1:colcon.colcon_core.environment:checking '/home/edisonwong/dev_ws/install/serial' for CMake module files
[1.082s] Level 1:colcon.colcon_core.environment:checking '/home/edisonwong/dev_ws/install/serial' for CMake config files
[1.083s] Level 1:colcon.colcon_core.shell:create_environment_hook('serial', 'cmake_prefix_path')
[1.087s] INFO:colcon.colcon_core.shell:Creating environment hook '/home/edisonwong/dev_ws/install/serial/share/serial/hook/cmake_prefix_path.ps1'
[1.088s] INFO:colcon.colcon_core.shell:Creating environment descriptor '/home/edisonwong/dev_ws/install/serial/share/serial/hook/cmake_prefix_path.dsv'
[1.089s] INFO:colcon.colcon_core.shell:Creating environment hook '/home/edisonwong/dev_ws/install/serial/share/serial/hook/cmake_prefix_path.sh'
[1.091s] Level 1:colcon.colcon_core.environment:checking '/home/edisonwong/dev_ws/install/serial/lib'
[1.091s] Level 1:colcon.colcon_core.environment:checking '/home/edisonwong/dev_ws/install/serial/bin'
[1.091s] Level 1:colcon.colcon_core.environment:checking '/home/edisonwong/dev_ws/install/serial/lib/pkgconfig/serial.pc'
[1.092s] Level 1:colcon.colcon_core.environment:checking '/home/edisonwong/dev_ws/install/serial/lib/python3.10/site-packages'
[1.093s] Level 1:colcon.colcon_core.environment:checking '/home/edisonwong/dev_ws/install/serial/bin'
[1.095s] INFO:colcon.colcon_core.shell:Creating package script '/home/edisonwong/dev_ws/install/serial/share/serial/package.ps1'
[1.096s] INFO:colcon.colcon_core.shell:Creating package descriptor '/home/edisonwong/dev_ws/install/serial/share/serial/package.dsv'
[1.097s] INFO:colcon.colcon_core.shell:Creating package script '/home/edisonwong/dev_ws/install/serial/share/serial/package.sh'
[1.098s] INFO:colcon.colcon_core.shell:Creating package script '/home/edisonwong/dev_ws/install/serial/share/serial/package.bash'
[1.098s] INFO:colcon.colcon_core.shell:Creating package script '/home/edisonwong/dev_ws/install/serial/share/serial/package.zsh'
[1.099s] Level 1:colcon.colcon_core.environment:create_file_with_runtime_dependencies(/home/edisonwong/dev_ws/install/serial/share/colcon-core/packages/serial)
[1.100s] INFO:colcon.colcon_ros.task.ament_cmake.build:Building ROS package in '/home/edisonwong/dev_ws/src/diffdrive_arduino' with build type 'ament_cmake'
[1.101s] INFO:colcon.colcon_cmake.task.cmake.build:Building CMake package in '/home/edisonwong/dev_ws/src/diffdrive_arduino'
[1.103s] INFO:colcon.colcon_core.shell:Skip shell extension 'powershell' for command environment: Not usable outside of PowerShell
[1.104s] DEBUG:colcon.colcon_core.shell:Skip shell extension 'dsv' for command environment
[1.119s] DEBUG:colcon.colcon_core.event_handler.log_command:Invoking command in '/home/edisonwong/dev_ws/build/diffdrive_arduino': AMENT_PREFIX_PATH=/home/edisonwong/dev_ws/install/serial:${AMENT_PREFIX_PATH} CMAKE_PREFIX_PATH=/home/edisonwong/dev_ws/install/serial:/opt/ros/humble LD_LIBRARY_PATH=/home/edisonwong/dev_ws/install/serial/lib:${LD_LIBRARY_PATH} /usr/bin/cmake --build /home/edisonwong/dev_ws/build/diffdrive_arduino -- -j8 -l8
[1.230s] DEBUG:colcon.colcon_core.event_handler.log_command:Invoked command in '/home/edisonwong/dev_ws/build/diffdrive_arduino' returned '0': AMENT_PREFIX_PATH=/home/edisonwong/dev_ws/install/serial:${AMENT_PREFIX_PATH} CMAKE_PREFIX_PATH=/home/edisonwong/dev_ws/install/serial:/opt/ros/humble LD_LIBRARY_PATH=/home/edisonwong/dev_ws/install/serial/lib:${LD_LIBRARY_PATH} /usr/bin/cmake --build /home/edisonwong/dev_ws/build/diffdrive_arduino -- -j8 -l8
[1.304s] DEBUG:colcon.colcon_core.event_handler.log_command:Invoking command in '/home/edisonwong/dev_ws/build/diffdrive_arduino': AMENT_PREFIX_PATH=/home/edisonwong/dev_ws/install/serial:${AMENT_PREFIX_PATH} CMAKE_PREFIX_PATH=/home/edisonwong/dev_ws/install/serial:/opt/ros/humble LD_LIBRARY_PATH=/home/edisonwong/dev_ws/install/serial/lib:${LD_LIBRARY_PATH} /usr/bin/cmake --install /home/edisonwong/dev_ws/build/diffdrive_arduino
[1.343s] Level 1:colcon.colcon_core.environment:create_environment_scripts_only(diffdrive_arduino)
[1.347s] Level 1:colcon.colcon_core.environment:checking '/home/edisonwong/dev_ws/install/diffdrive_arduino' for CMake module files
[1.348s] DEBUG:colcon.colcon_core.event_handler.log_command:Invoked command in '/home/edisonwong/dev_ws/build/diffdrive_arduino' returned '0': AMENT_PREFIX_PATH=/home/edisonwong/dev_ws/install/serial:${AMENT_PREFIX_PATH} CMAKE_PREFIX_PATH=/home/edisonwong/dev_ws/install/serial:/opt/ros/humble LD_LIBRARY_PATH=/home/edisonwong/dev_ws/install/serial/lib:${LD_LIBRARY_PATH} /usr/bin/cmake --install /home/edisonwong/dev_ws/build/diffdrive_arduino
[1.349s] Level 1:colcon.colcon_core.environment:checking '/home/edisonwong/dev_ws/install/diffdrive_arduino' for CMake config files
[1.350s] Level 1:colcon.colcon_core.shell:create_environment_hook('diffdrive_arduino', 'cmake_prefix_path')
[1.354s] INFO:colcon.colcon_core.shell:Creating environment hook '/home/edisonwong/dev_ws/install/diffdrive_arduino/share/diffdrive_arduino/hook/cmake_prefix_path.ps1'
[1.355s] INFO:colcon.colcon_core.shell:Creating environment descriptor '/home/edisonwong/dev_ws/install/diffdrive_arduino/share/diffdrive_arduino/hook/cmake_prefix_path.dsv'
[1.355s] INFO:colcon.colcon_core.shell:Creating environment hook '/home/edisonwong/dev_ws/install/diffdrive_arduino/share/diffdrive_arduino/hook/cmake_prefix_path.sh'
[1.356s] Level 1:colcon.colcon_core.environment:checking '/home/edisonwong/dev_ws/install/diffdrive_arduino/lib'
[1.356s] Level 1:colcon.colcon_core.shell:create_environment_hook('diffdrive_arduino', 'ld_library_path_lib')
[1.358s] INFO:colcon.colcon_core.shell:Creating environment hook '/home/edisonwong/dev_ws/install/diffdrive_arduino/share/diffdrive_arduino/hook/ld_library_path_lib.ps1'
[1.359s] INFO:colcon.colcon_core.shell:Creating environment descriptor '/home/edisonwong/dev_ws/install/diffdrive_arduino/share/diffdrive_arduino/hook/ld_library_path_lib.dsv'
[1.359s] INFO:colcon.colcon_core.shell:Creating environment hook '/home/edisonwong/dev_ws/install/diffdrive_arduino/share/diffdrive_arduino/hook/ld_library_path_lib.sh'
[1.360s] Level 1:colcon.colcon_core.environment:checking '/home/edisonwong/dev_ws/install/diffdrive_arduino/bin'
[1.360s] Level 1:colcon.colcon_core.environment:checking '/home/edisonwong/dev_ws/install/diffdrive_arduino/lib/pkgconfig/diffdrive_arduino.pc'
[1.360s] Level 1:colcon.colcon_core.environment:checking '/home/edisonwong/dev_ws/install/diffdrive_arduino/lib/python3.10/site-packages'
[1.361s] Level 1:colcon.colcon_core.environment:checking '/home/edisonwong/dev_ws/install/diffdrive_arduino/bin'
[1.363s] INFO:colcon.colcon_core.shell:Creating package script '/home/edisonwong/dev_ws/install/diffdrive_arduino/share/diffdrive_arduino/package.ps1'
[1.365s] INFO:colcon.colcon_core.shell:Creating package descriptor '/home/edisonwong/dev_ws/install/diffdrive_arduino/share/diffdrive_arduino/package.dsv'
[1.366s] INFO:colcon.colcon_core.shell:Creating package script '/home/edisonwong/dev_ws/install/diffdrive_arduino/share/diffdrive_arduino/package.sh'
[1.368s] INFO:colcon.colcon_core.shell:Creating package script '/home/edisonwong/dev_ws/install/diffdrive_arduino/share/diffdrive_arduino/package.bash'
[1.368s] INFO:colcon.colcon_core.shell:Creating package script '/home/edisonwong/dev_ws/install/diffdrive_arduino/share/diffdrive_arduino/package.zsh'
[1.369s] Level 1:colcon.colcon_core.environment:create_file_with_runtime_dependencies(/home/edisonwong/dev_ws/install/diffdrive_arduino/share/colcon-core/packages/diffdrive_arduino)
[1.410s] Level 1:colcon.colcon_core.environment:create_environment_scripts_only(diffdrive_arduino)
[1.412s] Level 1:colcon.colcon_core.environment:checking '/home/edisonwong/dev_ws/install/diffdrive_arduino' for CMake module files
[1.412s] Level 1:colcon.colcon_core.environment:checking '/home/edisonwong/dev_ws/install/diffdrive_arduino' for CMake config files
[1.413s] Level 1:colcon.colcon_core.shell:create_environment_hook('diffdrive_arduino', 'cmake_prefix_path')
[1.414s] INFO:colcon.colcon_core.shell:Creating environment hook '/home/edisonwong/dev_ws/install/diffdrive_arduino/share/diffdrive_arduino/hook/cmake_prefix_path.ps1'
[1.415s] INFO:colcon.colcon_core.shell:Creating environment descriptor '/home/edisonwong/dev_ws/install/diffdrive_arduino/share/diffdrive_arduino/hook/cmake_prefix_path.dsv'
[1.416s] INFO:colcon.colcon_core.shell:Creating environment hook '/home/edisonwong/dev_ws/install/diffdrive_arduino/share/diffdrive_arduino/hook/cmake_prefix_path.sh'
[1.417s] Level 1:colcon.colcon_core.environment:checking '/home/edisonwong/dev_ws/install/diffdrive_arduino/lib'
[1.417s] Level 1:colcon.colcon_core.shell:create_environment_hook('diffdrive_arduino', 'ld_library_path_lib')
[1.419s] INFO:colcon.colcon_core.shell:Creating environment hook '/home/edisonwong/dev_ws/install/diffdrive_arduino/share/diffdrive_arduino/hook/ld_library_path_lib.ps1'
[1.419s] INFO:colcon.colcon_core.shell:Creating environment descriptor '/home/edisonwong/dev_ws/install/diffdrive_arduino/share/diffdrive_arduino/hook/ld_library_path_lib.dsv'
[1.420s] INFO:colcon.colcon_core.shell:Creating environment hook '/home/edisonwong/dev_ws/install/diffdrive_arduino/share/diffdrive_arduino/hook/ld_library_path_lib.sh'
[1.420s] Level 1:colcon.colcon_core.environment:checking '/home/edisonwong/dev_ws/install/diffdrive_arduino/bin'
[1.420s] Level 1:colcon.colcon_core.environment:checking '/home/edisonwong/dev_ws/install/diffdrive_arduino/lib/pkgconfig/diffdrive_arduino.pc'
[1.421s] Level 1:colcon.colcon_core.environment:checking '/home/edisonwong/dev_ws/install/diffdrive_arduino/lib/python3.10/site-packages'
[1.421s] Level 1:colcon.colcon_core.environment:checking '/home/edisonwong/dev_ws/install/diffdrive_arduino/bin'
[1.423s] INFO:colcon.colcon_core.shell:Creating package script '/home/edisonwong/dev_ws/install/diffdrive_arduino/share/diffdrive_arduino/package.ps1'
[1.424s] INFO:colcon.colcon_core.shell:Creating package descriptor '/home/edisonwong/dev_ws/install/diffdrive_arduino/share/diffdrive_arduino/package.dsv'
[1.425s] INFO:colcon.colcon_core.shell:Creating package script '/home/edisonwong/dev_ws/install/diffdrive_arduino/share/diffdrive_arduino/package.sh'
[1.425s] INFO:colcon.colcon_core.shell:Creating package script '/home/edisonwong/dev_ws/install/diffdrive_arduino/share/diffdrive_arduino/package.bash'
[1.426s] INFO:colcon.colcon_core.shell:Creating package script '/home/edisonwong/dev_ws/install/diffdrive_arduino/share/diffdrive_arduino/package.zsh'
[1.426s] Level 1:colcon.colcon_core.environment:create_file_with_runtime_dependencies(/home/edisonwong/dev_ws/install/diffdrive_arduino/share/colcon-core/packages/diffdrive_arduino)
[1.442s] DEBUG:colcon.colcon_core.event_handler.log_command:Invoked command in '/home/edisonwong/dev_ws/build/serial_motor_demo_msgs' returned '0': CMAKE_PREFIX_PATH=/opt/ros/humble /usr/bin/cmake --build /home/edisonwong/dev_ws/build/serial_motor_demo_msgs -- -j8 -l8
[1.559s] DEBUG:colcon.colcon_core.event_handler.log_command:Invoking command in '/home/edisonwong/dev_ws/build/serial_motor_demo_msgs': CMAKE_PREFIX_PATH=/opt/ros/humble /usr/bin/cmake --install /home/edisonwong/dev_ws/build/serial_motor_demo_msgs
[1.660s] Level 1:colcon.colcon_core.environment:create_environment_scripts_only(serial_motor_demo_msgs)
[1.662s] Level 1:colcon.colcon_core.environment:checking '/home/edisonwong/dev_ws/install/serial_motor_demo_msgs' for CMake module files
[1.663s] DEBUG:colcon.colcon_core.event_handler.log_command:Invoked command in '/home/edisonwong/dev_ws/build/serial_motor_demo_msgs' returned '0': CMAKE_PREFIX_PATH=/opt/ros/humble /usr/bin/cmake --install /home/edisonwong/dev_ws/build/serial_motor_demo_msgs
[1.664s] Level 1:colcon.colcon_core.environment:checking '/home/edisonwong/dev_ws/install/serial_motor_demo_msgs' for CMake config files
[1.664s] Level 1:colcon.colcon_core.shell:create_environment_hook('serial_motor_demo_msgs', 'cmake_prefix_path')
[1.666s] INFO:colcon.colcon_core.shell:Creating environment hook '/home/edisonwong/dev_ws/install/serial_motor_demo_msgs/share/serial_motor_demo_msgs/hook/cmake_prefix_path.ps1'
[1.667s] INFO:colcon.colcon_core.shell:Creating environment descriptor '/home/edisonwong/dev_ws/install/serial_motor_demo_msgs/share/serial_motor_demo_msgs/hook/cmake_prefix_path.dsv'
[1.667s] INFO:colcon.colcon_core.shell:Creating environment hook '/home/edisonwong/dev_ws/install/serial_motor_demo_msgs/share/serial_motor_demo_msgs/hook/cmake_prefix_path.sh'
[1.668s] Level 1:colcon.colcon_core.environment:checking '/home/edisonwong/dev_ws/install/serial_motor_demo_msgs/lib'
[1.668s] Level 1:colcon.colcon_core.shell:create_environment_hook('serial_motor_demo_msgs', 'ld_library_path_lib')
[1.669s] INFO:colcon.colcon_core.shell:Creating environment hook '/home/edisonwong/dev_ws/install/serial_motor_demo_msgs/share/serial_motor_demo_msgs/hook/ld_library_path_lib.ps1'
[1.670s] INFO:colcon.colcon_core.shell:Creating environment descriptor '/home/edisonwong/dev_ws/install/serial_motor_demo_msgs/share/serial_motor_demo_msgs/hook/ld_library_path_lib.dsv'
[1.670s] INFO:colcon.colcon_core.shell:Creating environment hook '/home/edisonwong/dev_ws/install/serial_motor_demo_msgs/share/serial_motor_demo_msgs/hook/ld_library_path_lib.sh'
[1.670s] Level 1:colcon.colcon_core.environment:checking '/home/edisonwong/dev_ws/install/serial_motor_demo_msgs/bin'
[1.671s] Level 1:colcon.colcon_core.environment:checking '/home/edisonwong/dev_ws/install/serial_motor_demo_msgs/lib/pkgconfig/serial_motor_demo_msgs.pc'
[1.671s] Level 1:colcon.colcon_core.environment:checking '/home/edisonwong/dev_ws/install/serial_motor_demo_msgs/lib/python3.10/site-packages'
[1.671s] Level 1:colcon.colcon_core.environment:checking '/home/edisonwong/dev_ws/install/serial_motor_demo_msgs/bin'
[1.672s] INFO:colcon.colcon_core.shell:Creating package script '/home/edisonwong/dev_ws/install/serial_motor_demo_msgs/share/serial_motor_demo_msgs/package.ps1'
[1.673s] INFO:colcon.colcon_core.shell:Creating package descriptor '/home/edisonwong/dev_ws/install/serial_motor_demo_msgs/share/serial_motor_demo_msgs/package.dsv'
[1.673s] INFO:colcon.colcon_core.shell:Creating package script '/home/edisonwong/dev_ws/install/serial_motor_demo_msgs/share/serial_motor_demo_msgs/package.sh'
[1.674s] INFO:colcon.colcon_core.shell:Creating package script '/home/edisonwong/dev_ws/install/serial_motor_demo_msgs/share/serial_motor_demo_msgs/package.bash'
[1.674s] INFO:colcon.colcon_core.shell:Creating package script '/home/edisonwong/dev_ws/install/serial_motor_demo_msgs/share/serial_motor_demo_msgs/package.zsh'
[1.674s] Level 1:colcon.colcon_core.environment:create_file_with_runtime_dependencies(/home/edisonwong/dev_ws/install/serial_motor_demo_msgs/share/colcon-core/packages/serial_motor_demo_msgs)
[1.775s] Level 1:colcon.colcon_core.environment:create_environment_scripts_only(serial_motor_demo_msgs)
[1.777s] Level 1:colcon.colcon_core.environment:checking '/home/edisonwong/dev_ws/install/serial_motor_demo_msgs' for CMake module files
[1.778s] Level 1:colcon.colcon_core.environment:checking '/home/edisonwong/dev_ws/install/serial_motor_demo_msgs' for CMake config files
[1.778s] Level 1:colcon.colcon_core.shell:create_environment_hook('serial_motor_demo_msgs', 'cmake_prefix_path')
[1.779s] INFO:colcon.colcon_core.shell:Creating environment hook '/home/edisonwong/dev_ws/install/serial_motor_demo_msgs/share/serial_motor_demo_msgs/hook/cmake_prefix_path.ps1'
[1.780s] INFO:colcon.colcon_core.shell:Creating environment descriptor '/home/edisonwong/dev_ws/install/serial_motor_demo_msgs/share/serial_motor_demo_msgs/hook/cmake_prefix_path.dsv'
[1.780s] INFO:colcon.colcon_core.shell:Creating environment hook '/home/edisonwong/dev_ws/install/serial_motor_demo_msgs/share/serial_motor_demo_msgs/hook/cmake_prefix_path.sh'
[1.781s] Level 1:colcon.colcon_core.environment:checking '/home/edisonwong/dev_ws/install/serial_motor_demo_msgs/lib'
[1.781s] Level 1:colcon.colcon_core.shell:create_environment_hook('serial_motor_demo_msgs', 'ld_library_path_lib')
[1.782s] INFO:colcon.colcon_core.shell:Creating environment hook '/home/edisonwong/dev_ws/install/serial_motor_demo_msgs/share/serial_motor_demo_msgs/hook/ld_library_path_lib.ps1'
[1.782s] INFO:colcon.colcon_core.shell:Creating environment descriptor '/home/edisonwong/dev_ws/install/serial_motor_demo_msgs/share/serial_motor_demo_msgs/hook/ld_library_path_lib.dsv'
[1.783s] INFO:colcon.colcon_core.shell:Creating environment hook '/home/edisonwong/dev_ws/install/serial_motor_demo_msgs/share/serial_motor_demo_msgs/hook/ld_library_path_lib.sh'
[1.783s] Level 1:colcon.colcon_core.environment:checking '/home/edisonwong/dev_ws/install/serial_motor_demo_msgs/bin'
[1.783s] Level 1:colcon.colcon_core.environment:checking '/home/edisonwong/dev_ws/install/serial_motor_demo_msgs/lib/pkgconfig/serial_motor_demo_msgs.pc'
[1.783s] Level 1:colcon.colcon_core.environment:checking '/home/edisonwong/dev_ws/install/serial_motor_demo_msgs/lib/python3.10/site-packages'
[1.783s] Level 1:colcon.colcon_core.environment:checking '/home/edisonwong/dev_ws/install/serial_motor_demo_msgs/bin'
[1.785s] INFO:colcon.colcon_core.shell:Creating package script '/home/edisonwong/dev_ws/install/serial_motor_demo_msgs/share/serial_motor_demo_msgs/package.ps1'
[1.785s] INFO:colcon.colcon_core.shell:Creating package descriptor '/home/edisonwong/dev_ws/install/serial_motor_demo_msgs/share/serial_motor_demo_msgs/package.dsv'
[1.786s] INFO:colcon.colcon_core.shell:Creating package script '/home/edisonwong/dev_ws/install/serial_motor_demo_msgs/share/serial_motor_demo_msgs/package.sh'
[1.786s] INFO:colcon.colcon_core.shell:Creating package script '/home/edisonwong/dev_ws/install/serial_motor_demo_msgs/share/serial_motor_demo_msgs/package.bash'
[1.787s] INFO:colcon.colcon_core.shell:Creating package script '/home/edisonwong/dev_ws/install/serial_motor_demo_msgs/share/serial_motor_demo_msgs/package.zsh'
[1.787s] Level 1:colcon.colcon_core.environment:create_file_with_runtime_dependencies(/home/edisonwong/dev_ws/install/serial_motor_demo_msgs/share/colcon-core/packages/serial_motor_demo_msgs)
[1.788s] INFO:colcon.colcon_ros.task.ament_python.build:Building ROS package in '/home/edisonwong/dev_ws/serial_motor_demo/serial_motor_demo' with build type 'ament_python'
[1.788s] Level 1:colcon.colcon_core.shell:create_environment_hook('serial_motor_demo', 'ament_prefix_path')
[1.790s] INFO:colcon.colcon_core.shell:Creating environment hook '/home/edisonwong/dev_ws/install/serial_motor_demo/share/serial_motor_demo/hook/ament_prefix_path.ps1'
[1.792s] INFO:colcon.colcon_core.shell:Creating environment descriptor '/home/edisonwong/dev_ws/install/serial_motor_demo/share/serial_motor_demo/hook/ament_prefix_path.dsv'
[1.792s] INFO:colcon.colcon_core.shell:Creating environment hook '/home/edisonwong/dev_ws/install/serial_motor_demo/share/serial_motor_demo/hook/ament_prefix_path.sh'
[1.794s] INFO:colcon.colcon_core.shell:Skip shell extension 'powershell' for command environment: Not usable outside of PowerShell
[1.794s] DEBUG:colcon.colcon_core.shell:Skip shell extension 'dsv' for command environment
[2.113s] INFO:colcon.colcon_core.task.python.build:Building Python package in '/home/edisonwong/dev_ws/serial_motor_demo/serial_motor_demo'
[2.115s] INFO:colcon.colcon_core.shell:Skip shell extension 'powershell' for command environment: Not usable outside of PowerShell
[2.115s] DEBUG:colcon.colcon_core.shell:Skip shell extension 'dsv' for command environment
[2.655s] DEBUG:colcon.colcon_core.event_handler.log_command:Invoking command in '/home/edisonwong/dev_ws/build/serial_motor_demo': AMENT_PREFIX_PATH=/home/edisonwong/dev_ws/install/serial_motor_demo_msgs:${AMENT_PREFIX_PATH} CMAKE_PREFIX_PATH=/home/edisonwong/dev_ws/install/serial_motor_demo_msgs LD_LIBRARY_PATH=/home/edisonwong/dev_ws/install/serial_motor_demo_msgs/lib:${LD_LIBRARY_PATH} PYTHONPATH=/home/edisonwong/dev_ws/build/serial_motor_demo/prefix_override:/home/edisonwong/dev_ws/install/serial_motor_demo/lib/python3.10/site-packages:/home/edisonwong/dev_ws/install/serial_motor_demo_msgs/local/lib/python3.10/dist-packages:${PYTHONPATH} /usr/bin/python3 setup.py develop --editable --build-directory /home/edisonwong/dev_ws/build/serial_motor_demo/build --no-deps install_data
[3.267s] Level 1:colcon.colcon_core.shell:create_environment_hook('serial_motor_demo', 'pythonpath_develop')
[3.268s] INFO:colcon.colcon_core.shell:Creating environment hook '/home/edisonwong/dev_ws/build/serial_motor_demo/share/serial_motor_demo/hook/pythonpath_develop.ps1'
[3.269s] DEBUG:colcon.colcon_core.event_handler.log_command:Invoked command in '/home/edisonwong/dev_ws/build/serial_motor_demo' returned '0': AMENT_PREFIX_PATH=/home/edisonwong/dev_ws/install/serial_motor_demo_msgs:${AMENT_PREFIX_PATH} CMAKE_PREFIX_PATH=/home/edisonwong/dev_ws/install/serial_motor_demo_msgs LD_LIBRARY_PATH=/home/edisonwong/dev_ws/install/serial_motor_demo_msgs/lib:${LD_LIBRARY_PATH} PYTHONPATH=/home/edisonwong/dev_ws/build/serial_motor_demo/prefix_override:/home/edisonwong/dev_ws/install/serial_motor_demo/lib/python3.10/site-packages:/home/edisonwong/dev_ws/install/serial_motor_demo_msgs/local/lib/python3.10/dist-packages:${PYTHONPATH} /usr/bin/python3 setup.py develop --editable --build-directory /home/edisonwong/dev_ws/build/serial_motor_demo/build --no-deps install_data
[3.269s] INFO:colcon.colcon_core.shell:Creating environment descriptor '/home/edisonwong/dev_ws/build/serial_motor_demo/share/serial_motor_demo/hook/pythonpath_develop.dsv'
[3.270s] INFO:colcon.colcon_core.shell:Creating environment hook '/home/edisonwong/dev_ws/build/serial_motor_demo/share/serial_motor_demo/hook/pythonpath_develop.sh'
[3.272s] Level 1:colcon.colcon_core.environment:checking '/home/edisonwong/dev_ws/install/serial_motor_demo' for CMake module files
[3.272s] Level 1:colcon.colcon_core.environment:checking '/home/edisonwong/dev_ws/install/serial_motor_demo' for CMake config files
[3.272s] Level 1:colcon.colcon_core.environment:checking '/home/edisonwong/dev_ws/install/serial_motor_demo/lib'
[3.273s] Level 1:colcon.colcon_core.environment:checking '/home/edisonwong/dev_ws/install/serial_motor_demo/bin'
[3.273s] Level 1:colcon.colcon_core.environment:checking '/home/edisonwong/dev_ws/install/serial_motor_demo/lib/pkgconfig/serial_motor_demo.pc'
[3.273s] Level 1:colcon.colcon_core.environment:checking '/home/edisonwong/dev_ws/install/serial_motor_demo/lib/python3.10/site-packages'
[3.273s] Level 1:colcon.colcon_core.shell:create_environment_hook('serial_motor_demo', 'pythonpath')
[3.274s] INFO:colcon.colcon_core.shell:Creating environment hook '/home/edisonwong/dev_ws/install/serial_motor_demo/share/serial_motor_demo/hook/pythonpath.ps1'
[3.275s] INFO:colcon.colcon_core.shell:Creating environment descriptor '/home/edisonwong/dev_ws/install/serial_motor_demo/share/serial_motor_demo/hook/pythonpath.dsv'
[3.275s] INFO:colcon.colcon_core.shell:Creating environment hook '/home/edisonwong/dev_ws/install/serial_motor_demo/share/serial_motor_demo/hook/pythonpath.sh'
[3.276s] Level 1:colcon.colcon_core.environment:checking '/home/edisonwong/dev_ws/install/serial_motor_demo/bin'
[3.276s] Level 1:colcon.colcon_core.environment:create_environment_scripts_only(serial_motor_demo)
[3.277s] INFO:colcon.colcon_core.shell:Creating package script '/home/edisonwong/dev_ws/install/serial_motor_demo/share/serial_motor_demo/package.ps1'
[3.278s] INFO:colcon.colcon_core.shell:Creating package descriptor '/home/edisonwong/dev_ws/install/serial_motor_demo/share/serial_motor_demo/package.dsv'
[3.278s] INFO:colcon.colcon_core.shell:Creating package script '/home/edisonwong/dev_ws/install/serial_motor_demo/share/serial_motor_demo/package.sh'
[3.278s] INFO:colcon.colcon_core.shell:Creating package script '/home/edisonwong/dev_ws/install/serial_motor_demo/share/serial_motor_demo/package.bash'
[3.279s] INFO:colcon.colcon_core.shell:Creating package script '/home/edisonwong/dev_ws/install/serial_motor_demo/share/serial_motor_demo/package.zsh'
[3.279s] Level 1:colcon.colcon_core.environment:create_file_with_runtime_dependencies(/home/edisonwong/dev_ws/install/serial_motor_demo/share/colcon-core/packages/serial_motor_demo)
[3.279s] DEBUG:colcon.colcon_parallel_executor.executor.parallel:closing loop
[3.280s] DEBUG:colcon.colcon_parallel_executor.executor.parallel:loop closed
[3.280s] DEBUG:colcon.colcon_parallel_executor.executor.parallel:run_until_complete finished with '0'
[3.280s] DEBUG:colcon.colcon_core.event_reactor:joining thread
[3.288s] INFO:colcon.colcon_core.plugin_system:Skipping extension 'colcon_notification.desktop_notification.terminal_notifier': Not used on non-Darwin systems
[3.288s] INFO:colcon.colcon_core.plugin_system:Skipping extension 'colcon_notification.desktop_notification.win32': Not used on non-Windows systems
[3.288s] INFO:colcon.colcon_notification.desktop_notification:Sending desktop notification using 'notify2'
[3.312s] DEBUG:colcon.colcon_core.event_reactor:joined thread
[3.314s] INFO:colcon.colcon_core.shell:Creating prefix script '/home/edisonwong/dev_ws/install/local_setup.ps1'
[3.315s] INFO:colcon.colcon_core.shell:Creating prefix util module '/home/edisonwong/dev_ws/install/_local_setup_util_ps1.py'
[3.317s] INFO:colcon.colcon_core.shell:Creating prefix chain script '/home/edisonwong/dev_ws/install/setup.ps1'
[3.319s] INFO:colcon.colcon_core.shell:Creating prefix script '/home/edisonwong/dev_ws/install/local_setup.sh'
[3.320s] INFO:colcon.colcon_core.shell:Creating prefix util module '/home/edisonwong/dev_ws/install/_local_setup_util_sh.py'
[3.320s] INFO:colcon.colcon_core.shell:Creating prefix chain script '/home/edisonwong/dev_ws/install/setup.sh'
[3.322s] INFO:colcon.colcon_core.shell:Creating prefix script '/home/edisonwong/dev_ws/install/local_setup.bash'
[3.323s] INFO:colcon.colcon_core.shell:Creating prefix chain script '/home/edisonwong/dev_ws/install/setup.bash'
[3.325s] INFO:colcon.colcon_core.shell:Creating prefix script '/home/edisonwong/dev_ws/install/local_setup.zsh'
[3.326s] INFO:colcon.colcon_core.shell:Creating prefix chain script '/home/edisonwong/dev_ws/install/setup.zsh'
