[0.027s] Invoking command in '/home/edisonwong/dev_ws/src/build/serial': CMAKE_PREFIX_PATH=${CMAKE_PREFIX_PATH}:/home/edisonwong/dev_ws/install/serial_motor_demo:/opt/ros/humble /usr/bin/cmake /home/edisonwong/dev_ws/src/serial -DAMENT_CMAKE_SYMLINK_INSTALL=1 -DCMAKE_INSTALL_PREFIX=/home/edisonwong/dev_ws/src/install/serial
[0.155s] -- The C compiler identification is GNU 11.3.0
[0.248s] -- The CXX compiler identification is GNU 11.3.0
[0.259s] -- Detecting C compiler ABI info
[0.338s] -- Detecting C compiler ABI info - done
[0.347s] -- Check for working C compiler: /usr/bin/cc - skipped
[0.348s] -- Detecting C compile features
[0.348s] -- Detecting C compile features - done
[0.353s] -- Detecting CXX compiler ABI info
[0.451s] -- Detecting CXX compiler ABI info - done
[0.461s] -- Check for working CXX compiler: /usr/bin/c++ - skipped
[0.461s] -- Detecting CXX compile features
[0.462s] -- Detecting CXX compile features - done
[0.469s] -- Found ament_cmake: 1.3.3 (/opt/ros/humble/share/ament_cmake/cmake)
[0.672s] -- Found Python3: /usr/bin/python3.10 (found version "3.10.6") found components: Interpreter 
[0.752s] -- Override CMake install command with custom implementation using symlinks instead of copying resources
[0.795s] -- Found ament_cmake_gtest: 1.3.3 (/opt/ros/humble/share/ament_cmake_gtest/cmake)
[0.810s] -- Found Boost: /usr/lib/x86_64-linux-gnu/cmake/Boost-1.74.0/BoostConfig.cmake (found version "1.74.0")  
[0.814s] -- Found gtest sources under '/opt/ros/humble/src/gtest_vendor': C++ tests using 'Google Test' will be built
[0.817s] -- Looking for pthread.h
[0.904s] -- Looking for pthread.h - found
[0.904s] -- Performing Test CMAKE_HAVE_LIBC_PTHREAD
[0.988s] -- Performing Test CMAKE_HAVE_LIBC_PTHREAD - Success
[0.990s] -- Found Threads: TRUE  
[1.081s] -- Configuring done
[1.097s] -- Generating done
[1.098s] -- Build files have been written to: /home/edisonwong/dev_ws/src/build/serial
[1.105s] Invoked command in '/home/edisonwong/dev_ws/src/build/serial' returned '0': CMAKE_PREFIX_PATH=${CMAKE_PREFIX_PATH}:/home/edisonwong/dev_ws/install/serial_motor_demo:/opt/ros/humble /usr/bin/cmake /home/edisonwong/dev_ws/src/serial -DAMENT_CMAKE_SYMLINK_INSTALL=1 -DCMAKE_INSTALL_PREFIX=/home/edisonwong/dev_ws/src/install/serial
[1.106s] Invoking command in '/home/edisonwong/dev_ws/src/build/serial': CMAKE_PREFIX_PATH=${CMAKE_PREFIX_PATH}:/home/edisonwong/dev_ws/install/serial_motor_demo:/opt/ros/humble /usr/bin/cmake --build /home/edisonwong/dev_ws/src/build/serial -- -j8 -l8
[1.163s] [  7%] [32mBuilding CXX object gtest/CMakeFiles/gtest.dir/src/gtest-all.cc.o[0m
[1.166s] [ 14%] [32mBuilding CXX object gtest/CMakeFiles/gtest_main.dir/src/gtest_main.cc.o[0m
[1.166s] [ 28%] [32mBuilding CXX object CMakeFiles/serial.dir/src/impl/list_ports/list_ports_linux.cc.o[0m
[1.166s] [ 28%] [32mBuilding CXX object CMakeFiles/serial.dir/src/impl/unix.cc.o[0m
[1.177s] [ 35%] [32mBuilding CXX object CMakeFiles/serial.dir/src/serial.cc.o[0m
[2.269s] [ 42%] [32m[1mLinking CXX static library libserial.a[0m
[2.422s] [ 42%] Built target serial
[2.443s] [ 50%] [32mBuilding CXX object CMakeFiles/serial_example.dir/examples/serial_example.cc.o[0m
[2.594s] [ 57%] [32m[1mLinking CXX static library libgtest_main.a[0m
[2.665s] [ 57%] Built target gtest_main
[2.818s] [ 64%] [32m[1mLinking CXX executable serial_example[0m
[2.922s] [ 64%] Built target serial_example
[5.113s] [ 71%] [32m[1mLinking CXX static library libgtest.a[0m
[5.218s] [ 71%] Built target gtest
[5.241s] [ 85%] [32mBuilding CXX object tests/CMakeFiles/serial-test.dir/unix_serial_tests.cc.o[0m
[5.241s] [ 85%] [32mBuilding CXX object tests/CMakeFiles/serial-test-timer.dir/unit/unix_timer_tests.cc.o[0m
[6.289s] In file included from [01m[K/usr/include/boost/bind.hpp:30[m[K,
[6.289s]                  from [01m[K/home/edisonwong/dev_ws/src/serial/tests/unix_serial_tests.cc:23[m[K:
[6.289s] [01m[K/usr/include/boost/bind.hpp:36:1:[m[K [01;36m[Knote: [m[K‘[01m[K#pragma message: The practice of declaring the Bind placeholders (_1, _2, ...) in the global namespace is deprecated. Please use <boost/bind/bind.hpp> + using namespace boost::placeholders, or define BOOST_BIND_GLOBAL_PLACEHOLDERS to retain the current behavior.[m[K’
[6.289s]    36 | [01;36m[KBOOST_PRAGMA_MESSAGE[m[K(
[6.289s]       | [01;36m[K^~~~~~~~~~~~~~~~~~~~[m[K
[6.422s] [ 92%] [32m[1mLinking CXX executable serial-test-timer[0m
[6.548s] [100%] [32m[1mLinking CXX executable serial-test[0m
[6.622s] [100%] Built target serial-test-timer
[6.744s] [100%] Built target serial-test
[6.758s] Invoked command in '/home/edisonwong/dev_ws/src/build/serial' returned '0': CMAKE_PREFIX_PATH=${CMAKE_PREFIX_PATH}:/home/edisonwong/dev_ws/install/serial_motor_demo:/opt/ros/humble /usr/bin/cmake --build /home/edisonwong/dev_ws/src/build/serial -- -j8 -l8
[6.797s] Invoking command in '/home/edisonwong/dev_ws/src/build/serial': CMAKE_PREFIX_PATH=${CMAKE_PREFIX_PATH}:/home/edisonwong/dev_ws/install/serial_motor_demo:/opt/ros/humble /usr/bin/cmake --install /home/edisonwong/dev_ws/src/build/serial
[6.805s] -- Install configuration: ""
[6.805s] -- Execute custom install script
[6.806s] -- Symlinking: /home/edisonwong/dev_ws/src/install/serial/lib/libserial.a
[6.817s] -- Symlinking: /home/edisonwong/dev_ws/src/install/serial/include/serial/serial.h
[6.828s] -- Symlinking: /home/edisonwong/dev_ws/src/install/serial/include/serial/v8stdint.h
[6.837s] -- Symlinking: /home/edisonwong/dev_ws/src/install/serial/share/serial/environment/library_path.sh
[6.846s] -- Symlinking: /home/edisonwong/dev_ws/src/install/serial/share/serial/environment/library_path.dsv
[6.855s] -- Symlinking: /home/edisonwong/dev_ws/src/install/serial/share/ament_index/resource_index/package_run_dependencies/serial
[6.863s] -- Symlinking: /home/edisonwong/dev_ws/src/install/serial/share/ament_index/resource_index/parent_prefix_path/serial
[6.872s] -- Symlinking: /home/edisonwong/dev_ws/src/install/serial/share/serial/environment/ament_prefix_path.sh
[6.881s] -- Symlinking: /home/edisonwong/dev_ws/src/install/serial/share/serial/environment/ament_prefix_path.dsv
[6.890s] -- Symlinking: /home/edisonwong/dev_ws/src/install/serial/share/serial/environment/path.sh
[6.899s] -- Symlinking: /home/edisonwong/dev_ws/src/install/serial/share/serial/environment/path.dsv
[6.908s] -- Symlinking: /home/edisonwong/dev_ws/src/install/serial/share/serial/local_setup.bash
[6.919s] -- Symlinking: /home/edisonwong/dev_ws/src/install/serial/share/serial/local_setup.sh
[6.929s] -- Symlinking: /home/edisonwong/dev_ws/src/install/serial/share/serial/local_setup.zsh
[6.938s] -- Symlinking: /home/edisonwong/dev_ws/src/install/serial/share/serial/local_setup.dsv
[6.946s] -- Symlinking: /home/edisonwong/dev_ws/src/install/serial/share/serial/package.dsv
[6.955s] -- Symlinking: /home/edisonwong/dev_ws/src/install/serial/share/ament_index/resource_index/packages/serial
[6.964s] -- Symlinking: /home/edisonwong/dev_ws/src/install/serial/share/serial/cmake/ament_cmake_export_include_directories-extras.cmake
[6.972s] -- Symlinking: /home/edisonwong/dev_ws/src/install/serial/share/serial/cmake/ament_cmake_export_libraries-extras.cmake
[6.981s] -- Symlinking: /home/edisonwong/dev_ws/src/install/serial/share/serial/cmake/serialConfig.cmake
[6.990s] -- Symlinking: /home/edisonwong/dev_ws/src/install/serial/share/serial/cmake/serialConfig-version.cmake
[6.999s] -- Symlinking: /home/edisonwong/dev_ws/src/install/serial/share/serial/package.xml
[7.013s] Invoked command in '/home/edisonwong/dev_ws/src/build/serial' returned '0': CMAKE_PREFIX_PATH=${CMAKE_PREFIX_PATH}:/home/edisonwong/dev_ws/install/serial_motor_demo:/opt/ros/humble /usr/bin/cmake --install /home/edisonwong/dev_ws/src/build/serial
