[0.032s] Invoking command in '/home/edisonwong/dev_ws/build/serial': CMAKE_PREFIX_PATH=/opt/ros/humble /usr/bin/cmake --build /home/edisonwong/dev_ws/build/serial -- -j8 -l8
[0.150s] [ 14%] Built target gtest_main
[0.155s] [ 42%] Built target serial
[0.156s] [ 57%] Built target gtest
[0.218s] [ 71%] Built target serial_example
[0.232s] [ 85%] Built target serial-test-timer
[0.239s] [100%] Built target serial-test
[0.259s] Invoked command in '/home/edisonwong/dev_ws/build/serial' returned '0': CMAKE_PREFIX_PATH=/opt/ros/humble /usr/bin/cmake --build /home/edisonwong/dev_ws/build/serial -- -j8 -l8
[0.347s] Invoking command in '/home/edisonwong/dev_ws/build/serial': CMAKE_PREFIX_PATH=/opt/ros/humble /usr/bin/cmake --install /home/edisonwong/dev_ws/build/serial
[0.363s] -- Install configuration: ""
[0.364s] -- Execute custom install script
[0.365s] -- Up-to-date symlink: /home/edisonwong/dev_ws/install/serial/lib/libserial.a
[0.366s] -- Up-to-date symlink: /home/edisonwong/dev_ws/install/serial/include/serial/serial.h
[0.367s] -- Up-to-date symlink: /home/edisonwong/dev_ws/install/serial/include/serial/v8stdint.h
[0.367s] -- Up-to-date symlink: /home/edisonwong/dev_ws/install/serial/share/serial/environment/library_path.sh
[0.368s] -- Up-to-date symlink: /home/edisonwong/dev_ws/install/serial/share/serial/environment/library_path.dsv
[0.369s] -- Up-to-date symlink: /home/edisonwong/dev_ws/install/serial/share/ament_index/resource_index/package_run_dependencies/serial
[0.369s] -- Up-to-date symlink: /home/edisonwong/dev_ws/install/serial/share/ament_index/resource_index/parent_prefix_path/serial
[0.370s] -- Up-to-date symlink: /home/edisonwong/dev_ws/install/serial/share/serial/environment/ament_prefix_path.sh
[0.370s] -- Up-to-date symlink: /home/edisonwong/dev_ws/install/serial/share/serial/environment/ament_prefix_path.dsv
[0.371s] -- Up-to-date symlink: /home/edisonwong/dev_ws/install/serial/share/serial/environment/path.sh
[0.372s] -- Up-to-date symlink: /home/edisonwong/dev_ws/install/serial/share/serial/environment/path.dsv
[0.374s] -- Up-to-date symlink: /home/edisonwong/dev_ws/install/serial/share/serial/local_setup.bash
[0.377s] -- Up-to-date symlink: /home/edisonwong/dev_ws/install/serial/share/serial/local_setup.sh
[0.379s] -- Up-to-date symlink: /home/edisonwong/dev_ws/install/serial/share/serial/local_setup.zsh
[0.380s] -- Up-to-date symlink: /home/edisonwong/dev_ws/install/serial/share/serial/local_setup.dsv
[0.381s] -- Symlinking: /home/edisonwong/dev_ws/install/serial/share/serial/package.dsv
[0.421s] -- Up-to-date symlink: /home/edisonwong/dev_ws/install/serial/share/ament_index/resource_index/packages/serial
[0.423s] -- Up-to-date symlink: /home/edisonwong/dev_ws/install/serial/share/serial/cmake/ament_cmake_export_include_directories-extras.cmake
[0.424s] -- Up-to-date symlink: /home/edisonwong/dev_ws/install/serial/share/serial/cmake/ament_cmake_export_libraries-extras.cmake
[0.428s] -- Up-to-date symlink: /home/edisonwong/dev_ws/install/serial/share/serial/cmake/serialConfig.cmake
[0.428s] -- Up-to-date symlink: /home/edisonwong/dev_ws/install/serial/share/serial/cmake/serialConfig-version.cmake
[0.429s] -- Up-to-date symlink: /home/edisonwong/dev_ws/install/serial/share/serial/package.xml
[0.436s] Invoked command in '/home/edisonwong/dev_ws/build/serial' returned '0': CMAKE_PREFIX_PATH=/opt/ros/humble /usr/bin/cmake --install /home/edisonwong/dev_ws/build/serial
