[0.557s] DEBUG:colcon:Command line arguments: ['/usr/bin/colcon', 'build', '--symlink-install']
[0.557s] DEBUG:colcon:Parsed command line arguments: Namespace(log_base=None, log_level=None, verb_name='build', build_base='build', install_base='install', merge_install=False, symlink_install=True, test_result_base=None, continue_on_error=False, executor='parallel', parallel_workers=8, event_handlers=None, ignore_user_meta=False, metas=['./colcon.meta'], base_paths=['.'], packages_ignore=None, packages_ignore_regex=None, paths=None, packages_up_to=None, packages_up_to_regex=None, packages_above=None, packages_above_and_dependencies=None, packages_above_depth=None, packages_select_by_dep=None, packages_skip_by_dep=None, packages_skip_up_to=None, packages_select_build_failed=False, packages_skip_build_finished=False, packages_select_test_failures=False, packages_skip_test_passed=False, packages_select=None, packages_skip=None, packages_select_regex=None, packages_skip_regex=None, packages_start=None, packages_end=None, allow_overriding=[], cmake_args=None, cmake_target=None, cmake_target_skip_unavailable=False, cmake_clean_cache=False, cmake_clean_first=False, cmake_force_configure=False, ament_cmake_args=None, catkin_cmake_args=None, catkin_skip_building_tests=False, verb_parser=<colcon_defaults.argument_parser.defaults.DefaultArgumentsDecorator object at 0x7f4218ca35e0>, verb_extension=<colcon_core.verb.build.BuildVerb object at 0x7f4219675c90>, main=<bound method BuildVerb.main of <colcon_core.verb.build.BuildVerb object at 0x7f4219675c90>>)
[0.606s] Level 1:colcon.colcon_core.package_discovery:discover_packages(colcon_meta) check parameters
[0.606s] Level 1:colcon.colcon_core.package_discovery:discover_packages(recursive) check parameters
[0.606s] Level 1:colcon.colcon_core.package_discovery:discover_packages(ignore) check parameters
[0.606s] Level 1:colcon.colcon_core.package_discovery:discover_packages(path) check parameters
[0.606s] Level 1:colcon.colcon_core.package_discovery:discover_packages(colcon_meta) discover
[0.606s] Level 1:colcon.colcon_core.package_discovery:discover_packages(recursive) discover
[0.607s] INFO:colcon.colcon_core.package_discovery:Crawling recursively for packages in '/home/edisonwong/dev_ws'
[0.607s] Level 1:colcon.colcon_core.package_identification:_identify(.) by extensions ['ignore', 'ignore_ament_install']
[0.607s] Level 1:colcon.colcon_core.package_identification:_identify(.) by extension 'ignore'
[0.607s] Level 1:colcon.colcon_core.package_identification:_identify(.) by extension 'ignore_ament_install'
[0.607s] Level 1:colcon.colcon_core.package_identification:_identify(.) by extensions ['colcon_pkg']
[0.607s] Level 1:colcon.colcon_core.package_identification:_identify(.) by extension 'colcon_pkg'
[0.607s] Level 1:colcon.colcon_core.package_identification:_identify(.) by extensions ['colcon_meta']
[0.607s] Level 1:colcon.colcon_core.package_identification:_identify(.) by extension 'colcon_meta'
[0.607s] Level 1:colcon.colcon_core.package_identification:_identify(.) by extensions ['ros']
[0.607s] Level 1:colcon.colcon_core.package_identification:_identify(.) by extension 'ros'
[0.620s] Level 1:colcon.colcon_core.package_identification:_identify(.) by extensions ['cmake', 'python']
[0.620s] Level 1:colcon.colcon_core.package_identification:_identify(.) by extension 'cmake'
[0.620s] Level 1:colcon.colcon_core.package_identification:_identify(.) by extension 'python'
[0.620s] Level 1:colcon.colcon_core.package_identification:_identify(.) by extensions ['python_setup_py']
[0.620s] Level 1:colcon.colcon_core.package_identification:_identify(.) by extension 'python_setup_py'
[0.620s] Level 1:colcon.colcon_core.package_identification:_identify(build) by extensions ['ignore', 'ignore_ament_install']
[0.620s] Level 1:colcon.colcon_core.package_identification:_identify(build) by extension 'ignore'
[0.620s] Level 1:colcon.colcon_core.package_identification:_identify(build) ignored
[0.620s] Level 1:colcon.colcon_core.package_identification:_identify(install) by extensions ['ignore', 'ignore_ament_install']
[0.621s] Level 1:colcon.colcon_core.package_identification:_identify(install) by extension 'ignore'
[0.621s] Level 1:colcon.colcon_core.package_identification:_identify(install) ignored
[0.621s] Level 1:colcon.colcon_core.package_identification:_identify(log) by extensions ['ignore', 'ignore_ament_install']
[0.621s] Level 1:colcon.colcon_core.package_identification:_identify(log) by extension 'ignore'
[0.621s] Level 1:colcon.colcon_core.package_identification:_identify(log) ignored
[0.621s] Level 1:colcon.colcon_core.package_identification:_identify(serial_motor_demo) by extensions ['ignore', 'ignore_ament_install']
[0.621s] Level 1:colcon.colcon_core.package_identification:_identify(serial_motor_demo) by extension 'ignore'
[0.621s] Level 1:colcon.colcon_core.package_identification:_identify(serial_motor_demo) by extension 'ignore_ament_install'
[0.621s] Level 1:colcon.colcon_core.package_identification:_identify(serial_motor_demo) by extensions ['colcon_pkg']
[0.621s] Level 1:colcon.colcon_core.package_identification:_identify(serial_motor_demo) by extension 'colcon_pkg'
[0.621s] Level 1:colcon.colcon_core.package_identification:_identify(serial_motor_demo) by extensions ['colcon_meta']
[0.621s] Level 1:colcon.colcon_core.package_identification:_identify(serial_motor_demo) by extension 'colcon_meta'
[0.621s] Level 1:colcon.colcon_core.package_identification:_identify(serial_motor_demo) by extensions ['ros']
[0.621s] Level 1:colcon.colcon_core.package_identification:_identify(serial_motor_demo) by extension 'ros'
[0.621s] Level 1:colcon.colcon_core.package_identification:_identify(serial_motor_demo) by extensions ['cmake', 'python']
[0.621s] Level 1:colcon.colcon_core.package_identification:_identify(serial_motor_demo) by extension 'cmake'
[0.621s] Level 1:colcon.colcon_core.package_identification:_identify(serial_motor_demo) by extension 'python'
[0.622s] Level 1:colcon.colcon_core.package_identification:_identify(serial_motor_demo) by extensions ['python_setup_py']
[0.622s] Level 1:colcon.colcon_core.package_identification:_identify(serial_motor_demo) by extension 'python_setup_py'
[0.622s] Level 1:colcon.colcon_core.package_identification:_identify(serial_motor_demo/serial_motor_demo) by extensions ['ignore', 'ignore_ament_install']
[0.622s] Level 1:colcon.colcon_core.package_identification:_identify(serial_motor_demo/serial_motor_demo) by extension 'ignore'
[0.622s] Level 1:colcon.colcon_core.package_identification:_identify(serial_motor_demo/serial_motor_demo) by extension 'ignore_ament_install'
[0.622s] Level 1:colcon.colcon_core.package_identification:_identify(serial_motor_demo/serial_motor_demo) by extensions ['colcon_pkg']
[0.622s] Level 1:colcon.colcon_core.package_identification:_identify(serial_motor_demo/serial_motor_demo) by extension 'colcon_pkg'
[0.622s] Level 1:colcon.colcon_core.package_identification:_identify(serial_motor_demo/serial_motor_demo) by extensions ['colcon_meta']
[0.622s] Level 1:colcon.colcon_core.package_identification:_identify(serial_motor_demo/serial_motor_demo) by extension 'colcon_meta'
[0.622s] Level 1:colcon.colcon_core.package_identification:_identify(serial_motor_demo/serial_motor_demo) by extensions ['ros']
[0.622s] Level 1:colcon.colcon_core.package_identification:_identify(serial_motor_demo/serial_motor_demo) by extension 'ros'
[0.627s] DEBUG:colcon.colcon_core.package_identification:Package 'serial_motor_demo/serial_motor_demo' with type 'ros.ament_python' and name 'serial_motor_demo'
[0.627s] Level 1:colcon.colcon_core.package_identification:_identify(serial_motor_demo/serial_motor_demo_msgs) by extensions ['ignore', 'ignore_ament_install']
[0.627s] Level 1:colcon.colcon_core.package_identification:_identify(serial_motor_demo/serial_motor_demo_msgs) by extension 'ignore'
[0.627s] Level 1:colcon.colcon_core.package_identification:_identify(serial_motor_demo/serial_motor_demo_msgs) by extension 'ignore_ament_install'
[0.627s] Level 1:colcon.colcon_core.package_identification:_identify(serial_motor_demo/serial_motor_demo_msgs) by extensions ['colcon_pkg']
[0.627s] Level 1:colcon.colcon_core.package_identification:_identify(serial_motor_demo/serial_motor_demo_msgs) by extension 'colcon_pkg'
[0.627s] Level 1:colcon.colcon_core.package_identification:_identify(serial_motor_demo/serial_motor_demo_msgs) by extensions ['colcon_meta']
[0.628s] Level 1:colcon.colcon_core.package_identification:_identify(serial_motor_demo/serial_motor_demo_msgs) by extension 'colcon_meta'
[0.628s] Level 1:colcon.colcon_core.package_identification:_identify(serial_motor_demo/serial_motor_demo_msgs) by extensions ['ros']
[0.628s] Level 1:colcon.colcon_core.package_identification:_identify(serial_motor_demo/serial_motor_demo_msgs) by extension 'ros'
[0.628s] DEBUG:colcon.colcon_core.package_identification:Package 'serial_motor_demo/serial_motor_demo_msgs' with type 'ros.ament_cmake' and name 'serial_motor_demo_msgs'
[0.628s] Level 1:colcon.colcon_core.package_identification:_identify(src) by extensions ['ignore', 'ignore_ament_install']
[0.628s] Level 1:colcon.colcon_core.package_identification:_identify(src) by extension 'ignore'
[0.628s] Level 1:colcon.colcon_core.package_identification:_identify(src) by extension 'ignore_ament_install'
[0.629s] Level 1:colcon.colcon_core.package_identification:_identify(src) by extensions ['colcon_pkg']
[0.629s] Level 1:colcon.colcon_core.package_identification:_identify(src) by extension 'colcon_pkg'
[0.629s] Level 1:colcon.colcon_core.package_identification:_identify(src) by extensions ['colcon_meta']
[0.629s] Level 1:colcon.colcon_core.package_identification:_identify(src) by extension 'colcon_meta'
[0.629s] Level 1:colcon.colcon_core.package_identification:_identify(src) by extensions ['ros']
[0.629s] Level 1:colcon.colcon_core.package_identification:_identify(src) by extension 'ros'
[0.629s] Level 1:colcon.colcon_core.package_identification:_identify(src) by extensions ['cmake', 'python']
[0.629s] Level 1:colcon.colcon_core.package_identification:_identify(src) by extension 'cmake'
[0.629s] Level 1:colcon.colcon_core.package_identification:_identify(src) by extension 'python'
[0.629s] Level 1:colcon.colcon_core.package_identification:_identify(src) by extensions ['python_setup_py']
[0.629s] Level 1:colcon.colcon_core.package_identification:_identify(src) by extension 'python_setup_py'
[0.629s] Level 1:colcon.colcon_core.package_identification:_identify(src/my_bot) by extensions ['ignore', 'ignore_ament_install']
[0.629s] Level 1:colcon.colcon_core.package_identification:_identify(src/my_bot) by extension 'ignore'
[0.629s] Level 1:colcon.colcon_core.package_identification:_identify(src/my_bot) by extension 'ignore_ament_install'
[0.629s] Level 1:colcon.colcon_core.package_identification:_identify(src/my_bot) by extensions ['colcon_pkg']
[0.629s] Level 1:colcon.colcon_core.package_identification:_identify(src/my_bot) by extension 'colcon_pkg'
[0.629s] Level 1:colcon.colcon_core.package_identification:_identify(src/my_bot) by extensions ['colcon_meta']
[0.629s] Level 1:colcon.colcon_core.package_identification:_identify(src/my_bot) by extension 'colcon_meta'
[0.629s] Level 1:colcon.colcon_core.package_identification:_identify(src/my_bot) by extensions ['ros']
[0.629s] Level 1:colcon.colcon_core.package_identification:_identify(src/my_bot) by extension 'ros'
[0.630s] DEBUG:colcon.colcon_core.package_identification:Package 'src/my_bot' with type 'ros.ament_cmake' and name 'my_bot'
[0.630s] Level 1:colcon.colcon_core.package_discovery:discover_packages(recursive) using defaults
[0.630s] Level 1:colcon.colcon_core.package_discovery:discover_packages(ignore) discover
[0.630s] Level 1:colcon.colcon_core.package_discovery:discover_packages(ignore) using defaults
[0.630s] Level 1:colcon.colcon_core.package_discovery:discover_packages(path) discover
[0.630s] Level 1:colcon.colcon_core.package_discovery:discover_packages(path) using defaults
[0.661s] Level 1:colcon.colcon_core.package_discovery:discover_packages(prefix_path) check parameters
[0.661s] Level 1:colcon.colcon_core.package_discovery:discover_packages(prefix_path) discover
[0.666s] DEBUG:colcon.colcon_installed_package_information.package_discovery:Found 4 installed packages in /home/edisonwong/dev_ws/install
[0.668s] DEBUG:colcon.colcon_installed_package_information.package_discovery:Found 324 installed packages in /opt/ros/humble
[0.670s] Level 1:colcon.colcon_core.package_discovery:discover_packages(prefix_path) using defaults
[0.770s] Level 5:colcon.colcon_core.verb:set package 'my_bot' build argument 'cmake_args' from command line to 'None'
[0.770s] Level 5:colcon.colcon_core.verb:set package 'my_bot' build argument 'cmake_target' from command line to 'None'
[0.770s] Level 5:colcon.colcon_core.verb:set package 'my_bot' build argument 'cmake_target_skip_unavailable' from command line to 'False'
[0.770s] Level 5:colcon.colcon_core.verb:set package 'my_bot' build argument 'cmake_clean_cache' from command line to 'False'
[0.770s] Level 5:colcon.colcon_core.verb:set package 'my_bot' build argument 'cmake_clean_first' from command line to 'False'
[0.770s] Level 5:colcon.colcon_core.verb:set package 'my_bot' build argument 'cmake_force_configure' from command line to 'False'
[0.770s] Level 5:colcon.colcon_core.verb:set package 'my_bot' build argument 'ament_cmake_args' from command line to 'None'
[0.770s] Level 5:colcon.colcon_core.verb:set package 'my_bot' build argument 'catkin_cmake_args' from command line to 'None'
[0.770s] Level 5:colcon.colcon_core.verb:set package 'my_bot' build argument 'catkin_skip_building_tests' from command line to 'False'
[0.770s] DEBUG:colcon.colcon_core.verb:Building package 'my_bot' with the following arguments: {'ament_cmake_args': None, 'build_base': '/home/edisonwong/dev_ws/build/my_bot', 'catkin_cmake_args': None, 'catkin_skip_building_tests': False, 'cmake_args': None, 'cmake_clean_cache': False, 'cmake_clean_first': False, 'cmake_force_configure': False, 'cmake_target': None, 'cmake_target_skip_unavailable': False, 'install_base': '/home/edisonwong/dev_ws/install/my_bot', 'merge_install': False, 'path': '/home/edisonwong/dev_ws/src/my_bot', 'symlink_install': True, 'test_result_base': None}
[0.771s] Level 5:colcon.colcon_core.verb:set package 'serial_motor_demo_msgs' build argument 'cmake_args' from command line to 'None'
[0.771s] Level 5:colcon.colcon_core.verb:set package 'serial_motor_demo_msgs' build argument 'cmake_target' from command line to 'None'
[0.771s] Level 5:colcon.colcon_core.verb:set package 'serial_motor_demo_msgs' build argument 'cmake_target_skip_unavailable' from command line to 'False'
[0.771s] Level 5:colcon.colcon_core.verb:set package 'serial_motor_demo_msgs' build argument 'cmake_clean_cache' from command line to 'False'
[0.771s] Level 5:colcon.colcon_core.verb:set package 'serial_motor_demo_msgs' build argument 'cmake_clean_first' from command line to 'False'
[0.771s] Level 5:colcon.colcon_core.verb:set package 'serial_motor_demo_msgs' build argument 'cmake_force_configure' from command line to 'False'
[0.771s] Level 5:colcon.colcon_core.verb:set package 'serial_motor_demo_msgs' build argument 'ament_cmake_args' from command line to 'None'
[0.771s] Level 5:colcon.colcon_core.verb:set package 'serial_motor_demo_msgs' build argument 'catkin_cmake_args' from command line to 'None'
[0.771s] Level 5:colcon.colcon_core.verb:set package 'serial_motor_demo_msgs' build argument 'catkin_skip_building_tests' from command line to 'False'
[0.772s] DEBUG:colcon.colcon_core.verb:Building package 'serial_motor_demo_msgs' with the following arguments: {'ament_cmake_args': None, 'build_base': '/home/edisonwong/dev_ws/build/serial_motor_demo_msgs', 'catkin_cmake_args': None, 'catkin_skip_building_tests': False, 'cmake_args': None, 'cmake_clean_cache': False, 'cmake_clean_first': False, 'cmake_force_configure': False, 'cmake_target': None, 'cmake_target_skip_unavailable': False, 'install_base': '/home/edisonwong/dev_ws/install/serial_motor_demo_msgs', 'merge_install': False, 'path': '/home/edisonwong/dev_ws/serial_motor_demo/serial_motor_demo_msgs', 'symlink_install': True, 'test_result_base': None}
[0.772s] Level 5:colcon.colcon_core.verb:set package 'serial_motor_demo' build argument 'cmake_args' from command line to 'None'
[0.773s] Level 5:colcon.colcon_core.verb:set package 'serial_motor_demo' build argument 'cmake_target' from command line to 'None'
[0.773s] Level 5:colcon.colcon_core.verb:set package 'serial_motor_demo' build argument 'cmake_target_skip_unavailable' from command line to 'False'
[0.773s] Level 5:colcon.colcon_core.verb:set package 'serial_motor_demo' build argument 'cmake_clean_cache' from command line to 'False'
[0.773s] Level 5:colcon.colcon_core.verb:set package 'serial_motor_demo' build argument 'cmake_clean_first' from command line to 'False'
[0.773s] Level 5:colcon.colcon_core.verb:set package 'serial_motor_demo' build argument 'cmake_force_configure' from command line to 'False'
[0.773s] Level 5:colcon.colcon_core.verb:set package 'serial_motor_demo' build argument 'ament_cmake_args' from command line to 'None'
[0.773s] Level 5:colcon.colcon_core.verb:set package 'serial_motor_demo' build argument 'catkin_cmake_args' from command line to 'None'
[0.773s] Level 5:colcon.colcon_core.verb:set package 'serial_motor_demo' build argument 'catkin_skip_building_tests' from command line to 'False'
[0.773s] DEBUG:colcon.colcon_core.verb:Building package 'serial_motor_demo' with the following arguments: {'ament_cmake_args': None, 'build_base': '/home/edisonwong/dev_ws/build/serial_motor_demo', 'catkin_cmake_args': None, 'catkin_skip_building_tests': False, 'cmake_args': None, 'cmake_clean_cache': False, 'cmake_clean_first': False, 'cmake_force_configure': False, 'cmake_target': None, 'cmake_target_skip_unavailable': False, 'install_base': '/home/edisonwong/dev_ws/install/serial_motor_demo', 'merge_install': False, 'path': '/home/edisonwong/dev_ws/serial_motor_demo/serial_motor_demo', 'symlink_install': True, 'test_result_base': None}
[0.773s] INFO:colcon.colcon_core.executor:Executing jobs using 'parallel' executor
[0.777s] DEBUG:colcon.colcon_parallel_executor.executor.parallel:run_until_complete
[0.777s] INFO:colcon.colcon_ros.task.ament_cmake.build:Building ROS package in '/home/edisonwong/dev_ws/serial_motor_demo/serial_motor_demo_msgs' with build type 'ament_cmake'
[0.777s] INFO:colcon.colcon_cmake.task.cmake.build:Building CMake package in '/home/edisonwong/dev_ws/serial_motor_demo/serial_motor_demo_msgs'
[0.785s] INFO:colcon.colcon_core.plugin_system:Skipping extension 'colcon_core.shell.bat': Not used on non-Windows systems
[0.786s] INFO:colcon.colcon_core.shell:Skip shell extension 'powershell' for command environment: Not usable outside of PowerShell
[0.786s] DEBUG:colcon.colcon_core.shell:Skip shell extension 'dsv' for command environment
[0.792s] INFO:colcon.colcon_ros.task.ament_cmake.build:Building ROS package in '/home/edisonwong/dev_ws/src/my_bot' with build type 'ament_cmake'
[0.792s] INFO:colcon.colcon_cmake.task.cmake.build:Building CMake package in '/home/edisonwong/dev_ws/src/my_bot'
[0.793s] INFO:colcon.colcon_core.shell:Skip shell extension 'powershell' for command environment: Not usable outside of PowerShell
[0.794s] DEBUG:colcon.colcon_core.shell:Skip shell extension 'dsv' for command environment
[0.806s] DEBUG:colcon.colcon_core.event_handler.log_command:Invoking command in '/home/edisonwong/dev_ws/build/serial_motor_demo_msgs': CMAKE_PREFIX_PATH=${CMAKE_PREFIX_PATH}:/home/edisonwong/dev_ws/install/serial_motor_demo:/opt/ros/humble /usr/bin/cmake --build /home/edisonwong/dev_ws/build/serial_motor_demo_msgs -- -j8 -l8
[0.812s] DEBUG:colcon.colcon_core.event_handler.log_command:Invoking command in '/home/edisonwong/dev_ws/build/my_bot': CMAKE_PREFIX_PATH=${CMAKE_PREFIX_PATH}:/home/edisonwong/dev_ws/install/serial_motor_demo:/opt/ros/humble /usr/bin/cmake --build /home/edisonwong/dev_ws/build/my_bot -- -j8 -l8
[0.878s] DEBUG:colcon.colcon_core.event_handler.log_command:Invoked command in '/home/edisonwong/dev_ws/build/my_bot' returned '0': CMAKE_PREFIX_PATH=${CMAKE_PREFIX_PATH}:/home/edisonwong/dev_ws/install/serial_motor_demo:/opt/ros/humble /usr/bin/cmake --build /home/edisonwong/dev_ws/build/my_bot -- -j8 -l8
[0.921s] DEBUG:colcon.colcon_core.event_handler.log_command:Invoking command in '/home/edisonwong/dev_ws/build/my_bot': CMAKE_PREFIX_PATH=${CMAKE_PREFIX_PATH}:/home/edisonwong/dev_ws/install/serial_motor_demo:/opt/ros/humble /usr/bin/cmake --install /home/edisonwong/dev_ws/build/my_bot
[0.979s] Level 1:colcon.colcon_core.environment:create_environment_scripts_only(my_bot)
[0.980s] DEBUG:colcon.colcon_core.event_handler.log_command:Invoked command in '/home/edisonwong/dev_ws/build/my_bot' returned '0': CMAKE_PREFIX_PATH=${CMAKE_PREFIX_PATH}:/home/edisonwong/dev_ws/install/serial_motor_demo:/opt/ros/humble /usr/bin/cmake --install /home/edisonwong/dev_ws/build/my_bot
[0.988s] Level 1:colcon.colcon_core.environment:checking '/home/edisonwong/dev_ws/install/my_bot' for CMake module files
[0.988s] Level 1:colcon.colcon_core.environment:checking '/home/edisonwong/dev_ws/install/my_bot' for CMake config files
[0.989s] Level 1:colcon.colcon_core.shell:create_environment_hook('my_bot', 'cmake_prefix_path')
[0.990s] INFO:colcon.colcon_core.shell:Creating environment hook '/home/edisonwong/dev_ws/install/my_bot/share/my_bot/hook/cmake_prefix_path.ps1'
[0.991s] INFO:colcon.colcon_core.shell:Creating environment descriptor '/home/edisonwong/dev_ws/install/my_bot/share/my_bot/hook/cmake_prefix_path.dsv'
[0.992s] INFO:colcon.colcon_core.shell:Creating environment hook '/home/edisonwong/dev_ws/install/my_bot/share/my_bot/hook/cmake_prefix_path.sh'
[0.993s] Level 1:colcon.colcon_core.environment:checking '/home/edisonwong/dev_ws/install/my_bot/bin'
[0.993s] Level 1:colcon.colcon_core.environment:checking '/home/edisonwong/dev_ws/install/my_bot/lib/pkgconfig/my_bot.pc'
[0.994s] Level 1:colcon.colcon_core.environment:checking '/home/edisonwong/dev_ws/install/my_bot/lib/python3.10/site-packages'
[0.994s] Level 1:colcon.colcon_core.environment:checking '/home/edisonwong/dev_ws/install/my_bot/bin'
[0.996s] INFO:colcon.colcon_core.shell:Creating package script '/home/edisonwong/dev_ws/install/my_bot/share/my_bot/package.ps1'
[0.997s] INFO:colcon.colcon_core.shell:Creating package descriptor '/home/edisonwong/dev_ws/install/my_bot/share/my_bot/package.dsv'
[0.998s] INFO:colcon.colcon_core.shell:Creating package script '/home/edisonwong/dev_ws/install/my_bot/share/my_bot/package.sh'
[0.999s] INFO:colcon.colcon_core.shell:Creating package script '/home/edisonwong/dev_ws/install/my_bot/share/my_bot/package.bash'
[1.000s] INFO:colcon.colcon_core.shell:Creating package script '/home/edisonwong/dev_ws/install/my_bot/share/my_bot/package.zsh'
[1.001s] Level 1:colcon.colcon_core.environment:create_file_with_runtime_dependencies(/home/edisonwong/dev_ws/install/my_bot/share/colcon-core/packages/my_bot)
[1.030s] Level 1:colcon.colcon_core.environment:create_environment_scripts_only(my_bot)
[1.034s] Level 1:colcon.colcon_core.environment:checking '/home/edisonwong/dev_ws/install/my_bot' for CMake module files
[1.035s] Level 1:colcon.colcon_core.environment:checking '/home/edisonwong/dev_ws/install/my_bot' for CMake config files
[1.035s] Level 1:colcon.colcon_core.shell:create_environment_hook('my_bot', 'cmake_prefix_path')
[1.039s] INFO:colcon.colcon_core.shell:Creating environment hook '/home/edisonwong/dev_ws/install/my_bot/share/my_bot/hook/cmake_prefix_path.ps1'
[1.040s] INFO:colcon.colcon_core.shell:Creating environment descriptor '/home/edisonwong/dev_ws/install/my_bot/share/my_bot/hook/cmake_prefix_path.dsv'
[1.041s] INFO:colcon.colcon_core.shell:Creating environment hook '/home/edisonwong/dev_ws/install/my_bot/share/my_bot/hook/cmake_prefix_path.sh'
[1.041s] Level 1:colcon.colcon_core.environment:checking '/home/edisonwong/dev_ws/install/my_bot/bin'
[1.041s] Level 1:colcon.colcon_core.environment:checking '/home/edisonwong/dev_ws/install/my_bot/lib/pkgconfig/my_bot.pc'
[1.042s] Level 1:colcon.colcon_core.environment:checking '/home/edisonwong/dev_ws/install/my_bot/lib/python3.10/site-packages'
[1.042s] Level 1:colcon.colcon_core.environment:checking '/home/edisonwong/dev_ws/install/my_bot/bin'
[1.046s] INFO:colcon.colcon_core.shell:Creating package script '/home/edisonwong/dev_ws/install/my_bot/share/my_bot/package.ps1'
[1.047s] INFO:colcon.colcon_core.shell:Creating package descriptor '/home/edisonwong/dev_ws/install/my_bot/share/my_bot/package.dsv'
[1.048s] INFO:colcon.colcon_core.shell:Creating package script '/home/edisonwong/dev_ws/install/my_bot/share/my_bot/package.sh'
[1.049s] INFO:colcon.colcon_core.shell:Creating package script '/home/edisonwong/dev_ws/install/my_bot/share/my_bot/package.bash'
[1.049s] INFO:colcon.colcon_core.shell:Creating package script '/home/edisonwong/dev_ws/install/my_bot/share/my_bot/package.zsh'
[1.050s] Level 1:colcon.colcon_core.environment:create_file_with_runtime_dependencies(/home/edisonwong/dev_ws/install/my_bot/share/colcon-core/packages/my_bot)
[1.310s] DEBUG:colcon.colcon_core.event_handler.log_command:Invoked command in '/home/edisonwong/dev_ws/build/serial_motor_demo_msgs' returned '0': CMAKE_PREFIX_PATH=${CMAKE_PREFIX_PATH}:/home/edisonwong/dev_ws/install/serial_motor_demo:/opt/ros/humble /usr/bin/cmake --build /home/edisonwong/dev_ws/build/serial_motor_demo_msgs -- -j8 -l8
[1.438s] DEBUG:colcon.colcon_core.event_handler.log_command:Invoking command in '/home/edisonwong/dev_ws/build/serial_motor_demo_msgs': CMAKE_PREFIX_PATH=${CMAKE_PREFIX_PATH}:/home/edisonwong/dev_ws/install/serial_motor_demo:/opt/ros/humble /usr/bin/cmake --install /home/edisonwong/dev_ws/build/serial_motor_demo_msgs
[1.543s] Level 1:colcon.colcon_core.environment:create_environment_scripts_only(serial_motor_demo_msgs)
[1.545s] Level 1:colcon.colcon_core.environment:checking '/home/edisonwong/dev_ws/install/serial_motor_demo_msgs' for CMake module files
[1.546s] DEBUG:colcon.colcon_core.event_handler.log_command:Invoked command in '/home/edisonwong/dev_ws/build/serial_motor_demo_msgs' returned '0': CMAKE_PREFIX_PATH=${CMAKE_PREFIX_PATH}:/home/edisonwong/dev_ws/install/serial_motor_demo:/opt/ros/humble /usr/bin/cmake --install /home/edisonwong/dev_ws/build/serial_motor_demo_msgs
[1.546s] Level 1:colcon.colcon_core.environment:checking '/home/edisonwong/dev_ws/install/serial_motor_demo_msgs' for CMake config files
[1.547s] Level 1:colcon.colcon_core.shell:create_environment_hook('serial_motor_demo_msgs', 'cmake_prefix_path')
[1.548s] INFO:colcon.colcon_core.shell:Creating environment hook '/home/edisonwong/dev_ws/install/serial_motor_demo_msgs/share/serial_motor_demo_msgs/hook/cmake_prefix_path.ps1'
[1.549s] INFO:colcon.colcon_core.shell:Creating environment descriptor '/home/edisonwong/dev_ws/install/serial_motor_demo_msgs/share/serial_motor_demo_msgs/hook/cmake_prefix_path.dsv'
[1.549s] INFO:colcon.colcon_core.shell:Creating environment hook '/home/edisonwong/dev_ws/install/serial_motor_demo_msgs/share/serial_motor_demo_msgs/hook/cmake_prefix_path.sh'
[1.550s] Level 1:colcon.colcon_core.environment:checking '/home/edisonwong/dev_ws/install/serial_motor_demo_msgs/lib'
[1.550s] Level 1:colcon.colcon_core.shell:create_environment_hook('serial_motor_demo_msgs', 'ld_library_path_lib')
[1.551s] INFO:colcon.colcon_core.shell:Creating environment hook '/home/edisonwong/dev_ws/install/serial_motor_demo_msgs/share/serial_motor_demo_msgs/hook/ld_library_path_lib.ps1'
[1.551s] INFO:colcon.colcon_core.shell:Creating environment descriptor '/home/edisonwong/dev_ws/install/serial_motor_demo_msgs/share/serial_motor_demo_msgs/hook/ld_library_path_lib.dsv'
[1.552s] INFO:colcon.colcon_core.shell:Creating environment hook '/home/edisonwong/dev_ws/install/serial_motor_demo_msgs/share/serial_motor_demo_msgs/hook/ld_library_path_lib.sh'
[1.552s] Level 1:colcon.colcon_core.environment:checking '/home/edisonwong/dev_ws/install/serial_motor_demo_msgs/bin'
[1.552s] Level 1:colcon.colcon_core.environment:checking '/home/edisonwong/dev_ws/install/serial_motor_demo_msgs/lib/pkgconfig/serial_motor_demo_msgs.pc'
[1.552s] Level 1:colcon.colcon_core.environment:checking '/home/edisonwong/dev_ws/install/serial_motor_demo_msgs/lib/python3.10/site-packages'
[1.553s] Level 1:colcon.colcon_core.environment:checking '/home/edisonwong/dev_ws/install/serial_motor_demo_msgs/bin'
[1.554s] INFO:colcon.colcon_core.shell:Creating package script '/home/edisonwong/dev_ws/install/serial_motor_demo_msgs/share/serial_motor_demo_msgs/package.ps1'
[1.554s] INFO:colcon.colcon_core.shell:Creating package descriptor '/home/edisonwong/dev_ws/install/serial_motor_demo_msgs/share/serial_motor_demo_msgs/package.dsv'
[1.555s] INFO:colcon.colcon_core.shell:Creating package script '/home/edisonwong/dev_ws/install/serial_motor_demo_msgs/share/serial_motor_demo_msgs/package.sh'
[1.555s] INFO:colcon.colcon_core.shell:Creating package script '/home/edisonwong/dev_ws/install/serial_motor_demo_msgs/share/serial_motor_demo_msgs/package.bash'
[1.555s] INFO:colcon.colcon_core.shell:Creating package script '/home/edisonwong/dev_ws/install/serial_motor_demo_msgs/share/serial_motor_demo_msgs/package.zsh'
[1.556s] Level 1:colcon.colcon_core.environment:create_file_with_runtime_dependencies(/home/edisonwong/dev_ws/install/serial_motor_demo_msgs/share/colcon-core/packages/serial_motor_demo_msgs)
[1.657s] Level 1:colcon.colcon_core.environment:create_environment_scripts_only(serial_motor_demo_msgs)
[1.659s] Level 1:colcon.colcon_core.environment:checking '/home/edisonwong/dev_ws/install/serial_motor_demo_msgs' for CMake module files
[1.659s] Level 1:colcon.colcon_core.environment:checking '/home/edisonwong/dev_ws/install/serial_motor_demo_msgs' for CMake config files
[1.660s] Level 1:colcon.colcon_core.shell:create_environment_hook('serial_motor_demo_msgs', 'cmake_prefix_path')
[1.661s] INFO:colcon.colcon_core.shell:Creating environment hook '/home/edisonwong/dev_ws/install/serial_motor_demo_msgs/share/serial_motor_demo_msgs/hook/cmake_prefix_path.ps1'
[1.662s] INFO:colcon.colcon_core.shell:Creating environment descriptor '/home/edisonwong/dev_ws/install/serial_motor_demo_msgs/share/serial_motor_demo_msgs/hook/cmake_prefix_path.dsv'
[1.662s] INFO:colcon.colcon_core.shell:Creating environment hook '/home/edisonwong/dev_ws/install/serial_motor_demo_msgs/share/serial_motor_demo_msgs/hook/cmake_prefix_path.sh'
[1.663s] Level 1:colcon.colcon_core.environment:checking '/home/edisonwong/dev_ws/install/serial_motor_demo_msgs/lib'
[1.663s] Level 1:colcon.colcon_core.shell:create_environment_hook('serial_motor_demo_msgs', 'ld_library_path_lib')
[1.664s] INFO:colcon.colcon_core.shell:Creating environment hook '/home/edisonwong/dev_ws/install/serial_motor_demo_msgs/share/serial_motor_demo_msgs/hook/ld_library_path_lib.ps1'
[1.665s] INFO:colcon.colcon_core.shell:Creating environment descriptor '/home/edisonwong/dev_ws/install/serial_motor_demo_msgs/share/serial_motor_demo_msgs/hook/ld_library_path_lib.dsv'
[1.665s] INFO:colcon.colcon_core.shell:Creating environment hook '/home/edisonwong/dev_ws/install/serial_motor_demo_msgs/share/serial_motor_demo_msgs/hook/ld_library_path_lib.sh'
[1.666s] Level 1:colcon.colcon_core.environment:checking '/home/edisonwong/dev_ws/install/serial_motor_demo_msgs/bin'
[1.666s] Level 1:colcon.colcon_core.environment:checking '/home/edisonwong/dev_ws/install/serial_motor_demo_msgs/lib/pkgconfig/serial_motor_demo_msgs.pc'
[1.666s] Level 1:colcon.colcon_core.environment:checking '/home/edisonwong/dev_ws/install/serial_motor_demo_msgs/lib/python3.10/site-packages'
[1.666s] Level 1:colcon.colcon_core.environment:checking '/home/edisonwong/dev_ws/install/serial_motor_demo_msgs/bin'
[1.668s] INFO:colcon.colcon_core.shell:Creating package script '/home/edisonwong/dev_ws/install/serial_motor_demo_msgs/share/serial_motor_demo_msgs/package.ps1'
[1.669s] INFO:colcon.colcon_core.shell:Creating package descriptor '/home/edisonwong/dev_ws/install/serial_motor_demo_msgs/share/serial_motor_demo_msgs/package.dsv'
[1.670s] INFO:colcon.colcon_core.shell:Creating package script '/home/edisonwong/dev_ws/install/serial_motor_demo_msgs/share/serial_motor_demo_msgs/package.sh'
[1.670s] INFO:colcon.colcon_core.shell:Creating package script '/home/edisonwong/dev_ws/install/serial_motor_demo_msgs/share/serial_motor_demo_msgs/package.bash'
[1.671s] INFO:colcon.colcon_core.shell:Creating package script '/home/edisonwong/dev_ws/install/serial_motor_demo_msgs/share/serial_motor_demo_msgs/package.zsh'
[1.671s] Level 1:colcon.colcon_core.environment:create_file_with_runtime_dependencies(/home/edisonwong/dev_ws/install/serial_motor_demo_msgs/share/colcon-core/packages/serial_motor_demo_msgs)
[1.672s] INFO:colcon.colcon_ros.task.ament_python.build:Building ROS package in '/home/edisonwong/dev_ws/serial_motor_demo/serial_motor_demo' with build type 'ament_python'
[1.672s] Level 1:colcon.colcon_core.shell:create_environment_hook('serial_motor_demo', 'ament_prefix_path')
[1.674s] INFO:colcon.colcon_core.shell:Creating environment hook '/home/edisonwong/dev_ws/install/serial_motor_demo/share/serial_motor_demo/hook/ament_prefix_path.ps1'
[1.675s] INFO:colcon.colcon_core.shell:Creating environment descriptor '/home/edisonwong/dev_ws/install/serial_motor_demo/share/serial_motor_demo/hook/ament_prefix_path.dsv'
[1.676s] INFO:colcon.colcon_core.shell:Creating environment hook '/home/edisonwong/dev_ws/install/serial_motor_demo/share/serial_motor_demo/hook/ament_prefix_path.sh'
[1.678s] INFO:colcon.colcon_core.shell:Skip shell extension 'powershell' for command environment: Not usable outside of PowerShell
[1.679s] DEBUG:colcon.colcon_core.shell:Skip shell extension 'dsv' for command environment
[1.991s] INFO:colcon.colcon_core.task.python.build:Building Python package in '/home/edisonwong/dev_ws/serial_motor_demo/serial_motor_demo'
[1.992s] INFO:colcon.colcon_core.shell:Skip shell extension 'powershell' for command environment: Not usable outside of PowerShell
[1.992s] DEBUG:colcon.colcon_core.shell:Skip shell extension 'dsv' for command environment
[2.545s] DEBUG:colcon.colcon_core.event_handler.log_command:Invoking command in '/home/edisonwong/dev_ws/build/serial_motor_demo': PYTHONPATH=/home/edisonwong/dev_ws/build/serial_motor_demo/prefix_override:/home/edisonwong/dev_ws/install/serial_motor_demo/lib/python3.10/site-packages:${PYTHONPATH} /usr/bin/python3 setup.py develop --editable --build-directory /home/edisonwong/dev_ws/build/serial_motor_demo/build --no-deps install_data
[3.141s] Level 1:colcon.colcon_core.shell:create_environment_hook('serial_motor_demo', 'pythonpath_develop')
[3.142s] INFO:colcon.colcon_core.shell:Creating environment hook '/home/edisonwong/dev_ws/build/serial_motor_demo/share/serial_motor_demo/hook/pythonpath_develop.ps1'
[3.143s] DEBUG:colcon.colcon_core.event_handler.log_command:Invoked command in '/home/edisonwong/dev_ws/build/serial_motor_demo' returned '0': PYTHONPATH=/home/edisonwong/dev_ws/build/serial_motor_demo/prefix_override:/home/edisonwong/dev_ws/install/serial_motor_demo/lib/python3.10/site-packages:${PYTHONPATH} /usr/bin/python3 setup.py develop --editable --build-directory /home/edisonwong/dev_ws/build/serial_motor_demo/build --no-deps install_data
[3.143s] INFO:colcon.colcon_core.shell:Creating environment descriptor '/home/edisonwong/dev_ws/build/serial_motor_demo/share/serial_motor_demo/hook/pythonpath_develop.dsv'
[3.143s] INFO:colcon.colcon_core.shell:Creating environment hook '/home/edisonwong/dev_ws/build/serial_motor_demo/share/serial_motor_demo/hook/pythonpath_develop.sh'
[3.146s] Level 1:colcon.colcon_core.environment:checking '/home/edisonwong/dev_ws/install/serial_motor_demo' for CMake module files
[3.146s] Level 1:colcon.colcon_core.environment:checking '/home/edisonwong/dev_ws/install/serial_motor_demo' for CMake config files
[3.146s] Level 1:colcon.colcon_core.environment:checking '/home/edisonwong/dev_ws/install/serial_motor_demo/lib'
[3.146s] Level 1:colcon.colcon_core.environment:checking '/home/edisonwong/dev_ws/install/serial_motor_demo/bin'
[3.147s] Level 1:colcon.colcon_core.environment:checking '/home/edisonwong/dev_ws/install/serial_motor_demo/lib/pkgconfig/serial_motor_demo.pc'
[3.147s] Level 1:colcon.colcon_core.environment:checking '/home/edisonwong/dev_ws/install/serial_motor_demo/lib/python3.10/site-packages'
[3.147s] Level 1:colcon.colcon_core.shell:create_environment_hook('serial_motor_demo', 'pythonpath')
[3.148s] INFO:colcon.colcon_core.shell:Creating environment hook '/home/edisonwong/dev_ws/install/serial_motor_demo/share/serial_motor_demo/hook/pythonpath.ps1'
[3.148s] INFO:colcon.colcon_core.shell:Creating environment descriptor '/home/edisonwong/dev_ws/install/serial_motor_demo/share/serial_motor_demo/hook/pythonpath.dsv'
[3.149s] INFO:colcon.colcon_core.shell:Creating environment hook '/home/edisonwong/dev_ws/install/serial_motor_demo/share/serial_motor_demo/hook/pythonpath.sh'
[3.149s] Level 1:colcon.colcon_core.environment:checking '/home/edisonwong/dev_ws/install/serial_motor_demo/bin'
[3.149s] Level 1:colcon.colcon_core.environment:create_environment_scripts_only(serial_motor_demo)
[3.151s] INFO:colcon.colcon_core.shell:Creating package script '/home/edisonwong/dev_ws/install/serial_motor_demo/share/serial_motor_demo/package.ps1'
[3.151s] INFO:colcon.colcon_core.shell:Creating package descriptor '/home/edisonwong/dev_ws/install/serial_motor_demo/share/serial_motor_demo/package.dsv'
[3.152s] INFO:colcon.colcon_core.shell:Creating package script '/home/edisonwong/dev_ws/install/serial_motor_demo/share/serial_motor_demo/package.sh'
[3.152s] INFO:colcon.colcon_core.shell:Creating package script '/home/edisonwong/dev_ws/install/serial_motor_demo/share/serial_motor_demo/package.bash'
[3.152s] INFO:colcon.colcon_core.shell:Creating package script '/home/edisonwong/dev_ws/install/serial_motor_demo/share/serial_motor_demo/package.zsh'
[3.153s] Level 1:colcon.colcon_core.environment:create_file_with_runtime_dependencies(/home/edisonwong/dev_ws/install/serial_motor_demo/share/colcon-core/packages/serial_motor_demo)
[3.153s] DEBUG:colcon.colcon_parallel_executor.executor.parallel:closing loop
[3.153s] DEBUG:colcon.colcon_parallel_executor.executor.parallel:loop closed
[3.154s] DEBUG:colcon.colcon_parallel_executor.executor.parallel:run_until_complete finished with '0'
[3.154s] DEBUG:colcon.colcon_core.event_reactor:joining thread
[3.162s] INFO:colcon.colcon_core.plugin_system:Skipping extension 'colcon_notification.desktop_notification.terminal_notifier': Not used on non-Darwin systems
[3.162s] INFO:colcon.colcon_core.plugin_system:Skipping extension 'colcon_notification.desktop_notification.win32': Not used on non-Windows systems
[3.162s] INFO:colcon.colcon_notification.desktop_notification:Sending desktop notification using 'notify2'
[3.216s] DEBUG:colcon.colcon_core.event_reactor:joined thread
[3.219s] INFO:colcon.colcon_core.shell:Creating prefix script '/home/edisonwong/dev_ws/install/local_setup.ps1'
[3.220s] INFO:colcon.colcon_core.shell:Creating prefix util module '/home/edisonwong/dev_ws/install/_local_setup_util_ps1.py'
[3.223s] INFO:colcon.colcon_core.shell:Creating prefix chain script '/home/edisonwong/dev_ws/install/setup.ps1'
[3.225s] INFO:colcon.colcon_core.shell:Creating prefix script '/home/edisonwong/dev_ws/install/local_setup.sh'
[3.226s] INFO:colcon.colcon_core.shell:Creating prefix util module '/home/edisonwong/dev_ws/install/_local_setup_util_sh.py'
[3.227s] INFO:colcon.colcon_core.shell:Creating prefix chain script '/home/edisonwong/dev_ws/install/setup.sh'
[3.230s] INFO:colcon.colcon_core.shell:Creating prefix script '/home/edisonwong/dev_ws/install/local_setup.bash'
[3.230s] INFO:colcon.colcon_core.shell:Creating prefix chain script '/home/edisonwong/dev_ws/install/setup.bash'
[3.232s] INFO:colcon.colcon_core.shell:Creating prefix script '/home/edisonwong/dev_ws/install/local_setup.zsh'
[3.233s] INFO:colcon.colcon_core.shell:Creating prefix chain script '/home/edisonwong/dev_ws/install/setup.zsh'
