[4.345s] Invoking command in '/home/edisonwong/dev_ws/build/serial_motor_demo': PYTHONPATH=/home/edisonwong/dev_ws/build/serial_motor_demo/prefix_override:/home/edisonwong/dev_ws/install/serial_motor_demo/lib/python3.10/site-packages:${PYTHONPATH} /usr/bin/python3 setup.py develop --editable --build-directory /home/edisonwong/dev_ws/build/serial_motor_demo/build --no-deps install_data
[5.514s] /usr/lib/python3/dist-packages/setuptools/dist.py:723: UserWarning: Usage of dash-separated 'script-dir' will not be supported in future versions. Please use the underscore name 'script_dir' instead
[5.514s]   warnings.warn(
[5.634s] running develop
[5.636s] /usr/lib/python3/dist-packages/setuptools/command/easy_install.py:158: EasyInstallDeprecationWarning: easy_install command is deprecated. Use build and pip and other standards-based tools.
[5.636s]   warnings.warn(
[5.644s] /usr/lib/python3/dist-packages/setuptools/command/install.py:34: SetuptoolsDeprecationWarning: setup.py install is deprecated. Use build and pip and other standards-based tools.
[5.644s]   warnings.warn(
[5.961s] /usr/lib/python3/dist-packages/pkg_resources/__init__.py:116: PkgResourcesDeprecationWarning: 1.16.0-unknown is an invalid version and will not be supported in a future release
[5.961s]   warnings.warn(
[5.963s] /usr/lib/python3/dist-packages/pkg_resources/__init__.py:116: PkgResourcesDeprecationWarning: 0.1.43ubuntu1 is an invalid version and will not be supported in a future release
[5.963s]   warnings.warn(
[5.964s] /usr/lib/python3/dist-packages/pkg_resources/__init__.py:116: PkgResourcesDeprecationWarning: 1.1build1 is an invalid version and will not be supported in a future release
[5.965s]   warnings.warn(
[5.966s] /usr/lib/python3/dist-packages/pkg_resources/__init__.py:116: PkgResourcesDeprecationWarning: 1.12.1-git20200711.33e2d80-dfsg1-0.6 is an invalid version and will not be supported in a future release
[5.967s]   warnings.warn(
[6.553s] running egg_info
[6.554s] writing serial_motor_demo.egg-info/PKG-INFO
[6.555s] writing dependency_links to serial_motor_demo.egg-info/dependency_links.txt
[6.555s] writing entry points to serial_motor_demo.egg-info/entry_points.txt
[6.558s] writing requirements to serial_motor_demo.egg-info/requires.txt
[6.559s] writing top-level names to serial_motor_demo.egg-info/top_level.txt
[6.567s] reading manifest file 'serial_motor_demo.egg-info/SOURCES.txt'
[6.571s] writing manifest file 'serial_motor_demo.egg-info/SOURCES.txt'
[6.771s] running build_ext
[6.772s] Creating /home/edisonwong/dev_ws/install/serial_motor_demo/lib/python3.10/site-packages/serial-motor-demo.egg-link (link to .)
[6.778s] Installing driver script to /home/edisonwong/dev_ws/install/serial_motor_demo/lib/serial_motor_demo
[6.778s] Installing gui script to /home/edisonwong/dev_ws/install/serial_motor_demo/lib/serial_motor_demo
[6.780s] 
[6.781s] Installed /home/edisonwong/dev_ws/build/serial_motor_demo
[6.781s] running install_data
[6.966s] Invoked command in '/home/edisonwong/dev_ws/build/serial_motor_demo' returned '0': PYTHONPATH=/home/edisonwong/dev_ws/build/serial_motor_demo/prefix_override:/home/edisonwong/dev_ws/install/serial_motor_demo/lib/python3.10/site-packages:${PYTHONPATH} /usr/bin/python3 setup.py develop --editable --build-directory /home/edisonwong/dev_ws/build/serial_motor_demo/build --no-deps install_data
