[0.592s] DEBUG:colcon:Command line arguments: ['/usr/bin/colcon', 'build', '--symlink-install']
[0.592s] DEBUG:colcon:Parsed command line arguments: Namespace(log_base=None, log_level=None, verb_name='build', build_base='build', install_base='install', merge_install=False, symlink_install=True, test_result_base=None, continue_on_error=False, executor='parallel', parallel_workers=8, event_handlers=None, ignore_user_meta=False, metas=['./colcon.meta'], base_paths=['.'], packages_ignore=None, packages_ignore_regex=None, paths=None, packages_up_to=None, packages_up_to_regex=None, packages_above=None, packages_above_and_dependencies=None, packages_above_depth=None, packages_select_by_dep=None, packages_skip_by_dep=None, packages_skip_up_to=None, packages_select_build_failed=False, packages_skip_build_finished=False, packages_select_test_failures=False, packages_skip_test_passed=False, packages_select=None, packages_skip=None, packages_select_regex=None, packages_skip_regex=None, packages_start=None, packages_end=None, allow_overriding=[], cmake_args=None, cmake_target=None, cmake_target_skip_unavailable=False, cmake_clean_cache=False, cmake_clean_first=False, cmake_force_configure=False, ament_cmake_args=None, catkin_cmake_args=None, catkin_skip_building_tests=False, verb_parser=<colcon_defaults.argument_parser.defaults.DefaultArgumentsDecorator object at 0x7f4f7e12b9d0>, verb_extension=<colcon_core.verb.build.BuildVerb object at 0x7f4f7eaf5570>, main=<bound method BuildVerb.main of <colcon_core.verb.build.BuildVerb object at 0x7f4f7eaf5570>>)
[0.643s] Level 1:colcon.colcon_core.package_discovery:discover_packages(colcon_meta) check parameters
[0.643s] Level 1:colcon.colcon_core.package_discovery:discover_packages(recursive) check parameters
[0.643s] Level 1:colcon.colcon_core.package_discovery:discover_packages(ignore) check parameters
[0.643s] Level 1:colcon.colcon_core.package_discovery:discover_packages(path) check parameters
[0.643s] Level 1:colcon.colcon_core.package_discovery:discover_packages(colcon_meta) discover
[0.643s] Level 1:colcon.colcon_core.package_discovery:discover_packages(recursive) discover
[0.643s] INFO:colcon.colcon_core.package_discovery:Crawling recursively for packages in '/home/edisonwong/dev_ws/src'
[0.643s] Level 1:colcon.colcon_core.package_identification:_identify(.) by extensions ['ignore', 'ignore_ament_install']
[0.643s] Level 1:colcon.colcon_core.package_identification:_identify(.) by extension 'ignore'
[0.644s] Level 1:colcon.colcon_core.package_identification:_identify(.) by extension 'ignore_ament_install'
[0.644s] Level 1:colcon.colcon_core.package_identification:_identify(.) by extensions ['colcon_pkg']
[0.644s] Level 1:colcon.colcon_core.package_identification:_identify(.) by extension 'colcon_pkg'
[0.644s] Level 1:colcon.colcon_core.package_identification:_identify(.) by extensions ['colcon_meta']
[0.644s] Level 1:colcon.colcon_core.package_identification:_identify(.) by extension 'colcon_meta'
[0.644s] Level 1:colcon.colcon_core.package_identification:_identify(.) by extensions ['ros']
[0.644s] Level 1:colcon.colcon_core.package_identification:_identify(.) by extension 'ros'
[0.658s] Level 1:colcon.colcon_core.package_identification:_identify(.) by extensions ['cmake', 'python']
[0.658s] Level 1:colcon.colcon_core.package_identification:_identify(.) by extension 'cmake'
[0.658s] Level 1:colcon.colcon_core.package_identification:_identify(.) by extension 'python'
[0.658s] Level 1:colcon.colcon_core.package_identification:_identify(.) by extensions ['python_setup_py']
[0.658s] Level 1:colcon.colcon_core.package_identification:_identify(.) by extension 'python_setup_py'
[0.658s] Level 1:colcon.colcon_core.package_identification:_identify(build) by extensions ['ignore', 'ignore_ament_install']
[0.658s] Level 1:colcon.colcon_core.package_identification:_identify(build) by extension 'ignore'
[0.658s] Level 1:colcon.colcon_core.package_identification:_identify(build) ignored
[0.659s] Level 1:colcon.colcon_core.package_identification:_identify(diffdrive_arduino) by extensions ['ignore', 'ignore_ament_install']
[0.659s] Level 1:colcon.colcon_core.package_identification:_identify(diffdrive_arduino) by extension 'ignore'
[0.659s] Level 1:colcon.colcon_core.package_identification:_identify(diffdrive_arduino) by extension 'ignore_ament_install'
[0.659s] Level 1:colcon.colcon_core.package_identification:_identify(diffdrive_arduino) by extensions ['colcon_pkg']
[0.659s] Level 1:colcon.colcon_core.package_identification:_identify(diffdrive_arduino) by extension 'colcon_pkg'
[0.659s] Level 1:colcon.colcon_core.package_identification:_identify(diffdrive_arduino) by extensions ['colcon_meta']
[0.659s] Level 1:colcon.colcon_core.package_identification:_identify(diffdrive_arduino) by extension 'colcon_meta'
[0.659s] Level 1:colcon.colcon_core.package_identification:_identify(diffdrive_arduino) by extensions ['ros']
[0.659s] Level 1:colcon.colcon_core.package_identification:_identify(diffdrive_arduino) by extension 'ros'
[0.664s] DEBUG:colcon.colcon_core.package_identification:Package 'diffdrive_arduino' with type 'ros.ament_cmake' and name 'diffdrive_arduino'
[0.665s] Level 1:colcon.colcon_core.package_identification:_identify(install) by extensions ['ignore', 'ignore_ament_install']
[0.665s] Level 1:colcon.colcon_core.package_identification:_identify(install) by extension 'ignore'
[0.665s] Level 1:colcon.colcon_core.package_identification:_identify(install) ignored
[0.665s] Level 1:colcon.colcon_core.package_identification:_identify(log) by extensions ['ignore', 'ignore_ament_install']
[0.665s] Level 1:colcon.colcon_core.package_identification:_identify(log) by extension 'ignore'
[0.665s] Level 1:colcon.colcon_core.package_identification:_identify(log) ignored
[0.665s] Level 1:colcon.colcon_core.package_identification:_identify(my_bot) by extensions ['ignore', 'ignore_ament_install']
[0.665s] Level 1:colcon.colcon_core.package_identification:_identify(my_bot) by extension 'ignore'
[0.665s] Level 1:colcon.colcon_core.package_identification:_identify(my_bot) by extension 'ignore_ament_install'
[0.665s] Level 1:colcon.colcon_core.package_identification:_identify(my_bot) by extensions ['colcon_pkg']
[0.665s] Level 1:colcon.colcon_core.package_identification:_identify(my_bot) by extension 'colcon_pkg'
[0.665s] Level 1:colcon.colcon_core.package_identification:_identify(my_bot) by extensions ['colcon_meta']
[0.665s] Level 1:colcon.colcon_core.package_identification:_identify(my_bot) by extension 'colcon_meta'
[0.666s] Level 1:colcon.colcon_core.package_identification:_identify(my_bot) by extensions ['ros']
[0.666s] Level 1:colcon.colcon_core.package_identification:_identify(my_bot) by extension 'ros'
[0.666s] DEBUG:colcon.colcon_core.package_identification:Package 'my_bot' with type 'ros.ament_cmake' and name 'my_bot'
[0.667s] Level 1:colcon.colcon_core.package_identification:_identify(serial) by extensions ['ignore', 'ignore_ament_install']
[0.667s] Level 1:colcon.colcon_core.package_identification:_identify(serial) by extension 'ignore'
[0.667s] Level 1:colcon.colcon_core.package_identification:_identify(serial) by extension 'ignore_ament_install'
[0.667s] Level 1:colcon.colcon_core.package_identification:_identify(serial) by extensions ['colcon_pkg']
[0.667s] Level 1:colcon.colcon_core.package_identification:_identify(serial) by extension 'colcon_pkg'
[0.667s] Level 1:colcon.colcon_core.package_identification:_identify(serial) by extensions ['colcon_meta']
[0.667s] Level 1:colcon.colcon_core.package_identification:_identify(serial) by extension 'colcon_meta'
[0.667s] Level 1:colcon.colcon_core.package_identification:_identify(serial) by extensions ['ros']
[0.667s] Level 1:colcon.colcon_core.package_identification:_identify(serial) by extension 'ros'
[0.668s] DEBUG:colcon.colcon_core.package_identification:Package 'serial' with type 'ros.ament_cmake' and name 'serial'
[0.668s] Level 1:colcon.colcon_core.package_discovery:discover_packages(recursive) using defaults
[0.668s] Level 1:colcon.colcon_core.package_discovery:discover_packages(ignore) discover
[0.668s] Level 1:colcon.colcon_core.package_discovery:discover_packages(ignore) using defaults
[0.668s] Level 1:colcon.colcon_core.package_discovery:discover_packages(path) discover
[0.668s] Level 1:colcon.colcon_core.package_discovery:discover_packages(path) using defaults
[0.702s] Level 1:colcon.colcon_core.package_discovery:discover_packages(prefix_path) check parameters
[0.702s] Level 1:colcon.colcon_core.package_discovery:discover_packages(prefix_path) discover
[0.707s] DEBUG:colcon.colcon_installed_package_information.package_discovery:Found 4 installed packages in /home/edisonwong/dev_ws/install
[0.710s] DEBUG:colcon.colcon_installed_package_information.package_discovery:Found 324 installed packages in /opt/ros/humble
[0.712s] Level 1:colcon.colcon_core.package_discovery:discover_packages(prefix_path) using defaults
[0.816s] Level 5:colcon.colcon_core.verb:set package 'my_bot' build argument 'cmake_args' from command line to 'None'
[0.816s] Level 5:colcon.colcon_core.verb:set package 'my_bot' build argument 'cmake_target' from command line to 'None'
[0.816s] Level 5:colcon.colcon_core.verb:set package 'my_bot' build argument 'cmake_target_skip_unavailable' from command line to 'False'
[0.816s] Level 5:colcon.colcon_core.verb:set package 'my_bot' build argument 'cmake_clean_cache' from command line to 'False'
[0.816s] Level 5:colcon.colcon_core.verb:set package 'my_bot' build argument 'cmake_clean_first' from command line to 'False'
[0.816s] Level 5:colcon.colcon_core.verb:set package 'my_bot' build argument 'cmake_force_configure' from command line to 'False'
[0.816s] Level 5:colcon.colcon_core.verb:set package 'my_bot' build argument 'ament_cmake_args' from command line to 'None'
[0.816s] Level 5:colcon.colcon_core.verb:set package 'my_bot' build argument 'catkin_cmake_args' from command line to 'None'
[0.816s] Level 5:colcon.colcon_core.verb:set package 'my_bot' build argument 'catkin_skip_building_tests' from command line to 'False'
[0.816s] DEBUG:colcon.colcon_core.verb:Building package 'my_bot' with the following arguments: {'ament_cmake_args': None, 'build_base': '/home/edisonwong/dev_ws/src/build/my_bot', 'catkin_cmake_args': None, 'catkin_skip_building_tests': False, 'cmake_args': None, 'cmake_clean_cache': False, 'cmake_clean_first': False, 'cmake_force_configure': False, 'cmake_target': None, 'cmake_target_skip_unavailable': False, 'install_base': '/home/edisonwong/dev_ws/src/install/my_bot', 'merge_install': False, 'path': '/home/edisonwong/dev_ws/src/my_bot', 'symlink_install': True, 'test_result_base': None}
[0.818s] Level 5:colcon.colcon_core.verb:set package 'serial' build argument 'cmake_args' from command line to 'None'
[0.818s] Level 5:colcon.colcon_core.verb:set package 'serial' build argument 'cmake_target' from command line to 'None'
[0.818s] Level 5:colcon.colcon_core.verb:set package 'serial' build argument 'cmake_target_skip_unavailable' from command line to 'False'
[0.818s] Level 5:colcon.colcon_core.verb:set package 'serial' build argument 'cmake_clean_cache' from command line to 'False'
[0.818s] Level 5:colcon.colcon_core.verb:set package 'serial' build argument 'cmake_clean_first' from command line to 'False'
[0.818s] Level 5:colcon.colcon_core.verb:set package 'serial' build argument 'cmake_force_configure' from command line to 'False'
[0.818s] Level 5:colcon.colcon_core.verb:set package 'serial' build argument 'ament_cmake_args' from command line to 'None'
[0.818s] Level 5:colcon.colcon_core.verb:set package 'serial' build argument 'catkin_cmake_args' from command line to 'None'
[0.818s] Level 5:colcon.colcon_core.verb:set package 'serial' build argument 'catkin_skip_building_tests' from command line to 'False'
[0.818s] DEBUG:colcon.colcon_core.verb:Building package 'serial' with the following arguments: {'ament_cmake_args': None, 'build_base': '/home/edisonwong/dev_ws/src/build/serial', 'catkin_cmake_args': None, 'catkin_skip_building_tests': False, 'cmake_args': None, 'cmake_clean_cache': False, 'cmake_clean_first': False, 'cmake_force_configure': False, 'cmake_target': None, 'cmake_target_skip_unavailable': False, 'install_base': '/home/edisonwong/dev_ws/src/install/serial', 'merge_install': False, 'path': '/home/edisonwong/dev_ws/src/serial', 'symlink_install': True, 'test_result_base': None}
[0.819s] Level 5:colcon.colcon_core.verb:set package 'diffdrive_arduino' build argument 'cmake_args' from command line to 'None'
[0.819s] Level 5:colcon.colcon_core.verb:set package 'diffdrive_arduino' build argument 'cmake_target' from command line to 'None'
[0.819s] Level 5:colcon.colcon_core.verb:set package 'diffdrive_arduino' build argument 'cmake_target_skip_unavailable' from command line to 'False'
[0.819s] Level 5:colcon.colcon_core.verb:set package 'diffdrive_arduino' build argument 'cmake_clean_cache' from command line to 'False'
[0.819s] Level 5:colcon.colcon_core.verb:set package 'diffdrive_arduino' build argument 'cmake_clean_first' from command line to 'False'
[0.819s] Level 5:colcon.colcon_core.verb:set package 'diffdrive_arduino' build argument 'cmake_force_configure' from command line to 'False'
[0.819s] Level 5:colcon.colcon_core.verb:set package 'diffdrive_arduino' build argument 'ament_cmake_args' from command line to 'None'
[0.819s] Level 5:colcon.colcon_core.verb:set package 'diffdrive_arduino' build argument 'catkin_cmake_args' from command line to 'None'
[0.819s] Level 5:colcon.colcon_core.verb:set package 'diffdrive_arduino' build argument 'catkin_skip_building_tests' from command line to 'False'
[0.819s] DEBUG:colcon.colcon_core.verb:Building package 'diffdrive_arduino' with the following arguments: {'ament_cmake_args': None, 'build_base': '/home/edisonwong/dev_ws/src/build/diffdrive_arduino', 'catkin_cmake_args': None, 'catkin_skip_building_tests': False, 'cmake_args': None, 'cmake_clean_cache': False, 'cmake_clean_first': False, 'cmake_force_configure': False, 'cmake_target': None, 'cmake_target_skip_unavailable': False, 'install_base': '/home/edisonwong/dev_ws/src/install/diffdrive_arduino', 'merge_install': False, 'path': '/home/edisonwong/dev_ws/src/diffdrive_arduino', 'symlink_install': True, 'test_result_base': None}
[0.820s] INFO:colcon.colcon_core.executor:Executing jobs using 'parallel' executor
[0.823s] DEBUG:colcon.colcon_parallel_executor.executor.parallel:run_until_complete
[0.823s] INFO:colcon.colcon_ros.task.ament_cmake.build:Building ROS package in '/home/edisonwong/dev_ws/src/serial' with build type 'ament_cmake'
[0.824s] INFO:colcon.colcon_cmake.task.cmake.build:Building CMake package in '/home/edisonwong/dev_ws/src/serial'
[0.833s] INFO:colcon.colcon_core.plugin_system:Skipping extension 'colcon_core.shell.bat': Not used on non-Windows systems
[0.833s] INFO:colcon.colcon_core.shell:Skip shell extension 'powershell' for command environment: Not usable outside of PowerShell
[0.833s] DEBUG:colcon.colcon_core.shell:Skip shell extension 'dsv' for command environment
[0.841s] INFO:colcon.colcon_ros.task.ament_cmake.build:Building ROS package in '/home/edisonwong/dev_ws/src/my_bot' with build type 'ament_cmake'
[0.841s] INFO:colcon.colcon_cmake.task.cmake.build:Building CMake package in '/home/edisonwong/dev_ws/src/my_bot'
[0.843s] INFO:colcon.colcon_core.shell:Skip shell extension 'powershell' for command environment: Not usable outside of PowerShell
[0.843s] DEBUG:colcon.colcon_core.shell:Skip shell extension 'dsv' for command environment
[0.851s] DEBUG:colcon.colcon_core.event_handler.log_command:Invoking command in '/home/edisonwong/dev_ws/src/build/serial': CMAKE_PREFIX_PATH=${CMAKE_PREFIX_PATH}:/home/edisonwong/dev_ws/install/serial_motor_demo:/opt/ros/humble /usr/bin/cmake /home/edisonwong/dev_ws/src/serial -DAMENT_CMAKE_SYMLINK_INSTALL=1 -DCMAKE_INSTALL_PREFIX=/home/edisonwong/dev_ws/src/install/serial
[0.860s] DEBUG:colcon.colcon_core.event_handler.log_command:Invoking command in '/home/edisonwong/dev_ws/src/build/my_bot': CMAKE_PREFIX_PATH=${CMAKE_PREFIX_PATH}:/home/edisonwong/dev_ws/install/serial_motor_demo:/opt/ros/humble /usr/bin/cmake /home/edisonwong/dev_ws/src/my_bot -DAMENT_CMAKE_SYMLINK_INSTALL=1 -DCMAKE_INSTALL_PREFIX=/home/edisonwong/dev_ws/src/install/my_bot
[1.785s] DEBUG:colcon.colcon_core.event_handler.log_command:Invoked command in '/home/edisonwong/dev_ws/src/build/my_bot' returned '0': CMAKE_PREFIX_PATH=${CMAKE_PREFIX_PATH}:/home/edisonwong/dev_ws/install/serial_motor_demo:/opt/ros/humble /usr/bin/cmake /home/edisonwong/dev_ws/src/my_bot -DAMENT_CMAKE_SYMLINK_INSTALL=1 -DCMAKE_INSTALL_PREFIX=/home/edisonwong/dev_ws/src/install/my_bot
[1.787s] DEBUG:colcon.colcon_core.event_handler.log_command:Invoking command in '/home/edisonwong/dev_ws/src/build/my_bot': CMAKE_PREFIX_PATH=${CMAKE_PREFIX_PATH}:/home/edisonwong/dev_ws/install/serial_motor_demo:/opt/ros/humble /usr/bin/cmake --build /home/edisonwong/dev_ws/src/build/my_bot -- -j8 -l8
[1.827s] DEBUG:colcon.colcon_core.event_handler.log_command:Invoked command in '/home/edisonwong/dev_ws/src/build/my_bot' returned '0': CMAKE_PREFIX_PATH=${CMAKE_PREFIX_PATH}:/home/edisonwong/dev_ws/install/serial_motor_demo:/opt/ros/humble /usr/bin/cmake --build /home/edisonwong/dev_ws/src/build/my_bot -- -j8 -l8
[1.861s] DEBUG:colcon.colcon_core.event_handler.log_command:Invoking command in '/home/edisonwong/dev_ws/src/build/my_bot': CMAKE_PREFIX_PATH=${CMAKE_PREFIX_PATH}:/home/edisonwong/dev_ws/install/serial_motor_demo:/opt/ros/humble /usr/bin/cmake --install /home/edisonwong/dev_ws/src/build/my_bot
[1.929s] DEBUG:colcon.colcon_core.event_handler.log_command:Invoked command in '/home/edisonwong/dev_ws/src/build/serial' returned '0': CMAKE_PREFIX_PATH=${CMAKE_PREFIX_PATH}:/home/edisonwong/dev_ws/install/serial_motor_demo:/opt/ros/humble /usr/bin/cmake /home/edisonwong/dev_ws/src/serial -DAMENT_CMAKE_SYMLINK_INSTALL=1 -DCMAKE_INSTALL_PREFIX=/home/edisonwong/dev_ws/src/install/serial
[1.931s] DEBUG:colcon.colcon_core.event_handler.log_command:Invoking command in '/home/edisonwong/dev_ws/src/build/serial': CMAKE_PREFIX_PATH=${CMAKE_PREFIX_PATH}:/home/edisonwong/dev_ws/install/serial_motor_demo:/opt/ros/humble /usr/bin/cmake --build /home/edisonwong/dev_ws/src/build/serial -- -j8 -l8
[2.322s] Level 1:colcon.colcon_core.environment:create_environment_scripts_only(my_bot)
[2.325s] DEBUG:colcon.colcon_core.event_handler.log_command:Invoked command in '/home/edisonwong/dev_ws/src/build/my_bot' returned '0': CMAKE_PREFIX_PATH=${CMAKE_PREFIX_PATH}:/home/edisonwong/dev_ws/install/serial_motor_demo:/opt/ros/humble /usr/bin/cmake --install /home/edisonwong/dev_ws/src/build/my_bot
[2.346s] Level 1:colcon.colcon_core.environment:checking '/home/edisonwong/dev_ws/src/install/my_bot' for CMake module files
[2.349s] Level 1:colcon.colcon_core.environment:checking '/home/edisonwong/dev_ws/src/install/my_bot' for CMake config files
[2.349s] Level 1:colcon.colcon_core.shell:create_environment_hook('my_bot', 'cmake_prefix_path')
[2.355s] INFO:colcon.colcon_core.shell:Creating environment hook '/home/edisonwong/dev_ws/src/install/my_bot/share/my_bot/hook/cmake_prefix_path.ps1'
[2.357s] INFO:colcon.colcon_core.shell:Creating environment descriptor '/home/edisonwong/dev_ws/src/install/my_bot/share/my_bot/hook/cmake_prefix_path.dsv'
[2.359s] INFO:colcon.colcon_core.shell:Creating environment hook '/home/edisonwong/dev_ws/src/install/my_bot/share/my_bot/hook/cmake_prefix_path.sh'
[2.361s] Level 1:colcon.colcon_core.environment:checking '/home/edisonwong/dev_ws/src/install/my_bot/bin'
[2.362s] Level 1:colcon.colcon_core.environment:checking '/home/edisonwong/dev_ws/src/install/my_bot/lib/pkgconfig/my_bot.pc'
[2.362s] Level 1:colcon.colcon_core.environment:checking '/home/edisonwong/dev_ws/src/install/my_bot/lib/python3.10/site-packages'
[2.363s] Level 1:colcon.colcon_core.environment:checking '/home/edisonwong/dev_ws/src/install/my_bot/bin'
[2.367s] INFO:colcon.colcon_core.shell:Creating package script '/home/edisonwong/dev_ws/src/install/my_bot/share/my_bot/package.ps1'
[2.369s] INFO:colcon.colcon_core.shell:Creating package descriptor '/home/edisonwong/dev_ws/src/install/my_bot/share/my_bot/package.dsv'
[2.369s] INFO:colcon.colcon_core.shell:Creating package script '/home/edisonwong/dev_ws/src/install/my_bot/share/my_bot/package.sh'
[2.371s] INFO:colcon.colcon_core.shell:Creating package script '/home/edisonwong/dev_ws/src/install/my_bot/share/my_bot/package.bash'
[2.372s] INFO:colcon.colcon_core.shell:Creating package script '/home/edisonwong/dev_ws/src/install/my_bot/share/my_bot/package.zsh'
[2.373s] Level 1:colcon.colcon_core.environment:create_file_with_runtime_dependencies(/home/edisonwong/dev_ws/src/install/my_bot/share/colcon-core/packages/my_bot)
[2.416s] Level 1:colcon.colcon_core.environment:create_environment_scripts_only(my_bot)
[2.420s] Level 1:colcon.colcon_core.environment:checking '/home/edisonwong/dev_ws/src/install/my_bot' for CMake module files
[2.421s] Level 1:colcon.colcon_core.environment:checking '/home/edisonwong/dev_ws/src/install/my_bot' for CMake config files
[2.422s] Level 1:colcon.colcon_core.shell:create_environment_hook('my_bot', 'cmake_prefix_path')
[2.425s] INFO:colcon.colcon_core.shell:Creating environment hook '/home/edisonwong/dev_ws/src/install/my_bot/share/my_bot/hook/cmake_prefix_path.ps1'
[2.426s] INFO:colcon.colcon_core.shell:Creating environment descriptor '/home/edisonwong/dev_ws/src/install/my_bot/share/my_bot/hook/cmake_prefix_path.dsv'
[2.426s] INFO:colcon.colcon_core.shell:Creating environment hook '/home/edisonwong/dev_ws/src/install/my_bot/share/my_bot/hook/cmake_prefix_path.sh'
[2.427s] Level 1:colcon.colcon_core.environment:checking '/home/edisonwong/dev_ws/src/install/my_bot/bin'
[2.427s] Level 1:colcon.colcon_core.environment:checking '/home/edisonwong/dev_ws/src/install/my_bot/lib/pkgconfig/my_bot.pc'
[2.428s] Level 1:colcon.colcon_core.environment:checking '/home/edisonwong/dev_ws/src/install/my_bot/lib/python3.10/site-packages'
[2.428s] Level 1:colcon.colcon_core.environment:checking '/home/edisonwong/dev_ws/src/install/my_bot/bin'
[2.431s] INFO:colcon.colcon_core.shell:Creating package script '/home/edisonwong/dev_ws/src/install/my_bot/share/my_bot/package.ps1'
[2.433s] INFO:colcon.colcon_core.shell:Creating package descriptor '/home/edisonwong/dev_ws/src/install/my_bot/share/my_bot/package.dsv'
[2.434s] INFO:colcon.colcon_core.shell:Creating package script '/home/edisonwong/dev_ws/src/install/my_bot/share/my_bot/package.sh'
[2.435s] INFO:colcon.colcon_core.shell:Creating package script '/home/edisonwong/dev_ws/src/install/my_bot/share/my_bot/package.bash'
[2.436s] INFO:colcon.colcon_core.shell:Creating package script '/home/edisonwong/dev_ws/src/install/my_bot/share/my_bot/package.zsh'
[2.436s] Level 1:colcon.colcon_core.environment:create_file_with_runtime_dependencies(/home/edisonwong/dev_ws/src/install/my_bot/share/colcon-core/packages/my_bot)
[7.583s] DEBUG:colcon.colcon_core.event_handler.log_command:Invoked command in '/home/edisonwong/dev_ws/src/build/serial' returned '0': CMAKE_PREFIX_PATH=${CMAKE_PREFIX_PATH}:/home/edisonwong/dev_ws/install/serial_motor_demo:/opt/ros/humble /usr/bin/cmake --build /home/edisonwong/dev_ws/src/build/serial -- -j8 -l8
[7.622s] DEBUG:colcon.colcon_core.event_handler.log_command:Invoking command in '/home/edisonwong/dev_ws/src/build/serial': CMAKE_PREFIX_PATH=${CMAKE_PREFIX_PATH}:/home/edisonwong/dev_ws/install/serial_motor_demo:/opt/ros/humble /usr/bin/cmake --install /home/edisonwong/dev_ws/src/build/serial
[7.834s] Level 1:colcon.colcon_core.environment:create_environment_scripts_only(serial)
[7.837s] Level 1:colcon.colcon_core.environment:checking '/home/edisonwong/dev_ws/src/install/serial' for CMake module files
[7.838s] DEBUG:colcon.colcon_core.event_handler.log_command:Invoked command in '/home/edisonwong/dev_ws/src/build/serial' returned '0': CMAKE_PREFIX_PATH=${CMAKE_PREFIX_PATH}:/home/edisonwong/dev_ws/install/serial_motor_demo:/opt/ros/humble /usr/bin/cmake --install /home/edisonwong/dev_ws/src/build/serial
[7.838s] Level 1:colcon.colcon_core.environment:checking '/home/edisonwong/dev_ws/src/install/serial' for CMake config files
[7.839s] Level 1:colcon.colcon_core.shell:create_environment_hook('serial', 'cmake_prefix_path')
[7.840s] INFO:colcon.colcon_core.shell:Creating environment hook '/home/edisonwong/dev_ws/src/install/serial/share/serial/hook/cmake_prefix_path.ps1'
[7.841s] INFO:colcon.colcon_core.shell:Creating environment descriptor '/home/edisonwong/dev_ws/src/install/serial/share/serial/hook/cmake_prefix_path.dsv'
[7.841s] INFO:colcon.colcon_core.shell:Creating environment hook '/home/edisonwong/dev_ws/src/install/serial/share/serial/hook/cmake_prefix_path.sh'
[7.842s] Level 1:colcon.colcon_core.environment:checking '/home/edisonwong/dev_ws/src/install/serial/lib'
[7.842s] Level 1:colcon.colcon_core.environment:checking '/home/edisonwong/dev_ws/src/install/serial/bin'
[7.842s] Level 1:colcon.colcon_core.environment:checking '/home/edisonwong/dev_ws/src/install/serial/lib/pkgconfig/serial.pc'
[7.842s] Level 1:colcon.colcon_core.environment:checking '/home/edisonwong/dev_ws/src/install/serial/lib/python3.10/site-packages'
[7.843s] Level 1:colcon.colcon_core.environment:checking '/home/edisonwong/dev_ws/src/install/serial/bin'
[7.844s] INFO:colcon.colcon_core.shell:Creating package script '/home/edisonwong/dev_ws/src/install/serial/share/serial/package.ps1'
[7.845s] INFO:colcon.colcon_core.shell:Creating package descriptor '/home/edisonwong/dev_ws/src/install/serial/share/serial/package.dsv'
[7.845s] INFO:colcon.colcon_core.shell:Creating package script '/home/edisonwong/dev_ws/src/install/serial/share/serial/package.sh'
[7.846s] INFO:colcon.colcon_core.shell:Creating package script '/home/edisonwong/dev_ws/src/install/serial/share/serial/package.bash'
[7.846s] INFO:colcon.colcon_core.shell:Creating package script '/home/edisonwong/dev_ws/src/install/serial/share/serial/package.zsh'
[7.846s] Level 1:colcon.colcon_core.environment:create_file_with_runtime_dependencies(/home/edisonwong/dev_ws/src/install/serial/share/colcon-core/packages/serial)
[7.887s] Level 1:colcon.colcon_core.environment:create_environment_scripts_only(serial)
[7.890s] Level 1:colcon.colcon_core.environment:checking '/home/edisonwong/dev_ws/src/install/serial' for CMake module files
[7.891s] Level 1:colcon.colcon_core.environment:checking '/home/edisonwong/dev_ws/src/install/serial' for CMake config files
[7.891s] Level 1:colcon.colcon_core.shell:create_environment_hook('serial', 'cmake_prefix_path')
[7.894s] INFO:colcon.colcon_core.shell:Creating environment hook '/home/edisonwong/dev_ws/src/install/serial/share/serial/hook/cmake_prefix_path.ps1'
[7.894s] INFO:colcon.colcon_core.shell:Creating environment descriptor '/home/edisonwong/dev_ws/src/install/serial/share/serial/hook/cmake_prefix_path.dsv'
[7.894s] INFO:colcon.colcon_core.shell:Creating environment hook '/home/edisonwong/dev_ws/src/install/serial/share/serial/hook/cmake_prefix_path.sh'
[7.895s] Level 1:colcon.colcon_core.environment:checking '/home/edisonwong/dev_ws/src/install/serial/lib'
[7.895s] Level 1:colcon.colcon_core.environment:checking '/home/edisonwong/dev_ws/src/install/serial/bin'
[7.895s] Level 1:colcon.colcon_core.environment:checking '/home/edisonwong/dev_ws/src/install/serial/lib/pkgconfig/serial.pc'
[7.895s] Level 1:colcon.colcon_core.environment:checking '/home/edisonwong/dev_ws/src/install/serial/lib/python3.10/site-packages'
[7.895s] Level 1:colcon.colcon_core.environment:checking '/home/edisonwong/dev_ws/src/install/serial/bin'
[7.897s] INFO:colcon.colcon_core.shell:Creating package script '/home/edisonwong/dev_ws/src/install/serial/share/serial/package.ps1'
[7.898s] INFO:colcon.colcon_core.shell:Creating package descriptor '/home/edisonwong/dev_ws/src/install/serial/share/serial/package.dsv'
[7.898s] INFO:colcon.colcon_core.shell:Creating package script '/home/edisonwong/dev_ws/src/install/serial/share/serial/package.sh'
[7.899s] INFO:colcon.colcon_core.shell:Creating package script '/home/edisonwong/dev_ws/src/install/serial/share/serial/package.bash'
[7.899s] INFO:colcon.colcon_core.shell:Creating package script '/home/edisonwong/dev_ws/src/install/serial/share/serial/package.zsh'
[7.900s] Level 1:colcon.colcon_core.environment:create_file_with_runtime_dependencies(/home/edisonwong/dev_ws/src/install/serial/share/colcon-core/packages/serial)
[7.900s] INFO:colcon.colcon_ros.task.ament_cmake.build:Building ROS package in '/home/edisonwong/dev_ws/src/diffdrive_arduino' with build type 'ament_cmake'
[7.900s] INFO:colcon.colcon_cmake.task.cmake.build:Building CMake package in '/home/edisonwong/dev_ws/src/diffdrive_arduino'
[7.902s] INFO:colcon.colcon_core.shell:Skip shell extension 'powershell' for command environment: Not usable outside of PowerShell
[7.902s] DEBUG:colcon.colcon_core.shell:Skip shell extension 'dsv' for command environment
[7.917s] DEBUG:colcon.colcon_core.event_handler.log_command:Invoking command in '/home/edisonwong/dev_ws/src/build/diffdrive_arduino': AMENT_PREFIX_PATH=/home/edisonwong/dev_ws/src/install/serial:${AMENT_PREFIX_PATH} CMAKE_PREFIX_PATH=/home/edisonwong/dev_ws/src/install/serial:/home/edisonwong/dev_ws/install/serial_motor_demo_msgs:/home/edisonwong/dev_ws/install/my_package:/home/edisonwong/dev_ws/install/my_bot:/home/edisonwong/dev_ws/install/serial_motor_demo:/opt/ros/humble LD_LIBRARY_PATH=/home/edisonwong/dev_ws/src/install/serial/lib:${LD_LIBRARY_PATH} /usr/bin/cmake /home/edisonwong/dev_ws/src/diffdrive_arduino -DAMENT_CMAKE_SYMLINK_INSTALL=1 -DCMAKE_INSTALL_PREFIX=/home/edisonwong/dev_ws/src/install/diffdrive_arduino
[12.188s] DEBUG:colcon.colcon_core.event_handler.log_command:Invoked command in '/home/edisonwong/dev_ws/src/build/diffdrive_arduino' returned '0': AMENT_PREFIX_PATH=/home/edisonwong/dev_ws/src/install/serial:${AMENT_PREFIX_PATH} CMAKE_PREFIX_PATH=/home/edisonwong/dev_ws/src/install/serial:/home/edisonwong/dev_ws/install/serial_motor_demo_msgs:/home/edisonwong/dev_ws/install/my_package:/home/edisonwong/dev_ws/install/my_bot:/home/edisonwong/dev_ws/install/serial_motor_demo:/opt/ros/humble LD_LIBRARY_PATH=/home/edisonwong/dev_ws/src/install/serial/lib:${LD_LIBRARY_PATH} /usr/bin/cmake /home/edisonwong/dev_ws/src/diffdrive_arduino -DAMENT_CMAKE_SYMLINK_INSTALL=1 -DCMAKE_INSTALL_PREFIX=/home/edisonwong/dev_ws/src/install/diffdrive_arduino
[12.190s] DEBUG:colcon.colcon_core.event_handler.log_command:Invoking command in '/home/edisonwong/dev_ws/src/build/diffdrive_arduino': AMENT_PREFIX_PATH=/home/edisonwong/dev_ws/src/install/serial:${AMENT_PREFIX_PATH} CMAKE_PREFIX_PATH=/home/edisonwong/dev_ws/src/install/serial:/home/edisonwong/dev_ws/install/serial_motor_demo_msgs:/home/edisonwong/dev_ws/install/my_package:/home/edisonwong/dev_ws/install/my_bot:/home/edisonwong/dev_ws/install/serial_motor_demo:/opt/ros/humble LD_LIBRARY_PATH=/home/edisonwong/dev_ws/src/install/serial/lib:${LD_LIBRARY_PATH} /usr/bin/cmake --build /home/edisonwong/dev_ws/src/build/diffdrive_arduino -- -j8 -l8
[15.297s] DEBUG:colcon.colcon_core.event_handler.log_command:Invoked command in '/home/edisonwong/dev_ws/src/build/diffdrive_arduino' returned '2': AMENT_PREFIX_PATH=/home/edisonwong/dev_ws/src/install/serial:${AMENT_PREFIX_PATH} CMAKE_PREFIX_PATH=/home/edisonwong/dev_ws/src/install/serial:/home/edisonwong/dev_ws/install/serial_motor_demo_msgs:/home/edisonwong/dev_ws/install/my_package:/home/edisonwong/dev_ws/install/my_bot:/home/edisonwong/dev_ws/install/serial_motor_demo:/opt/ros/humble LD_LIBRARY_PATH=/home/edisonwong/dev_ws/src/install/serial/lib:${LD_LIBRARY_PATH} /usr/bin/cmake --build /home/edisonwong/dev_ws/src/build/diffdrive_arduino -- -j8 -l8
[15.333s] Level 1:colcon.colcon_core.environment:create_environment_scripts_only(diffdrive_arduino)
[15.334s] Level 1:colcon.colcon_core.environment:checking '/home/edisonwong/dev_ws/src/install/diffdrive_arduino' for CMake module files
[15.335s] Level 1:colcon.colcon_core.environment:checking '/home/edisonwong/dev_ws/src/install/diffdrive_arduino' for CMake config files
[15.335s] Level 1:colcon.colcon_core.environment:checking '/home/edisonwong/dev_ws/src/install/diffdrive_arduino/bin'
[15.335s] Level 1:colcon.colcon_core.environment:checking '/home/edisonwong/dev_ws/src/install/diffdrive_arduino/lib/pkgconfig/diffdrive_arduino.pc'
[15.335s] Level 1:colcon.colcon_core.environment:checking '/home/edisonwong/dev_ws/src/install/diffdrive_arduino/lib/python3.10/site-packages'
[15.335s] Level 1:colcon.colcon_core.environment:checking '/home/edisonwong/dev_ws/src/install/diffdrive_arduino/bin'
[15.337s] INFO:colcon.colcon_core.shell:Creating package script '/home/edisonwong/dev_ws/src/install/diffdrive_arduino/share/diffdrive_arduino/package.ps1'
[15.337s] INFO:colcon.colcon_core.shell:Creating package descriptor '/home/edisonwong/dev_ws/src/install/diffdrive_arduino/share/diffdrive_arduino/package.dsv'
[15.338s] INFO:colcon.colcon_core.shell:Creating package script '/home/edisonwong/dev_ws/src/install/diffdrive_arduino/share/diffdrive_arduino/package.sh'
[15.338s] INFO:colcon.colcon_core.shell:Creating package script '/home/edisonwong/dev_ws/src/install/diffdrive_arduino/share/diffdrive_arduino/package.bash'
[15.338s] INFO:colcon.colcon_core.shell:Creating package script '/home/edisonwong/dev_ws/src/install/diffdrive_arduino/share/diffdrive_arduino/package.zsh'
[15.339s] Level 1:colcon.colcon_core.environment:create_file_with_runtime_dependencies(/home/edisonwong/dev_ws/src/install/diffdrive_arduino/share/colcon-core/packages/diffdrive_arduino)
[15.349s] DEBUG:colcon.colcon_parallel_executor.executor.parallel:closing loop
[15.349s] DEBUG:colcon.colcon_parallel_executor.executor.parallel:loop closed
[15.349s] DEBUG:colcon.colcon_parallel_executor.executor.parallel:run_until_complete finished with '2'
[15.350s] DEBUG:colcon.colcon_core.event_reactor:joining thread
[15.365s] INFO:colcon.colcon_core.plugin_system:Skipping extension 'colcon_notification.desktop_notification.terminal_notifier': Not used on non-Darwin systems
[15.365s] INFO:colcon.colcon_core.plugin_system:Skipping extension 'colcon_notification.desktop_notification.win32': Not used on non-Windows systems
[15.365s] INFO:colcon.colcon_notification.desktop_notification:Sending desktop notification using 'notify2'
[15.385s] DEBUG:colcon.colcon_core.event_reactor:joined thread
[15.388s] INFO:colcon.colcon_core.shell:Creating prefix script '/home/edisonwong/dev_ws/src/install/local_setup.ps1'
[15.389s] INFO:colcon.colcon_core.shell:Creating prefix util module '/home/edisonwong/dev_ws/src/install/_local_setup_util_ps1.py'
[15.392s] INFO:colcon.colcon_core.shell:Creating prefix chain script '/home/edisonwong/dev_ws/src/install/setup.ps1'
[15.394s] INFO:colcon.colcon_core.shell:Creating prefix script '/home/edisonwong/dev_ws/src/install/local_setup.sh'
[15.395s] INFO:colcon.colcon_core.shell:Creating prefix util module '/home/edisonwong/dev_ws/src/install/_local_setup_util_sh.py'
[15.396s] INFO:colcon.colcon_core.shell:Creating prefix chain script '/home/edisonwong/dev_ws/src/install/setup.sh'
[15.399s] INFO:colcon.colcon_core.shell:Creating prefix script '/home/edisonwong/dev_ws/src/install/local_setup.bash'
[15.400s] INFO:colcon.colcon_core.shell:Creating prefix chain script '/home/edisonwong/dev_ws/src/install/setup.bash'
[15.403s] INFO:colcon.colcon_core.shell:Creating prefix script '/home/edisonwong/dev_ws/src/install/local_setup.zsh'
[15.404s] INFO:colcon.colcon_core.shell:Creating prefix chain script '/home/edisonwong/dev_ws/src/install/setup.zsh'
