[0.084s] Invoking command in '/home/edisonwong/dev_ws/build/my_bot': CMAKE_PREFIX_PATH=${CMAKE_PREFIX_PATH}:/home/edisonwong/dev_ws/install/serial_motor_demo:/opt/ros/humble /usr/bin/cmake --build /home/edisonwong/dev_ws/build/my_bot -- -j8 -l8
[0.270s] Invoked command in '/home/edisonwong/dev_ws/build/my_bot' returned '0': CMAKE_PREFIX_PATH=${CMAKE_PREFIX_PATH}:/home/edisonwong/dev_ws/install/serial_motor_demo:/opt/ros/humble /usr/bin/cmake --build /home/edisonwong/dev_ws/build/my_bot -- -j8 -l8
[0.486s] Invoking command in '/home/edisonwong/dev_ws/build/my_bot': CMAKE_PREFIX_PATH=${CMAKE_PREFIX_PATH}:/home/edisonwong/dev_ws/install/serial_motor_demo:/opt/ros/humble /usr/bin/cmake --install /home/edisonwong/dev_ws/build/my_bot
[0.537s] -- Install configuration: ""
[0.543s] -- Execute custom install script
[0.544s] -- Up-to-date symlink: /home/edisonwong/dev_ws/install/my_bot/share/my_bot/config/drive_bot.rviz
[0.545s] -- Up-to-date symlink: /home/edisonwong/dev_ws/install/my_bot/share/my_bot/config/empty.yaml
[0.546s] -- Up-to-date symlink: /home/edisonwong/dev_ws/install/my_bot/share/my_bot/config/gazebo_params.yaml
[0.549s] -- Up-to-date symlink: /home/edisonwong/dev_ws/install/my_bot/share/my_bot/config/joystick.yaml
[0.552s] -- Up-to-date symlink: /home/edisonwong/dev_ws/install/my_bot/share/my_bot/config/main.rviz
[0.554s] -- Up-to-date symlink: /home/edisonwong/dev_ws/install/my_bot/share/my_bot/config/mapper_params_online_async.yaml
[0.555s] -- Up-to-date symlink: /home/edisonwong/dev_ws/install/my_bot/share/my_bot/config/my_controllers.yaml
[0.557s] -- Up-to-date symlink: /home/edisonwong/dev_ws/install/my_bot/share/my_bot/config/view_bot.rviz
[0.558s] -- Up-to-date symlink: /home/edisonwong/dev_ws/install/my_bot/share/my_bot/description/camera.xacro
[0.561s] -- Up-to-date symlink: /home/edisonwong/dev_ws/install/my_bot/share/my_bot/description/depth_camera.xacro
[0.562s] -- Up-to-date symlink: /home/edisonwong/dev_ws/install/my_bot/share/my_bot/description/gazebo_control.xacro
[0.563s] -- Up-to-date symlink: /home/edisonwong/dev_ws/install/my_bot/share/my_bot/description/inertial_macros.xacro
[0.565s] -- Up-to-date symlink: /home/edisonwong/dev_ws/install/my_bot/share/my_bot/description/lidar.xacro
[0.566s] -- Up-to-date symlink: /home/edisonwong/dev_ws/install/my_bot/share/my_bot/description/robot.urdf.xacro
[0.569s] -- Up-to-date symlink: /home/edisonwong/dev_ws/install/my_bot/share/my_bot/description/robot_core.xacro
[0.571s] -- Up-to-date symlink: /home/edisonwong/dev_ws/install/my_bot/share/my_bot/description/ros2_control.xacro
[0.575s] -- Up-to-date symlink: /home/edisonwong/dev_ws/install/my_bot/share/my_bot/launch/joystick.launch.py
[0.577s] -- Up-to-date symlink: /home/edisonwong/dev_ws/install/my_bot/share/my_bot/launch/launch_robot.launch.py
[0.579s] -- Up-to-date symlink: /home/edisonwong/dev_ws/install/my_bot/share/my_bot/launch/launch_sim.launch.py
[0.580s] -- Up-to-date symlink: /home/edisonwong/dev_ws/install/my_bot/share/my_bot/launch/rplidar.launch.py
[0.580s] -- Up-to-date symlink: /home/edisonwong/dev_ws/install/my_bot/share/my_bot/launch/rsp.launch.py
[0.581s] -- Up-to-date symlink: /home/edisonwong/dev_ws/install/my_bot/share/my_bot/worlds/empty.world
[0.582s] -- Up-to-date symlink: /home/edisonwong/dev_ws/install/my_bot/share/my_bot/worlds/kb5.world
[0.582s] -- Up-to-date symlink: /home/edisonwong/dev_ws/install/my_bot/share/my_bot/worlds/obstacles.world
[0.583s] -- Up-to-date symlink: /home/edisonwong/dev_ws/install/my_bot/share/ament_index/resource_index/package_run_dependencies/my_bot
[0.583s] -- Up-to-date symlink: /home/edisonwong/dev_ws/install/my_bot/share/ament_index/resource_index/parent_prefix_path/my_bot
[0.586s] -- Up-to-date symlink: /home/edisonwong/dev_ws/install/my_bot/share/my_bot/environment/ament_prefix_path.sh
[0.586s] -- Up-to-date symlink: /home/edisonwong/dev_ws/install/my_bot/share/my_bot/environment/ament_prefix_path.dsv
[0.587s] -- Up-to-date symlink: /home/edisonwong/dev_ws/install/my_bot/share/my_bot/environment/path.sh
[0.587s] -- Up-to-date symlink: /home/edisonwong/dev_ws/install/my_bot/share/my_bot/environment/path.dsv
[0.587s] -- Up-to-date symlink: /home/edisonwong/dev_ws/install/my_bot/share/my_bot/local_setup.bash
[0.588s] -- Up-to-date symlink: /home/edisonwong/dev_ws/install/my_bot/share/my_bot/local_setup.sh
[0.588s] -- Up-to-date symlink: /home/edisonwong/dev_ws/install/my_bot/share/my_bot/local_setup.zsh
[0.588s] -- Up-to-date symlink: /home/edisonwong/dev_ws/install/my_bot/share/my_bot/local_setup.dsv
[0.589s] -- Symlinking: /home/edisonwong/dev_ws/install/my_bot/share/my_bot/package.dsv
[0.610s] -- Up-to-date symlink: /home/edisonwong/dev_ws/install/my_bot/share/ament_index/resource_index/packages/my_bot
[0.611s] -- Up-to-date symlink: /home/edisonwong/dev_ws/install/my_bot/share/my_bot/cmake/my_botConfig.cmake
[0.614s] -- Up-to-date symlink: /home/edisonwong/dev_ws/install/my_bot/share/my_bot/cmake/my_botConfig-version.cmake
[0.618s] -- Up-to-date symlink: /home/edisonwong/dev_ws/install/my_bot/share/my_bot/package.xml
[0.632s] Invoked command in '/home/edisonwong/dev_ws/build/my_bot' returned '0': CMAKE_PREFIX_PATH=${CMAKE_PREFIX_PATH}:/home/edisonwong/dev_ws/install/serial_motor_demo:/opt/ros/humble /usr/bin/cmake --install /home/edisonwong/dev_ws/build/my_bot
