[0.076s] Invoking command in '/home/edisonwong/dev_ws/build/serial_motor_demo_msgs': CMAKE_PREFIX_PATH=/opt/ros/humble /usr/bin/cmake --build /home/edisonwong/dev_ws/build/serial_motor_demo_msgs -- -j8 -l8
[0.269s] [  2%] Built target serial_motor_demo_msgs__cpp
[0.275s] [ 12%] Built target serial_motor_demo_msgs__rosidl_generator_c
[0.326s] [ 12%] Built target ament_cmake_python_symlink_serial_motor_demo_msgs
[0.412s] [ 23%] Built target serial_motor_demo_msgs__rosidl_typesupport_introspection_cpp
[0.414s] [ 34%] Built target serial_motor_demo_msgs__rosidl_typesupport_cpp
[0.419s] [ 44%] Built target serial_motor_demo_msgs__rosidl_typesupport_fastrtps_c
[0.421s] [ 55%] Built target serial_motor_demo_msgs__rosidl_typesupport_fastrtps_cpp
[0.431s] [ 65%] Built target serial_motor_demo_msgs__rosidl_typesupport_introspection_c
[0.442s] [ 76%] Built target serial_motor_demo_msgs__rosidl_typesupport_c
[0.527s] [ 76%] Built target serial_motor_demo_msgs
[0.620s] [ 78%] Built target serial_motor_demo_msgs__py
[0.737s] [ 87%] Built target serial_motor_demo_msgs__rosidl_generator_py
[0.848s] [ 91%] Built target serial_motor_demo_msgs__rosidl_typesupport_c__pyext
[0.853s] [ 95%] Built target serial_motor_demo_msgs__rosidl_typesupport_introspection_c__pyext
[0.855s] [100%] Built target serial_motor_demo_msgs__rosidl_typesupport_fastrtps_c__pyext
[1.976s] running egg_info
[1.981s] writing serial_motor_demo_msgs.egg-info/PKG-INFO
[1.983s] writing dependency_links to serial_motor_demo_msgs.egg-info/dependency_links.txt
[1.986s] writing top-level names to serial_motor_demo_msgs.egg-info/top_level.txt
[2.002s] reading manifest file 'serial_motor_demo_msgs.egg-info/SOURCES.txt'
[2.007s] writing manifest file 'serial_motor_demo_msgs.egg-info/SOURCES.txt'
[2.147s] [100%] Built target ament_cmake_python_build_serial_motor_demo_msgs_egg
[2.195s] Invoked command in '/home/edisonwong/dev_ws/build/serial_motor_demo_msgs' returned '0': CMAKE_PREFIX_PATH=/opt/ros/humble /usr/bin/cmake --build /home/edisonwong/dev_ws/build/serial_motor_demo_msgs -- -j8 -l8
[2.658s] Invoking command in '/home/edisonwong/dev_ws/build/serial_motor_demo_msgs': CMAKE_PREFIX_PATH=/opt/ros/humble /usr/bin/cmake --install /home/edisonwong/dev_ws/build/serial_motor_demo_msgs
[2.695s] -- Install configuration: ""
[2.699s] -- Execute custom install script
[2.700s] -- Up-to-date symlink: /home/edisonwong/dev_ws/install/serial_motor_demo_msgs/share/ament_index/resource_index/rosidl_interfaces/serial_motor_demo_msgs
[2.703s] -- Up-to-date symlink: /home/edisonwong/dev_ws/install/serial_motor_demo_msgs/include/serial_motor_demo_msgs/serial_motor_demo_msgs/msg/detail/encoder_vals__functions.h
[2.704s] -- Up-to-date symlink: /home/edisonwong/dev_ws/install/serial_motor_demo_msgs/include/serial_motor_demo_msgs/serial_motor_demo_msgs/msg/detail/encoder_vals__struct.h
[2.705s] -- Up-to-date symlink: /home/edisonwong/dev_ws/install/serial_motor_demo_msgs/include/serial_motor_demo_msgs/serial_motor_demo_msgs/msg/detail/encoder_vals__type_support.h
[2.706s] -- Up-to-date symlink: /home/edisonwong/dev_ws/install/serial_motor_demo_msgs/include/serial_motor_demo_msgs/serial_motor_demo_msgs/msg/detail/motor_command__functions.h
[2.706s] -- Up-to-date symlink: /home/edisonwong/dev_ws/install/serial_motor_demo_msgs/include/serial_motor_demo_msgs/serial_motor_demo_msgs/msg/detail/motor_command__struct.h
[2.707s] -- Up-to-date symlink: /home/edisonwong/dev_ws/install/serial_motor_demo_msgs/include/serial_motor_demo_msgs/serial_motor_demo_msgs/msg/detail/motor_command__type_support.h
[2.708s] -- Up-to-date symlink: /home/edisonwong/dev_ws/install/serial_motor_demo_msgs/include/serial_motor_demo_msgs/serial_motor_demo_msgs/msg/detail/motor_vels__functions.h
[2.709s] -- Up-to-date symlink: /home/edisonwong/dev_ws/install/serial_motor_demo_msgs/include/serial_motor_demo_msgs/serial_motor_demo_msgs/msg/detail/motor_vels__struct.h
[2.710s] -- Up-to-date symlink: /home/edisonwong/dev_ws/install/serial_motor_demo_msgs/include/serial_motor_demo_msgs/serial_motor_demo_msgs/msg/detail/motor_vels__type_support.h
[2.711s] -- Up-to-date symlink: /home/edisonwong/dev_ws/install/serial_motor_demo_msgs/include/serial_motor_demo_msgs/serial_motor_demo_msgs/msg/encoder_vals.h
[2.712s] -- Up-to-date symlink: /home/edisonwong/dev_ws/install/serial_motor_demo_msgs/include/serial_motor_demo_msgs/serial_motor_demo_msgs/msg/motor_command.h
[2.712s] -- Up-to-date symlink: /home/edisonwong/dev_ws/install/serial_motor_demo_msgs/include/serial_motor_demo_msgs/serial_motor_demo_msgs/msg/motor_vels.h
[2.713s] -- Up-to-date symlink: /home/edisonwong/dev_ws/install/serial_motor_demo_msgs/include/serial_motor_demo_msgs/serial_motor_demo_msgs/msg/rosidl_generator_c__visibility_control.h
[2.715s] -- Up-to-date symlink: /home/edisonwong/dev_ws/install/serial_motor_demo_msgs/share/serial_motor_demo_msgs/environment/library_path.sh
[2.716s] -- Up-to-date symlink: /home/edisonwong/dev_ws/install/serial_motor_demo_msgs/share/serial_motor_demo_msgs/environment/library_path.dsv
[2.720s] -- Up-to-date symlink: /home/edisonwong/dev_ws/install/serial_motor_demo_msgs/include/serial_motor_demo_msgs/serial_motor_demo_msgs/msg/detail/encoder_vals__rosidl_typesupport_fastrtps_c.h
[2.721s] -- Up-to-date symlink: /home/edisonwong/dev_ws/install/serial_motor_demo_msgs/include/serial_motor_demo_msgs/serial_motor_demo_msgs/msg/detail/motor_command__rosidl_typesupport_fastrtps_c.h
[2.722s] -- Up-to-date symlink: /home/edisonwong/dev_ws/install/serial_motor_demo_msgs/include/serial_motor_demo_msgs/serial_motor_demo_msgs/msg/detail/motor_vels__rosidl_typesupport_fastrtps_c.h
[2.723s] -- Up-to-date symlink: /home/edisonwong/dev_ws/install/serial_motor_demo_msgs/include/serial_motor_demo_msgs/serial_motor_demo_msgs/msg/rosidl_typesupport_fastrtps_c__visibility_control.h
[2.725s] -- Up-to-date symlink: /home/edisonwong/dev_ws/install/serial_motor_demo_msgs/include/serial_motor_demo_msgs/serial_motor_demo_msgs/msg/detail/encoder_vals__rosidl_typesupport_introspection_c.h
[2.726s] -- Up-to-date symlink: /home/edisonwong/dev_ws/install/serial_motor_demo_msgs/include/serial_motor_demo_msgs/serial_motor_demo_msgs/msg/detail/motor_command__rosidl_typesupport_introspection_c.h
[2.727s] -- Up-to-date symlink: /home/edisonwong/dev_ws/install/serial_motor_demo_msgs/include/serial_motor_demo_msgs/serial_motor_demo_msgs/msg/detail/motor_vels__rosidl_typesupport_introspection_c.h
[2.728s] -- Up-to-date symlink: /home/edisonwong/dev_ws/install/serial_motor_demo_msgs/include/serial_motor_demo_msgs/serial_motor_demo_msgs/msg/rosidl_typesupport_introspection_c__visibility_control.h
[2.731s] -- Up-to-date symlink: /home/edisonwong/dev_ws/install/serial_motor_demo_msgs/include/serial_motor_demo_msgs/serial_motor_demo_msgs/msg/detail/encoder_vals__builder.hpp
[2.732s] -- Up-to-date symlink: /home/edisonwong/dev_ws/install/serial_motor_demo_msgs/include/serial_motor_demo_msgs/serial_motor_demo_msgs/msg/detail/encoder_vals__struct.hpp
[2.733s] -- Up-to-date symlink: /home/edisonwong/dev_ws/install/serial_motor_demo_msgs/include/serial_motor_demo_msgs/serial_motor_demo_msgs/msg/detail/encoder_vals__traits.hpp
[2.735s] -- Up-to-date symlink: /home/edisonwong/dev_ws/install/serial_motor_demo_msgs/include/serial_motor_demo_msgs/serial_motor_demo_msgs/msg/detail/motor_command__builder.hpp
[2.736s] -- Up-to-date symlink: /home/edisonwong/dev_ws/install/serial_motor_demo_msgs/include/serial_motor_demo_msgs/serial_motor_demo_msgs/msg/detail/motor_command__struct.hpp
[2.737s] -- Up-to-date symlink: /home/edisonwong/dev_ws/install/serial_motor_demo_msgs/include/serial_motor_demo_msgs/serial_motor_demo_msgs/msg/detail/motor_command__traits.hpp
[2.738s] -- Up-to-date symlink: /home/edisonwong/dev_ws/install/serial_motor_demo_msgs/include/serial_motor_demo_msgs/serial_motor_demo_msgs/msg/detail/motor_vels__builder.hpp
[2.739s] -- Up-to-date symlink: /home/edisonwong/dev_ws/install/serial_motor_demo_msgs/include/serial_motor_demo_msgs/serial_motor_demo_msgs/msg/detail/motor_vels__struct.hpp
[2.740s] -- Up-to-date symlink: /home/edisonwong/dev_ws/install/serial_motor_demo_msgs/include/serial_motor_demo_msgs/serial_motor_demo_msgs/msg/detail/motor_vels__traits.hpp
[2.740s] -- Up-to-date symlink: /home/edisonwong/dev_ws/install/serial_motor_demo_msgs/include/serial_motor_demo_msgs/serial_motor_demo_msgs/msg/encoder_vals.hpp
[2.741s] -- Up-to-date symlink: /home/edisonwong/dev_ws/install/serial_motor_demo_msgs/include/serial_motor_demo_msgs/serial_motor_demo_msgs/msg/motor_command.hpp
[2.742s] -- Up-to-date symlink: /home/edisonwong/dev_ws/install/serial_motor_demo_msgs/include/serial_motor_demo_msgs/serial_motor_demo_msgs/msg/motor_vels.hpp
[2.745s] -- Up-to-date symlink: /home/edisonwong/dev_ws/install/serial_motor_demo_msgs/include/serial_motor_demo_msgs/serial_motor_demo_msgs/msg/detail/encoder_vals__rosidl_typesupport_fastrtps_cpp.hpp
[2.746s] -- Up-to-date symlink: /home/edisonwong/dev_ws/install/serial_motor_demo_msgs/include/serial_motor_demo_msgs/serial_motor_demo_msgs/msg/detail/motor_command__rosidl_typesupport_fastrtps_cpp.hpp
[2.747s] -- Up-to-date symlink: /home/edisonwong/dev_ws/install/serial_motor_demo_msgs/include/serial_motor_demo_msgs/serial_motor_demo_msgs/msg/detail/motor_vels__rosidl_typesupport_fastrtps_cpp.hpp
[2.747s] -- Up-to-date symlink: /home/edisonwong/dev_ws/install/serial_motor_demo_msgs/include/serial_motor_demo_msgs/serial_motor_demo_msgs/msg/rosidl_typesupport_fastrtps_cpp__visibility_control.h
[2.750s] -- Up-to-date symlink: /home/edisonwong/dev_ws/install/serial_motor_demo_msgs/include/serial_motor_demo_msgs/serial_motor_demo_msgs/msg/detail/encoder_vals__rosidl_typesupport_introspection_cpp.hpp
[2.751s] -- Up-to-date symlink: /home/edisonwong/dev_ws/install/serial_motor_demo_msgs/include/serial_motor_demo_msgs/serial_motor_demo_msgs/msg/detail/motor_command__rosidl_typesupport_introspection_cpp.hpp
[2.752s] -- Up-to-date symlink: /home/edisonwong/dev_ws/install/serial_motor_demo_msgs/include/serial_motor_demo_msgs/serial_motor_demo_msgs/msg/detail/motor_vels__rosidl_typesupport_introspection_cpp.hpp
[2.753s] -- Up-to-date symlink: /home/edisonwong/dev_ws/install/serial_motor_demo_msgs/share/serial_motor_demo_msgs/environment/pythonpath.sh
[2.754s] -- Up-to-date symlink: /home/edisonwong/dev_ws/install/serial_motor_demo_msgs/share/serial_motor_demo_msgs/environment/pythonpath.dsv
[2.756s] -- Up-to-date symlink: /home/edisonwong/dev_ws/install/serial_motor_demo_msgs/local/lib/python3.10/dist-packages/serial_motor_demo_msgs-0.0.0-py3.10.egg-info/PKG-INFO
[2.758s] -- Up-to-date symlink: /home/edisonwong/dev_ws/install/serial_motor_demo_msgs/local/lib/python3.10/dist-packages/serial_motor_demo_msgs-0.0.0-py3.10.egg-info/SOURCES.txt
[2.758s] -- Up-to-date symlink: /home/edisonwong/dev_ws/install/serial_motor_demo_msgs/local/lib/python3.10/dist-packages/serial_motor_demo_msgs-0.0.0-py3.10.egg-info/dependency_links.txt
[2.759s] -- Up-to-date symlink: /home/edisonwong/dev_ws/install/serial_motor_demo_msgs/local/lib/python3.10/dist-packages/serial_motor_demo_msgs-0.0.0-py3.10.egg-info/top_level.txt
[2.763s] -- Up-to-date symlink: /home/edisonwong/dev_ws/install/serial_motor_demo_msgs/local/lib/python3.10/dist-packages/serial_motor_demo_msgs/__init__.py
[2.764s] -- Up-to-date symlink: /home/edisonwong/dev_ws/install/serial_motor_demo_msgs/local/lib/python3.10/dist-packages/serial_motor_demo_msgs/_serial_motor_demo_msgs_s.ep.rosidl_typesupport_c.c
[2.765s] -- Up-to-date symlink: /home/edisonwong/dev_ws/install/serial_motor_demo_msgs/local/lib/python3.10/dist-packages/serial_motor_demo_msgs/_serial_motor_demo_msgs_s.ep.rosidl_typesupport_fastrtps_c.c
[2.769s] -- Up-to-date symlink: /home/edisonwong/dev_ws/install/serial_motor_demo_msgs/local/lib/python3.10/dist-packages/serial_motor_demo_msgs/_serial_motor_demo_msgs_s.ep.rosidl_typesupport_introspection_c.c
[2.770s] -- Up-to-date symlink: /home/edisonwong/dev_ws/install/serial_motor_demo_msgs/local/lib/python3.10/dist-packages/serial_motor_demo_msgs/libserial_motor_demo_msgs__rosidl_generator_py.so
[2.771s] -- Up-to-date symlink: /home/edisonwong/dev_ws/install/serial_motor_demo_msgs/local/lib/python3.10/dist-packages/serial_motor_demo_msgs/msg/__init__.py
[2.772s] -- Up-to-date symlink: /home/edisonwong/dev_ws/install/serial_motor_demo_msgs/local/lib/python3.10/dist-packages/serial_motor_demo_msgs/msg/_encoder_vals.py
[2.773s] -- Up-to-date symlink: /home/edisonwong/dev_ws/install/serial_motor_demo_msgs/local/lib/python3.10/dist-packages/serial_motor_demo_msgs/msg/_encoder_vals_s.c
[2.774s] -- Up-to-date symlink: /home/edisonwong/dev_ws/install/serial_motor_demo_msgs/local/lib/python3.10/dist-packages/serial_motor_demo_msgs/msg/_motor_command.py
[2.775s] -- Up-to-date symlink: /home/edisonwong/dev_ws/install/serial_motor_demo_msgs/local/lib/python3.10/dist-packages/serial_motor_demo_msgs/msg/_motor_command_s.c
[2.776s] -- Up-to-date symlink: /home/edisonwong/dev_ws/install/serial_motor_demo_msgs/local/lib/python3.10/dist-packages/serial_motor_demo_msgs/msg/_motor_vels.py
[2.776s] -- Up-to-date symlink: /home/edisonwong/dev_ws/install/serial_motor_demo_msgs/local/lib/python3.10/dist-packages/serial_motor_demo_msgs/msg/_motor_vels_s.c
[2.777s] -- Up-to-date symlink: /home/edisonwong/dev_ws/install/serial_motor_demo_msgs/local/lib/python3.10/dist-packages/serial_motor_demo_msgs/serial_motor_demo_msgs_s__rosidl_typesupport_c.cpython-310-x86_64-linux-gnu.so
[2.778s] -- Up-to-date symlink: /home/edisonwong/dev_ws/install/serial_motor_demo_msgs/local/lib/python3.10/dist-packages/serial_motor_demo_msgs/serial_motor_demo_msgs_s__rosidl_typesupport_fastrtps_c.cpython-310-x86_64-linux-gnu.so
[2.778s] -- Up-to-date symlink: /home/edisonwong/dev_ws/install/serial_motor_demo_msgs/local/lib/python3.10/dist-packages/serial_motor_demo_msgs/serial_motor_demo_msgs_s__rosidl_typesupport_introspection_c.cpython-310-x86_64-linux-gnu.so
[2.779s] -- Up-to-date symlink: /home/edisonwong/dev_ws/install/serial_motor_demo_msgs/local/lib/python3.10/dist-packages/serial_motor_demo_msgs/serial_motor_demo_msgs_s__rosidl_typesupport_fastrtps_c.cpython-310-x86_64-linux-gnu.so
[2.780s] -- Up-to-date symlink: /home/edisonwong/dev_ws/install/serial_motor_demo_msgs/local/lib/python3.10/dist-packages/serial_motor_demo_msgs/serial_motor_demo_msgs_s__rosidl_typesupport_introspection_c.cpython-310-x86_64-linux-gnu.so
[2.783s] -- Up-to-date symlink: /home/edisonwong/dev_ws/install/serial_motor_demo_msgs/local/lib/python3.10/dist-packages/serial_motor_demo_msgs/serial_motor_demo_msgs_s__rosidl_typesupport_c.cpython-310-x86_64-linux-gnu.so
[2.784s] -- Up-to-date symlink: /home/edisonwong/dev_ws/install/serial_motor_demo_msgs/share/serial_motor_demo_msgs/msg/MotorCommand.idl
[2.785s] -- Up-to-date symlink: /home/edisonwong/dev_ws/install/serial_motor_demo_msgs/share/serial_motor_demo_msgs/msg/MotorVels.idl
[2.786s] -- Up-to-date symlink: /home/edisonwong/dev_ws/install/serial_motor_demo_msgs/share/serial_motor_demo_msgs/msg/EncoderVals.idl
[2.787s] -- Up-to-date symlink: /home/edisonwong/dev_ws/install/serial_motor_demo_msgs/share/serial_motor_demo_msgs/msg/MotorCommand.msg
[2.788s] -- Up-to-date symlink: /home/edisonwong/dev_ws/install/serial_motor_demo_msgs/share/serial_motor_demo_msgs/msg/MotorVels.msg
[2.790s] -- Up-to-date symlink: /home/edisonwong/dev_ws/install/serial_motor_demo_msgs/share/serial_motor_demo_msgs/msg/EncoderVals.msg
[2.791s] -- Up-to-date symlink: /home/edisonwong/dev_ws/install/serial_motor_demo_msgs/share/ament_index/resource_index/package_run_dependencies/serial_motor_demo_msgs
[2.794s] -- Up-to-date symlink: /home/edisonwong/dev_ws/install/serial_motor_demo_msgs/share/ament_index/resource_index/parent_prefix_path/serial_motor_demo_msgs
[2.795s] -- Up-to-date symlink: /home/edisonwong/dev_ws/install/serial_motor_demo_msgs/share/serial_motor_demo_msgs/environment/ament_prefix_path.sh
[2.796s] -- Up-to-date symlink: /home/edisonwong/dev_ws/install/serial_motor_demo_msgs/share/serial_motor_demo_msgs/environment/ament_prefix_path.dsv
[2.797s] -- Up-to-date symlink: /home/edisonwong/dev_ws/install/serial_motor_demo_msgs/share/serial_motor_demo_msgs/environment/path.sh
[2.798s] -- Up-to-date symlink: /home/edisonwong/dev_ws/install/serial_motor_demo_msgs/share/serial_motor_demo_msgs/environment/path.dsv
[2.799s] -- Up-to-date symlink: /home/edisonwong/dev_ws/install/serial_motor_demo_msgs/share/serial_motor_demo_msgs/local_setup.bash
[2.800s] -- Up-to-date symlink: /home/edisonwong/dev_ws/install/serial_motor_demo_msgs/share/serial_motor_demo_msgs/local_setup.sh
[2.802s] -- Up-to-date symlink: /home/edisonwong/dev_ws/install/serial_motor_demo_msgs/share/serial_motor_demo_msgs/local_setup.zsh
[2.805s] -- Up-to-date symlink: /home/edisonwong/dev_ws/install/serial_motor_demo_msgs/share/serial_motor_demo_msgs/local_setup.dsv
[2.805s] -- Symlinking: /home/edisonwong/dev_ws/install/serial_motor_demo_msgs/share/serial_motor_demo_msgs/package.dsv
[2.851s] -- Up-to-date symlink: /home/edisonwong/dev_ws/install/serial_motor_demo_msgs/share/ament_index/resource_index/packages/serial_motor_demo_msgs
[2.852s] -- Up-to-date symlink: /home/edisonwong/dev_ws/install/serial_motor_demo_msgs/share/serial_motor_demo_msgs/cmake/rosidl_cmake-extras.cmake
[2.853s] -- Up-to-date symlink: /home/edisonwong/dev_ws/install/serial_motor_demo_msgs/share/serial_motor_demo_msgs/cmake/ament_cmake_export_include_directories-extras.cmake
[2.855s] -- Up-to-date symlink: /home/edisonwong/dev_ws/install/serial_motor_demo_msgs/share/serial_motor_demo_msgs/cmake/ament_cmake_export_libraries-extras.cmake
[2.856s] -- Up-to-date symlink: /home/edisonwong/dev_ws/install/serial_motor_demo_msgs/share/serial_motor_demo_msgs/cmake/ament_cmake_export_targets-extras.cmake
[2.857s] -- Up-to-date symlink: /home/edisonwong/dev_ws/install/serial_motor_demo_msgs/share/serial_motor_demo_msgs/cmake/rosidl_cmake_export_typesupport_targets-extras.cmake
[2.859s] -- Up-to-date symlink: /home/edisonwong/dev_ws/install/serial_motor_demo_msgs/share/serial_motor_demo_msgs/cmake/ament_cmake_export_dependencies-extras.cmake
[2.860s] -- Up-to-date symlink: /home/edisonwong/dev_ws/install/serial_motor_demo_msgs/share/serial_motor_demo_msgs/cmake/rosidl_cmake_export_typesupport_libraries-extras.cmake
[2.861s] -- Up-to-date symlink: /home/edisonwong/dev_ws/install/serial_motor_demo_msgs/share/serial_motor_demo_msgs/cmake/serial_motor_demo_msgsConfig.cmake
[2.862s] -- Up-to-date symlink: /home/edisonwong/dev_ws/install/serial_motor_demo_msgs/share/serial_motor_demo_msgs/cmake/serial_motor_demo_msgsConfig-version.cmake
[2.863s] -- Up-to-date symlink: /home/edisonwong/dev_ws/install/serial_motor_demo_msgs/share/serial_motor_demo_msgs/package.xml
[2.865s] -- Up-to-date: /home/edisonwong/dev_ws/install/serial_motor_demo_msgs/lib/libserial_motor_demo_msgs__rosidl_generator_c.so
[2.869s] -- Up-to-date: /home/edisonwong/dev_ws/install/serial_motor_demo_msgs/lib/libserial_motor_demo_msgs__rosidl_typesupport_fastrtps_c.so
[2.870s] -- Up-to-date: /home/edisonwong/dev_ws/install/serial_motor_demo_msgs/lib/libserial_motor_demo_msgs__rosidl_typesupport_introspection_c.so
[2.872s] -- Up-to-date: /home/edisonwong/dev_ws/install/serial_motor_demo_msgs/lib/libserial_motor_demo_msgs__rosidl_typesupport_c.so
[2.876s] -- Up-to-date: /home/edisonwong/dev_ws/install/serial_motor_demo_msgs/lib/libserial_motor_demo_msgs__rosidl_typesupport_fastrtps_cpp.so
[2.877s] -- Up-to-date: /home/edisonwong/dev_ws/install/serial_motor_demo_msgs/lib/libserial_motor_demo_msgs__rosidl_typesupport_introspection_cpp.so
[2.879s] -- Up-to-date: /home/edisonwong/dev_ws/install/serial_motor_demo_msgs/lib/libserial_motor_demo_msgs__rosidl_typesupport_cpp.so
[3.034s] Listing '/home/edisonwong/dev_ws/install/serial_motor_demo_msgs/local/lib/python3.10/dist-packages/serial_motor_demo_msgs'...
[3.035s] Listing '/home/edisonwong/dev_ws/install/serial_motor_demo_msgs/local/lib/python3.10/dist-packages/serial_motor_demo_msgs/msg'...
[3.055s] -- Up-to-date: /home/edisonwong/dev_ws/install/serial_motor_demo_msgs/lib/libserial_motor_demo_msgs__rosidl_generator_py.so
[3.056s] -- Up-to-date: /home/edisonwong/dev_ws/install/serial_motor_demo_msgs/share/serial_motor_demo_msgs/cmake/export_serial_motor_demo_msgs__rosidl_generator_cExport.cmake
[3.057s] -- Up-to-date: /home/edisonwong/dev_ws/install/serial_motor_demo_msgs/share/serial_motor_demo_msgs/cmake/export_serial_motor_demo_msgs__rosidl_generator_cExport-noconfig.cmake
[3.058s] -- Up-to-date: /home/edisonwong/dev_ws/install/serial_motor_demo_msgs/share/serial_motor_demo_msgs/cmake/export_serial_motor_demo_msgs__rosidl_typesupport_fastrtps_cExport.cmake
[3.059s] -- Up-to-date: /home/edisonwong/dev_ws/install/serial_motor_demo_msgs/share/serial_motor_demo_msgs/cmake/export_serial_motor_demo_msgs__rosidl_typesupport_fastrtps_cExport-noconfig.cmake
[3.060s] -- Up-to-date: /home/edisonwong/dev_ws/install/serial_motor_demo_msgs/share/serial_motor_demo_msgs/cmake/serial_motor_demo_msgs__rosidl_typesupport_introspection_cExport.cmake
[3.060s] -- Up-to-date: /home/edisonwong/dev_ws/install/serial_motor_demo_msgs/share/serial_motor_demo_msgs/cmake/serial_motor_demo_msgs__rosidl_typesupport_introspection_cExport-noconfig.cmake
[3.061s] -- Up-to-date: /home/edisonwong/dev_ws/install/serial_motor_demo_msgs/share/serial_motor_demo_msgs/cmake/serial_motor_demo_msgs__rosidl_typesupport_cExport.cmake
[3.061s] -- Up-to-date: /home/edisonwong/dev_ws/install/serial_motor_demo_msgs/share/serial_motor_demo_msgs/cmake/serial_motor_demo_msgs__rosidl_typesupport_cExport-noconfig.cmake
[3.062s] -- Up-to-date: /home/edisonwong/dev_ws/install/serial_motor_demo_msgs/share/serial_motor_demo_msgs/cmake/export_serial_motor_demo_msgs__rosidl_generator_cppExport.cmake
[3.062s] -- Up-to-date: /home/edisonwong/dev_ws/install/serial_motor_demo_msgs/share/serial_motor_demo_msgs/cmake/export_serial_motor_demo_msgs__rosidl_typesupport_fastrtps_cppExport.cmake
[3.063s] -- Up-to-date: /home/edisonwong/dev_ws/install/serial_motor_demo_msgs/share/serial_motor_demo_msgs/cmake/export_serial_motor_demo_msgs__rosidl_typesupport_fastrtps_cppExport-noconfig.cmake
[3.064s] -- Up-to-date: /home/edisonwong/dev_ws/install/serial_motor_demo_msgs/share/serial_motor_demo_msgs/cmake/serial_motor_demo_msgs__rosidl_typesupport_introspection_cppExport.cmake
[3.064s] -- Up-to-date: /home/edisonwong/dev_ws/install/serial_motor_demo_msgs/share/serial_motor_demo_msgs/cmake/serial_motor_demo_msgs__rosidl_typesupport_introspection_cppExport-noconfig.cmake
[3.065s] -- Up-to-date: /home/edisonwong/dev_ws/install/serial_motor_demo_msgs/share/serial_motor_demo_msgs/cmake/serial_motor_demo_msgs__rosidl_typesupport_cppExport.cmake
[3.066s] -- Up-to-date: /home/edisonwong/dev_ws/install/serial_motor_demo_msgs/share/serial_motor_demo_msgs/cmake/serial_motor_demo_msgs__rosidl_typesupport_cppExport-noconfig.cmake
[3.066s] -- Up-to-date: /home/edisonwong/dev_ws/install/serial_motor_demo_msgs/share/serial_motor_demo_msgs/cmake/export_serial_motor_demo_msgs__rosidl_generator_pyExport.cmake
[3.067s] -- Up-to-date: /home/edisonwong/dev_ws/install/serial_motor_demo_msgs/share/serial_motor_demo_msgs/cmake/export_serial_motor_demo_msgs__rosidl_generator_pyExport-noconfig.cmake
[3.073s] Invoked command in '/home/edisonwong/dev_ws/build/serial_motor_demo_msgs' returned '0': CMAKE_PREFIX_PATH=/opt/ros/humble /usr/bin/cmake --install /home/edisonwong/dev_ws/build/serial_motor_demo_msgs
