[0.017s] Invoking command in '/home/edisonwong/dev_ws/build/diffdrive_arduino': CMAKE_PREFIX_PATH=/home/edisonwong/dev_ws/install/serial:/home/edisonwong/dev_ws/install/serial_motor_demo_msgs:/home/edisonwong/dev_ws/install/diffdrive_arduino:/home/edisonwong/dev_ws/install/my_package:/home/edisonwong/dev_ws/install/my_bot:/home/edisonwong/dev_ws/install/serial_motor_demo:/opt/ros/humble /usr/bin/cmake --build /home/edisonwong/dev_ws/build/diffdrive_arduino -- -j8 -l8
[0.108s] [100%] Built target fake_robot
[0.109s] [100%] Built target diffdrive_arduino
[0.134s] Invoked command in '/home/edisonwong/dev_ws/build/diffdrive_arduino' returned '0': CMAKE_PREFIX_PATH=/home/edisonwong/dev_ws/install/serial:/home/edisonwong/dev_ws/install/serial_motor_demo_msgs:/home/edisonwong/dev_ws/install/diffdrive_arduino:/home/edisonwong/dev_ws/install/my_package:/home/edisonwong/dev_ws/install/my_bot:/home/edisonwong/dev_ws/install/serial_motor_demo:/opt/ros/humble /usr/bin/cmake --build /home/edisonwong/dev_ws/build/diffdrive_arduino -- -j8 -l8
[0.213s] Invoking command in '/home/edisonwong/dev_ws/build/diffdrive_arduino': CMAKE_PREFIX_PATH=/home/edisonwong/dev_ws/install/serial:/home/edisonwong/dev_ws/install/serial_motor_demo_msgs:/home/edisonwong/dev_ws/install/diffdrive_arduino:/home/edisonwong/dev_ws/install/my_package:/home/edisonwong/dev_ws/install/my_bot:/home/edisonwong/dev_ws/install/serial_motor_demo:/opt/ros/humble /usr/bin/cmake --install /home/edisonwong/dev_ws/build/diffdrive_arduino
[0.222s] -- Install configuration: ""
[0.223s] -- Execute custom install script
[0.224s] -- Up-to-date symlink: /home/edisonwong/dev_ws/install/diffdrive_arduino/share/diffdrive_arduino//robot_hardware.xml
[0.224s] -- Up-to-date symlink: /home/edisonwong/dev_ws/install/diffdrive_arduino/share/diffdrive_arduino//fake_robot_hardware.xml
[0.225s] -- Up-to-date symlink: /home/edisonwong/dev_ws/install/diffdrive_arduino/lib/libdiffdrive_arduino.so
[0.225s] -- Up-to-date symlink: /home/edisonwong/dev_ws/install/diffdrive_arduino/lib/libfake_robot.so
[0.226s] -- Up-to-date symlink: /home/edisonwong/dev_ws/install/diffdrive_arduino/share/diffdrive_arduino/controllers/robot_controller_example.yaml
[0.227s] -- Up-to-date symlink: /home/edisonwong/dev_ws/install/diffdrive_arduino/share/diffdrive_arduino/__pycache__/test_robot.launch.cpython-310.pyc
[0.227s] -- Up-to-date symlink: /home/edisonwong/dev_ws/install/diffdrive_arduino/share/diffdrive_arduino/fake_robot.launch.py
[0.227s] -- Up-to-date symlink: /home/edisonwong/dev_ws/install/diffdrive_arduino/share/diffdrive_arduino/test_robot.launch.py
[0.228s] -- Up-to-date symlink: /home/edisonwong/dev_ws/install/diffdrive_arduino/share/diffdrive_arduino/environment/library_path.sh
[0.228s] -- Up-to-date symlink: /home/edisonwong/dev_ws/install/diffdrive_arduino/share/diffdrive_arduino/environment/library_path.dsv
[0.228s] -- Up-to-date symlink: /home/edisonwong/dev_ws/install/diffdrive_arduino/share/ament_index/resource_index/package_run_dependencies/diffdrive_arduino
[0.229s] -- Up-to-date symlink: /home/edisonwong/dev_ws/install/diffdrive_arduino/share/ament_index/resource_index/parent_prefix_path/diffdrive_arduino
[0.229s] -- Up-to-date symlink: /home/edisonwong/dev_ws/install/diffdrive_arduino/share/diffdrive_arduino/environment/ament_prefix_path.sh
[0.230s] -- Up-to-date symlink: /home/edisonwong/dev_ws/install/diffdrive_arduino/share/diffdrive_arduino/environment/ament_prefix_path.dsv
[0.230s] -- Up-to-date symlink: /home/edisonwong/dev_ws/install/diffdrive_arduino/share/diffdrive_arduino/environment/path.sh
[0.231s] -- Up-to-date symlink: /home/edisonwong/dev_ws/install/diffdrive_arduino/share/diffdrive_arduino/environment/path.dsv
[0.231s] -- Up-to-date symlink: /home/edisonwong/dev_ws/install/diffdrive_arduino/share/diffdrive_arduino/local_setup.bash
[0.231s] -- Up-to-date symlink: /home/edisonwong/dev_ws/install/diffdrive_arduino/share/diffdrive_arduino/local_setup.sh
[0.232s] -- Up-to-date symlink: /home/edisonwong/dev_ws/install/diffdrive_arduino/share/diffdrive_arduino/local_setup.zsh
[0.232s] -- Up-to-date symlink: /home/edisonwong/dev_ws/install/diffdrive_arduino/share/diffdrive_arduino/local_setup.dsv
[0.232s] -- Symlinking: /home/edisonwong/dev_ws/install/diffdrive_arduino/share/diffdrive_arduino/package.dsv
[0.246s] -- Up-to-date symlink: /home/edisonwong/dev_ws/install/diffdrive_arduino/share/ament_index/resource_index/packages/diffdrive_arduino
[0.246s] -- Up-to-date symlink: /home/edisonwong/dev_ws/install/diffdrive_arduino/share/ament_index/resource_index/hardware_interface__pluginlib__plugin/diffdrive_arduino
[0.246s] -- Up-to-date symlink: /home/edisonwong/dev_ws/install/diffdrive_arduino/share/diffdrive_arduino/cmake/ament_cmake_export_libraries-extras.cmake
[0.246s] -- Up-to-date symlink: /home/edisonwong/dev_ws/install/diffdrive_arduino/share/diffdrive_arduino/cmake/ament_cmake_export_dependencies-extras.cmake
[0.247s] -- Up-to-date symlink: /home/edisonwong/dev_ws/install/diffdrive_arduino/share/diffdrive_arduino/cmake/diffdrive_arduinoConfig.cmake
[0.247s] -- Up-to-date symlink: /home/edisonwong/dev_ws/install/diffdrive_arduino/share/diffdrive_arduino/cmake/diffdrive_arduinoConfig-version.cmake
[0.248s] -- Up-to-date symlink: /home/edisonwong/dev_ws/install/diffdrive_arduino/share/diffdrive_arduino/package.xml
[0.253s] Invoked command in '/home/edisonwong/dev_ws/build/diffdrive_arduino' returned '0': CMAKE_PREFIX_PATH=/home/edisonwong/dev_ws/install/serial:/home/edisonwong/dev_ws/install/serial_motor_demo_msgs:/home/edisonwong/dev_ws/install/diffdrive_arduino:/home/edisonwong/dev_ws/install/my_package:/home/edisonwong/dev_ws/install/my_bot:/home/edisonwong/dev_ws/install/serial_motor_demo:/opt/ros/humble /usr/bin/cmake --install /home/edisonwong/dev_ws/build/diffdrive_arduino
