[0.035s] Invoking command in '/home/edisonwong/dev_ws/build/serial': CMAKE_PREFIX_PATH=/opt/ros/humble /usr/bin/cmake --build /home/edisonwong/dev_ws/build/serial -- -j8 -l8
[0.116s] [ 14%] Built target gtest_main
[0.121s] [ 42%] Built target serial
[0.125s] [ 57%] Built target gtest
[0.173s] [ 71%] Built target serial_example
[0.175s] [ 85%] Built target serial-test
[0.193s] [100%] Built target serial-test-timer
[0.213s] Invoked command in '/home/edisonwong/dev_ws/build/serial' returned '0': CMAKE_PREFIX_PATH=/opt/ros/humble /usr/bin/cmake --build /home/edisonwong/dev_ws/build/serial -- -j8 -l8
[0.291s] Invoking command in '/home/edisonwong/dev_ws/build/serial': CMAKE_PREFIX_PATH=/opt/ros/humble /usr/bin/cmake --install /home/edisonwong/dev_ws/build/serial
[0.302s] -- Install configuration: ""
[0.304s] -- Execute custom install script
[0.305s] -- Up-to-date symlink: /home/edisonwong/dev_ws/install/serial/lib/libserial.a
[0.305s] -- Up-to-date symlink: /home/edisonwong/dev_ws/install/serial/include/serial/serial.h
[0.305s] -- Up-to-date symlink: /home/edisonwong/dev_ws/install/serial/include/serial/v8stdint.h
[0.305s] -- Up-to-date symlink: /home/edisonwong/dev_ws/install/serial/share/serial/environment/library_path.sh
[0.306s] -- Up-to-date symlink: /home/edisonwong/dev_ws/install/serial/share/serial/environment/library_path.dsv
[0.306s] -- Up-to-date symlink: /home/edisonwong/dev_ws/install/serial/share/ament_index/resource_index/package_run_dependencies/serial
[0.307s] -- Up-to-date symlink: /home/edisonwong/dev_ws/install/serial/share/ament_index/resource_index/parent_prefix_path/serial
[0.308s] -- Up-to-date symlink: /home/edisonwong/dev_ws/install/serial/share/serial/environment/ament_prefix_path.sh
[0.308s] -- Up-to-date symlink: /home/edisonwong/dev_ws/install/serial/share/serial/environment/ament_prefix_path.dsv
[0.308s] -- Up-to-date symlink: /home/edisonwong/dev_ws/install/serial/share/serial/environment/path.sh
[0.309s] -- Up-to-date symlink: /home/edisonwong/dev_ws/install/serial/share/serial/environment/path.dsv
[0.309s] -- Up-to-date symlink: /home/edisonwong/dev_ws/install/serial/share/serial/local_setup.bash
[0.309s] -- Up-to-date symlink: /home/edisonwong/dev_ws/install/serial/share/serial/local_setup.sh
[0.310s] -- Up-to-date symlink: /home/edisonwong/dev_ws/install/serial/share/serial/local_setup.zsh
[0.311s] -- Up-to-date symlink: /home/edisonwong/dev_ws/install/serial/share/serial/local_setup.dsv
[0.311s] -- Symlinking: /home/edisonwong/dev_ws/install/serial/share/serial/package.dsv
[0.340s] -- Up-to-date symlink: /home/edisonwong/dev_ws/install/serial/share/ament_index/resource_index/packages/serial
[0.341s] -- Up-to-date symlink: /home/edisonwong/dev_ws/install/serial/share/serial/cmake/ament_cmake_export_include_directories-extras.cmake
[0.341s] -- Up-to-date symlink: /home/edisonwong/dev_ws/install/serial/share/serial/cmake/ament_cmake_export_libraries-extras.cmake
[0.341s] -- Up-to-date symlink: /home/edisonwong/dev_ws/install/serial/share/serial/cmake/serialConfig.cmake
[0.342s] -- Up-to-date symlink: /home/edisonwong/dev_ws/install/serial/share/serial/cmake/serialConfig-version.cmake
[0.342s] -- Up-to-date symlink: /home/edisonwong/dev_ws/install/serial/share/serial/package.xml
[0.364s] Invoked command in '/home/edisonwong/dev_ws/build/serial' returned '0': CMAKE_PREFIX_PATH=/opt/ros/humble /usr/bin/cmake --install /home/edisonwong/dev_ws/build/serial
