[0.023s] Invoking command in '/home/edisonwong/dev_ws/build/my_bot': CMAKE_PREFIX_PATH=/opt/ros/humble /usr/bin/cmake /home/edisonwong/dev_ws/src/my_bot -DAMENT_CMAKE_SYMLINK_INSTALL=1 -DCMAKE_INSTALL_PREFIX=/home/edisonwong/dev_ws/install/my_bot
[0.132s] -- The C compiler identification is GNU 11.3.0
[0.218s] -- The CXX compiler identification is GNU 11.3.0
[0.226s] -- Detecting C compiler ABI info
[0.297s] -- Detecting C compiler ABI info - done
[0.306s] -- Check for working C compiler: /usr/bin/cc - skipped
[0.306s] -- Detecting C compile features
[0.307s] -- Detecting C compile features - done
[0.310s] -- Detecting CXX compiler ABI info
[0.390s] -- Detecting CXX compiler ABI info - done
[0.399s] -- Check for working CXX compiler: /usr/bin/c++ - skipped
[0.399s] -- Detecting CXX compile features
[0.400s] -- Detecting CXX compile features - done
[0.403s] -- Found ament_cmake: 1.3.3 (/opt/ros/humble/share/ament_cmake/cmake)
[0.576s] -- Found Python3: /usr/bin/python3.10 (found version "3.10.6") found components: Interpreter 
[0.638s] -- Override CMake install command with custom implementation using symlinks instead of copying resources
[0.660s] -- Found ament_lint_auto: 0.12.4 (/opt/ros/humble/share/ament_lint_auto/cmake)
[0.755s] -- Added test 'copyright' to check source files copyright and LICENSE
[0.762s] -- Added test 'flake8' to check Python code syntax and style conventions
[0.763s] -- Added test 'lint_cmake' to check CMake code style
[0.763s] -- Added test 'pep257' to check Python code against some of the docstring style conventions in PEP 257
[0.767s] -- Added test 'xmllint' to check XML markup files
[0.768s] -- Configuring done
[0.771s] -- Generating done
[0.772s] -- Build files have been written to: /home/edisonwong/dev_ws/build/my_bot
[0.777s] Invoked command in '/home/edisonwong/dev_ws/build/my_bot' returned '0': CMAKE_PREFIX_PATH=/opt/ros/humble /usr/bin/cmake /home/edisonwong/dev_ws/src/my_bot -DAMENT_CMAKE_SYMLINK_INSTALL=1 -DCMAKE_INSTALL_PREFIX=/home/edisonwong/dev_ws/install/my_bot
[0.778s] Invoking command in '/home/edisonwong/dev_ws/build/my_bot': CMAKE_PREFIX_PATH=/opt/ros/humble /usr/bin/cmake --build /home/edisonwong/dev_ws/build/my_bot -- -j8 -l8
[0.814s] Invoked command in '/home/edisonwong/dev_ws/build/my_bot' returned '0': CMAKE_PREFIX_PATH=/opt/ros/humble /usr/bin/cmake --build /home/edisonwong/dev_ws/build/my_bot -- -j8 -l8
[0.836s] Invoking command in '/home/edisonwong/dev_ws/build/my_bot': CMAKE_PREFIX_PATH=/opt/ros/humble /usr/bin/cmake --install /home/edisonwong/dev_ws/build/my_bot
[0.843s] -- Install configuration: ""
[0.844s] -- Execute custom install script
[0.844s] -- Symlinking: /home/edisonwong/dev_ws/install/my_bot/share/my_bot/config/empty.yaml
[0.852s] -- Symlinking: /home/edisonwong/dev_ws/install/my_bot/share/my_bot/description/robot.urdf.xacro
[0.860s] -- Symlinking: /home/edisonwong/dev_ws/install/my_bot/share/my_bot/launch/rsp.launch.py
[0.869s] -- Symlinking: /home/edisonwong/dev_ws/install/my_bot/share/my_bot/worlds/empty.world
[0.877s] -- Symlinking: /home/edisonwong/dev_ws/install/my_bot/share/ament_index/resource_index/package_run_dependencies/my_bot
[0.885s] -- Symlinking: /home/edisonwong/dev_ws/install/my_bot/share/ament_index/resource_index/parent_prefix_path/my_bot
[0.893s] -- Symlinking: /home/edisonwong/dev_ws/install/my_bot/share/my_bot/environment/ament_prefix_path.sh
[0.901s] -- Symlinking: /home/edisonwong/dev_ws/install/my_bot/share/my_bot/environment/ament_prefix_path.dsv
[0.909s] -- Symlinking: /home/edisonwong/dev_ws/install/my_bot/share/my_bot/environment/path.sh
[0.917s] -- Symlinking: /home/edisonwong/dev_ws/install/my_bot/share/my_bot/environment/path.dsv
[0.924s] -- Symlinking: /home/edisonwong/dev_ws/install/my_bot/share/my_bot/local_setup.bash
[0.933s] -- Symlinking: /home/edisonwong/dev_ws/install/my_bot/share/my_bot/local_setup.sh
[0.941s] -- Symlinking: /home/edisonwong/dev_ws/install/my_bot/share/my_bot/local_setup.zsh
[0.949s] -- Symlinking: /home/edisonwong/dev_ws/install/my_bot/share/my_bot/local_setup.dsv
[0.957s] -- Symlinking: /home/edisonwong/dev_ws/install/my_bot/share/my_bot/package.dsv
[0.965s] -- Symlinking: /home/edisonwong/dev_ws/install/my_bot/share/ament_index/resource_index/packages/my_bot
[0.974s] -- Symlinking: /home/edisonwong/dev_ws/install/my_bot/share/my_bot/cmake/my_botConfig.cmake
[0.982s] -- Symlinking: /home/edisonwong/dev_ws/install/my_bot/share/my_bot/cmake/my_botConfig-version.cmake
[0.990s] -- Symlinking: /home/edisonwong/dev_ws/install/my_bot/share/my_bot/package.xml
[1.001s] Invoked command in '/home/edisonwong/dev_ws/build/my_bot' returned '0': CMAKE_PREFIX_PATH=/opt/ros/humble /usr/bin/cmake --install /home/edisonwong/dev_ws/build/my_bot
