[0.187s] Invoking command in '/home/edisonwong/dev_ws/build/serial': CMAKE_PREFIX_PATH=${CMAKE_PREFIX_PATH}:/home/edisonwong/dev_ws/install/serial_motor_demo:/opt/ros/humble /usr/bin/cmake --build /home/edisonwong/dev_ws/build/serial -- -j8 -l8
[0.461s] [ 28%] Built target serial
[0.465s] [ 57%] Built target gtest
[0.466s] [ 57%] Built target gtest_main
[0.609s] [ 71%] Built target serial_example
[0.611s] [ 85%] Built target serial-test
[0.624s] [100%] Built target serial-test-timer
[0.720s] Invoked command in '/home/edisonwong/dev_ws/build/serial' returned '0': CMAKE_PREFIX_PATH=${CMAKE_PREFIX_PATH}:/home/edisonwong/dev_ws/install/serial_motor_demo:/opt/ros/humble /usr/bin/cmake --build /home/edisonwong/dev_ws/build/serial -- -j8 -l8
[0.935s] Invoking command in '/home/edisonwong/dev_ws/build/serial': CMAKE_PREFIX_PATH=${CMAKE_PREFIX_PATH}:/home/edisonwong/dev_ws/install/serial_motor_demo:/opt/ros/humble /usr/bin/cmake --install /home/edisonwong/dev_ws/build/serial
[0.971s] -- Install configuration: ""
[0.974s] -- Execute custom install script
[0.976s] -- Up-to-date symlink: /home/edisonwong/dev_ws/install/serial/lib/libserial.a
[0.977s] -- Up-to-date symlink: /home/edisonwong/dev_ws/install/serial/include/serial/serial.h
[0.978s] -- Up-to-date symlink: /home/edisonwong/dev_ws/install/serial/include/serial/v8stdint.h
[0.980s] -- Up-to-date symlink: /home/edisonwong/dev_ws/install/serial/share/serial/environment/library_path.sh
[0.981s] -- Up-to-date symlink: /home/edisonwong/dev_ws/install/serial/share/serial/environment/library_path.dsv
[0.982s] -- Up-to-date symlink: /home/edisonwong/dev_ws/install/serial/share/ament_index/resource_index/package_run_dependencies/serial
[0.983s] -- Up-to-date symlink: /home/edisonwong/dev_ws/install/serial/share/ament_index/resource_index/parent_prefix_path/serial
[0.984s] -- Up-to-date symlink: /home/edisonwong/dev_ws/install/serial/share/serial/environment/ament_prefix_path.sh
[0.985s] -- Up-to-date symlink: /home/edisonwong/dev_ws/install/serial/share/serial/environment/ament_prefix_path.dsv
[0.986s] -- Up-to-date symlink: /home/edisonwong/dev_ws/install/serial/share/serial/environment/path.sh
[0.988s] -- Up-to-date symlink: /home/edisonwong/dev_ws/install/serial/share/serial/environment/path.dsv
[0.990s] -- Up-to-date symlink: /home/edisonwong/dev_ws/install/serial/share/serial/local_setup.bash
[0.990s] -- Up-to-date symlink: /home/edisonwong/dev_ws/install/serial/share/serial/local_setup.sh
[0.991s] -- Up-to-date symlink: /home/edisonwong/dev_ws/install/serial/share/serial/local_setup.zsh
[0.992s] -- Up-to-date symlink: /home/edisonwong/dev_ws/install/serial/share/serial/local_setup.dsv
[0.994s] -- Symlinking: /home/edisonwong/dev_ws/install/serial/share/serial/package.dsv
[1.035s] -- Up-to-date symlink: /home/edisonwong/dev_ws/install/serial/share/ament_index/resource_index/packages/serial
[1.035s] -- Up-to-date symlink: /home/edisonwong/dev_ws/install/serial/share/serial/cmake/ament_cmake_export_include_directories-extras.cmake
[1.036s] -- Up-to-date symlink: /home/edisonwong/dev_ws/install/serial/share/serial/cmake/ament_cmake_export_libraries-extras.cmake
[1.037s] -- Up-to-date symlink: /home/edisonwong/dev_ws/install/serial/share/serial/cmake/serialConfig.cmake
[1.038s] -- Up-to-date symlink: /home/edisonwong/dev_ws/install/serial/share/serial/cmake/serialConfig-version.cmake
[1.040s] -- Up-to-date symlink: /home/edisonwong/dev_ws/install/serial/share/serial/package.xml
[1.133s] Invoked command in '/home/edisonwong/dev_ws/build/serial' returned '0': CMAKE_PREFIX_PATH=${CMAKE_PREFIX_PATH}:/home/edisonwong/dev_ws/install/serial_motor_demo:/opt/ros/humble /usr/bin/cmake --install /home/edisonwong/dev_ws/build/serial
