[0.032s] Invoking command in '/home/edisonwong/dev_ws/src/build/serial': CMAKE_PREFIX_PATH=/opt/ros/humble /usr/bin/cmake --build /home/edisonwong/dev_ws/src/build/serial -- -j8 -l8
[0.125s] [ 35%] Built target gtest
[0.126s] [ 35%] Built target gtest_main
[0.126s] [ 57%] Built target serial
[0.195s] [ 71%] Built target serial-test-timer
[0.201s] [ 85%] Built target serial_example
[0.204s] [100%] Built target serial-test
[0.222s] Invoked command in '/home/edisonwong/dev_ws/src/build/serial' returned '0': CMAKE_PREFIX_PATH=/opt/ros/humble /usr/bin/cmake --build /home/edisonwong/dev_ws/src/build/serial -- -j8 -l8
[0.281s] Invoking command in '/home/edisonwong/dev_ws/src/build/serial': CMAKE_PREFIX_PATH=/opt/ros/humble /usr/bin/cmake --install /home/edisonwong/dev_ws/src/build/serial
[0.293s] -- Install configuration: ""
[0.294s] -- Execute custom install script
[0.295s] -- Up-to-date symlink: /home/edisonwong/dev_ws/src/install/serial/lib/libserial.a
[0.295s] -- Up-to-date symlink: /home/edisonwong/dev_ws/src/install/serial/include/serial/serial.h
[0.295s] -- Up-to-date symlink: /home/edisonwong/dev_ws/src/install/serial/include/serial/v8stdint.h
[0.296s] -- Up-to-date symlink: /home/edisonwong/dev_ws/src/install/serial/share/serial/environment/library_path.sh
[0.296s] -- Up-to-date symlink: /home/edisonwong/dev_ws/src/install/serial/share/serial/environment/library_path.dsv
[0.296s] -- Up-to-date symlink: /home/edisonwong/dev_ws/src/install/serial/share/ament_index/resource_index/package_run_dependencies/serial
[0.297s] -- Up-to-date symlink: /home/edisonwong/dev_ws/src/install/serial/share/ament_index/resource_index/parent_prefix_path/serial
[0.298s] -- Up-to-date symlink: /home/edisonwong/dev_ws/src/install/serial/share/serial/environment/ament_prefix_path.sh
[0.298s] -- Up-to-date symlink: /home/edisonwong/dev_ws/src/install/serial/share/serial/environment/ament_prefix_path.dsv
[0.298s] -- Up-to-date symlink: /home/edisonwong/dev_ws/src/install/serial/share/serial/environment/path.sh
[0.298s] -- Up-to-date symlink: /home/edisonwong/dev_ws/src/install/serial/share/serial/environment/path.dsv
[0.299s] -- Up-to-date symlink: /home/edisonwong/dev_ws/src/install/serial/share/serial/local_setup.bash
[0.299s] -- Up-to-date symlink: /home/edisonwong/dev_ws/src/install/serial/share/serial/local_setup.sh
[0.299s] -- Up-to-date symlink: /home/edisonwong/dev_ws/src/install/serial/share/serial/local_setup.zsh
[0.299s] -- Up-to-date symlink: /home/edisonwong/dev_ws/src/install/serial/share/serial/local_setup.dsv
[0.299s] -- Symlinking: /home/edisonwong/dev_ws/src/install/serial/share/serial/package.dsv
[0.313s] -- Up-to-date symlink: /home/edisonwong/dev_ws/src/install/serial/share/ament_index/resource_index/packages/serial
[0.314s] -- Up-to-date symlink: /home/edisonwong/dev_ws/src/install/serial/share/serial/cmake/ament_cmake_export_include_directories-extras.cmake
[0.314s] -- Up-to-date symlink: /home/edisonwong/dev_ws/src/install/serial/share/serial/cmake/ament_cmake_export_libraries-extras.cmake
[0.314s] -- Up-to-date symlink: /home/edisonwong/dev_ws/src/install/serial/share/serial/cmake/serialConfig.cmake
[0.315s] -- Up-to-date symlink: /home/edisonwong/dev_ws/src/install/serial/share/serial/cmake/serialConfig-version.cmake
[0.315s] -- Up-to-date symlink: /home/edisonwong/dev_ws/src/install/serial/share/serial/package.xml
[0.331s] Invoked command in '/home/edisonwong/dev_ws/src/build/serial' returned '0': CMAKE_PREFIX_PATH=/opt/ros/humble /usr/bin/cmake --install /home/edisonwong/dev_ws/src/build/serial
