[0.044s] Invoking command in '/home/edisonwong/dev_ws/build/serial': CMAKE_PREFIX_PATH=${CMAKE_PREFIX_PATH}:/home/edisonwong/dev_ws/install/serial_motor_demo:/opt/ros/humble /usr/bin/cmake --build /home/edisonwong/dev_ws/build/serial -- -j8 -l8
[0.122s] [ 21%] Built target gtest_main
[0.123s] [ 42%] Built target serial
[0.129s] [ 57%] Built target gtest
[0.166s] [ 71%] Built target serial_example
[0.178s] [100%] Built target serial-test-timer
[0.178s] [100%] Built target serial-test
[0.194s] Invoked command in '/home/edisonwong/dev_ws/build/serial' returned '0': CMAKE_PREFIX_PATH=${CMAKE_PREFIX_PATH}:/home/edisonwong/dev_ws/install/serial_motor_demo:/opt/ros/humble /usr/bin/cmake --build /home/edisonwong/dev_ws/build/serial -- -j8 -l8
[0.246s] Invoking command in '/home/edisonwong/dev_ws/build/serial': CMAKE_PREFIX_PATH=${CMAKE_PREFIX_PATH}:/home/edisonwong/dev_ws/install/serial_motor_demo:/opt/ros/humble /usr/bin/cmake --install /home/edisonwong/dev_ws/build/serial
[0.259s] -- Install configuration: ""
[0.260s] -- Execute custom install script
[0.261s] -- Up-to-date symlink: /home/edisonwong/dev_ws/install/serial/lib/libserial.a
[0.261s] -- Up-to-date symlink: /home/edisonwong/dev_ws/install/serial/include/serial/serial.h
[0.262s] -- Up-to-date symlink: /home/edisonwong/dev_ws/install/serial/include/serial/v8stdint.h
[0.262s] -- Up-to-date symlink: /home/edisonwong/dev_ws/install/serial/share/serial/environment/library_path.sh
[0.262s] -- Up-to-date symlink: /home/edisonwong/dev_ws/install/serial/share/serial/environment/library_path.dsv
[0.262s] -- Up-to-date symlink: /home/edisonwong/dev_ws/install/serial/share/ament_index/resource_index/package_run_dependencies/serial
[0.263s] -- Up-to-date symlink: /home/edisonwong/dev_ws/install/serial/share/ament_index/resource_index/parent_prefix_path/serial
[0.263s] -- Up-to-date symlink: /home/edisonwong/dev_ws/install/serial/share/serial/environment/ament_prefix_path.sh
[0.263s] -- Up-to-date symlink: /home/edisonwong/dev_ws/install/serial/share/serial/environment/ament_prefix_path.dsv
[0.264s] -- Up-to-date symlink: /home/edisonwong/dev_ws/install/serial/share/serial/environment/path.sh
[0.264s] -- Up-to-date symlink: /home/edisonwong/dev_ws/install/serial/share/serial/environment/path.dsv
[0.264s] -- Up-to-date symlink: /home/edisonwong/dev_ws/install/serial/share/serial/local_setup.bash
[0.264s] -- Up-to-date symlink: /home/edisonwong/dev_ws/install/serial/share/serial/local_setup.sh
[0.265s] -- Up-to-date symlink: /home/edisonwong/dev_ws/install/serial/share/serial/local_setup.zsh
[0.265s] -- Up-to-date symlink: /home/edisonwong/dev_ws/install/serial/share/serial/local_setup.dsv
[0.265s] -- Symlinking: /home/edisonwong/dev_ws/install/serial/share/serial/package.dsv
[0.277s] -- Up-to-date symlink: /home/edisonwong/dev_ws/install/serial/share/ament_index/resource_index/packages/serial
[0.278s] -- Up-to-date symlink: /home/edisonwong/dev_ws/install/serial/share/serial/cmake/ament_cmake_export_include_directories-extras.cmake
[0.278s] -- Up-to-date symlink: /home/edisonwong/dev_ws/install/serial/share/serial/cmake/ament_cmake_export_libraries-extras.cmake
[0.278s] -- Up-to-date symlink: /home/edisonwong/dev_ws/install/serial/share/serial/cmake/serialConfig.cmake
[0.278s] -- Up-to-date symlink: /home/edisonwong/dev_ws/install/serial/share/serial/cmake/serialConfig-version.cmake
[0.278s] -- Up-to-date symlink: /home/edisonwong/dev_ws/install/serial/share/serial/package.xml
[0.298s] Invoked command in '/home/edisonwong/dev_ws/build/serial' returned '0': CMAKE_PREFIX_PATH=${CMAKE_PREFIX_PATH}:/home/edisonwong/dev_ws/install/serial_motor_demo:/opt/ros/humble /usr/bin/cmake --install /home/edisonwong/dev_ws/build/serial
