[1.736s] DEBUG:colcon:Command line arguments: ['/usr/bin/colcon', 'build', '--symlink-install']
[1.737s] DEBUG:colcon:Parsed command line arguments: Namespace(log_base=None, log_level=None, verb_name='build', build_base='build', install_base='install', merge_install=False, symlink_install=True, test_result_base=None, continue_on_error=False, executor='parallel', parallel_workers=8, event_handlers=None, ignore_user_meta=False, metas=['./colcon.meta'], base_paths=['.'], packages_ignore=None, packages_ignore_regex=None, paths=None, packages_up_to=None, packages_up_to_regex=None, packages_above=None, packages_above_and_dependencies=None, packages_above_depth=None, packages_select_by_dep=None, packages_skip_by_dep=None, packages_skip_up_to=None, packages_select_build_failed=False, packages_skip_build_finished=False, packages_select_test_failures=False, packages_skip_test_passed=False, packages_select=None, packages_skip=None, packages_select_regex=None, packages_skip_regex=None, packages_start=None, packages_end=None, allow_overriding=[], cmake_args=None, cmake_target=None, cmake_target_skip_unavailable=False, cmake_clean_cache=False, cmake_clean_first=False, cmake_force_configure=False, ament_cmake_args=None, catkin_cmake_args=None, catkin_skip_building_tests=False, verb_parser=<colcon_defaults.argument_parser.defaults.DefaultArgumentsDecorator object at 0x7fbb7f4ef730>, verb_extension=<colcon_core.verb.build.BuildVerb object at 0x7fbb80011d50>, main=<bound method BuildVerb.main of <colcon_core.verb.build.BuildVerb object at 0x7fbb80011d50>>)
[1.866s] Level 1:colcon.colcon_core.package_discovery:discover_packages(colcon_meta) check parameters
[1.867s] Level 1:colcon.colcon_core.package_discovery:discover_packages(recursive) check parameters
[1.867s] Level 1:colcon.colcon_core.package_discovery:discover_packages(ignore) check parameters
[1.867s] Level 1:colcon.colcon_core.package_discovery:discover_packages(path) check parameters
[1.867s] Level 1:colcon.colcon_core.package_discovery:discover_packages(colcon_meta) discover
[1.867s] Level 1:colcon.colcon_core.package_discovery:discover_packages(recursive) discover
[1.867s] INFO:colcon.colcon_core.package_discovery:Crawling recursively for packages in '/home/edisonwong/dev_ws'
[1.868s] Level 1:colcon.colcon_core.package_identification:_identify(.) by extensions ['ignore', 'ignore_ament_install']
[1.868s] Level 1:colcon.colcon_core.package_identification:_identify(.) by extension 'ignore'
[1.869s] Level 1:colcon.colcon_core.package_identification:_identify(.) by extension 'ignore_ament_install'
[1.869s] Level 1:colcon.colcon_core.package_identification:_identify(.) by extensions ['colcon_pkg']
[1.869s] Level 1:colcon.colcon_core.package_identification:_identify(.) by extension 'colcon_pkg'
[1.869s] Level 1:colcon.colcon_core.package_identification:_identify(.) by extensions ['colcon_meta']
[1.869s] Level 1:colcon.colcon_core.package_identification:_identify(.) by extension 'colcon_meta'
[1.870s] Level 1:colcon.colcon_core.package_identification:_identify(.) by extensions ['ros']
[1.870s] Level 1:colcon.colcon_core.package_identification:_identify(.) by extension 'ros'
[1.918s] Level 1:colcon.colcon_core.package_identification:_identify(.) by extensions ['cmake', 'python']
[1.918s] Level 1:colcon.colcon_core.package_identification:_identify(.) by extension 'cmake'
[1.919s] Level 1:colcon.colcon_core.package_identification:_identify(.) by extension 'python'
[1.919s] Level 1:colcon.colcon_core.package_identification:_identify(.) by extensions ['python_setup_py']
[1.919s] Level 1:colcon.colcon_core.package_identification:_identify(.) by extension 'python_setup_py'
[1.920s] Level 1:colcon.colcon_core.package_identification:_identify(build) by extensions ['ignore', 'ignore_ament_install']
[1.920s] Level 1:colcon.colcon_core.package_identification:_identify(build) by extension 'ignore'
[1.921s] Level 1:colcon.colcon_core.package_identification:_identify(build) ignored
[1.921s] Level 1:colcon.colcon_core.package_identification:_identify(install) by extensions ['ignore', 'ignore_ament_install']
[1.921s] Level 1:colcon.colcon_core.package_identification:_identify(install) by extension 'ignore'
[1.922s] Level 1:colcon.colcon_core.package_identification:_identify(install) ignored
[1.922s] Level 1:colcon.colcon_core.package_identification:_identify(log) by extensions ['ignore', 'ignore_ament_install']
[1.923s] Level 1:colcon.colcon_core.package_identification:_identify(log) by extension 'ignore'
[1.923s] Level 1:colcon.colcon_core.package_identification:_identify(log) ignored
[1.923s] Level 1:colcon.colcon_core.package_identification:_identify(serial_motor_demo) by extensions ['ignore', 'ignore_ament_install']
[1.924s] Level 1:colcon.colcon_core.package_identification:_identify(serial_motor_demo) by extension 'ignore'
[1.924s] Level 1:colcon.colcon_core.package_identification:_identify(serial_motor_demo) by extension 'ignore_ament_install'
[1.924s] Level 1:colcon.colcon_core.package_identification:_identify(serial_motor_demo) by extensions ['colcon_pkg']
[1.924s] Level 1:colcon.colcon_core.package_identification:_identify(serial_motor_demo) by extension 'colcon_pkg'
[1.925s] Level 1:colcon.colcon_core.package_identification:_identify(serial_motor_demo) by extensions ['colcon_meta']
[1.925s] Level 1:colcon.colcon_core.package_identification:_identify(serial_motor_demo) by extension 'colcon_meta'
[1.925s] Level 1:colcon.colcon_core.package_identification:_identify(serial_motor_demo) by extensions ['ros']
[1.925s] Level 1:colcon.colcon_core.package_identification:_identify(serial_motor_demo) by extension 'ros'
[1.925s] Level 1:colcon.colcon_core.package_identification:_identify(serial_motor_demo) by extensions ['cmake', 'python']
[1.926s] Level 1:colcon.colcon_core.package_identification:_identify(serial_motor_demo) by extension 'cmake'
[1.926s] Level 1:colcon.colcon_core.package_identification:_identify(serial_motor_demo) by extension 'python'
[1.926s] Level 1:colcon.colcon_core.package_identification:_identify(serial_motor_demo) by extensions ['python_setup_py']
[1.926s] Level 1:colcon.colcon_core.package_identification:_identify(serial_motor_demo) by extension 'python_setup_py'
[1.927s] Level 1:colcon.colcon_core.package_identification:_identify(serial_motor_demo/serial_motor_demo) by extensions ['ignore', 'ignore_ament_install']
[1.927s] Level 1:colcon.colcon_core.package_identification:_identify(serial_motor_demo/serial_motor_demo) by extension 'ignore'
[1.927s] Level 1:colcon.colcon_core.package_identification:_identify(serial_motor_demo/serial_motor_demo) by extension 'ignore_ament_install'
[1.927s] Level 1:colcon.colcon_core.package_identification:_identify(serial_motor_demo/serial_motor_demo) by extensions ['colcon_pkg']
[1.928s] Level 1:colcon.colcon_core.package_identification:_identify(serial_motor_demo/serial_motor_demo) by extension 'colcon_pkg'
[1.928s] Level 1:colcon.colcon_core.package_identification:_identify(serial_motor_demo/serial_motor_demo) by extensions ['colcon_meta']
[1.928s] Level 1:colcon.colcon_core.package_identification:_identify(serial_motor_demo/serial_motor_demo) by extension 'colcon_meta'
[1.928s] Level 1:colcon.colcon_core.package_identification:_identify(serial_motor_demo/serial_motor_demo) by extensions ['ros']
[1.928s] Level 1:colcon.colcon_core.package_identification:_identify(serial_motor_demo/serial_motor_demo) by extension 'ros'
[1.940s] DEBUG:colcon.colcon_core.package_identification:Package 'serial_motor_demo/serial_motor_demo' with type 'ros.ament_python' and name 'serial_motor_demo'
[1.941s] Level 1:colcon.colcon_core.package_identification:_identify(serial_motor_demo/serial_motor_demo_msgs) by extensions ['ignore', 'ignore_ament_install']
[1.941s] Level 1:colcon.colcon_core.package_identification:_identify(serial_motor_demo/serial_motor_demo_msgs) by extension 'ignore'
[1.942s] Level 1:colcon.colcon_core.package_identification:_identify(serial_motor_demo/serial_motor_demo_msgs) by extension 'ignore_ament_install'
[1.942s] Level 1:colcon.colcon_core.package_identification:_identify(serial_motor_demo/serial_motor_demo_msgs) by extensions ['colcon_pkg']
[1.942s] Level 1:colcon.colcon_core.package_identification:_identify(serial_motor_demo/serial_motor_demo_msgs) by extension 'colcon_pkg'
[1.942s] Level 1:colcon.colcon_core.package_identification:_identify(serial_motor_demo/serial_motor_demo_msgs) by extensions ['colcon_meta']
[1.942s] Level 1:colcon.colcon_core.package_identification:_identify(serial_motor_demo/serial_motor_demo_msgs) by extension 'colcon_meta'
[1.943s] Level 1:colcon.colcon_core.package_identification:_identify(serial_motor_demo/serial_motor_demo_msgs) by extensions ['ros']
[1.943s] Level 1:colcon.colcon_core.package_identification:_identify(serial_motor_demo/serial_motor_demo_msgs) by extension 'ros'
[1.945s] DEBUG:colcon.colcon_core.package_identification:Package 'serial_motor_demo/serial_motor_demo_msgs' with type 'ros.ament_cmake' and name 'serial_motor_demo_msgs'
[1.945s] Level 1:colcon.colcon_core.package_identification:_identify(src) by extensions ['ignore', 'ignore_ament_install']
[1.946s] Level 1:colcon.colcon_core.package_identification:_identify(src) by extension 'ignore'
[1.946s] Level 1:colcon.colcon_core.package_identification:_identify(src) by extension 'ignore_ament_install'
[1.946s] Level 1:colcon.colcon_core.package_identification:_identify(src) by extensions ['colcon_pkg']
[1.946s] Level 1:colcon.colcon_core.package_identification:_identify(src) by extension 'colcon_pkg'
[1.947s] Level 1:colcon.colcon_core.package_identification:_identify(src) by extensions ['colcon_meta']
[1.947s] Level 1:colcon.colcon_core.package_identification:_identify(src) by extension 'colcon_meta'
[1.947s] Level 1:colcon.colcon_core.package_identification:_identify(src) by extensions ['ros']
[1.947s] Level 1:colcon.colcon_core.package_identification:_identify(src) by extension 'ros'
[1.948s] Level 1:colcon.colcon_core.package_identification:_identify(src) by extensions ['cmake', 'python']
[1.948s] Level 1:colcon.colcon_core.package_identification:_identify(src) by extension 'cmake'
[1.948s] Level 1:colcon.colcon_core.package_identification:_identify(src) by extension 'python'
[1.948s] Level 1:colcon.colcon_core.package_identification:_identify(src) by extensions ['python_setup_py']
[1.949s] Level 1:colcon.colcon_core.package_identification:_identify(src) by extension 'python_setup_py'
[1.949s] Level 1:colcon.colcon_core.package_identification:_identify(src/build) by extensions ['ignore', 'ignore_ament_install']
[1.950s] Level 1:colcon.colcon_core.package_identification:_identify(src/build) by extension 'ignore'
[1.950s] Level 1:colcon.colcon_core.package_identification:_identify(src/build) ignored
[1.950s] Level 1:colcon.colcon_core.package_identification:_identify(src/diffdrive_arduino) by extensions ['ignore', 'ignore_ament_install']
[1.951s] Level 1:colcon.colcon_core.package_identification:_identify(src/diffdrive_arduino) by extension 'ignore'
[1.951s] Level 1:colcon.colcon_core.package_identification:_identify(src/diffdrive_arduino) by extension 'ignore_ament_install'
[1.951s] Level 1:colcon.colcon_core.package_identification:_identify(src/diffdrive_arduino) by extensions ['colcon_pkg']
[1.952s] Level 1:colcon.colcon_core.package_identification:_identify(src/diffdrive_arduino) by extension 'colcon_pkg'
[1.952s] Level 1:colcon.colcon_core.package_identification:_identify(src/diffdrive_arduino) by extensions ['colcon_meta']
[1.952s] Level 1:colcon.colcon_core.package_identification:_identify(src/diffdrive_arduino) by extension 'colcon_meta'
[1.952s] Level 1:colcon.colcon_core.package_identification:_identify(src/diffdrive_arduino) by extensions ['ros']
[1.952s] Level 1:colcon.colcon_core.package_identification:_identify(src/diffdrive_arduino) by extension 'ros'
[1.956s] DEBUG:colcon.colcon_core.package_identification:Package 'src/diffdrive_arduino' with type 'ros.ament_cmake' and name 'diffdrive_arduino'
[1.957s] Level 1:colcon.colcon_core.package_identification:_identify(src/install) by extensions ['ignore', 'ignore_ament_install']
[1.957s] Level 1:colcon.colcon_core.package_identification:_identify(src/install) by extension 'ignore'
[1.957s] Level 1:colcon.colcon_core.package_identification:_identify(src/install) ignored
[1.958s] Level 1:colcon.colcon_core.package_identification:_identify(src/log) by extensions ['ignore', 'ignore_ament_install']
[1.958s] Level 1:colcon.colcon_core.package_identification:_identify(src/log) by extension 'ignore'
[1.958s] Level 1:colcon.colcon_core.package_identification:_identify(src/log) ignored
[1.959s] Level 1:colcon.colcon_core.package_identification:_identify(src/my_bot) by extensions ['ignore', 'ignore_ament_install']
[1.959s] Level 1:colcon.colcon_core.package_identification:_identify(src/my_bot) by extension 'ignore'
[1.959s] Level 1:colcon.colcon_core.package_identification:_identify(src/my_bot) by extension 'ignore_ament_install'
[1.959s] Level 1:colcon.colcon_core.package_identification:_identify(src/my_bot) by extensions ['colcon_pkg']
[1.960s] Level 1:colcon.colcon_core.package_identification:_identify(src/my_bot) by extension 'colcon_pkg'
[1.960s] Level 1:colcon.colcon_core.package_identification:_identify(src/my_bot) by extensions ['colcon_meta']
[1.960s] Level 1:colcon.colcon_core.package_identification:_identify(src/my_bot) by extension 'colcon_meta'
[1.960s] Level 1:colcon.colcon_core.package_identification:_identify(src/my_bot) by extensions ['ros']
[1.960s] Level 1:colcon.colcon_core.package_identification:_identify(src/my_bot) by extension 'ros'
[1.962s] DEBUG:colcon.colcon_core.package_identification:Package 'src/my_bot' with type 'ros.ament_cmake' and name 'my_bot'
[1.963s] Level 1:colcon.colcon_core.package_identification:_identify(src/serial) by extensions ['ignore', 'ignore_ament_install']
[1.963s] Level 1:colcon.colcon_core.package_identification:_identify(src/serial) by extension 'ignore'
[1.963s] Level 1:colcon.colcon_core.package_identification:_identify(src/serial) by extension 'ignore_ament_install'
[1.964s] Level 1:colcon.colcon_core.package_identification:_identify(src/serial) by extensions ['colcon_pkg']
[1.964s] Level 1:colcon.colcon_core.package_identification:_identify(src/serial) by extension 'colcon_pkg'
[1.964s] Level 1:colcon.colcon_core.package_identification:_identify(src/serial) by extensions ['colcon_meta']
[1.964s] Level 1:colcon.colcon_core.package_identification:_identify(src/serial) by extension 'colcon_meta'
[1.964s] Level 1:colcon.colcon_core.package_identification:_identify(src/serial) by extensions ['ros']
[1.964s] Level 1:colcon.colcon_core.package_identification:_identify(src/serial) by extension 'ros'
[1.966s] DEBUG:colcon.colcon_core.package_identification:Package 'src/serial' with type 'ros.ament_cmake' and name 'serial'
[1.967s] Level 1:colcon.colcon_core.package_discovery:discover_packages(recursive) using defaults
[1.967s] Level 1:colcon.colcon_core.package_discovery:discover_packages(ignore) discover
[1.967s] Level 1:colcon.colcon_core.package_discovery:discover_packages(ignore) using defaults
[1.967s] Level 1:colcon.colcon_core.package_discovery:discover_packages(path) discover
[1.967s] Level 1:colcon.colcon_core.package_discovery:discover_packages(path) using defaults
[2.076s] Level 1:colcon.colcon_core.package_discovery:discover_packages(prefix_path) check parameters
[2.076s] Level 1:colcon.colcon_core.package_discovery:discover_packages(prefix_path) discover
[2.094s] DEBUG:colcon.colcon_installed_package_information.package_discovery:Found 6 installed packages in /home/edisonwong/dev_ws/install
[2.103s] DEBUG:colcon.colcon_installed_package_information.package_discovery:Found 334 installed packages in /opt/ros/humble
[2.112s] Level 1:colcon.colcon_core.package_discovery:discover_packages(prefix_path) using defaults
[2.427s] Level 5:colcon.colcon_core.verb:set package 'my_bot' build argument 'cmake_args' from command line to 'None'
[2.427s] Level 5:colcon.colcon_core.verb:set package 'my_bot' build argument 'cmake_target' from command line to 'None'
[2.427s] Level 5:colcon.colcon_core.verb:set package 'my_bot' build argument 'cmake_target_skip_unavailable' from command line to 'False'
[2.427s] Level 5:colcon.colcon_core.verb:set package 'my_bot' build argument 'cmake_clean_cache' from command line to 'False'
[2.427s] Level 5:colcon.colcon_core.verb:set package 'my_bot' build argument 'cmake_clean_first' from command line to 'False'
[2.428s] Level 5:colcon.colcon_core.verb:set package 'my_bot' build argument 'cmake_force_configure' from command line to 'False'
[2.428s] Level 5:colcon.colcon_core.verb:set package 'my_bot' build argument 'ament_cmake_args' from command line to 'None'
[2.428s] Level 5:colcon.colcon_core.verb:set package 'my_bot' build argument 'catkin_cmake_args' from command line to 'None'
[2.428s] Level 5:colcon.colcon_core.verb:set package 'my_bot' build argument 'catkin_skip_building_tests' from command line to 'False'
[2.428s] DEBUG:colcon.colcon_core.verb:Building package 'my_bot' with the following arguments: {'ament_cmake_args': None, 'build_base': '/home/edisonwong/dev_ws/build/my_bot', 'catkin_cmake_args': None, 'catkin_skip_building_tests': False, 'cmake_args': None, 'cmake_clean_cache': False, 'cmake_clean_first': False, 'cmake_force_configure': False, 'cmake_target': None, 'cmake_target_skip_unavailable': False, 'install_base': '/home/edisonwong/dev_ws/install/my_bot', 'merge_install': False, 'path': '/home/edisonwong/dev_ws/src/my_bot', 'symlink_install': True, 'test_result_base': None}
[2.437s] Level 5:colcon.colcon_core.verb:set package 'serial' build argument 'cmake_args' from command line to 'None'
[2.437s] Level 5:colcon.colcon_core.verb:set package 'serial' build argument 'cmake_target' from command line to 'None'
[2.437s] Level 5:colcon.colcon_core.verb:set package 'serial' build argument 'cmake_target_skip_unavailable' from command line to 'False'
[2.437s] Level 5:colcon.colcon_core.verb:set package 'serial' build argument 'cmake_clean_cache' from command line to 'False'
[2.438s] Level 5:colcon.colcon_core.verb:set package 'serial' build argument 'cmake_clean_first' from command line to 'False'
[2.438s] Level 5:colcon.colcon_core.verb:set package 'serial' build argument 'cmake_force_configure' from command line to 'False'
[2.438s] Level 5:colcon.colcon_core.verb:set package 'serial' build argument 'ament_cmake_args' from command line to 'None'
[2.438s] Level 5:colcon.colcon_core.verb:set package 'serial' build argument 'catkin_cmake_args' from command line to 'None'
[2.438s] Level 5:colcon.colcon_core.verb:set package 'serial' build argument 'catkin_skip_building_tests' from command line to 'False'
[2.439s] DEBUG:colcon.colcon_core.verb:Building package 'serial' with the following arguments: {'ament_cmake_args': None, 'build_base': '/home/edisonwong/dev_ws/build/serial', 'catkin_cmake_args': None, 'catkin_skip_building_tests': False, 'cmake_args': None, 'cmake_clean_cache': False, 'cmake_clean_first': False, 'cmake_force_configure': False, 'cmake_target': None, 'cmake_target_skip_unavailable': False, 'install_base': '/home/edisonwong/dev_ws/install/serial', 'merge_install': False, 'path': '/home/edisonwong/dev_ws/src/serial', 'symlink_install': True, 'test_result_base': None}
[2.443s] Level 5:colcon.colcon_core.verb:set package 'serial_motor_demo_msgs' build argument 'cmake_args' from command line to 'None'
[2.443s] Level 5:colcon.colcon_core.verb:set package 'serial_motor_demo_msgs' build argument 'cmake_target' from command line to 'None'
[2.443s] Level 5:colcon.colcon_core.verb:set package 'serial_motor_demo_msgs' build argument 'cmake_target_skip_unavailable' from command line to 'False'
[2.443s] Level 5:colcon.colcon_core.verb:set package 'serial_motor_demo_msgs' build argument 'cmake_clean_cache' from command line to 'False'
[2.444s] Level 5:colcon.colcon_core.verb:set package 'serial_motor_demo_msgs' build argument 'cmake_clean_first' from command line to 'False'
[2.444s] Level 5:colcon.colcon_core.verb:set package 'serial_motor_demo_msgs' build argument 'cmake_force_configure' from command line to 'False'
[2.444s] Level 5:colcon.colcon_core.verb:set package 'serial_motor_demo_msgs' build argument 'ament_cmake_args' from command line to 'None'
[2.444s] Level 5:colcon.colcon_core.verb:set package 'serial_motor_demo_msgs' build argument 'catkin_cmake_args' from command line to 'None'
[2.444s] Level 5:colcon.colcon_core.verb:set package 'serial_motor_demo_msgs' build argument 'catkin_skip_building_tests' from command line to 'False'
[2.444s] DEBUG:colcon.colcon_core.verb:Building package 'serial_motor_demo_msgs' with the following arguments: {'ament_cmake_args': None, 'build_base': '/home/edisonwong/dev_ws/build/serial_motor_demo_msgs', 'catkin_cmake_args': None, 'catkin_skip_building_tests': False, 'cmake_args': None, 'cmake_clean_cache': False, 'cmake_clean_first': False, 'cmake_force_configure': False, 'cmake_target': None, 'cmake_target_skip_unavailable': False, 'install_base': '/home/edisonwong/dev_ws/install/serial_motor_demo_msgs', 'merge_install': False, 'path': '/home/edisonwong/dev_ws/serial_motor_demo/serial_motor_demo_msgs', 'symlink_install': True, 'test_result_base': None}
[2.448s] Level 5:colcon.colcon_core.verb:set package 'diffdrive_arduino' build argument 'cmake_args' from command line to 'None'
[2.448s] Level 5:colcon.colcon_core.verb:set package 'diffdrive_arduino' build argument 'cmake_target' from command line to 'None'
[2.449s] Level 5:colcon.colcon_core.verb:set package 'diffdrive_arduino' build argument 'cmake_target_skip_unavailable' from command line to 'False'
[2.449s] Level 5:colcon.colcon_core.verb:set package 'diffdrive_arduino' build argument 'cmake_clean_cache' from command line to 'False'
[2.449s] Level 5:colcon.colcon_core.verb:set package 'diffdrive_arduino' build argument 'cmake_clean_first' from command line to 'False'
[2.449s] Level 5:colcon.colcon_core.verb:set package 'diffdrive_arduino' build argument 'cmake_force_configure' from command line to 'False'
[2.449s] Level 5:colcon.colcon_core.verb:set package 'diffdrive_arduino' build argument 'ament_cmake_args' from command line to 'None'
[2.449s] Level 5:colcon.colcon_core.verb:set package 'diffdrive_arduino' build argument 'catkin_cmake_args' from command line to 'None'
[2.449s] Level 5:colcon.colcon_core.verb:set package 'diffdrive_arduino' build argument 'catkin_skip_building_tests' from command line to 'False'
[2.449s] DEBUG:colcon.colcon_core.verb:Building package 'diffdrive_arduino' with the following arguments: {'ament_cmake_args': None, 'build_base': '/home/edisonwong/dev_ws/build/diffdrive_arduino', 'catkin_cmake_args': None, 'catkin_skip_building_tests': False, 'cmake_args': None, 'cmake_clean_cache': False, 'cmake_clean_first': False, 'cmake_force_configure': False, 'cmake_target': None, 'cmake_target_skip_unavailable': False, 'install_base': '/home/edisonwong/dev_ws/install/diffdrive_arduino', 'merge_install': False, 'path': '/home/edisonwong/dev_ws/src/diffdrive_arduino', 'symlink_install': True, 'test_result_base': None}
[2.454s] Level 5:colcon.colcon_core.verb:set package 'serial_motor_demo' build argument 'cmake_args' from command line to 'None'
[2.454s] Level 5:colcon.colcon_core.verb:set package 'serial_motor_demo' build argument 'cmake_target' from command line to 'None'
[2.455s] Level 5:colcon.colcon_core.verb:set package 'serial_motor_demo' build argument 'cmake_target_skip_unavailable' from command line to 'False'
[2.455s] Level 5:colcon.colcon_core.verb:set package 'serial_motor_demo' build argument 'cmake_clean_cache' from command line to 'False'
[2.455s] Level 5:colcon.colcon_core.verb:set package 'serial_motor_demo' build argument 'cmake_clean_first' from command line to 'False'
[2.455s] Level 5:colcon.colcon_core.verb:set package 'serial_motor_demo' build argument 'cmake_force_configure' from command line to 'False'
[2.455s] Level 5:colcon.colcon_core.verb:set package 'serial_motor_demo' build argument 'ament_cmake_args' from command line to 'None'
[2.455s] Level 5:colcon.colcon_core.verb:set package 'serial_motor_demo' build argument 'catkin_cmake_args' from command line to 'None'
[2.455s] Level 5:colcon.colcon_core.verb:set package 'serial_motor_demo' build argument 'catkin_skip_building_tests' from command line to 'False'
[2.456s] DEBUG:colcon.colcon_core.verb:Building package 'serial_motor_demo' with the following arguments: {'ament_cmake_args': None, 'build_base': '/home/edisonwong/dev_ws/build/serial_motor_demo', 'catkin_cmake_args': None, 'catkin_skip_building_tests': False, 'cmake_args': None, 'cmake_clean_cache': False, 'cmake_clean_first': False, 'cmake_force_configure': False, 'cmake_target': None, 'cmake_target_skip_unavailable': False, 'install_base': '/home/edisonwong/dev_ws/install/serial_motor_demo', 'merge_install': False, 'path': '/home/edisonwong/dev_ws/serial_motor_demo/serial_motor_demo', 'symlink_install': True, 'test_result_base': None}
[2.459s] INFO:colcon.colcon_core.executor:Executing jobs using 'parallel' executor
[2.476s] DEBUG:colcon.colcon_parallel_executor.executor.parallel:run_until_complete
[2.478s] INFO:colcon.colcon_ros.task.ament_cmake.build:Building ROS package in '/home/edisonwong/dev_ws/src/serial' with build type 'ament_cmake'
[2.479s] INFO:colcon.colcon_cmake.task.cmake.build:Building CMake package in '/home/edisonwong/dev_ws/src/serial'
[2.531s] INFO:colcon.colcon_core.plugin_system:Skipping extension 'colcon_core.shell.bat': Not used on non-Windows systems
[2.533s] INFO:colcon.colcon_core.shell:Skip shell extension 'powershell' for command environment: Not usable outside of PowerShell
[2.534s] DEBUG:colcon.colcon_core.shell:Skip shell extension 'dsv' for command environment
[2.567s] INFO:colcon.colcon_ros.task.ament_cmake.build:Building ROS package in '/home/edisonwong/dev_ws/serial_motor_demo/serial_motor_demo_msgs' with build type 'ament_cmake'
[2.568s] INFO:colcon.colcon_cmake.task.cmake.build:Building CMake package in '/home/edisonwong/dev_ws/serial_motor_demo/serial_motor_demo_msgs'
[2.578s] INFO:colcon.colcon_core.shell:Skip shell extension 'powershell' for command environment: Not usable outside of PowerShell
[2.579s] DEBUG:colcon.colcon_core.shell:Skip shell extension 'dsv' for command environment
[2.608s] INFO:colcon.colcon_ros.task.ament_cmake.build:Building ROS package in '/home/edisonwong/dev_ws/src/my_bot' with build type 'ament_cmake'
[2.609s] INFO:colcon.colcon_cmake.task.cmake.build:Building CMake package in '/home/edisonwong/dev_ws/src/my_bot'
[2.618s] INFO:colcon.colcon_core.shell:Skip shell extension 'powershell' for command environment: Not usable outside of PowerShell
[2.618s] DEBUG:colcon.colcon_core.shell:Skip shell extension 'dsv' for command environment
[2.672s] DEBUG:colcon.colcon_core.event_handler.log_command:Invoking command in '/home/edisonwong/dev_ws/build/serial': CMAKE_PREFIX_PATH=${CMAKE_PREFIX_PATH}:/home/edisonwong/dev_ws/install/serial_motor_demo:/opt/ros/humble /usr/bin/cmake --build /home/edisonwong/dev_ws/build/serial -- -j8 -l8
[2.690s] DEBUG:colcon.colcon_core.event_handler.log_command:Invoking command in '/home/edisonwong/dev_ws/build/serial_motor_demo_msgs': CMAKE_PREFIX_PATH=${CMAKE_PREFIX_PATH}:/home/edisonwong/dev_ws/install/serial_motor_demo:/opt/ros/humble /usr/bin/cmake --build /home/edisonwong/dev_ws/build/serial_motor_demo_msgs -- -j8 -l8
[2.705s] DEBUG:colcon.colcon_core.event_handler.log_command:Invoking command in '/home/edisonwong/dev_ws/build/my_bot': CMAKE_PREFIX_PATH=${CMAKE_PREFIX_PATH}:/home/edisonwong/dev_ws/install/serial_motor_demo:/opt/ros/humble /usr/bin/cmake --build /home/edisonwong/dev_ws/build/my_bot -- -j8 -l8
[2.905s] DEBUG:colcon.colcon_core.event_handler.log_command:Invoked command in '/home/edisonwong/dev_ws/build/my_bot' returned '0': CMAKE_PREFIX_PATH=${CMAKE_PREFIX_PATH}:/home/edisonwong/dev_ws/install/serial_motor_demo:/opt/ros/humble /usr/bin/cmake --build /home/edisonwong/dev_ws/build/my_bot -- -j8 -l8
[3.190s] DEBUG:colcon.colcon_core.event_handler.log_command:Invoking command in '/home/edisonwong/dev_ws/build/my_bot': CMAKE_PREFIX_PATH=${CMAKE_PREFIX_PATH}:/home/edisonwong/dev_ws/install/serial_motor_demo:/opt/ros/humble /usr/bin/cmake --install /home/edisonwong/dev_ws/build/my_bot
[3.204s] DEBUG:colcon.colcon_core.event_handler.log_command:Invoked command in '/home/edisonwong/dev_ws/build/serial' returned '0': CMAKE_PREFIX_PATH=${CMAKE_PREFIX_PATH}:/home/edisonwong/dev_ws/install/serial_motor_demo:/opt/ros/humble /usr/bin/cmake --build /home/edisonwong/dev_ws/build/serial -- -j8 -l8
[3.316s] Level 1:colcon.colcon_core.environment:create_environment_scripts_only(my_bot)
[3.326s] DEBUG:colcon.colcon_core.event_handler.log_command:Invoked command in '/home/edisonwong/dev_ws/build/my_bot' returned '0': CMAKE_PREFIX_PATH=${CMAKE_PREFIX_PATH}:/home/edisonwong/dev_ws/install/serial_motor_demo:/opt/ros/humble /usr/bin/cmake --install /home/edisonwong/dev_ws/build/my_bot
[3.361s] Level 1:colcon.colcon_core.environment:checking '/home/edisonwong/dev_ws/install/my_bot' for CMake module files
[3.363s] Level 1:colcon.colcon_core.environment:checking '/home/edisonwong/dev_ws/install/my_bot' for CMake config files
[3.364s] Level 1:colcon.colcon_core.shell:create_environment_hook('my_bot', 'cmake_prefix_path')
[3.371s] INFO:colcon.colcon_core.shell:Creating environment hook '/home/edisonwong/dev_ws/install/my_bot/share/my_bot/hook/cmake_prefix_path.ps1'
[3.374s] INFO:colcon.colcon_core.shell:Creating environment descriptor '/home/edisonwong/dev_ws/install/my_bot/share/my_bot/hook/cmake_prefix_path.dsv'
[3.377s] INFO:colcon.colcon_core.shell:Creating environment hook '/home/edisonwong/dev_ws/install/my_bot/share/my_bot/hook/cmake_prefix_path.sh'
[3.381s] Level 1:colcon.colcon_core.environment:checking '/home/edisonwong/dev_ws/install/my_bot/bin'
[3.381s] Level 1:colcon.colcon_core.environment:checking '/home/edisonwong/dev_ws/install/my_bot/lib/pkgconfig/my_bot.pc'
[3.382s] Level 1:colcon.colcon_core.environment:checking '/home/edisonwong/dev_ws/install/my_bot/lib/python3.10/site-packages'
[3.383s] Level 1:colcon.colcon_core.environment:checking '/home/edisonwong/dev_ws/install/my_bot/bin'
[3.391s] INFO:colcon.colcon_core.shell:Creating package script '/home/edisonwong/dev_ws/install/my_bot/share/my_bot/package.ps1'
[3.396s] INFO:colcon.colcon_core.shell:Creating package descriptor '/home/edisonwong/dev_ws/install/my_bot/share/my_bot/package.dsv'
[3.399s] INFO:colcon.colcon_core.shell:Creating package script '/home/edisonwong/dev_ws/install/my_bot/share/my_bot/package.sh'
[3.402s] INFO:colcon.colcon_core.shell:Creating package script '/home/edisonwong/dev_ws/install/my_bot/share/my_bot/package.bash'
[3.406s] INFO:colcon.colcon_core.shell:Creating package script '/home/edisonwong/dev_ws/install/my_bot/share/my_bot/package.zsh'
[3.409s] Level 1:colcon.colcon_core.environment:create_file_with_runtime_dependencies(/home/edisonwong/dev_ws/install/my_bot/share/colcon-core/packages/my_bot)
[3.420s] DEBUG:colcon.colcon_core.event_handler.log_command:Invoking command in '/home/edisonwong/dev_ws/build/serial': CMAKE_PREFIX_PATH=${CMAKE_PREFIX_PATH}:/home/edisonwong/dev_ws/install/serial_motor_demo:/opt/ros/humble /usr/bin/cmake --install /home/edisonwong/dev_ws/build/serial
[3.531s] Level 1:colcon.colcon_core.environment:create_environment_scripts_only(my_bot)
[3.549s] Level 1:colcon.colcon_core.environment:checking '/home/edisonwong/dev_ws/install/my_bot' for CMake module files
[3.553s] Level 1:colcon.colcon_core.environment:checking '/home/edisonwong/dev_ws/install/my_bot' for CMake config files
[3.555s] Level 1:colcon.colcon_core.shell:create_environment_hook('my_bot', 'cmake_prefix_path')
[3.565s] INFO:colcon.colcon_core.shell:Creating environment hook '/home/edisonwong/dev_ws/install/my_bot/share/my_bot/hook/cmake_prefix_path.ps1'
[3.567s] INFO:colcon.colcon_core.shell:Creating environment descriptor '/home/edisonwong/dev_ws/install/my_bot/share/my_bot/hook/cmake_prefix_path.dsv'
[3.569s] INFO:colcon.colcon_core.shell:Creating environment hook '/home/edisonwong/dev_ws/install/my_bot/share/my_bot/hook/cmake_prefix_path.sh'
[3.572s] Level 1:colcon.colcon_core.environment:checking '/home/edisonwong/dev_ws/install/my_bot/bin'
[3.572s] Level 1:colcon.colcon_core.environment:checking '/home/edisonwong/dev_ws/install/my_bot/lib/pkgconfig/my_bot.pc'
[3.573s] Level 1:colcon.colcon_core.environment:checking '/home/edisonwong/dev_ws/install/my_bot/lib/python3.10/site-packages'
[3.574s] Level 1:colcon.colcon_core.environment:checking '/home/edisonwong/dev_ws/install/my_bot/bin'
[3.587s] INFO:colcon.colcon_core.shell:Creating package script '/home/edisonwong/dev_ws/install/my_bot/share/my_bot/package.ps1'
[3.591s] INFO:colcon.colcon_core.shell:Creating package descriptor '/home/edisonwong/dev_ws/install/my_bot/share/my_bot/package.dsv'
[3.594s] INFO:colcon.colcon_core.shell:Creating package script '/home/edisonwong/dev_ws/install/my_bot/share/my_bot/package.sh'
[3.596s] INFO:colcon.colcon_core.shell:Creating package script '/home/edisonwong/dev_ws/install/my_bot/share/my_bot/package.bash'
[3.599s] INFO:colcon.colcon_core.shell:Creating package script '/home/edisonwong/dev_ws/install/my_bot/share/my_bot/package.zsh'
[3.602s] Level 1:colcon.colcon_core.environment:create_file_with_runtime_dependencies(/home/edisonwong/dev_ws/install/my_bot/share/colcon-core/packages/my_bot)
[3.607s] Level 1:colcon.colcon_core.environment:create_environment_scripts_only(serial)
[3.617s] DEBUG:colcon.colcon_core.event_handler.log_command:Invoked command in '/home/edisonwong/dev_ws/build/serial' returned '0': CMAKE_PREFIX_PATH=${CMAKE_PREFIX_PATH}:/home/edisonwong/dev_ws/install/serial_motor_demo:/opt/ros/humble /usr/bin/cmake --install /home/edisonwong/dev_ws/build/serial
[3.625s] Level 1:colcon.colcon_core.environment:checking '/home/edisonwong/dev_ws/install/serial' for CMake module files
[3.630s] Level 1:colcon.colcon_core.environment:checking '/home/edisonwong/dev_ws/install/serial' for CMake config files
[3.633s] Level 1:colcon.colcon_core.shell:create_environment_hook('serial', 'cmake_prefix_path')
[3.642s] INFO:colcon.colcon_core.shell:Creating environment hook '/home/edisonwong/dev_ws/install/serial/share/serial/hook/cmake_prefix_path.ps1'
[3.645s] INFO:colcon.colcon_core.shell:Creating environment descriptor '/home/edisonwong/dev_ws/install/serial/share/serial/hook/cmake_prefix_path.dsv'
[3.648s] INFO:colcon.colcon_core.shell:Creating environment hook '/home/edisonwong/dev_ws/install/serial/share/serial/hook/cmake_prefix_path.sh'
[3.651s] Level 1:colcon.colcon_core.environment:checking '/home/edisonwong/dev_ws/install/serial/lib'
[3.652s] Level 1:colcon.colcon_core.environment:checking '/home/edisonwong/dev_ws/install/serial/bin'
[3.653s] Level 1:colcon.colcon_core.environment:checking '/home/edisonwong/dev_ws/install/serial/lib/pkgconfig/serial.pc'
[3.654s] Level 1:colcon.colcon_core.environment:checking '/home/edisonwong/dev_ws/install/serial/lib/python3.10/site-packages'
[3.656s] Level 1:colcon.colcon_core.environment:checking '/home/edisonwong/dev_ws/install/serial/bin'
[3.666s] INFO:colcon.colcon_core.shell:Creating package script '/home/edisonwong/dev_ws/install/serial/share/serial/package.ps1'
[3.668s] INFO:colcon.colcon_core.shell:Creating package descriptor '/home/edisonwong/dev_ws/install/serial/share/serial/package.dsv'
[3.670s] INFO:colcon.colcon_core.shell:Creating package script '/home/edisonwong/dev_ws/install/serial/share/serial/package.sh'
[3.673s] INFO:colcon.colcon_core.shell:Creating package script '/home/edisonwong/dev_ws/install/serial/share/serial/package.bash'
[3.675s] INFO:colcon.colcon_core.shell:Creating package script '/home/edisonwong/dev_ws/install/serial/share/serial/package.zsh'
[3.677s] Level 1:colcon.colcon_core.environment:create_file_with_runtime_dependencies(/home/edisonwong/dev_ws/install/serial/share/colcon-core/packages/serial)
[3.845s] Level 1:colcon.colcon_core.environment:create_environment_scripts_only(serial)
[3.860s] Level 1:colcon.colcon_core.environment:checking '/home/edisonwong/dev_ws/install/serial' for CMake module files
[3.864s] Level 1:colcon.colcon_core.environment:checking '/home/edisonwong/dev_ws/install/serial' for CMake config files
[3.866s] Level 1:colcon.colcon_core.shell:create_environment_hook('serial', 'cmake_prefix_path')
[3.877s] INFO:colcon.colcon_core.shell:Creating environment hook '/home/edisonwong/dev_ws/install/serial/share/serial/hook/cmake_prefix_path.ps1'
[3.879s] INFO:colcon.colcon_core.shell:Creating environment descriptor '/home/edisonwong/dev_ws/install/serial/share/serial/hook/cmake_prefix_path.dsv'
[3.880s] INFO:colcon.colcon_core.shell:Creating environment hook '/home/edisonwong/dev_ws/install/serial/share/serial/hook/cmake_prefix_path.sh'
[3.883s] Level 1:colcon.colcon_core.environment:checking '/home/edisonwong/dev_ws/install/serial/lib'
[3.884s] Level 1:colcon.colcon_core.environment:checking '/home/edisonwong/dev_ws/install/serial/bin'
[3.884s] Level 1:colcon.colcon_core.environment:checking '/home/edisonwong/dev_ws/install/serial/lib/pkgconfig/serial.pc'
[3.886s] Level 1:colcon.colcon_core.environment:checking '/home/edisonwong/dev_ws/install/serial/lib/python3.10/site-packages'
[3.887s] Level 1:colcon.colcon_core.environment:checking '/home/edisonwong/dev_ws/install/serial/bin'
[3.897s] INFO:colcon.colcon_core.shell:Creating package script '/home/edisonwong/dev_ws/install/serial/share/serial/package.ps1'
[3.901s] INFO:colcon.colcon_core.shell:Creating package descriptor '/home/edisonwong/dev_ws/install/serial/share/serial/package.dsv'
[3.905s] INFO:colcon.colcon_core.shell:Creating package script '/home/edisonwong/dev_ws/install/serial/share/serial/package.sh'
[3.907s] INFO:colcon.colcon_core.shell:Creating package script '/home/edisonwong/dev_ws/install/serial/share/serial/package.bash'
[3.909s] INFO:colcon.colcon_core.shell:Creating package script '/home/edisonwong/dev_ws/install/serial/share/serial/package.zsh'
[3.911s] Level 1:colcon.colcon_core.environment:create_file_with_runtime_dependencies(/home/edisonwong/dev_ws/install/serial/share/colcon-core/packages/serial)
[3.913s] INFO:colcon.colcon_ros.task.ament_cmake.build:Building ROS package in '/home/edisonwong/dev_ws/src/diffdrive_arduino' with build type 'ament_cmake'
[3.913s] INFO:colcon.colcon_cmake.task.cmake.build:Building CMake package in '/home/edisonwong/dev_ws/src/diffdrive_arduino'
[3.923s] INFO:colcon.colcon_core.shell:Skip shell extension 'powershell' for command environment: Not usable outside of PowerShell
[3.923s] DEBUG:colcon.colcon_core.shell:Skip shell extension 'dsv' for command environment
[3.988s] DEBUG:colcon.colcon_core.event_handler.log_command:Invoking command in '/home/edisonwong/dev_ws/build/diffdrive_arduino': CMAKE_PREFIX_PATH=/home/edisonwong/dev_ws/install/serial:/home/edisonwong/dev_ws/install/serial_motor_demo_msgs:/home/edisonwong/dev_ws/install/diffdrive_arduino:/home/edisonwong/dev_ws/install/my_package:/home/edisonwong/dev_ws/install/my_bot:/home/edisonwong/dev_ws/install/serial_motor_demo:/opt/ros/humble /usr/bin/cmake --build /home/edisonwong/dev_ws/build/diffdrive_arduino -- -j8 -l8
[4.285s] DEBUG:colcon.colcon_core.event_handler.log_command:Invoked command in '/home/edisonwong/dev_ws/build/diffdrive_arduino' returned '0': CMAKE_PREFIX_PATH=/home/edisonwong/dev_ws/install/serial:/home/edisonwong/dev_ws/install/serial_motor_demo_msgs:/home/edisonwong/dev_ws/install/diffdrive_arduino:/home/edisonwong/dev_ws/install/my_package:/home/edisonwong/dev_ws/install/my_bot:/home/edisonwong/dev_ws/install/serial_motor_demo:/opt/ros/humble /usr/bin/cmake --build /home/edisonwong/dev_ws/build/diffdrive_arduino -- -j8 -l8
[4.434s] DEBUG:colcon.colcon_core.event_handler.log_command:Invoking command in '/home/edisonwong/dev_ws/build/diffdrive_arduino': CMAKE_PREFIX_PATH=/home/edisonwong/dev_ws/install/serial:/home/edisonwong/dev_ws/install/serial_motor_demo_msgs:/home/edisonwong/dev_ws/install/diffdrive_arduino:/home/edisonwong/dev_ws/install/my_package:/home/edisonwong/dev_ws/install/my_bot:/home/edisonwong/dev_ws/install/serial_motor_demo:/opt/ros/humble /usr/bin/cmake --install /home/edisonwong/dev_ws/build/diffdrive_arduino
[4.545s] Level 1:colcon.colcon_core.environment:create_environment_scripts_only(diffdrive_arduino)
[4.554s] DEBUG:colcon.colcon_core.event_handler.log_command:Invoked command in '/home/edisonwong/dev_ws/build/diffdrive_arduino' returned '0': CMAKE_PREFIX_PATH=/home/edisonwong/dev_ws/install/serial:/home/edisonwong/dev_ws/install/serial_motor_demo_msgs:/home/edisonwong/dev_ws/install/diffdrive_arduino:/home/edisonwong/dev_ws/install/my_package:/home/edisonwong/dev_ws/install/my_bot:/home/edisonwong/dev_ws/install/serial_motor_demo:/opt/ros/humble /usr/bin/cmake --install /home/edisonwong/dev_ws/build/diffdrive_arduino
[4.565s] Level 1:colcon.colcon_core.environment:checking '/home/edisonwong/dev_ws/install/diffdrive_arduino' for CMake module files
[4.568s] Level 1:colcon.colcon_core.environment:checking '/home/edisonwong/dev_ws/install/diffdrive_arduino' for CMake config files
[4.570s] Level 1:colcon.colcon_core.shell:create_environment_hook('diffdrive_arduino', 'cmake_prefix_path')
[4.578s] INFO:colcon.colcon_core.shell:Creating environment hook '/home/edisonwong/dev_ws/install/diffdrive_arduino/share/diffdrive_arduino/hook/cmake_prefix_path.ps1'
[4.581s] INFO:colcon.colcon_core.shell:Creating environment descriptor '/home/edisonwong/dev_ws/install/diffdrive_arduino/share/diffdrive_arduino/hook/cmake_prefix_path.dsv'
[4.583s] INFO:colcon.colcon_core.shell:Creating environment hook '/home/edisonwong/dev_ws/install/diffdrive_arduino/share/diffdrive_arduino/hook/cmake_prefix_path.sh'
[4.586s] Level 1:colcon.colcon_core.environment:checking '/home/edisonwong/dev_ws/install/diffdrive_arduino/lib'
[4.587s] Level 1:colcon.colcon_core.shell:create_environment_hook('diffdrive_arduino', 'ld_library_path_lib')
[4.595s] INFO:colcon.colcon_core.shell:Creating environment hook '/home/edisonwong/dev_ws/install/diffdrive_arduino/share/diffdrive_arduino/hook/ld_library_path_lib.ps1'
[4.597s] INFO:colcon.colcon_core.shell:Creating environment descriptor '/home/edisonwong/dev_ws/install/diffdrive_arduino/share/diffdrive_arduino/hook/ld_library_path_lib.dsv'
[4.599s] INFO:colcon.colcon_core.shell:Creating environment hook '/home/edisonwong/dev_ws/install/diffdrive_arduino/share/diffdrive_arduino/hook/ld_library_path_lib.sh'
[4.600s] Level 1:colcon.colcon_core.environment:checking '/home/edisonwong/dev_ws/install/diffdrive_arduino/bin'
[4.601s] Level 1:colcon.colcon_core.environment:checking '/home/edisonwong/dev_ws/install/diffdrive_arduino/lib/pkgconfig/diffdrive_arduino.pc'
[4.602s] Level 1:colcon.colcon_core.environment:checking '/home/edisonwong/dev_ws/install/diffdrive_arduino/lib/python3.10/site-packages'
[4.603s] Level 1:colcon.colcon_core.environment:checking '/home/edisonwong/dev_ws/install/diffdrive_arduino/bin'
[4.610s] INFO:colcon.colcon_core.shell:Creating package script '/home/edisonwong/dev_ws/install/diffdrive_arduino/share/diffdrive_arduino/package.ps1'
[4.614s] INFO:colcon.colcon_core.shell:Creating package descriptor '/home/edisonwong/dev_ws/install/diffdrive_arduino/share/diffdrive_arduino/package.dsv'
[4.616s] INFO:colcon.colcon_core.shell:Creating package script '/home/edisonwong/dev_ws/install/diffdrive_arduino/share/diffdrive_arduino/package.sh'
[4.618s] INFO:colcon.colcon_core.shell:Creating package script '/home/edisonwong/dev_ws/install/diffdrive_arduino/share/diffdrive_arduino/package.bash'
[4.620s] INFO:colcon.colcon_core.shell:Creating package script '/home/edisonwong/dev_ws/install/diffdrive_arduino/share/diffdrive_arduino/package.zsh'
[4.622s] Level 1:colcon.colcon_core.environment:create_file_with_runtime_dependencies(/home/edisonwong/dev_ws/install/diffdrive_arduino/share/colcon-core/packages/diffdrive_arduino)
[4.815s] Level 1:colcon.colcon_core.environment:create_environment_scripts_only(diffdrive_arduino)
[4.833s] Level 1:colcon.colcon_core.environment:checking '/home/edisonwong/dev_ws/install/diffdrive_arduino' for CMake module files
[4.841s] Level 1:colcon.colcon_core.environment:checking '/home/edisonwong/dev_ws/install/diffdrive_arduino' for CMake config files
[4.844s] Level 1:colcon.colcon_core.shell:create_environment_hook('diffdrive_arduino', 'cmake_prefix_path')
[4.852s] INFO:colcon.colcon_core.shell:Creating environment hook '/home/edisonwong/dev_ws/install/diffdrive_arduino/share/diffdrive_arduino/hook/cmake_prefix_path.ps1'
[4.854s] INFO:colcon.colcon_core.shell:Creating environment descriptor '/home/edisonwong/dev_ws/install/diffdrive_arduino/share/diffdrive_arduino/hook/cmake_prefix_path.dsv'
[4.858s] INFO:colcon.colcon_core.shell:Creating environment hook '/home/edisonwong/dev_ws/install/diffdrive_arduino/share/diffdrive_arduino/hook/cmake_prefix_path.sh'
[4.864s] Level 1:colcon.colcon_core.environment:checking '/home/edisonwong/dev_ws/install/diffdrive_arduino/lib'
[4.865s] Level 1:colcon.colcon_core.shell:create_environment_hook('diffdrive_arduino', 'ld_library_path_lib')
[4.874s] INFO:colcon.colcon_core.shell:Creating environment hook '/home/edisonwong/dev_ws/install/diffdrive_arduino/share/diffdrive_arduino/hook/ld_library_path_lib.ps1'
[4.877s] INFO:colcon.colcon_core.shell:Creating environment descriptor '/home/edisonwong/dev_ws/install/diffdrive_arduino/share/diffdrive_arduino/hook/ld_library_path_lib.dsv'
[4.880s] INFO:colcon.colcon_core.shell:Creating environment hook '/home/edisonwong/dev_ws/install/diffdrive_arduino/share/diffdrive_arduino/hook/ld_library_path_lib.sh'
[4.883s] Level 1:colcon.colcon_core.environment:checking '/home/edisonwong/dev_ws/install/diffdrive_arduino/bin'
[4.884s] Level 1:colcon.colcon_core.environment:checking '/home/edisonwong/dev_ws/install/diffdrive_arduino/lib/pkgconfig/diffdrive_arduino.pc'
[4.885s] Level 1:colcon.colcon_core.environment:checking '/home/edisonwong/dev_ws/install/diffdrive_arduino/lib/python3.10/site-packages'
[4.887s] Level 1:colcon.colcon_core.environment:checking '/home/edisonwong/dev_ws/install/diffdrive_arduino/bin'
[4.899s] INFO:colcon.colcon_core.shell:Creating package script '/home/edisonwong/dev_ws/install/diffdrive_arduino/share/diffdrive_arduino/package.ps1'
[4.903s] INFO:colcon.colcon_core.shell:Creating package descriptor '/home/edisonwong/dev_ws/install/diffdrive_arduino/share/diffdrive_arduino/package.dsv'
[4.905s] INFO:colcon.colcon_core.shell:Creating package script '/home/edisonwong/dev_ws/install/diffdrive_arduino/share/diffdrive_arduino/package.sh'
[4.908s] INFO:colcon.colcon_core.shell:Creating package script '/home/edisonwong/dev_ws/install/diffdrive_arduino/share/diffdrive_arduino/package.bash'
[4.910s] INFO:colcon.colcon_core.shell:Creating package script '/home/edisonwong/dev_ws/install/diffdrive_arduino/share/diffdrive_arduino/package.zsh'
[4.913s] Level 1:colcon.colcon_core.environment:create_file_with_runtime_dependencies(/home/edisonwong/dev_ws/install/diffdrive_arduino/share/colcon-core/packages/diffdrive_arduino)
[5.057s] DEBUG:colcon.colcon_core.event_handler.log_command:Invoked command in '/home/edisonwong/dev_ws/build/serial_motor_demo_msgs' returned '0': CMAKE_PREFIX_PATH=${CMAKE_PREFIX_PATH}:/home/edisonwong/dev_ws/install/serial_motor_demo:/opt/ros/humble /usr/bin/cmake --build /home/edisonwong/dev_ws/build/serial_motor_demo_msgs -- -j8 -l8
[5.610s] DEBUG:colcon.colcon_core.event_handler.log_command:Invoking command in '/home/edisonwong/dev_ws/build/serial_motor_demo_msgs': CMAKE_PREFIX_PATH=${CMAKE_PREFIX_PATH}:/home/edisonwong/dev_ws/install/serial_motor_demo:/opt/ros/humble /usr/bin/cmake --install /home/edisonwong/dev_ws/build/serial_motor_demo_msgs
[6.055s] Level 1:colcon.colcon_core.environment:create_environment_scripts_only(serial_motor_demo_msgs)
[6.067s] DEBUG:colcon.colcon_core.event_handler.log_command:Invoked command in '/home/edisonwong/dev_ws/build/serial_motor_demo_msgs' returned '0': CMAKE_PREFIX_PATH=${CMAKE_PREFIX_PATH}:/home/edisonwong/dev_ws/install/serial_motor_demo:/opt/ros/humble /usr/bin/cmake --install /home/edisonwong/dev_ws/build/serial_motor_demo_msgs
[6.070s] Level 1:colcon.colcon_core.environment:checking '/home/edisonwong/dev_ws/install/serial_motor_demo_msgs' for CMake module files
[6.073s] Level 1:colcon.colcon_core.environment:checking '/home/edisonwong/dev_ws/install/serial_motor_demo_msgs' for CMake config files
[6.076s] Level 1:colcon.colcon_core.shell:create_environment_hook('serial_motor_demo_msgs', 'cmake_prefix_path')
[6.084s] INFO:colcon.colcon_core.shell:Creating environment hook '/home/edisonwong/dev_ws/install/serial_motor_demo_msgs/share/serial_motor_demo_msgs/hook/cmake_prefix_path.ps1'
[6.086s] INFO:colcon.colcon_core.shell:Creating environment descriptor '/home/edisonwong/dev_ws/install/serial_motor_demo_msgs/share/serial_motor_demo_msgs/hook/cmake_prefix_path.dsv'
[6.088s] INFO:colcon.colcon_core.shell:Creating environment hook '/home/edisonwong/dev_ws/install/serial_motor_demo_msgs/share/serial_motor_demo_msgs/hook/cmake_prefix_path.sh'
[6.091s] Level 1:colcon.colcon_core.environment:checking '/home/edisonwong/dev_ws/install/serial_motor_demo_msgs/lib'
[6.092s] Level 1:colcon.colcon_core.shell:create_environment_hook('serial_motor_demo_msgs', 'ld_library_path_lib')
[6.100s] INFO:colcon.colcon_core.shell:Creating environment hook '/home/edisonwong/dev_ws/install/serial_motor_demo_msgs/share/serial_motor_demo_msgs/hook/ld_library_path_lib.ps1'
[6.101s] INFO:colcon.colcon_core.shell:Creating environment descriptor '/home/edisonwong/dev_ws/install/serial_motor_demo_msgs/share/serial_motor_demo_msgs/hook/ld_library_path_lib.dsv'
[6.103s] INFO:colcon.colcon_core.shell:Creating environment hook '/home/edisonwong/dev_ws/install/serial_motor_demo_msgs/share/serial_motor_demo_msgs/hook/ld_library_path_lib.sh'
[6.105s] Level 1:colcon.colcon_core.environment:checking '/home/edisonwong/dev_ws/install/serial_motor_demo_msgs/bin'
[6.106s] Level 1:colcon.colcon_core.environment:checking '/home/edisonwong/dev_ws/install/serial_motor_demo_msgs/lib/pkgconfig/serial_motor_demo_msgs.pc'
[6.108s] Level 1:colcon.colcon_core.environment:checking '/home/edisonwong/dev_ws/install/serial_motor_demo_msgs/lib/python3.10/site-packages'
[6.110s] Level 1:colcon.colcon_core.environment:checking '/home/edisonwong/dev_ws/install/serial_motor_demo_msgs/bin'
[6.118s] INFO:colcon.colcon_core.shell:Creating package script '/home/edisonwong/dev_ws/install/serial_motor_demo_msgs/share/serial_motor_demo_msgs/package.ps1'
[6.120s] INFO:colcon.colcon_core.shell:Creating package descriptor '/home/edisonwong/dev_ws/install/serial_motor_demo_msgs/share/serial_motor_demo_msgs/package.dsv'
[6.123s] INFO:colcon.colcon_core.shell:Creating package script '/home/edisonwong/dev_ws/install/serial_motor_demo_msgs/share/serial_motor_demo_msgs/package.sh'
[6.127s] INFO:colcon.colcon_core.shell:Creating package script '/home/edisonwong/dev_ws/install/serial_motor_demo_msgs/share/serial_motor_demo_msgs/package.bash'
[6.129s] INFO:colcon.colcon_core.shell:Creating package script '/home/edisonwong/dev_ws/install/serial_motor_demo_msgs/share/serial_motor_demo_msgs/package.zsh'
[6.131s] Level 1:colcon.colcon_core.environment:create_file_with_runtime_dependencies(/home/edisonwong/dev_ws/install/serial_motor_demo_msgs/share/colcon-core/packages/serial_motor_demo_msgs)
[6.656s] Level 1:colcon.colcon_core.environment:create_environment_scripts_only(serial_motor_demo_msgs)
[6.666s] Level 1:colcon.colcon_core.environment:checking '/home/edisonwong/dev_ws/install/serial_motor_demo_msgs' for CMake module files
[6.670s] Level 1:colcon.colcon_core.environment:checking '/home/edisonwong/dev_ws/install/serial_motor_demo_msgs' for CMake config files
[6.672s] Level 1:colcon.colcon_core.shell:create_environment_hook('serial_motor_demo_msgs', 'cmake_prefix_path')
[6.678s] INFO:colcon.colcon_core.shell:Creating environment hook '/home/edisonwong/dev_ws/install/serial_motor_demo_msgs/share/serial_motor_demo_msgs/hook/cmake_prefix_path.ps1'
[6.680s] INFO:colcon.colcon_core.shell:Creating environment descriptor '/home/edisonwong/dev_ws/install/serial_motor_demo_msgs/share/serial_motor_demo_msgs/hook/cmake_prefix_path.dsv'
[6.682s] INFO:colcon.colcon_core.shell:Creating environment hook '/home/edisonwong/dev_ws/install/serial_motor_demo_msgs/share/serial_motor_demo_msgs/hook/cmake_prefix_path.sh'
[6.685s] Level 1:colcon.colcon_core.environment:checking '/home/edisonwong/dev_ws/install/serial_motor_demo_msgs/lib'
[6.685s] Level 1:colcon.colcon_core.shell:create_environment_hook('serial_motor_demo_msgs', 'ld_library_path_lib')
[6.692s] INFO:colcon.colcon_core.shell:Creating environment hook '/home/edisonwong/dev_ws/install/serial_motor_demo_msgs/share/serial_motor_demo_msgs/hook/ld_library_path_lib.ps1'
[6.693s] INFO:colcon.colcon_core.shell:Creating environment descriptor '/home/edisonwong/dev_ws/install/serial_motor_demo_msgs/share/serial_motor_demo_msgs/hook/ld_library_path_lib.dsv'
[6.695s] INFO:colcon.colcon_core.shell:Creating environment hook '/home/edisonwong/dev_ws/install/serial_motor_demo_msgs/share/serial_motor_demo_msgs/hook/ld_library_path_lib.sh'
[6.696s] Level 1:colcon.colcon_core.environment:checking '/home/edisonwong/dev_ws/install/serial_motor_demo_msgs/bin'
[6.697s] Level 1:colcon.colcon_core.environment:checking '/home/edisonwong/dev_ws/install/serial_motor_demo_msgs/lib/pkgconfig/serial_motor_demo_msgs.pc'
[6.698s] Level 1:colcon.colcon_core.environment:checking '/home/edisonwong/dev_ws/install/serial_motor_demo_msgs/lib/python3.10/site-packages'
[6.699s] Level 1:colcon.colcon_core.environment:checking '/home/edisonwong/dev_ws/install/serial_motor_demo_msgs/bin'
[6.706s] INFO:colcon.colcon_core.shell:Creating package script '/home/edisonwong/dev_ws/install/serial_motor_demo_msgs/share/serial_motor_demo_msgs/package.ps1'
[6.709s] INFO:colcon.colcon_core.shell:Creating package descriptor '/home/edisonwong/dev_ws/install/serial_motor_demo_msgs/share/serial_motor_demo_msgs/package.dsv'
[6.711s] INFO:colcon.colcon_core.shell:Creating package script '/home/edisonwong/dev_ws/install/serial_motor_demo_msgs/share/serial_motor_demo_msgs/package.sh'
[6.713s] INFO:colcon.colcon_core.shell:Creating package script '/home/edisonwong/dev_ws/install/serial_motor_demo_msgs/share/serial_motor_demo_msgs/package.bash'
[6.715s] INFO:colcon.colcon_core.shell:Creating package script '/home/edisonwong/dev_ws/install/serial_motor_demo_msgs/share/serial_motor_demo_msgs/package.zsh'
[6.717s] Level 1:colcon.colcon_core.environment:create_file_with_runtime_dependencies(/home/edisonwong/dev_ws/install/serial_motor_demo_msgs/share/colcon-core/packages/serial_motor_demo_msgs)
[6.719s] INFO:colcon.colcon_ros.task.ament_python.build:Building ROS package in '/home/edisonwong/dev_ws/serial_motor_demo/serial_motor_demo' with build type 'ament_python'
[6.721s] Level 1:colcon.colcon_core.shell:create_environment_hook('serial_motor_demo', 'ament_prefix_path')
[6.728s] INFO:colcon.colcon_core.shell:Creating environment hook '/home/edisonwong/dev_ws/install/serial_motor_demo/share/serial_motor_demo/hook/ament_prefix_path.ps1'
[6.732s] INFO:colcon.colcon_core.shell:Creating environment descriptor '/home/edisonwong/dev_ws/install/serial_motor_demo/share/serial_motor_demo/hook/ament_prefix_path.dsv'
[6.733s] INFO:colcon.colcon_core.shell:Creating environment hook '/home/edisonwong/dev_ws/install/serial_motor_demo/share/serial_motor_demo/hook/ament_prefix_path.sh'
[6.744s] INFO:colcon.colcon_core.shell:Skip shell extension 'powershell' for command environment: Not usable outside of PowerShell
[6.744s] DEBUG:colcon.colcon_core.shell:Skip shell extension 'dsv' for command environment
[8.148s] INFO:colcon.colcon_core.task.python.build:Building Python package in '/home/edisonwong/dev_ws/serial_motor_demo/serial_motor_demo'
[8.158s] INFO:colcon.colcon_core.shell:Skip shell extension 'powershell' for command environment: Not usable outside of PowerShell
[8.158s] DEBUG:colcon.colcon_core.shell:Skip shell extension 'dsv' for command environment
[10.123s] DEBUG:colcon.colcon_core.event_handler.log_command:Invoking command in '/home/edisonwong/dev_ws/build/serial_motor_demo': PYTHONPATH=/home/edisonwong/dev_ws/build/serial_motor_demo/prefix_override:/home/edisonwong/dev_ws/install/serial_motor_demo/lib/python3.10/site-packages:${PYTHONPATH} /usr/bin/python3 setup.py develop --editable --build-directory /home/edisonwong/dev_ws/build/serial_motor_demo/build --no-deps install_data
[12.547s] Level 1:colcon.colcon_core.shell:create_environment_hook('serial_motor_demo', 'pythonpath_develop')
[12.553s] DEBUG:colcon.colcon_core.event_handler.log_command:Invoked command in '/home/edisonwong/dev_ws/build/serial_motor_demo' returned '0': PYTHONPATH=/home/edisonwong/dev_ws/build/serial_motor_demo/prefix_override:/home/edisonwong/dev_ws/install/serial_motor_demo/lib/python3.10/site-packages:${PYTHONPATH} /usr/bin/python3 setup.py develop --editable --build-directory /home/edisonwong/dev_ws/build/serial_motor_demo/build --no-deps install_data
[12.552s] INFO:colcon.colcon_core.shell:Creating environment hook '/home/edisonwong/dev_ws/build/serial_motor_demo/share/serial_motor_demo/hook/pythonpath_develop.ps1'
[12.555s] INFO:colcon.colcon_core.shell:Creating environment descriptor '/home/edisonwong/dev_ws/build/serial_motor_demo/share/serial_motor_demo/hook/pythonpath_develop.dsv'
[12.556s] INFO:colcon.colcon_core.shell:Creating environment hook '/home/edisonwong/dev_ws/build/serial_motor_demo/share/serial_motor_demo/hook/pythonpath_develop.sh'
[12.565s] Level 1:colcon.colcon_core.environment:checking '/home/edisonwong/dev_ws/install/serial_motor_demo' for CMake module files
[12.566s] Level 1:colcon.colcon_core.environment:checking '/home/edisonwong/dev_ws/install/serial_motor_demo' for CMake config files
[12.569s] Level 1:colcon.colcon_core.environment:checking '/home/edisonwong/dev_ws/install/serial_motor_demo/lib'
[12.569s] Level 1:colcon.colcon_core.environment:checking '/home/edisonwong/dev_ws/install/serial_motor_demo/bin'
[12.570s] Level 1:colcon.colcon_core.environment:checking '/home/edisonwong/dev_ws/install/serial_motor_demo/lib/pkgconfig/serial_motor_demo.pc'
[12.571s] Level 1:colcon.colcon_core.environment:checking '/home/edisonwong/dev_ws/install/serial_motor_demo/lib/python3.10/site-packages'
[12.571s] Level 1:colcon.colcon_core.shell:create_environment_hook('serial_motor_demo', 'pythonpath')
[12.577s] INFO:colcon.colcon_core.shell:Creating environment hook '/home/edisonwong/dev_ws/install/serial_motor_demo/share/serial_motor_demo/hook/pythonpath.ps1'
[12.579s] INFO:colcon.colcon_core.shell:Creating environment descriptor '/home/edisonwong/dev_ws/install/serial_motor_demo/share/serial_motor_demo/hook/pythonpath.dsv'
[12.580s] INFO:colcon.colcon_core.shell:Creating environment hook '/home/edisonwong/dev_ws/install/serial_motor_demo/share/serial_motor_demo/hook/pythonpath.sh'
[12.582s] Level 1:colcon.colcon_core.environment:checking '/home/edisonwong/dev_ws/install/serial_motor_demo/bin'
[12.583s] Level 1:colcon.colcon_core.environment:create_environment_scripts_only(serial_motor_demo)
[12.589s] INFO:colcon.colcon_core.shell:Creating package script '/home/edisonwong/dev_ws/install/serial_motor_demo/share/serial_motor_demo/package.ps1'
[12.591s] INFO:colcon.colcon_core.shell:Creating package descriptor '/home/edisonwong/dev_ws/install/serial_motor_demo/share/serial_motor_demo/package.dsv'
[12.592s] INFO:colcon.colcon_core.shell:Creating package script '/home/edisonwong/dev_ws/install/serial_motor_demo/share/serial_motor_demo/package.sh'
[12.594s] INFO:colcon.colcon_core.shell:Creating package script '/home/edisonwong/dev_ws/install/serial_motor_demo/share/serial_motor_demo/package.bash'
[12.595s] INFO:colcon.colcon_core.shell:Creating package script '/home/edisonwong/dev_ws/install/serial_motor_demo/share/serial_motor_demo/package.zsh'
[12.596s] Level 1:colcon.colcon_core.environment:create_file_with_runtime_dependencies(/home/edisonwong/dev_ws/install/serial_motor_demo/share/colcon-core/packages/serial_motor_demo)
[12.597s] DEBUG:colcon.colcon_parallel_executor.executor.parallel:closing loop
[12.599s] DEBUG:colcon.colcon_parallel_executor.executor.parallel:loop closed
[12.599s] DEBUG:colcon.colcon_parallel_executor.executor.parallel:run_until_complete finished with '0'
[12.599s] DEBUG:colcon.colcon_core.event_reactor:joining thread
[12.630s] INFO:colcon.colcon_core.plugin_system:Skipping extension 'colcon_notification.desktop_notification.terminal_notifier': Not used on non-Darwin systems
[12.630s] INFO:colcon.colcon_core.plugin_system:Skipping extension 'colcon_notification.desktop_notification.win32': Not used on non-Windows systems
[12.630s] INFO:colcon.colcon_notification.desktop_notification:Sending desktop notification using 'notify2'
[12.663s] DEBUG:colcon.colcon_core.event_reactor:joined thread
[12.669s] INFO:colcon.colcon_core.shell:Creating prefix script '/home/edisonwong/dev_ws/install/local_setup.ps1'
[12.673s] INFO:colcon.colcon_core.shell:Creating prefix util module '/home/edisonwong/dev_ws/install/_local_setup_util_ps1.py'
[12.678s] INFO:colcon.colcon_core.shell:Creating prefix chain script '/home/edisonwong/dev_ws/install/setup.ps1'
[12.683s] INFO:colcon.colcon_core.shell:Creating prefix script '/home/edisonwong/dev_ws/install/local_setup.sh'
[12.685s] INFO:colcon.colcon_core.shell:Creating prefix util module '/home/edisonwong/dev_ws/install/_local_setup_util_sh.py'
[12.687s] INFO:colcon.colcon_core.shell:Creating prefix chain script '/home/edisonwong/dev_ws/install/setup.sh'
[12.693s] INFO:colcon.colcon_core.shell:Creating prefix script '/home/edisonwong/dev_ws/install/local_setup.bash'
[12.694s] INFO:colcon.colcon_core.shell:Creating prefix chain script '/home/edisonwong/dev_ws/install/setup.bash'
[12.700s] INFO:colcon.colcon_core.shell:Creating prefix script '/home/edisonwong/dev_ws/install/local_setup.zsh'
[12.703s] INFO:colcon.colcon_core.shell:Creating prefix chain script '/home/edisonwong/dev_ws/install/setup.zsh'
