[0.015s] Invoking command in '/home/edisonwong/dev_ws/build/my_bot': CMAKE_PREFIX_PATH=/opt/ros/humble /usr/bin/cmake --build /home/edisonwong/dev_ws/build/my_bot -- -j8 -l8
[0.051s] Invoked command in '/home/edisonwong/dev_ws/build/my_bot' returned '0': CMAKE_PREFIX_PATH=/opt/ros/humble /usr/bin/cmake --build /home/edisonwong/dev_ws/build/my_bot -- -j8 -l8
[0.081s] Invoking command in '/home/edisonwong/dev_ws/build/my_bot': CMAKE_PREFIX_PATH=/opt/ros/humble /usr/bin/cmake --install /home/edisonwong/dev_ws/build/my_bot
[0.087s] -- Install configuration: ""
[0.088s] -- Execute custom install script
[0.088s] -- Up-to-date symlink: /home/edisonwong/dev_ws/install/my_bot/share/my_bot/config/empty.yaml
[0.088s] -- Up-to-date symlink: /home/edisonwong/dev_ws/install/my_bot/share/my_bot/description/robot.urdf.xacro
[0.088s] -- Up-to-date symlink: /home/edisonwong/dev_ws/install/my_bot/share/my_bot/description/robot_core.xacro
[0.089s] -- Up-to-date symlink: /home/edisonwong/dev_ws/install/my_bot/share/my_bot/launch/rsp.launch.py
[0.089s] -- Up-to-date symlink: /home/edisonwong/dev_ws/install/my_bot/share/my_bot/worlds/empty.world
[0.089s] -- Up-to-date symlink: /home/edisonwong/dev_ws/install/my_bot/share/ament_index/resource_index/package_run_dependencies/my_bot
[0.089s] -- Up-to-date symlink: /home/edisonwong/dev_ws/install/my_bot/share/ament_index/resource_index/parent_prefix_path/my_bot
[0.090s] -- Up-to-date symlink: /home/edisonwong/dev_ws/install/my_bot/share/my_bot/environment/ament_prefix_path.sh
[0.090s] -- Up-to-date symlink: /home/edisonwong/dev_ws/install/my_bot/share/my_bot/environment/ament_prefix_path.dsv
[0.090s] -- Up-to-date symlink: /home/edisonwong/dev_ws/install/my_bot/share/my_bot/environment/path.sh
[0.090s] -- Up-to-date symlink: /home/edisonwong/dev_ws/install/my_bot/share/my_bot/environment/path.dsv
[0.090s] -- Up-to-date symlink: /home/edisonwong/dev_ws/install/my_bot/share/my_bot/local_setup.bash
[0.091s] -- Up-to-date symlink: /home/edisonwong/dev_ws/install/my_bot/share/my_bot/local_setup.sh
[0.091s] -- Up-to-date symlink: /home/edisonwong/dev_ws/install/my_bot/share/my_bot/local_setup.zsh
[0.091s] -- Up-to-date symlink: /home/edisonwong/dev_ws/install/my_bot/share/my_bot/local_setup.dsv
[0.091s] -- Symlinking: /home/edisonwong/dev_ws/install/my_bot/share/my_bot/package.dsv
[0.100s] -- Up-to-date symlink: /home/edisonwong/dev_ws/install/my_bot/share/ament_index/resource_index/packages/my_bot
[0.100s] -- Up-to-date symlink: /home/edisonwong/dev_ws/install/my_bot/share/my_bot/cmake/my_botConfig.cmake
[0.100s] -- Up-to-date symlink: /home/edisonwong/dev_ws/install/my_bot/share/my_bot/cmake/my_botConfig-version.cmake
[0.100s] -- Up-to-date symlink: /home/edisonwong/dev_ws/install/my_bot/share/my_bot/package.xml
[0.103s] Invoked command in '/home/edisonwong/dev_ws/build/my_bot' returned '0': CMAKE_PREFIX_PATH=/opt/ros/humble /usr/bin/cmake --install /home/edisonwong/dev_ws/build/my_bot
