[0.058s] Invoking command in '/home/edisonwong/dev_ws/build/diffdrive_arduino': CMAKE_PREFIX_PATH=/home/edisonwong/dev_ws/install/serial:/home/edisonwong/dev_ws/install/serial_motor_demo_msgs:/home/edisonwong/dev_ws/install/diffdrive_arduino:/home/edisonwong/dev_ws/install/my_package:/home/edisonwong/dev_ws/install/my_bot:/home/edisonwong/dev_ws/install/serial_motor_demo:/opt/ros/humble /usr/bin/cmake --build /home/edisonwong/dev_ws/build/diffdrive_arduino -- -j8 -l8
[0.294s] [ 42%] Built target fake_robot
[0.313s] [100%] Built target diffdrive_arduino
[0.354s] Invoked command in '/home/edisonwong/dev_ws/build/diffdrive_arduino' returned '0': CMAKE_PREFIX_PATH=/home/edisonwong/dev_ws/install/serial:/home/edisonwong/dev_ws/install/serial_motor_demo_msgs:/home/edisonwong/dev_ws/install/diffdrive_arduino:/home/edisonwong/dev_ws/install/my_package:/home/edisonwong/dev_ws/install/my_bot:/home/edisonwong/dev_ws/install/serial_motor_demo:/opt/ros/humble /usr/bin/cmake --build /home/edisonwong/dev_ws/build/diffdrive_arduino -- -j8 -l8
[0.504s] Invoking command in '/home/edisonwong/dev_ws/build/diffdrive_arduino': CMAKE_PREFIX_PATH=/home/edisonwong/dev_ws/install/serial:/home/edisonwong/dev_ws/install/serial_motor_demo_msgs:/home/edisonwong/dev_ws/install/diffdrive_arduino:/home/edisonwong/dev_ws/install/my_package:/home/edisonwong/dev_ws/install/my_bot:/home/edisonwong/dev_ws/install/serial_motor_demo:/opt/ros/humble /usr/bin/cmake --install /home/edisonwong/dev_ws/build/diffdrive_arduino
[0.534s] -- Install configuration: ""
[0.536s] -- Execute custom install script
[0.537s] -- Up-to-date symlink: /home/edisonwong/dev_ws/install/diffdrive_arduino/share/diffdrive_arduino//robot_hardware.xml
[0.538s] -- Up-to-date symlink: /home/edisonwong/dev_ws/install/diffdrive_arduino/share/diffdrive_arduino//fake_robot_hardware.xml
[0.540s] -- Up-to-date symlink: /home/edisonwong/dev_ws/install/diffdrive_arduino/lib/libdiffdrive_arduino.so
[0.541s] -- Up-to-date symlink: /home/edisonwong/dev_ws/install/diffdrive_arduino/lib/libfake_robot.so
[0.543s] -- Up-to-date symlink: /home/edisonwong/dev_ws/install/diffdrive_arduino/share/diffdrive_arduino/controllers/robot_controller_example.yaml
[0.544s] -- Up-to-date symlink: /home/edisonwong/dev_ws/install/diffdrive_arduino/share/diffdrive_arduino/__pycache__/test_robot.launch.cpython-310.pyc
[0.545s] -- Up-to-date symlink: /home/edisonwong/dev_ws/install/diffdrive_arduino/share/diffdrive_arduino/fake_robot.launch.py
[0.546s] -- Up-to-date symlink: /home/edisonwong/dev_ws/install/diffdrive_arduino/share/diffdrive_arduino/test_robot.launch.py
[0.549s] -- Up-to-date symlink: /home/edisonwong/dev_ws/install/diffdrive_arduino/share/diffdrive_arduino/environment/library_path.sh
[0.550s] -- Up-to-date symlink: /home/edisonwong/dev_ws/install/diffdrive_arduino/share/diffdrive_arduino/environment/library_path.dsv
[0.551s] -- Up-to-date symlink: /home/edisonwong/dev_ws/install/diffdrive_arduino/share/ament_index/resource_index/package_run_dependencies/diffdrive_arduino
[0.552s] -- Up-to-date symlink: /home/edisonwong/dev_ws/install/diffdrive_arduino/share/ament_index/resource_index/parent_prefix_path/diffdrive_arduino
[0.553s] -- Up-to-date symlink: /home/edisonwong/dev_ws/install/diffdrive_arduino/share/diffdrive_arduino/environment/ament_prefix_path.sh
[0.554s] -- Up-to-date symlink: /home/edisonwong/dev_ws/install/diffdrive_arduino/share/diffdrive_arduino/environment/ament_prefix_path.dsv
[0.555s] -- Up-to-date symlink: /home/edisonwong/dev_ws/install/diffdrive_arduino/share/diffdrive_arduino/environment/path.sh
[0.556s] -- Up-to-date symlink: /home/edisonwong/dev_ws/install/diffdrive_arduino/share/diffdrive_arduino/environment/path.dsv
[0.557s] -- Up-to-date symlink: /home/edisonwong/dev_ws/install/diffdrive_arduino/share/diffdrive_arduino/local_setup.bash
[0.558s] -- Up-to-date symlink: /home/edisonwong/dev_ws/install/diffdrive_arduino/share/diffdrive_arduino/local_setup.sh
[0.559s] -- Up-to-date symlink: /home/edisonwong/dev_ws/install/diffdrive_arduino/share/diffdrive_arduino/local_setup.zsh
[0.560s] -- Up-to-date symlink: /home/edisonwong/dev_ws/install/diffdrive_arduino/share/diffdrive_arduino/local_setup.dsv
[0.561s] -- Symlinking: /home/edisonwong/dev_ws/install/diffdrive_arduino/share/diffdrive_arduino/package.dsv
[0.601s] -- Up-to-date symlink: /home/edisonwong/dev_ws/install/diffdrive_arduino/share/ament_index/resource_index/packages/diffdrive_arduino
[0.603s] -- Up-to-date symlink: /home/edisonwong/dev_ws/install/diffdrive_arduino/share/ament_index/resource_index/hardware_interface__pluginlib__plugin/diffdrive_arduino
[0.604s] -- Up-to-date symlink: /home/edisonwong/dev_ws/install/diffdrive_arduino/share/diffdrive_arduino/cmake/ament_cmake_export_libraries-extras.cmake
[0.605s] -- Up-to-date symlink: /home/edisonwong/dev_ws/install/diffdrive_arduino/share/diffdrive_arduino/cmake/ament_cmake_export_dependencies-extras.cmake
[0.606s] -- Up-to-date symlink: /home/edisonwong/dev_ws/install/diffdrive_arduino/share/diffdrive_arduino/cmake/diffdrive_arduinoConfig.cmake
[0.608s] -- Up-to-date symlink: /home/edisonwong/dev_ws/install/diffdrive_arduino/share/diffdrive_arduino/cmake/diffdrive_arduinoConfig-version.cmake
[0.609s] -- Up-to-date symlink: /home/edisonwong/dev_ws/install/diffdrive_arduino/share/diffdrive_arduino/package.xml
[0.625s] Invoked command in '/home/edisonwong/dev_ws/build/diffdrive_arduino' returned '0': CMAKE_PREFIX_PATH=/home/edisonwong/dev_ws/install/serial:/home/edisonwong/dev_ws/install/serial_motor_demo_msgs:/home/edisonwong/dev_ws/install/diffdrive_arduino:/home/edisonwong/dev_ws/install/my_package:/home/edisonwong/dev_ws/install/my_bot:/home/edisonwong/dev_ws/install/serial_motor_demo:/opt/ros/humble /usr/bin/cmake --install /home/edisonwong/dev_ws/build/diffdrive_arduino
