[0.070s] Invoking command in '/home/edisonwong/dev_ws/build/diffdrive_arduino': CMAKE_PREFIX_PATH=/home/edisonwong/dev_ws/install/serial:/home/edisonwong/dev_ws/install/serial_motor_demo_msgs:/home/edisonwong/dev_ws/install/diffdrive_arduino:/home/edisonwong/dev_ws/install/my_package:/home/edisonwong/dev_ws/install/my_bot:/home/edisonwong/dev_ws/install/serial_motor_demo:/opt/ros/humble /usr/bin/cmake --build /home/edisonwong/dev_ws/build/diffdrive_arduino -- -j8 -l8
[0.387s] [ 42%] Built target fake_robot
[0.390s] [100%] Built target diffdrive_arduino
[0.449s] Invoked command in '/home/edisonwong/dev_ws/build/diffdrive_arduino' returned '0': CMAKE_PREFIX_PATH=/home/edisonwong/dev_ws/install/serial:/home/edisonwong/dev_ws/install/serial_motor_demo_msgs:/home/edisonwong/dev_ws/install/diffdrive_arduino:/home/edisonwong/dev_ws/install/my_package:/home/edisonwong/dev_ws/install/my_bot:/home/edisonwong/dev_ws/install/serial_motor_demo:/opt/ros/humble /usr/bin/cmake --build /home/edisonwong/dev_ws/build/diffdrive_arduino -- -j8 -l8
[0.644s] Invoking command in '/home/edisonwong/dev_ws/build/diffdrive_arduino': CMAKE_PREFIX_PATH=/home/edisonwong/dev_ws/install/serial:/home/edisonwong/dev_ws/install/serial_motor_demo_msgs:/home/edisonwong/dev_ws/install/diffdrive_arduino:/home/edisonwong/dev_ws/install/my_package:/home/edisonwong/dev_ws/install/my_bot:/home/edisonwong/dev_ws/install/serial_motor_demo:/opt/ros/humble /usr/bin/cmake --install /home/edisonwong/dev_ws/build/diffdrive_arduino
[0.687s] -- Install configuration: ""
[0.692s] -- Execute custom install script
[0.694s] -- Up-to-date symlink: /home/edisonwong/dev_ws/install/diffdrive_arduino/share/diffdrive_arduino//robot_hardware.xml
[0.696s] -- Up-to-date symlink: /home/edisonwong/dev_ws/install/diffdrive_arduino/share/diffdrive_arduino//fake_robot_hardware.xml
[0.698s] -- Up-to-date symlink: /home/edisonwong/dev_ws/install/diffdrive_arduino/lib/libdiffdrive_arduino.so
[0.699s] -- Up-to-date symlink: /home/edisonwong/dev_ws/install/diffdrive_arduino/lib/libfake_robot.so
[0.701s] -- Up-to-date symlink: /home/edisonwong/dev_ws/install/diffdrive_arduino/share/diffdrive_arduino/controllers/robot_controller_example.yaml
[0.702s] -- Up-to-date symlink: /home/edisonwong/dev_ws/install/diffdrive_arduino/share/diffdrive_arduino/__pycache__/test_robot.launch.cpython-310.pyc
[0.703s] -- Up-to-date symlink: /home/edisonwong/dev_ws/install/diffdrive_arduino/share/diffdrive_arduino/fake_robot.launch.py
[0.705s] -- Up-to-date symlink: /home/edisonwong/dev_ws/install/diffdrive_arduino/share/diffdrive_arduino/test_robot.launch.py
[0.706s] -- Up-to-date symlink: /home/edisonwong/dev_ws/install/diffdrive_arduino/share/diffdrive_arduino/environment/library_path.sh
[0.707s] -- Up-to-date symlink: /home/edisonwong/dev_ws/install/diffdrive_arduino/share/diffdrive_arduino/environment/library_path.dsv
[0.708s] -- Up-to-date symlink: /home/edisonwong/dev_ws/install/diffdrive_arduino/share/ament_index/resource_index/package_run_dependencies/diffdrive_arduino
[0.710s] -- Up-to-date symlink: /home/edisonwong/dev_ws/install/diffdrive_arduino/share/ament_index/resource_index/parent_prefix_path/diffdrive_arduino
[0.711s] -- Up-to-date symlink: /home/edisonwong/dev_ws/install/diffdrive_arduino/share/diffdrive_arduino/environment/ament_prefix_path.sh
[0.712s] -- Up-to-date symlink: /home/edisonwong/dev_ws/install/diffdrive_arduino/share/diffdrive_arduino/environment/ament_prefix_path.dsv
[0.713s] -- Up-to-date symlink: /home/edisonwong/dev_ws/install/diffdrive_arduino/share/diffdrive_arduino/environment/path.sh
[0.717s] -- Up-to-date symlink: /home/edisonwong/dev_ws/install/diffdrive_arduino/share/diffdrive_arduino/environment/path.dsv
[0.719s] -- Up-to-date symlink: /home/edisonwong/dev_ws/install/diffdrive_arduino/share/diffdrive_arduino/local_setup.bash
[0.719s] -- Up-to-date symlink: /home/edisonwong/dev_ws/install/diffdrive_arduino/share/diffdrive_arduino/local_setup.sh
[0.721s] -- Up-to-date symlink: /home/edisonwong/dev_ws/install/diffdrive_arduino/share/diffdrive_arduino/local_setup.zsh
[0.722s] -- Up-to-date symlink: /home/edisonwong/dev_ws/install/diffdrive_arduino/share/diffdrive_arduino/local_setup.dsv
[0.723s] -- Symlinking: /home/edisonwong/dev_ws/install/diffdrive_arduino/share/diffdrive_arduino/package.dsv
[0.769s] -- Up-to-date symlink: /home/edisonwong/dev_ws/install/diffdrive_arduino/share/ament_index/resource_index/packages/diffdrive_arduino
[0.771s] -- Up-to-date symlink: /home/edisonwong/dev_ws/install/diffdrive_arduino/share/ament_index/resource_index/hardware_interface__pluginlib__plugin/diffdrive_arduino
[0.772s] -- Up-to-date symlink: /home/edisonwong/dev_ws/install/diffdrive_arduino/share/diffdrive_arduino/cmake/ament_cmake_export_libraries-extras.cmake
[0.773s] -- Up-to-date symlink: /home/edisonwong/dev_ws/install/diffdrive_arduino/share/diffdrive_arduino/cmake/ament_cmake_export_dependencies-extras.cmake
[0.774s] -- Up-to-date symlink: /home/edisonwong/dev_ws/install/diffdrive_arduino/share/diffdrive_arduino/cmake/diffdrive_arduinoConfig.cmake
[0.776s] -- Up-to-date symlink: /home/edisonwong/dev_ws/install/diffdrive_arduino/share/diffdrive_arduino/cmake/diffdrive_arduinoConfig-version.cmake
[0.778s] -- Up-to-date symlink: /home/edisonwong/dev_ws/install/diffdrive_arduino/share/diffdrive_arduino/package.xml
[0.802s] Invoked command in '/home/edisonwong/dev_ws/build/diffdrive_arduino' returned '0': CMAKE_PREFIX_PATH=/home/edisonwong/dev_ws/install/serial:/home/edisonwong/dev_ws/install/serial_motor_demo_msgs:/home/edisonwong/dev_ws/install/diffdrive_arduino:/home/edisonwong/dev_ws/install/my_package:/home/edisonwong/dev_ws/install/my_bot:/home/edisonwong/dev_ws/install/serial_motor_demo:/opt/ros/humble /usr/bin/cmake --install /home/edisonwong/dev_ws/build/diffdrive_arduino
