[0.012s] Invoking command in '/home/edisonwong/dev_ws/build/my_package': CMAKE_PREFIX_PATH=/opt/ros/humble /usr/bin/cmake --build /home/edisonwong/dev_ws/build/my_package -- -j8 -l8
[0.052s] -- Found ament_cmake: 1.3.3 (/opt/ros/humble/share/ament_cmake/cmake)
[0.206s] -- Override CMake install command with custom implementation using symlinks instead of copying resources
[0.222s] -- Found ament_lint_auto: 0.12.4 (/opt/ros/humble/share/ament_lint_auto/cmake)
[0.315s] -- Added test 'flake8' to check Python code syntax and style conventions
[0.316s] -- Added test 'lint_cmake' to check CMake code style
[0.317s] -- Added test 'pep257' to check Python code against some of the docstring style conventions in PEP 257
[0.322s] -- Added test 'xmllint' to check XML markup files
[0.324s] -- Configuring done
[0.329s] -- Generating done
[0.330s] -- Build files have been written to: /home/edisonwong/dev_ws/build/my_package
[0.350s] Invoked command in '/home/edisonwong/dev_ws/build/my_package' returned '0': CMAKE_PREFIX_PATH=/opt/ros/humble /usr/bin/cmake --build /home/edisonwong/dev_ws/build/my_package -- -j8 -l8
[0.378s] Invoking command in '/home/edisonwong/dev_ws/build/my_package': CMAKE_PREFIX_PATH=/opt/ros/humble /usr/bin/cmake --install /home/edisonwong/dev_ws/build/my_package
[0.384s] -- Install configuration: ""
[0.385s] -- Execute custom install script
[0.386s] -- Up-to-date symlink: /home/edisonwong/dev_ws/install/my_package/share/my_package/launch/listener.launch.py
[0.386s] -- Up-to-date symlink: /home/edisonwong/dev_ws/install/my_package/share/my_package/launch/talker.launch.py
[0.387s] -- Up-to-date symlink: /home/edisonwong/dev_ws/install/my_package/share/ament_index/resource_index/package_run_dependencies/my_package
[0.388s] -- Up-to-date symlink: /home/edisonwong/dev_ws/install/my_package/share/ament_index/resource_index/parent_prefix_path/my_package
[0.388s] -- Up-to-date symlink: /home/edisonwong/dev_ws/install/my_package/share/my_package/environment/ament_prefix_path.sh
[0.389s] -- Up-to-date symlink: /home/edisonwong/dev_ws/install/my_package/share/my_package/environment/ament_prefix_path.dsv
[0.389s] -- Up-to-date symlink: /home/edisonwong/dev_ws/install/my_package/share/my_package/environment/path.sh
[0.389s] -- Up-to-date symlink: /home/edisonwong/dev_ws/install/my_package/share/my_package/environment/path.dsv
[0.389s] -- Up-to-date symlink: /home/edisonwong/dev_ws/install/my_package/share/my_package/local_setup.bash
[0.390s] -- Up-to-date symlink: /home/edisonwong/dev_ws/install/my_package/share/my_package/local_setup.sh
[0.390s] -- Up-to-date symlink: /home/edisonwong/dev_ws/install/my_package/share/my_package/local_setup.zsh
[0.391s] -- Up-to-date symlink: /home/edisonwong/dev_ws/install/my_package/share/my_package/local_setup.dsv
[0.391s] -- Symlinking: /home/edisonwong/dev_ws/install/my_package/share/my_package/package.dsv
[0.400s] -- Up-to-date symlink: /home/edisonwong/dev_ws/install/my_package/share/ament_index/resource_index/packages/my_package
[0.400s] -- Up-to-date symlink: /home/edisonwong/dev_ws/install/my_package/share/my_package/cmake/my_packageConfig.cmake
[0.400s] -- Up-to-date symlink: /home/edisonwong/dev_ws/install/my_package/share/my_package/cmake/my_packageConfig-version.cmake
[0.400s] -- Up-to-date symlink: /home/edisonwong/dev_ws/install/my_package/share/my_package/package.xml
[0.403s] Invoked command in '/home/edisonwong/dev_ws/build/my_package' returned '0': CMAKE_PREFIX_PATH=/opt/ros/humble /usr/bin/cmake --install /home/edisonwong/dev_ws/build/my_package
