[0.022s] Invoking command in '/home/edisonwong/dev_ws/build/my_bot': CMAKE_PREFIX_PATH=/opt/ros/humble /usr/bin/cmake --build /home/edisonwong/dev_ws/build/my_bot -- -j8 -l8
[0.068s] Invoked command in '/home/edisonwong/dev_ws/build/my_bot' returned '0': CMAKE_PREFIX_PATH=/opt/ros/humble /usr/bin/cmake --build /home/edisonwong/dev_ws/build/my_bot -- -j8 -l8
[0.103s] Invoking command in '/home/edisonwong/dev_ws/build/my_bot': CMAKE_PREFIX_PATH=/opt/ros/humble /usr/bin/cmake --install /home/edisonwong/dev_ws/build/my_bot
[0.112s] -- Install configuration: ""
[0.113s] -- Execute custom install script
[0.113s] -- Up-to-date symlink: /home/edisonwong/dev_ws/install/my_bot/share/my_bot/config/drive_bot.rviz
[0.114s] -- Up-to-date symlink: /home/edisonwong/dev_ws/install/my_bot/share/my_bot/config/empty.yaml
[0.114s] -- Up-to-date symlink: /home/edisonwong/dev_ws/install/my_bot/share/my_bot/config/gazebo_params.yaml
[0.114s] -- Up-to-date symlink: /home/edisonwong/dev_ws/install/my_bot/share/my_bot/config/my_controllers.yaml
[0.114s] -- Up-to-date symlink: /home/edisonwong/dev_ws/install/my_bot/share/my_bot/config/view_bot.rviz
[0.115s] -- Up-to-date symlink: /home/edisonwong/dev_ws/install/my_bot/share/my_bot/description/camera.xacro
[0.116s] -- Up-to-date symlink: /home/edisonwong/dev_ws/install/my_bot/share/my_bot/description/depth_camera.xacro
[0.118s] -- Up-to-date symlink: /home/edisonwong/dev_ws/install/my_bot/share/my_bot/description/gazebo_control.xacro
[0.118s] -- Up-to-date symlink: /home/edisonwong/dev_ws/install/my_bot/share/my_bot/description/inertial_macros.xacro
[0.119s] -- Up-to-date symlink: /home/edisonwong/dev_ws/install/my_bot/share/my_bot/description/lidar.xacro
[0.119s] -- Up-to-date symlink: /home/edisonwong/dev_ws/install/my_bot/share/my_bot/description/robot.urdf.xacro
[0.119s] -- Up-to-date symlink: /home/edisonwong/dev_ws/install/my_bot/share/my_bot/description/robot_core.xacro
[0.119s] -- Up-to-date symlink: /home/edisonwong/dev_ws/install/my_bot/share/my_bot/description/ros2_control.xacro
[0.119s] -- Symlinking: /home/edisonwong/dev_ws/install/my_bot/share/my_bot/launch/launch_robot.launch.py
[0.127s] -- Up-to-date symlink: /home/edisonwong/dev_ws/install/my_bot/share/my_bot/launch/launch_sim.launch.py
[0.128s] -- Up-to-date symlink: /home/edisonwong/dev_ws/install/my_bot/share/my_bot/launch/rsp.launch.py
[0.128s] -- Up-to-date symlink: /home/edisonwong/dev_ws/install/my_bot/share/my_bot/worlds/empty.world
[0.128s] -- Up-to-date symlink: /home/edisonwong/dev_ws/install/my_bot/share/my_bot/worlds/kb5.world
[0.129s] -- Up-to-date symlink: /home/edisonwong/dev_ws/install/my_bot/share/my_bot/worlds/obstacles.world
[0.129s] -- Up-to-date symlink: /home/edisonwong/dev_ws/install/my_bot/share/ament_index/resource_index/package_run_dependencies/my_bot
[0.129s] -- Up-to-date symlink: /home/edisonwong/dev_ws/install/my_bot/share/ament_index/resource_index/parent_prefix_path/my_bot
[0.130s] -- Up-to-date symlink: /home/edisonwong/dev_ws/install/my_bot/share/my_bot/environment/ament_prefix_path.sh
[0.130s] -- Up-to-date symlink: /home/edisonwong/dev_ws/install/my_bot/share/my_bot/environment/ament_prefix_path.dsv
[0.131s] -- Up-to-date symlink: /home/edisonwong/dev_ws/install/my_bot/share/my_bot/environment/path.sh
[0.131s] -- Up-to-date symlink: /home/edisonwong/dev_ws/install/my_bot/share/my_bot/environment/path.dsv
[0.131s] -- Up-to-date symlink: /home/edisonwong/dev_ws/install/my_bot/share/my_bot/local_setup.bash
[0.131s] -- Up-to-date symlink: /home/edisonwong/dev_ws/install/my_bot/share/my_bot/local_setup.sh
[0.132s] -- Up-to-date symlink: /home/edisonwong/dev_ws/install/my_bot/share/my_bot/local_setup.zsh
[0.132s] -- Up-to-date symlink: /home/edisonwong/dev_ws/install/my_bot/share/my_bot/local_setup.dsv
[0.132s] -- Symlinking: /home/edisonwong/dev_ws/install/my_bot/share/my_bot/package.dsv
[0.143s] -- Up-to-date symlink: /home/edisonwong/dev_ws/install/my_bot/share/ament_index/resource_index/packages/my_bot
[0.144s] -- Up-to-date symlink: /home/edisonwong/dev_ws/install/my_bot/share/my_bot/cmake/my_botConfig.cmake
[0.145s] -- Up-to-date symlink: /home/edisonwong/dev_ws/install/my_bot/share/my_bot/cmake/my_botConfig-version.cmake
[0.145s] -- Up-to-date symlink: /home/edisonwong/dev_ws/install/my_bot/share/my_bot/package.xml
[0.148s] Invoked command in '/home/edisonwong/dev_ws/build/my_bot' returned '0': CMAKE_PREFIX_PATH=/opt/ros/humble /usr/bin/cmake --install /home/edisonwong/dev_ws/build/my_bot
