[0.016s] Invoking command in '/home/edisonwong/dev_ws/build/my_package': CMAKE_PREFIX_PATH=/opt/ros/humble /usr/bin/cmake /home/edisonwong/dev_ws/src/my_package -DCMAKE_INSTALL_PREFIX=/home/edisonwong/dev_ws/install/my_package
[0.089s] -- The C compiler identification is GNU 11.3.0
[0.148s] -- The CXX compiler identification is GNU 11.3.0
[0.156s] -- Detecting C compiler ABI info
[0.222s] -- Detecting C compiler ABI info - done
[0.231s] -- Check for working C compiler: /usr/bin/cc - skipped
[0.231s] -- Detecting C compile features
[0.232s] -- Detecting C compile features - done
[0.235s] -- Detecting CXX compiler ABI info
[0.318s] -- Detecting CXX compiler ABI info - done
[0.326s] -- Check for working CXX compiler: /usr/bin/c++ - skipped
[0.327s] -- Detecting CXX compile features
[0.327s] -- Detecting CXX compile features - done
[0.331s] -- Found ament_cmake: 1.3.3 (/opt/ros/humble/share/ament_cmake/cmake)
[0.558s] -- Found Python3: /usr/bin/python3.10 (found version "3.10.6") found components: Interpreter 
[0.672s] -- Found ament_lint_auto: 0.12.4 (/opt/ros/humble/share/ament_lint_auto/cmake)
[0.772s] -- Added test 'flake8' to check Python code syntax and style conventions
[0.772s] -- Added test 'lint_cmake' to check CMake code style
[0.773s] -- Added test 'pep257' to check Python code against some of the docstring style conventions in PEP 257
[0.774s] -- Added test 'xmllint' to check XML markup files
[0.776s] -- Configuring done
[0.781s] -- Generating done
[0.782s] -- Build files have been written to: /home/edisonwong/dev_ws/build/my_package
[0.788s] Invoked command in '/home/edisonwong/dev_ws/build/my_package' returned '0': CMAKE_PREFIX_PATH=/opt/ros/humble /usr/bin/cmake /home/edisonwong/dev_ws/src/my_package -DCMAKE_INSTALL_PREFIX=/home/edisonwong/dev_ws/install/my_package
[0.791s] Invoking command in '/home/edisonwong/dev_ws/build/my_package': CMAKE_PREFIX_PATH=/opt/ros/humble /usr/bin/cmake --build /home/edisonwong/dev_ws/build/my_package -- -j8 -l8
[0.826s] Invoked command in '/home/edisonwong/dev_ws/build/my_package' returned '0': CMAKE_PREFIX_PATH=/opt/ros/humble /usr/bin/cmake --build /home/edisonwong/dev_ws/build/my_package -- -j8 -l8
[0.858s] Invoking command in '/home/edisonwong/dev_ws/build/my_package': CMAKE_PREFIX_PATH=/opt/ros/humble /usr/bin/cmake --install /home/edisonwong/dev_ws/build/my_package
[0.865s] -- Install configuration: ""
[0.865s] [31mCMake Error at cmake_install.cmake:46 (file):
[0.865s]   file INSTALL cannot find "/home/edisonwong/dev_ws/src/my_package/launch":
[0.865s]   No such file or directory.
[0.866s] 
[0.866s] [0m
[0.867s] Invoked command in '/home/edisonwong/dev_ws/build/my_package' returned '1': CMAKE_PREFIX_PATH=/opt/ros/humble /usr/bin/cmake --install /home/edisonwong/dev_ws/build/my_package
