[0.381s] DEBUG:colcon:Command line arguments: ['/usr/bin/colcon', 'build', '--symlink-install']
[0.381s] DEBUG:colcon:Parsed command line arguments: Namespace(log_base=None, log_level=None, verb_name='build', build_base='build', install_base='install', merge_install=False, symlink_install=True, test_result_base=None, continue_on_error=False, executor='parallel', parallel_workers=8, event_handlers=None, ignore_user_meta=False, metas=['./colcon.meta'], base_paths=['.'], packages_ignore=None, packages_ignore_regex=None, paths=None, packages_up_to=None, packages_up_to_regex=None, packages_above=None, packages_above_and_dependencies=None, packages_above_depth=None, packages_select_by_dep=None, packages_skip_by_dep=None, packages_skip_up_to=None, packages_select_build_failed=False, packages_skip_build_finished=False, packages_select_test_failures=False, packages_skip_test_passed=False, packages_select=None, packages_skip=None, packages_select_regex=None, packages_skip_regex=None, packages_start=None, packages_end=None, allow_overriding=[], cmake_args=None, cmake_target=None, cmake_target_skip_unavailable=False, cmake_clean_cache=False, cmake_clean_first=False, cmake_force_configure=False, ament_cmake_args=None, catkin_cmake_args=None, catkin_skip_building_tests=False, verb_parser=<colcon_defaults.argument_parser.defaults.DefaultArgumentsDecorator object at 0x7fbc48e98100>, verb_extension=<colcon_core.verb.build.BuildVerb object at 0x7fbc49621e70>, main=<bound method BuildVerb.main of <colcon_core.verb.build.BuildVerb object at 0x7fbc49621e70>>)
[0.458s] Level 1:colcon.colcon_core.package_discovery:discover_packages(colcon_meta) check parameters
[0.458s] Level 1:colcon.colcon_core.package_discovery:discover_packages(recursive) check parameters
[0.458s] Level 1:colcon.colcon_core.package_discovery:discover_packages(ignore) check parameters
[0.458s] Level 1:colcon.colcon_core.package_discovery:discover_packages(path) check parameters
[0.458s] Level 1:colcon.colcon_core.package_discovery:discover_packages(colcon_meta) discover
[0.458s] Level 1:colcon.colcon_core.package_discovery:discover_packages(recursive) discover
[0.459s] INFO:colcon.colcon_core.package_discovery:Crawling recursively for packages in '/home/edisonwong/dev_ws/src'
[0.459s] Level 1:colcon.colcon_core.package_identification:_identify(.) by extensions ['ignore', 'ignore_ament_install']
[0.459s] Level 1:colcon.colcon_core.package_identification:_identify(.) by extension 'ignore'
[0.459s] Level 1:colcon.colcon_core.package_identification:_identify(.) by extension 'ignore_ament_install'
[0.459s] Level 1:colcon.colcon_core.package_identification:_identify(.) by extensions ['colcon_pkg']
[0.459s] Level 1:colcon.colcon_core.package_identification:_identify(.) by extension 'colcon_pkg'
[0.459s] Level 1:colcon.colcon_core.package_identification:_identify(.) by extensions ['colcon_meta']
[0.459s] Level 1:colcon.colcon_core.package_identification:_identify(.) by extension 'colcon_meta'
[0.459s] Level 1:colcon.colcon_core.package_identification:_identify(.) by extensions ['ros']
[0.459s] Level 1:colcon.colcon_core.package_identification:_identify(.) by extension 'ros'
[0.470s] Level 1:colcon.colcon_core.package_identification:_identify(.) by extensions ['cmake', 'python']
[0.470s] Level 1:colcon.colcon_core.package_identification:_identify(.) by extension 'cmake'
[0.470s] Level 1:colcon.colcon_core.package_identification:_identify(.) by extension 'python'
[0.470s] Level 1:colcon.colcon_core.package_identification:_identify(.) by extensions ['python_setup_py']
[0.470s] Level 1:colcon.colcon_core.package_identification:_identify(.) by extension 'python_setup_py'
[0.470s] Level 1:colcon.colcon_core.package_identification:_identify(build) by extensions ['ignore', 'ignore_ament_install']
[0.471s] Level 1:colcon.colcon_core.package_identification:_identify(build) by extension 'ignore'
[0.471s] Level 1:colcon.colcon_core.package_identification:_identify(build) ignored
[0.471s] Level 1:colcon.colcon_core.package_identification:_identify(install) by extensions ['ignore', 'ignore_ament_install']
[0.471s] Level 1:colcon.colcon_core.package_identification:_identify(install) by extension 'ignore'
[0.471s] Level 1:colcon.colcon_core.package_identification:_identify(install) ignored
[0.471s] Level 1:colcon.colcon_core.package_identification:_identify(log) by extensions ['ignore', 'ignore_ament_install']
[0.471s] Level 1:colcon.colcon_core.package_identification:_identify(log) by extension 'ignore'
[0.471s] Level 1:colcon.colcon_core.package_identification:_identify(log) ignored
[0.471s] Level 1:colcon.colcon_core.package_identification:_identify(my_bot) by extensions ['ignore', 'ignore_ament_install']
[0.471s] Level 1:colcon.colcon_core.package_identification:_identify(my_bot) by extension 'ignore'
[0.472s] Level 1:colcon.colcon_core.package_identification:_identify(my_bot) by extension 'ignore_ament_install'
[0.472s] Level 1:colcon.colcon_core.package_identification:_identify(my_bot) by extensions ['colcon_pkg']
[0.472s] Level 1:colcon.colcon_core.package_identification:_identify(my_bot) by extension 'colcon_pkg'
[0.472s] Level 1:colcon.colcon_core.package_identification:_identify(my_bot) by extensions ['colcon_meta']
[0.472s] Level 1:colcon.colcon_core.package_identification:_identify(my_bot) by extension 'colcon_meta'
[0.472s] Level 1:colcon.colcon_core.package_identification:_identify(my_bot) by extensions ['ros']
[0.472s] Level 1:colcon.colcon_core.package_identification:_identify(my_bot) by extension 'ros'
[0.476s] DEBUG:colcon.colcon_core.package_identification:Package 'my_bot' with type 'ros.ament_cmake' and name 'my_bot'
[0.476s] Level 1:colcon.colcon_core.package_identification:_identify(serial) by extensions ['ignore', 'ignore_ament_install']
[0.476s] Level 1:colcon.colcon_core.package_identification:_identify(serial) by extension 'ignore'
[0.476s] Level 1:colcon.colcon_core.package_identification:_identify(serial) by extension 'ignore_ament_install'
[0.476s] Level 1:colcon.colcon_core.package_identification:_identify(serial) by extensions ['colcon_pkg']
[0.476s] Level 1:colcon.colcon_core.package_identification:_identify(serial) by extension 'colcon_pkg'
[0.476s] Level 1:colcon.colcon_core.package_identification:_identify(serial) by extensions ['colcon_meta']
[0.476s] Level 1:colcon.colcon_core.package_identification:_identify(serial) by extension 'colcon_meta'
[0.477s] Level 1:colcon.colcon_core.package_identification:_identify(serial) by extensions ['ros']
[0.477s] Level 1:colcon.colcon_core.package_identification:_identify(serial) by extension 'ros'
[0.478s] DEBUG:colcon.colcon_core.package_identification:Package 'serial' with type 'ros.ament_cmake' and name 'serial'
[0.478s] Level 1:colcon.colcon_core.package_identification:_identify(serial_motor_demo) by extensions ['ignore', 'ignore_ament_install']
[0.478s] Level 1:colcon.colcon_core.package_identification:_identify(serial_motor_demo) by extension 'ignore'
[0.478s] Level 1:colcon.colcon_core.package_identification:_identify(serial_motor_demo) by extension 'ignore_ament_install'
[0.478s] Level 1:colcon.colcon_core.package_identification:_identify(serial_motor_demo) by extensions ['colcon_pkg']
[0.478s] Level 1:colcon.colcon_core.package_identification:_identify(serial_motor_demo) by extension 'colcon_pkg'
[0.479s] Level 1:colcon.colcon_core.package_identification:_identify(serial_motor_demo) by extensions ['colcon_meta']
[0.479s] Level 1:colcon.colcon_core.package_identification:_identify(serial_motor_demo) by extension 'colcon_meta'
[0.479s] Level 1:colcon.colcon_core.package_identification:_identify(serial_motor_demo) by extensions ['ros']
[0.479s] Level 1:colcon.colcon_core.package_identification:_identify(serial_motor_demo) by extension 'ros'
[0.479s] Level 1:colcon.colcon_core.package_identification:_identify(serial_motor_demo) by extensions ['cmake', 'python']
[0.479s] Level 1:colcon.colcon_core.package_identification:_identify(serial_motor_demo) by extension 'cmake'
[0.479s] Level 1:colcon.colcon_core.package_identification:_identify(serial_motor_demo) by extension 'python'
[0.479s] Level 1:colcon.colcon_core.package_identification:_identify(serial_motor_demo) by extensions ['python_setup_py']
[0.479s] Level 1:colcon.colcon_core.package_identification:_identify(serial_motor_demo) by extension 'python_setup_py'
[0.479s] Level 1:colcon.colcon_core.package_identification:_identify(serial_motor_demo/serial_motor_demo) by extensions ['ignore', 'ignore_ament_install']
[0.479s] Level 1:colcon.colcon_core.package_identification:_identify(serial_motor_demo/serial_motor_demo) by extension 'ignore'
[0.479s] Level 1:colcon.colcon_core.package_identification:_identify(serial_motor_demo/serial_motor_demo) by extension 'ignore_ament_install'
[0.479s] Level 1:colcon.colcon_core.package_identification:_identify(serial_motor_demo/serial_motor_demo) by extensions ['colcon_pkg']
[0.480s] Level 1:colcon.colcon_core.package_identification:_identify(serial_motor_demo/serial_motor_demo) by extension 'colcon_pkg'
[0.480s] Level 1:colcon.colcon_core.package_identification:_identify(serial_motor_demo/serial_motor_demo) by extensions ['colcon_meta']
[0.480s] Level 1:colcon.colcon_core.package_identification:_identify(serial_motor_demo/serial_motor_demo) by extension 'colcon_meta'
[0.480s] Level 1:colcon.colcon_core.package_identification:_identify(serial_motor_demo/serial_motor_demo) by extensions ['ros']
[0.480s] Level 1:colcon.colcon_core.package_identification:_identify(serial_motor_demo/serial_motor_demo) by extension 'ros'
[0.481s] DEBUG:colcon.colcon_core.package_identification:Package 'serial_motor_demo/serial_motor_demo' with type 'ros.ament_python' and name 'serial_motor_demo'
[0.481s] Level 1:colcon.colcon_core.package_identification:_identify(serial_motor_demo/serial_motor_demo_msgs) by extensions ['ignore', 'ignore_ament_install']
[0.481s] Level 1:colcon.colcon_core.package_identification:_identify(serial_motor_demo/serial_motor_demo_msgs) by extension 'ignore'
[0.481s] Level 1:colcon.colcon_core.package_identification:_identify(serial_motor_demo/serial_motor_demo_msgs) by extension 'ignore_ament_install'
[0.481s] Level 1:colcon.colcon_core.package_identification:_identify(serial_motor_demo/serial_motor_demo_msgs) by extensions ['colcon_pkg']
[0.481s] Level 1:colcon.colcon_core.package_identification:_identify(serial_motor_demo/serial_motor_demo_msgs) by extension 'colcon_pkg'
[0.481s] Level 1:colcon.colcon_core.package_identification:_identify(serial_motor_demo/serial_motor_demo_msgs) by extensions ['colcon_meta']
[0.481s] Level 1:colcon.colcon_core.package_identification:_identify(serial_motor_demo/serial_motor_demo_msgs) by extension 'colcon_meta'
[0.481s] Level 1:colcon.colcon_core.package_identification:_identify(serial_motor_demo/serial_motor_demo_msgs) by extensions ['ros']
[0.481s] Level 1:colcon.colcon_core.package_identification:_identify(serial_motor_demo/serial_motor_demo_msgs) by extension 'ros'
[0.482s] DEBUG:colcon.colcon_core.package_identification:Package 'serial_motor_demo/serial_motor_demo_msgs' with type 'ros.ament_cmake' and name 'serial_motor_demo_msgs'
[0.482s] Level 1:colcon.colcon_core.package_discovery:discover_packages(recursive) using defaults
[0.482s] Level 1:colcon.colcon_core.package_discovery:discover_packages(ignore) discover
[0.482s] Level 1:colcon.colcon_core.package_discovery:discover_packages(ignore) using defaults
[0.483s] Level 1:colcon.colcon_core.package_discovery:discover_packages(path) discover
[0.483s] Level 1:colcon.colcon_core.package_discovery:discover_packages(path) using defaults
[0.508s] Level 1:colcon.colcon_core.package_discovery:discover_packages(prefix_path) check parameters
[0.508s] Level 1:colcon.colcon_core.package_discovery:discover_packages(prefix_path) discover
[0.513s] DEBUG:colcon.colcon_installed_package_information.package_discovery:Found 324 installed packages in /opt/ros/humble
[0.515s] Level 1:colcon.colcon_core.package_discovery:discover_packages(prefix_path) using defaults
[0.584s] Level 5:colcon.colcon_core.verb:set package 'my_bot' build argument 'cmake_args' from command line to 'None'
[0.585s] Level 5:colcon.colcon_core.verb:set package 'my_bot' build argument 'cmake_target' from command line to 'None'
[0.585s] Level 5:colcon.colcon_core.verb:set package 'my_bot' build argument 'cmake_target_skip_unavailable' from command line to 'False'
[0.585s] Level 5:colcon.colcon_core.verb:set package 'my_bot' build argument 'cmake_clean_cache' from command line to 'False'
[0.585s] Level 5:colcon.colcon_core.verb:set package 'my_bot' build argument 'cmake_clean_first' from command line to 'False'
[0.585s] Level 5:colcon.colcon_core.verb:set package 'my_bot' build argument 'cmake_force_configure' from command line to 'False'
[0.585s] Level 5:colcon.colcon_core.verb:set package 'my_bot' build argument 'ament_cmake_args' from command line to 'None'
[0.585s] Level 5:colcon.colcon_core.verb:set package 'my_bot' build argument 'catkin_cmake_args' from command line to 'None'
[0.585s] Level 5:colcon.colcon_core.verb:set package 'my_bot' build argument 'catkin_skip_building_tests' from command line to 'False'
[0.585s] DEBUG:colcon.colcon_core.verb:Building package 'my_bot' with the following arguments: {'ament_cmake_args': None, 'build_base': '/home/edisonwong/dev_ws/src/build/my_bot', 'catkin_cmake_args': None, 'catkin_skip_building_tests': False, 'cmake_args': None, 'cmake_clean_cache': False, 'cmake_clean_first': False, 'cmake_force_configure': False, 'cmake_target': None, 'cmake_target_skip_unavailable': False, 'install_base': '/home/edisonwong/dev_ws/src/install/my_bot', 'merge_install': False, 'path': '/home/edisonwong/dev_ws/src/my_bot', 'symlink_install': True, 'test_result_base': None}
[0.586s] Level 5:colcon.colcon_core.verb:set package 'serial' build argument 'cmake_args' from command line to 'None'
[0.586s] Level 5:colcon.colcon_core.verb:set package 'serial' build argument 'cmake_target' from command line to 'None'
[0.586s] Level 5:colcon.colcon_core.verb:set package 'serial' build argument 'cmake_target_skip_unavailable' from command line to 'False'
[0.586s] Level 5:colcon.colcon_core.verb:set package 'serial' build argument 'cmake_clean_cache' from command line to 'False'
[0.586s] Level 5:colcon.colcon_core.verb:set package 'serial' build argument 'cmake_clean_first' from command line to 'False'
[0.586s] Level 5:colcon.colcon_core.verb:set package 'serial' build argument 'cmake_force_configure' from command line to 'False'
[0.586s] Level 5:colcon.colcon_core.verb:set package 'serial' build argument 'ament_cmake_args' from command line to 'None'
[0.586s] Level 5:colcon.colcon_core.verb:set package 'serial' build argument 'catkin_cmake_args' from command line to 'None'
[0.586s] Level 5:colcon.colcon_core.verb:set package 'serial' build argument 'catkin_skip_building_tests' from command line to 'False'
[0.586s] DEBUG:colcon.colcon_core.verb:Building package 'serial' with the following arguments: {'ament_cmake_args': None, 'build_base': '/home/edisonwong/dev_ws/src/build/serial', 'catkin_cmake_args': None, 'catkin_skip_building_tests': False, 'cmake_args': None, 'cmake_clean_cache': False, 'cmake_clean_first': False, 'cmake_force_configure': False, 'cmake_target': None, 'cmake_target_skip_unavailable': False, 'install_base': '/home/edisonwong/dev_ws/src/install/serial', 'merge_install': False, 'path': '/home/edisonwong/dev_ws/src/serial', 'symlink_install': True, 'test_result_base': None}
[0.588s] Level 5:colcon.colcon_core.verb:set package 'serial_motor_demo_msgs' build argument 'cmake_args' from command line to 'None'
[0.588s] Level 5:colcon.colcon_core.verb:set package 'serial_motor_demo_msgs' build argument 'cmake_target' from command line to 'None'
[0.588s] Level 5:colcon.colcon_core.verb:set package 'serial_motor_demo_msgs' build argument 'cmake_target_skip_unavailable' from command line to 'False'
[0.588s] Level 5:colcon.colcon_core.verb:set package 'serial_motor_demo_msgs' build argument 'cmake_clean_cache' from command line to 'False'
[0.588s] Level 5:colcon.colcon_core.verb:set package 'serial_motor_demo_msgs' build argument 'cmake_clean_first' from command line to 'False'
[0.588s] Level 5:colcon.colcon_core.verb:set package 'serial_motor_demo_msgs' build argument 'cmake_force_configure' from command line to 'False'
[0.588s] Level 5:colcon.colcon_core.verb:set package 'serial_motor_demo_msgs' build argument 'ament_cmake_args' from command line to 'None'
[0.588s] Level 5:colcon.colcon_core.verb:set package 'serial_motor_demo_msgs' build argument 'catkin_cmake_args' from command line to 'None'
[0.588s] Level 5:colcon.colcon_core.verb:set package 'serial_motor_demo_msgs' build argument 'catkin_skip_building_tests' from command line to 'False'
[0.589s] DEBUG:colcon.colcon_core.verb:Building package 'serial_motor_demo_msgs' with the following arguments: {'ament_cmake_args': None, 'build_base': '/home/edisonwong/dev_ws/src/build/serial_motor_demo_msgs', 'catkin_cmake_args': None, 'catkin_skip_building_tests': False, 'cmake_args': None, 'cmake_clean_cache': False, 'cmake_clean_first': False, 'cmake_force_configure': False, 'cmake_target': None, 'cmake_target_skip_unavailable': False, 'install_base': '/home/edisonwong/dev_ws/src/install/serial_motor_demo_msgs', 'merge_install': False, 'path': '/home/edisonwong/dev_ws/src/serial_motor_demo/serial_motor_demo_msgs', 'symlink_install': True, 'test_result_base': None}
[0.590s] Level 5:colcon.colcon_core.verb:set package 'serial_motor_demo' build argument 'cmake_args' from command line to 'None'
[0.590s] Level 5:colcon.colcon_core.verb:set package 'serial_motor_demo' build argument 'cmake_target' from command line to 'None'
[0.590s] Level 5:colcon.colcon_core.verb:set package 'serial_motor_demo' build argument 'cmake_target_skip_unavailable' from command line to 'False'
[0.590s] Level 5:colcon.colcon_core.verb:set package 'serial_motor_demo' build argument 'cmake_clean_cache' from command line to 'False'
[0.591s] Level 5:colcon.colcon_core.verb:set package 'serial_motor_demo' build argument 'cmake_clean_first' from command line to 'False'
[0.591s] Level 5:colcon.colcon_core.verb:set package 'serial_motor_demo' build argument 'cmake_force_configure' from command line to 'False'
[0.591s] Level 5:colcon.colcon_core.verb:set package 'serial_motor_demo' build argument 'ament_cmake_args' from command line to 'None'
[0.591s] Level 5:colcon.colcon_core.verb:set package 'serial_motor_demo' build argument 'catkin_cmake_args' from command line to 'None'
[0.591s] Level 5:colcon.colcon_core.verb:set package 'serial_motor_demo' build argument 'catkin_skip_building_tests' from command line to 'False'
[0.591s] DEBUG:colcon.colcon_core.verb:Building package 'serial_motor_demo' with the following arguments: {'ament_cmake_args': None, 'build_base': '/home/edisonwong/dev_ws/src/build/serial_motor_demo', 'catkin_cmake_args': None, 'catkin_skip_building_tests': False, 'cmake_args': None, 'cmake_clean_cache': False, 'cmake_clean_first': False, 'cmake_force_configure': False, 'cmake_target': None, 'cmake_target_skip_unavailable': False, 'install_base': '/home/edisonwong/dev_ws/src/install/serial_motor_demo', 'merge_install': False, 'path': '/home/edisonwong/dev_ws/src/serial_motor_demo/serial_motor_demo', 'symlink_install': True, 'test_result_base': None}
[0.592s] INFO:colcon.colcon_core.executor:Executing jobs using 'parallel' executor
[0.597s] DEBUG:colcon.colcon_parallel_executor.executor.parallel:run_until_complete
[0.598s] INFO:colcon.colcon_ros.task.ament_cmake.build:Building ROS package in '/home/edisonwong/dev_ws/src/serial_motor_demo/serial_motor_demo_msgs' with build type 'ament_cmake'
[0.598s] INFO:colcon.colcon_cmake.task.cmake.build:Building CMake package in '/home/edisonwong/dev_ws/src/serial_motor_demo/serial_motor_demo_msgs'
[0.605s] INFO:colcon.colcon_core.plugin_system:Skipping extension 'colcon_core.shell.bat': Not used on non-Windows systems
[0.605s] INFO:colcon.colcon_core.shell:Skip shell extension 'powershell' for command environment: Not usable outside of PowerShell
[0.605s] DEBUG:colcon.colcon_core.shell:Skip shell extension 'dsv' for command environment
[0.609s] INFO:colcon.colcon_ros.task.ament_cmake.build:Building ROS package in '/home/edisonwong/dev_ws/src/my_bot' with build type 'ament_cmake'
[0.609s] INFO:colcon.colcon_cmake.task.cmake.build:Building CMake package in '/home/edisonwong/dev_ws/src/my_bot'
[0.610s] INFO:colcon.colcon_core.shell:Skip shell extension 'powershell' for command environment: Not usable outside of PowerShell
[0.611s] DEBUG:colcon.colcon_core.shell:Skip shell extension 'dsv' for command environment
[0.615s] INFO:colcon.colcon_ros.task.ament_cmake.build:Building ROS package in '/home/edisonwong/dev_ws/src/serial' with build type 'ament_cmake'
[0.615s] INFO:colcon.colcon_cmake.task.cmake.build:Building CMake package in '/home/edisonwong/dev_ws/src/serial'
[0.617s] INFO:colcon.colcon_core.shell:Skip shell extension 'powershell' for command environment: Not usable outside of PowerShell
[0.617s] DEBUG:colcon.colcon_core.shell:Skip shell extension 'dsv' for command environment
[0.624s] DEBUG:colcon.colcon_core.event_handler.log_command:Invoking command in '/home/edisonwong/dev_ws/src/build/serial_motor_demo_msgs': CMAKE_PREFIX_PATH=/opt/ros/humble /usr/bin/cmake /home/edisonwong/dev_ws/src/serial_motor_demo/serial_motor_demo_msgs -DAMENT_CMAKE_SYMLINK_INSTALL=1 -DCMAKE_INSTALL_PREFIX=/home/edisonwong/dev_ws/src/install/serial_motor_demo_msgs
[0.631s] DEBUG:colcon.colcon_core.event_handler.log_command:Invoking command in '/home/edisonwong/dev_ws/src/build/my_bot': CMAKE_PREFIX_PATH=/opt/ros/humble /usr/bin/cmake --build /home/edisonwong/dev_ws/src/build/my_bot -- -j8 -l8
[0.638s] DEBUG:colcon.colcon_core.event_handler.log_command:Invoking command in '/home/edisonwong/dev_ws/src/build/serial': CMAKE_PREFIX_PATH=/opt/ros/humble /usr/bin/cmake --build /home/edisonwong/dev_ws/src/build/serial -- -j8 -l8
[0.672s] DEBUG:colcon.colcon_core.event_handler.log_command:Invoked command in '/home/edisonwong/dev_ws/src/build/my_bot' returned '0': CMAKE_PREFIX_PATH=/opt/ros/humble /usr/bin/cmake --build /home/edisonwong/dev_ws/src/build/my_bot -- -j8 -l8
[0.710s] DEBUG:colcon.colcon_core.event_handler.log_command:Invoking command in '/home/edisonwong/dev_ws/src/build/my_bot': CMAKE_PREFIX_PATH=/opt/ros/humble /usr/bin/cmake --install /home/edisonwong/dev_ws/src/build/my_bot
[0.743s] Level 1:colcon.colcon_core.environment:create_environment_scripts_only(my_bot)
[0.747s] DEBUG:colcon.colcon_core.event_handler.log_command:Invoked command in '/home/edisonwong/dev_ws/src/build/my_bot' returned '0': CMAKE_PREFIX_PATH=/opt/ros/humble /usr/bin/cmake --install /home/edisonwong/dev_ws/src/build/my_bot
[0.753s] Level 1:colcon.colcon_core.environment:checking '/home/edisonwong/dev_ws/src/install/my_bot' for CMake module files
[0.754s] Level 1:colcon.colcon_core.environment:checking '/home/edisonwong/dev_ws/src/install/my_bot' for CMake config files
[0.754s] Level 1:colcon.colcon_core.shell:create_environment_hook('my_bot', 'cmake_prefix_path')
[0.755s] INFO:colcon.colcon_core.shell:Creating environment hook '/home/edisonwong/dev_ws/src/install/my_bot/share/my_bot/hook/cmake_prefix_path.ps1'
[0.756s] INFO:colcon.colcon_core.shell:Creating environment descriptor '/home/edisonwong/dev_ws/src/install/my_bot/share/my_bot/hook/cmake_prefix_path.dsv'
[0.756s] INFO:colcon.colcon_core.shell:Creating environment hook '/home/edisonwong/dev_ws/src/install/my_bot/share/my_bot/hook/cmake_prefix_path.sh'
[0.757s] Level 1:colcon.colcon_core.environment:checking '/home/edisonwong/dev_ws/src/install/my_bot/bin'
[0.757s] Level 1:colcon.colcon_core.environment:checking '/home/edisonwong/dev_ws/src/install/my_bot/lib/pkgconfig/my_bot.pc'
[0.757s] Level 1:colcon.colcon_core.environment:checking '/home/edisonwong/dev_ws/src/install/my_bot/lib/python3.10/site-packages'
[0.757s] Level 1:colcon.colcon_core.environment:checking '/home/edisonwong/dev_ws/src/install/my_bot/bin'
[0.760s] INFO:colcon.colcon_core.shell:Creating package script '/home/edisonwong/dev_ws/src/install/my_bot/share/my_bot/package.ps1'
[0.761s] INFO:colcon.colcon_core.shell:Creating package descriptor '/home/edisonwong/dev_ws/src/install/my_bot/share/my_bot/package.dsv'
[0.761s] INFO:colcon.colcon_core.shell:Creating package script '/home/edisonwong/dev_ws/src/install/my_bot/share/my_bot/package.sh'
[0.762s] INFO:colcon.colcon_core.shell:Creating package script '/home/edisonwong/dev_ws/src/install/my_bot/share/my_bot/package.bash'
[0.763s] INFO:colcon.colcon_core.shell:Creating package script '/home/edisonwong/dev_ws/src/install/my_bot/share/my_bot/package.zsh'
[0.763s] Level 1:colcon.colcon_core.environment:create_file_with_runtime_dependencies(/home/edisonwong/dev_ws/src/install/my_bot/share/colcon-core/packages/my_bot)
[0.767s] DEBUG:colcon.colcon_core.event_handler.log_command:Invoked command in '/home/edisonwong/dev_ws/src/build/serial' returned '0': CMAKE_PREFIX_PATH=/opt/ros/humble /usr/bin/cmake --build /home/edisonwong/dev_ws/src/build/serial -- -j8 -l8
[0.788s] Level 1:colcon.colcon_core.environment:create_environment_scripts_only(my_bot)
[0.790s] Level 1:colcon.colcon_core.environment:checking '/home/edisonwong/dev_ws/src/install/my_bot' for CMake module files
[0.790s] Level 1:colcon.colcon_core.environment:checking '/home/edisonwong/dev_ws/src/install/my_bot' for CMake config files
[0.790s] Level 1:colcon.colcon_core.shell:create_environment_hook('my_bot', 'cmake_prefix_path')
[0.792s] INFO:colcon.colcon_core.shell:Creating environment hook '/home/edisonwong/dev_ws/src/install/my_bot/share/my_bot/hook/cmake_prefix_path.ps1'
[0.793s] INFO:colcon.colcon_core.shell:Creating environment descriptor '/home/edisonwong/dev_ws/src/install/my_bot/share/my_bot/hook/cmake_prefix_path.dsv'
[0.793s] INFO:colcon.colcon_core.shell:Creating environment hook '/home/edisonwong/dev_ws/src/install/my_bot/share/my_bot/hook/cmake_prefix_path.sh'
[0.794s] Level 1:colcon.colcon_core.environment:checking '/home/edisonwong/dev_ws/src/install/my_bot/bin'
[0.794s] Level 1:colcon.colcon_core.environment:checking '/home/edisonwong/dev_ws/src/install/my_bot/lib/pkgconfig/my_bot.pc'
[0.794s] Level 1:colcon.colcon_core.environment:checking '/home/edisonwong/dev_ws/src/install/my_bot/lib/python3.10/site-packages'
[0.794s] Level 1:colcon.colcon_core.environment:checking '/home/edisonwong/dev_ws/src/install/my_bot/bin'
[0.796s] INFO:colcon.colcon_core.shell:Creating package script '/home/edisonwong/dev_ws/src/install/my_bot/share/my_bot/package.ps1'
[0.797s] INFO:colcon.colcon_core.shell:Creating package descriptor '/home/edisonwong/dev_ws/src/install/my_bot/share/my_bot/package.dsv'
[0.797s] INFO:colcon.colcon_core.shell:Creating package script '/home/edisonwong/dev_ws/src/install/my_bot/share/my_bot/package.sh'
[0.798s] INFO:colcon.colcon_core.shell:Creating package script '/home/edisonwong/dev_ws/src/install/my_bot/share/my_bot/package.bash'
[0.798s] INFO:colcon.colcon_core.shell:Creating package script '/home/edisonwong/dev_ws/src/install/my_bot/share/my_bot/package.zsh'
[0.799s] Level 1:colcon.colcon_core.environment:create_file_with_runtime_dependencies(/home/edisonwong/dev_ws/src/install/my_bot/share/colcon-core/packages/my_bot)
[0.805s] DEBUG:colcon.colcon_core.event_handler.log_command:Invoking command in '/home/edisonwong/dev_ws/src/build/serial': CMAKE_PREFIX_PATH=/opt/ros/humble /usr/bin/cmake --install /home/edisonwong/dev_ws/src/build/serial
[0.832s] Level 1:colcon.colcon_core.environment:create_environment_scripts_only(serial)
[0.835s] Level 1:colcon.colcon_core.environment:checking '/home/edisonwong/dev_ws/src/install/serial' for CMake module files
[0.836s] DEBUG:colcon.colcon_core.event_handler.log_command:Invoked command in '/home/edisonwong/dev_ws/src/build/serial' returned '0': CMAKE_PREFIX_PATH=/opt/ros/humble /usr/bin/cmake --install /home/edisonwong/dev_ws/src/build/serial
[0.836s] Level 1:colcon.colcon_core.environment:checking '/home/edisonwong/dev_ws/src/install/serial' for CMake config files
[0.837s] Level 1:colcon.colcon_core.shell:create_environment_hook('serial', 'cmake_prefix_path')
[0.838s] INFO:colcon.colcon_core.shell:Creating environment hook '/home/edisonwong/dev_ws/src/install/serial/share/serial/hook/cmake_prefix_path.ps1'
[0.839s] INFO:colcon.colcon_core.shell:Creating environment descriptor '/home/edisonwong/dev_ws/src/install/serial/share/serial/hook/cmake_prefix_path.dsv'
[0.839s] INFO:colcon.colcon_core.shell:Creating environment hook '/home/edisonwong/dev_ws/src/install/serial/share/serial/hook/cmake_prefix_path.sh'
[0.839s] Level 1:colcon.colcon_core.environment:checking '/home/edisonwong/dev_ws/src/install/serial/lib'
[0.840s] Level 1:colcon.colcon_core.environment:checking '/home/edisonwong/dev_ws/src/install/serial/bin'
[0.840s] Level 1:colcon.colcon_core.environment:checking '/home/edisonwong/dev_ws/src/install/serial/lib/pkgconfig/serial.pc'
[0.840s] Level 1:colcon.colcon_core.environment:checking '/home/edisonwong/dev_ws/src/install/serial/lib/python3.10/site-packages'
[0.841s] Level 1:colcon.colcon_core.environment:checking '/home/edisonwong/dev_ws/src/install/serial/bin'
[0.843s] INFO:colcon.colcon_core.shell:Creating package script '/home/edisonwong/dev_ws/src/install/serial/share/serial/package.ps1'
[0.843s] INFO:colcon.colcon_core.shell:Creating package descriptor '/home/edisonwong/dev_ws/src/install/serial/share/serial/package.dsv'
[0.844s] INFO:colcon.colcon_core.shell:Creating package script '/home/edisonwong/dev_ws/src/install/serial/share/serial/package.sh'
[0.844s] INFO:colcon.colcon_core.shell:Creating package script '/home/edisonwong/dev_ws/src/install/serial/share/serial/package.bash'
[0.845s] INFO:colcon.colcon_core.shell:Creating package script '/home/edisonwong/dev_ws/src/install/serial/share/serial/package.zsh'
[0.845s] Level 1:colcon.colcon_core.environment:create_file_with_runtime_dependencies(/home/edisonwong/dev_ws/src/install/serial/share/colcon-core/packages/serial)
[0.883s] Level 1:colcon.colcon_core.environment:create_environment_scripts_only(serial)
[0.886s] Level 1:colcon.colcon_core.environment:checking '/home/edisonwong/dev_ws/src/install/serial' for CMake module files
[0.887s] Level 1:colcon.colcon_core.environment:checking '/home/edisonwong/dev_ws/src/install/serial' for CMake config files
[0.888s] Level 1:colcon.colcon_core.shell:create_environment_hook('serial', 'cmake_prefix_path')
[0.889s] INFO:colcon.colcon_core.shell:Creating environment hook '/home/edisonwong/dev_ws/src/install/serial/share/serial/hook/cmake_prefix_path.ps1'
[0.889s] INFO:colcon.colcon_core.shell:Creating environment descriptor '/home/edisonwong/dev_ws/src/install/serial/share/serial/hook/cmake_prefix_path.dsv'
[0.890s] INFO:colcon.colcon_core.shell:Creating environment hook '/home/edisonwong/dev_ws/src/install/serial/share/serial/hook/cmake_prefix_path.sh'
[0.890s] Level 1:colcon.colcon_core.environment:checking '/home/edisonwong/dev_ws/src/install/serial/lib'
[0.890s] Level 1:colcon.colcon_core.environment:checking '/home/edisonwong/dev_ws/src/install/serial/bin'
[0.890s] Level 1:colcon.colcon_core.environment:checking '/home/edisonwong/dev_ws/src/install/serial/lib/pkgconfig/serial.pc'
[0.890s] Level 1:colcon.colcon_core.environment:checking '/home/edisonwong/dev_ws/src/install/serial/lib/python3.10/site-packages'
[0.891s] Level 1:colcon.colcon_core.environment:checking '/home/edisonwong/dev_ws/src/install/serial/bin'
[0.892s] INFO:colcon.colcon_core.shell:Creating package script '/home/edisonwong/dev_ws/src/install/serial/share/serial/package.ps1'
[0.892s] INFO:colcon.colcon_core.shell:Creating package descriptor '/home/edisonwong/dev_ws/src/install/serial/share/serial/package.dsv'
[0.893s] INFO:colcon.colcon_core.shell:Creating package script '/home/edisonwong/dev_ws/src/install/serial/share/serial/package.sh'
[0.893s] INFO:colcon.colcon_core.shell:Creating package script '/home/edisonwong/dev_ws/src/install/serial/share/serial/package.bash'
[0.894s] INFO:colcon.colcon_core.shell:Creating package script '/home/edisonwong/dev_ws/src/install/serial/share/serial/package.zsh'
[0.894s] Level 1:colcon.colcon_core.environment:create_file_with_runtime_dependencies(/home/edisonwong/dev_ws/src/install/serial/share/colcon-core/packages/serial)
[2.306s] DEBUG:colcon.colcon_core.event_handler.log_command:Invoked command in '/home/edisonwong/dev_ws/src/build/serial_motor_demo_msgs' returned '0': CMAKE_PREFIX_PATH=/opt/ros/humble /usr/bin/cmake /home/edisonwong/dev_ws/src/serial_motor_demo/serial_motor_demo_msgs -DAMENT_CMAKE_SYMLINK_INSTALL=1 -DCMAKE_INSTALL_PREFIX=/home/edisonwong/dev_ws/src/install/serial_motor_demo_msgs
[2.308s] DEBUG:colcon.colcon_core.event_handler.log_command:Invoking command in '/home/edisonwong/dev_ws/src/build/serial_motor_demo_msgs': CMAKE_PREFIX_PATH=/opt/ros/humble /usr/bin/cmake --build /home/edisonwong/dev_ws/src/build/serial_motor_demo_msgs -- -j8 -l8
[5.736s] DEBUG:colcon.colcon_core.event_handler.log_command:Invoked command in '/home/edisonwong/dev_ws/src/build/serial_motor_demo_msgs' returned '0': CMAKE_PREFIX_PATH=/opt/ros/humble /usr/bin/cmake --build /home/edisonwong/dev_ws/src/build/serial_motor_demo_msgs -- -j8 -l8
[5.833s] DEBUG:colcon.colcon_core.event_handler.log_command:Invoking command in '/home/edisonwong/dev_ws/src/build/serial_motor_demo_msgs': CMAKE_PREFIX_PATH=/opt/ros/humble /usr/bin/cmake --install /home/edisonwong/dev_ws/src/build/serial_motor_demo_msgs
[6.739s] Level 1:colcon.colcon_core.environment:create_environment_scripts_only(serial_motor_demo_msgs)
[6.740s] DEBUG:colcon.colcon_core.event_handler.log_command:Invoked command in '/home/edisonwong/dev_ws/src/build/serial_motor_demo_msgs' returned '0': CMAKE_PREFIX_PATH=/opt/ros/humble /usr/bin/cmake --install /home/edisonwong/dev_ws/src/build/serial_motor_demo_msgs
[6.742s] Level 1:colcon.colcon_core.environment:checking '/home/edisonwong/dev_ws/src/install/serial_motor_demo_msgs' for CMake module files
[6.743s] Level 1:colcon.colcon_core.environment:checking '/home/edisonwong/dev_ws/src/install/serial_motor_demo_msgs' for CMake config files
[6.744s] Level 1:colcon.colcon_core.shell:create_environment_hook('serial_motor_demo_msgs', 'cmake_prefix_path')
[6.745s] INFO:colcon.colcon_core.shell:Creating environment hook '/home/edisonwong/dev_ws/src/install/serial_motor_demo_msgs/share/serial_motor_demo_msgs/hook/cmake_prefix_path.ps1'
[6.746s] INFO:colcon.colcon_core.shell:Creating environment descriptor '/home/edisonwong/dev_ws/src/install/serial_motor_demo_msgs/share/serial_motor_demo_msgs/hook/cmake_prefix_path.dsv'
[6.746s] INFO:colcon.colcon_core.shell:Creating environment hook '/home/edisonwong/dev_ws/src/install/serial_motor_demo_msgs/share/serial_motor_demo_msgs/hook/cmake_prefix_path.sh'
[6.747s] Level 1:colcon.colcon_core.environment:checking '/home/edisonwong/dev_ws/src/install/serial_motor_demo_msgs/lib'
[6.747s] Level 1:colcon.colcon_core.shell:create_environment_hook('serial_motor_demo_msgs', 'ld_library_path_lib')
[6.749s] INFO:colcon.colcon_core.shell:Creating environment hook '/home/edisonwong/dev_ws/src/install/serial_motor_demo_msgs/share/serial_motor_demo_msgs/hook/ld_library_path_lib.ps1'
[6.749s] INFO:colcon.colcon_core.shell:Creating environment descriptor '/home/edisonwong/dev_ws/src/install/serial_motor_demo_msgs/share/serial_motor_demo_msgs/hook/ld_library_path_lib.dsv'
[6.749s] INFO:colcon.colcon_core.shell:Creating environment hook '/home/edisonwong/dev_ws/src/install/serial_motor_demo_msgs/share/serial_motor_demo_msgs/hook/ld_library_path_lib.sh'
[6.750s] Level 1:colcon.colcon_core.environment:checking '/home/edisonwong/dev_ws/src/install/serial_motor_demo_msgs/bin'
[6.750s] Level 1:colcon.colcon_core.environment:checking '/home/edisonwong/dev_ws/src/install/serial_motor_demo_msgs/lib/pkgconfig/serial_motor_demo_msgs.pc'
[6.750s] Level 1:colcon.colcon_core.environment:checking '/home/edisonwong/dev_ws/src/install/serial_motor_demo_msgs/lib/python3.10/site-packages'
[6.750s] Level 1:colcon.colcon_core.environment:checking '/home/edisonwong/dev_ws/src/install/serial_motor_demo_msgs/bin'
[6.752s] INFO:colcon.colcon_core.shell:Creating package script '/home/edisonwong/dev_ws/src/install/serial_motor_demo_msgs/share/serial_motor_demo_msgs/package.ps1'
[6.752s] INFO:colcon.colcon_core.shell:Creating package descriptor '/home/edisonwong/dev_ws/src/install/serial_motor_demo_msgs/share/serial_motor_demo_msgs/package.dsv'
[6.753s] INFO:colcon.colcon_core.shell:Creating package script '/home/edisonwong/dev_ws/src/install/serial_motor_demo_msgs/share/serial_motor_demo_msgs/package.sh'
[6.754s] INFO:colcon.colcon_core.shell:Creating package script '/home/edisonwong/dev_ws/src/install/serial_motor_demo_msgs/share/serial_motor_demo_msgs/package.bash'
[6.754s] INFO:colcon.colcon_core.shell:Creating package script '/home/edisonwong/dev_ws/src/install/serial_motor_demo_msgs/share/serial_motor_demo_msgs/package.zsh'
[6.755s] Level 1:colcon.colcon_core.environment:create_file_with_runtime_dependencies(/home/edisonwong/dev_ws/src/install/serial_motor_demo_msgs/share/colcon-core/packages/serial_motor_demo_msgs)
[6.854s] Level 1:colcon.colcon_core.environment:create_environment_scripts_only(serial_motor_demo_msgs)
[6.856s] Level 1:colcon.colcon_core.environment:checking '/home/edisonwong/dev_ws/src/install/serial_motor_demo_msgs' for CMake module files
[6.857s] Level 1:colcon.colcon_core.environment:checking '/home/edisonwong/dev_ws/src/install/serial_motor_demo_msgs' for CMake config files
[6.857s] Level 1:colcon.colcon_core.shell:create_environment_hook('serial_motor_demo_msgs', 'cmake_prefix_path')
[6.859s] INFO:colcon.colcon_core.shell:Creating environment hook '/home/edisonwong/dev_ws/src/install/serial_motor_demo_msgs/share/serial_motor_demo_msgs/hook/cmake_prefix_path.ps1'
[6.859s] INFO:colcon.colcon_core.shell:Creating environment descriptor '/home/edisonwong/dev_ws/src/install/serial_motor_demo_msgs/share/serial_motor_demo_msgs/hook/cmake_prefix_path.dsv'
[6.860s] INFO:colcon.colcon_core.shell:Creating environment hook '/home/edisonwong/dev_ws/src/install/serial_motor_demo_msgs/share/serial_motor_demo_msgs/hook/cmake_prefix_path.sh'
[6.860s] Level 1:colcon.colcon_core.environment:checking '/home/edisonwong/dev_ws/src/install/serial_motor_demo_msgs/lib'
[6.861s] Level 1:colcon.colcon_core.shell:create_environment_hook('serial_motor_demo_msgs', 'ld_library_path_lib')
[6.862s] INFO:colcon.colcon_core.shell:Creating environment hook '/home/edisonwong/dev_ws/src/install/serial_motor_demo_msgs/share/serial_motor_demo_msgs/hook/ld_library_path_lib.ps1'
[6.863s] INFO:colcon.colcon_core.shell:Creating environment descriptor '/home/edisonwong/dev_ws/src/install/serial_motor_demo_msgs/share/serial_motor_demo_msgs/hook/ld_library_path_lib.dsv'
[6.863s] INFO:colcon.colcon_core.shell:Creating environment hook '/home/edisonwong/dev_ws/src/install/serial_motor_demo_msgs/share/serial_motor_demo_msgs/hook/ld_library_path_lib.sh'
[6.864s] Level 1:colcon.colcon_core.environment:checking '/home/edisonwong/dev_ws/src/install/serial_motor_demo_msgs/bin'
[6.864s] Level 1:colcon.colcon_core.environment:checking '/home/edisonwong/dev_ws/src/install/serial_motor_demo_msgs/lib/pkgconfig/serial_motor_demo_msgs.pc'
[6.864s] Level 1:colcon.colcon_core.environment:checking '/home/edisonwong/dev_ws/src/install/serial_motor_demo_msgs/lib/python3.10/site-packages'
[6.865s] Level 1:colcon.colcon_core.environment:checking '/home/edisonwong/dev_ws/src/install/serial_motor_demo_msgs/bin'
[6.866s] INFO:colcon.colcon_core.shell:Creating package script '/home/edisonwong/dev_ws/src/install/serial_motor_demo_msgs/share/serial_motor_demo_msgs/package.ps1'
[6.867s] INFO:colcon.colcon_core.shell:Creating package descriptor '/home/edisonwong/dev_ws/src/install/serial_motor_demo_msgs/share/serial_motor_demo_msgs/package.dsv'
[6.867s] INFO:colcon.colcon_core.shell:Creating package script '/home/edisonwong/dev_ws/src/install/serial_motor_demo_msgs/share/serial_motor_demo_msgs/package.sh'
[6.868s] INFO:colcon.colcon_core.shell:Creating package script '/home/edisonwong/dev_ws/src/install/serial_motor_demo_msgs/share/serial_motor_demo_msgs/package.bash'
[6.869s] INFO:colcon.colcon_core.shell:Creating package script '/home/edisonwong/dev_ws/src/install/serial_motor_demo_msgs/share/serial_motor_demo_msgs/package.zsh'
[6.869s] Level 1:colcon.colcon_core.environment:create_file_with_runtime_dependencies(/home/edisonwong/dev_ws/src/install/serial_motor_demo_msgs/share/colcon-core/packages/serial_motor_demo_msgs)
[6.870s] INFO:colcon.colcon_ros.task.ament_python.build:Building ROS package in '/home/edisonwong/dev_ws/src/serial_motor_demo/serial_motor_demo' with build type 'ament_python'
[6.870s] Level 1:colcon.colcon_core.shell:create_environment_hook('serial_motor_demo', 'ament_prefix_path')
[6.872s] INFO:colcon.colcon_core.shell:Creating environment hook '/home/edisonwong/dev_ws/src/install/serial_motor_demo/share/serial_motor_demo/hook/ament_prefix_path.ps1'
[6.873s] INFO:colcon.colcon_core.shell:Creating environment descriptor '/home/edisonwong/dev_ws/src/install/serial_motor_demo/share/serial_motor_demo/hook/ament_prefix_path.dsv'
[6.873s] INFO:colcon.colcon_core.shell:Creating environment hook '/home/edisonwong/dev_ws/src/install/serial_motor_demo/share/serial_motor_demo/hook/ament_prefix_path.sh'
[6.875s] INFO:colcon.colcon_core.shell:Skip shell extension 'powershell' for command environment: Not usable outside of PowerShell
[6.875s] DEBUG:colcon.colcon_core.shell:Skip shell extension 'dsv' for command environment
[7.185s] INFO:colcon.colcon_core.task.python.build:Building Python package in '/home/edisonwong/dev_ws/src/serial_motor_demo/serial_motor_demo'
[7.186s] INFO:colcon.colcon_core.shell:Skip shell extension 'powershell' for command environment: Not usable outside of PowerShell
[7.186s] DEBUG:colcon.colcon_core.shell:Skip shell extension 'dsv' for command environment
[7.696s] DEBUG:colcon.colcon_core.event_handler.log_command:Invoking command in '/home/edisonwong/dev_ws/src/build/serial_motor_demo': AMENT_PREFIX_PATH=/home/edisonwong/dev_ws/src/install/serial_motor_demo_msgs:${AMENT_PREFIX_PATH} CMAKE_PREFIX_PATH=/home/edisonwong/dev_ws/src/install/serial_motor_demo_msgs LD_LIBRARY_PATH=/home/edisonwong/dev_ws/src/install/serial_motor_demo_msgs/lib:${LD_LIBRARY_PATH} PYTHONPATH=/home/edisonwong/dev_ws/src/build/serial_motor_demo/prefix_override:/home/edisonwong/dev_ws/src/install/serial_motor_demo/lib/python3.10/site-packages:/home/edisonwong/dev_ws/src/install/serial_motor_demo_msgs/local/lib/python3.10/dist-packages:${PYTHONPATH} /usr/bin/python3 setup.py develop --editable --build-directory /home/edisonwong/dev_ws/src/build/serial_motor_demo/build --no-deps install_data
[8.296s] Level 1:colcon.colcon_core.shell:create_environment_hook('serial_motor_demo', 'pythonpath_develop')
[8.298s] INFO:colcon.colcon_core.shell:Creating environment hook '/home/edisonwong/dev_ws/src/build/serial_motor_demo/share/serial_motor_demo/hook/pythonpath_develop.ps1'
[8.298s] DEBUG:colcon.colcon_core.event_handler.log_command:Invoked command in '/home/edisonwong/dev_ws/src/build/serial_motor_demo' returned '0': AMENT_PREFIX_PATH=/home/edisonwong/dev_ws/src/install/serial_motor_demo_msgs:${AMENT_PREFIX_PATH} CMAKE_PREFIX_PATH=/home/edisonwong/dev_ws/src/install/serial_motor_demo_msgs LD_LIBRARY_PATH=/home/edisonwong/dev_ws/src/install/serial_motor_demo_msgs/lib:${LD_LIBRARY_PATH} PYTHONPATH=/home/edisonwong/dev_ws/src/build/serial_motor_demo/prefix_override:/home/edisonwong/dev_ws/src/install/serial_motor_demo/lib/python3.10/site-packages:/home/edisonwong/dev_ws/src/install/serial_motor_demo_msgs/local/lib/python3.10/dist-packages:${PYTHONPATH} /usr/bin/python3 setup.py develop --editable --build-directory /home/edisonwong/dev_ws/src/build/serial_motor_demo/build --no-deps install_data
[8.299s] INFO:colcon.colcon_core.shell:Creating environment descriptor '/home/edisonwong/dev_ws/src/build/serial_motor_demo/share/serial_motor_demo/hook/pythonpath_develop.dsv'
[8.299s] INFO:colcon.colcon_core.shell:Creating environment hook '/home/edisonwong/dev_ws/src/build/serial_motor_demo/share/serial_motor_demo/hook/pythonpath_develop.sh'
[8.301s] Level 1:colcon.colcon_core.environment:checking '/home/edisonwong/dev_ws/src/install/serial_motor_demo' for CMake module files
[8.301s] Level 1:colcon.colcon_core.environment:checking '/home/edisonwong/dev_ws/src/install/serial_motor_demo' for CMake config files
[8.302s] Level 1:colcon.colcon_core.environment:checking '/home/edisonwong/dev_ws/src/install/serial_motor_demo/lib'
[8.302s] Level 1:colcon.colcon_core.environment:checking '/home/edisonwong/dev_ws/src/install/serial_motor_demo/bin'
[8.302s] Level 1:colcon.colcon_core.environment:checking '/home/edisonwong/dev_ws/src/install/serial_motor_demo/lib/pkgconfig/serial_motor_demo.pc'
[8.302s] Level 1:colcon.colcon_core.environment:checking '/home/edisonwong/dev_ws/src/install/serial_motor_demo/lib/python3.10/site-packages'
[8.302s] Level 1:colcon.colcon_core.shell:create_environment_hook('serial_motor_demo', 'pythonpath')
[8.303s] INFO:colcon.colcon_core.shell:Creating environment hook '/home/edisonwong/dev_ws/src/install/serial_motor_demo/share/serial_motor_demo/hook/pythonpath.ps1'
[8.304s] INFO:colcon.colcon_core.shell:Creating environment descriptor '/home/edisonwong/dev_ws/src/install/serial_motor_demo/share/serial_motor_demo/hook/pythonpath.dsv'
[8.304s] INFO:colcon.colcon_core.shell:Creating environment hook '/home/edisonwong/dev_ws/src/install/serial_motor_demo/share/serial_motor_demo/hook/pythonpath.sh'
[8.305s] Level 1:colcon.colcon_core.environment:checking '/home/edisonwong/dev_ws/src/install/serial_motor_demo/bin'
[8.305s] Level 1:colcon.colcon_core.environment:create_environment_scripts_only(serial_motor_demo)
[8.306s] INFO:colcon.colcon_core.shell:Creating package script '/home/edisonwong/dev_ws/src/install/serial_motor_demo/share/serial_motor_demo/package.ps1'
[8.307s] INFO:colcon.colcon_core.shell:Creating package descriptor '/home/edisonwong/dev_ws/src/install/serial_motor_demo/share/serial_motor_demo/package.dsv'
[8.307s] INFO:colcon.colcon_core.shell:Creating package script '/home/edisonwong/dev_ws/src/install/serial_motor_demo/share/serial_motor_demo/package.sh'
[8.307s] INFO:colcon.colcon_core.shell:Creating package script '/home/edisonwong/dev_ws/src/install/serial_motor_demo/share/serial_motor_demo/package.bash'
[8.308s] INFO:colcon.colcon_core.shell:Creating package script '/home/edisonwong/dev_ws/src/install/serial_motor_demo/share/serial_motor_demo/package.zsh'
[8.308s] Level 1:colcon.colcon_core.environment:create_file_with_runtime_dependencies(/home/edisonwong/dev_ws/src/install/serial_motor_demo/share/colcon-core/packages/serial_motor_demo)
[8.308s] DEBUG:colcon.colcon_parallel_executor.executor.parallel:closing loop
[8.309s] DEBUG:colcon.colcon_parallel_executor.executor.parallel:loop closed
[8.309s] DEBUG:colcon.colcon_parallel_executor.executor.parallel:run_until_complete finished with '0'
[8.309s] DEBUG:colcon.colcon_core.event_reactor:joining thread
[8.316s] INFO:colcon.colcon_core.plugin_system:Skipping extension 'colcon_notification.desktop_notification.terminal_notifier': Not used on non-Darwin systems
[8.316s] INFO:colcon.colcon_core.plugin_system:Skipping extension 'colcon_notification.desktop_notification.win32': Not used on non-Windows systems
[8.316s] INFO:colcon.colcon_notification.desktop_notification:Sending desktop notification using 'notify2'
[8.331s] DEBUG:colcon.colcon_core.event_reactor:joined thread
[8.332s] INFO:colcon.colcon_core.shell:Creating prefix script '/home/edisonwong/dev_ws/src/install/local_setup.ps1'
[8.333s] INFO:colcon.colcon_core.shell:Creating prefix util module '/home/edisonwong/dev_ws/src/install/_local_setup_util_ps1.py'
[8.336s] INFO:colcon.colcon_core.shell:Creating prefix chain script '/home/edisonwong/dev_ws/src/install/setup.ps1'
[8.337s] INFO:colcon.colcon_core.shell:Creating prefix script '/home/edisonwong/dev_ws/src/install/local_setup.sh'
[8.338s] INFO:colcon.colcon_core.shell:Creating prefix util module '/home/edisonwong/dev_ws/src/install/_local_setup_util_sh.py'
[8.339s] INFO:colcon.colcon_core.shell:Creating prefix chain script '/home/edisonwong/dev_ws/src/install/setup.sh'
[8.341s] INFO:colcon.colcon_core.shell:Creating prefix script '/home/edisonwong/dev_ws/src/install/local_setup.bash'
[8.341s] INFO:colcon.colcon_core.shell:Creating prefix chain script '/home/edisonwong/dev_ws/src/install/setup.bash'
[8.343s] INFO:colcon.colcon_core.shell:Creating prefix script '/home/edisonwong/dev_ws/src/install/local_setup.zsh'
[8.344s] INFO:colcon.colcon_core.shell:Creating prefix chain script '/home/edisonwong/dev_ws/src/install/setup.zsh'
