[0.015s] Invoking command in '/home/edisonwong/dev_ws/build/my_package': CMAKE_PREFIX_PATH=/opt/ros/humble /usr/bin/cmake /home/edisonwong/dev_ws/src/my_package -DAMENT_CMAKE_SYMLINK_INSTALL=1 -DCMAKE_INSTALL_PREFIX=/home/edisonwong/dev_ws/install/my_package
[0.027s] -- Found ament_cmake: 1.3.3 (/opt/ros/humble/share/ament_cmake/cmake)
[0.166s] -- Override CMake install command with custom implementation using symlinks instead of copying resources
[0.175s] -- Found ament_lint_auto: 0.12.4 (/opt/ros/humble/share/ament_lint_auto/cmake)
[0.251s] -- Added test 'flake8' to check Python code syntax and style conventions
[0.252s] -- Added test 'lint_cmake' to check CMake code style
[0.252s] -- Added test 'pep257' to check Python code against some of the docstring style conventions in PEP 257
[0.253s] -- Added test 'xmllint' to check XML markup files
[0.254s] -- Configuring done
[0.257s] -- Generating done
[0.259s] -- Build files have been written to: /home/edisonwong/dev_ws/build/my_package
[0.263s] Invoked command in '/home/edisonwong/dev_ws/build/my_package' returned '0': CMAKE_PREFIX_PATH=/opt/ros/humble /usr/bin/cmake /home/edisonwong/dev_ws/src/my_package -DAMENT_CMAKE_SYMLINK_INSTALL=1 -DCMAKE_INSTALL_PREFIX=/home/edisonwong/dev_ws/install/my_package
[0.264s] Invoking command in '/home/edisonwong/dev_ws/build/my_package': CMAKE_PREFIX_PATH=/opt/ros/humble /usr/bin/cmake --build /home/edisonwong/dev_ws/build/my_package -- -j8 -l8
[0.298s] Invoked command in '/home/edisonwong/dev_ws/build/my_package' returned '0': CMAKE_PREFIX_PATH=/opt/ros/humble /usr/bin/cmake --build /home/edisonwong/dev_ws/build/my_package -- -j8 -l8
[0.327s] Invoking command in '/home/edisonwong/dev_ws/build/my_package': CMAKE_PREFIX_PATH=/opt/ros/humble /usr/bin/cmake --install /home/edisonwong/dev_ws/build/my_package
[0.334s] -- Install configuration: ""
[0.335s] -- Execute custom install script
[0.335s] [31mCMake Error at ament_cmake_symlink_install/ament_cmake_symlink_install.cmake:100 (message):
[0.335s]   ament_cmake_symlink_install_directory() can't find
[0.335s]   '/home/edisonwong/dev_ws/src/my_package/launch'
[0.335s] Call Stack (most recent call first):
[0.336s]   ament_cmake_symlink_install/ament_cmake_symlink_install.cmake:314 (ament_cmake_symlink_install_directory)
[0.336s]   cmake_install.cmake:46 (include)
[0.336s] 
[0.336s] [0m
[0.337s] Invoked command in '/home/edisonwong/dev_ws/build/my_package' returned '1': CMAKE_PREFIX_PATH=/opt/ros/humble /usr/bin/cmake --install /home/edisonwong/dev_ws/build/my_package
