[0.924s] Invoking command in '/home/edisonwong/dev_ws/build/serial_motor_demo': AMENT_PREFIX_PATH=/home/edisonwong/dev_ws/install/serial_motor_demo_msgs:${AMENT_PREFIX_PATH} CMAKE_PREFIX_PATH=/home/edisonwong/dev_ws/install/serial_motor_demo_msgs LD_LIBRARY_PATH=/home/edisonwong/dev_ws/install/serial_motor_demo_msgs/lib:${LD_LIBRARY_PATH} PYTHONPATH=/home/edisonwong/dev_ws/build/serial_motor_demo/prefix_override:/home/edisonwong/dev_ws/install/serial_motor_demo/lib/python3.10/site-packages:/home/edisonwong/dev_ws/install/serial_motor_demo_msgs/local/lib/python3.10/dist-packages:${PYTHONPATH} /usr/bin/python3 setup.py develop --editable --build-directory /home/edisonwong/dev_ws/build/serial_motor_demo/build --no-deps install_data
[1.195s] /usr/lib/python3/dist-packages/setuptools/dist.py:723: UserWarning: Usage of dash-separated 'script-dir' will not be supported in future versions. Please use the underscore name 'script_dir' instead
[1.195s]   warnings.warn(
[1.227s] running develop
[1.228s] /usr/lib/python3/dist-packages/setuptools/command/easy_install.py:158: EasyInstallDeprecationWarning: easy_install command is deprecated. Use build and pip and other standards-based tools.
[1.228s]   warnings.warn(
[1.229s] /usr/lib/python3/dist-packages/setuptools/command/install.py:34: SetuptoolsDeprecationWarning: setup.py install is deprecated. Use build and pip and other standards-based tools.
[1.229s]   warnings.warn(
[1.308s] /usr/lib/python3/dist-packages/pkg_resources/__init__.py:116: PkgResourcesDeprecationWarning: 1.16.0-unknown is an invalid version and will not be supported in a future release
[1.308s]   warnings.warn(
[1.309s] /usr/lib/python3/dist-packages/pkg_resources/__init__.py:116: PkgResourcesDeprecationWarning: 0.1.43ubuntu1 is an invalid version and will not be supported in a future release
[1.309s]   warnings.warn(
[1.309s] /usr/lib/python3/dist-packages/pkg_resources/__init__.py:116: PkgResourcesDeprecationWarning: 1.1build1 is an invalid version and will not be supported in a future release
[1.309s]   warnings.warn(
[1.309s] /usr/lib/python3/dist-packages/pkg_resources/__init__.py:116: PkgResourcesDeprecationWarning: 1.12.1-git20200711.33e2d80-dfsg1-0.6 is an invalid version and will not be supported in a future release
[1.309s]   warnings.warn(
[1.452s] running egg_info
[1.452s] writing serial_motor_demo.egg-info/PKG-INFO
[1.452s] writing dependency_links to serial_motor_demo.egg-info/dependency_links.txt
[1.453s] writing entry points to serial_motor_demo.egg-info/entry_points.txt
[1.453s] writing requirements to serial_motor_demo.egg-info/requires.txt
[1.453s] writing top-level names to serial_motor_demo.egg-info/top_level.txt
[1.455s] reading manifest file 'serial_motor_demo.egg-info/SOURCES.txt'
[1.456s] writing manifest file 'serial_motor_demo.egg-info/SOURCES.txt'
[1.502s] running build_ext
[1.502s] Creating /home/edisonwong/dev_ws/install/serial_motor_demo/lib/python3.10/site-packages/serial-motor-demo.egg-link (link to .)
[1.503s] Installing driver script to /home/edisonwong/dev_ws/install/serial_motor_demo/lib/serial_motor_demo
[1.504s] Installing gui script to /home/edisonwong/dev_ws/install/serial_motor_demo/lib/serial_motor_demo
[1.504s] 
[1.504s] Installed /home/edisonwong/dev_ws/build/serial_motor_demo
[1.504s] running install_data
[1.545s] Invoked command in '/home/edisonwong/dev_ws/build/serial_motor_demo' returned '0': AMENT_PREFIX_PATH=/home/edisonwong/dev_ws/install/serial_motor_demo_msgs:${AMENT_PREFIX_PATH} CMAKE_PREFIX_PATH=/home/edisonwong/dev_ws/install/serial_motor_demo_msgs LD_LIBRARY_PATH=/home/edisonwong/dev_ws/install/serial_motor_demo_msgs/lib:${LD_LIBRARY_PATH} PYTHONPATH=/home/edisonwong/dev_ws/build/serial_motor_demo/prefix_override:/home/edisonwong/dev_ws/install/serial_motor_demo/lib/python3.10/site-packages:/home/edisonwong/dev_ws/install/serial_motor_demo_msgs/local/lib/python3.10/dist-packages:${PYTHONPATH} /usr/bin/python3 setup.py develop --editable --build-directory /home/edisonwong/dev_ws/build/serial_motor_demo/build --no-deps install_data
