[1.084s] Invoking command in '/home/edisonwong/dev_ws/src/build/serial_motor_demo': AMENT_PREFIX_PATH=/home/edisonwong/dev_ws/src/install/serial_motor_demo_msgs:${AMENT_PREFIX_PATH} CMAKE_PREFIX_PATH=/home/edisonwong/dev_ws/src/install/serial_motor_demo_msgs LD_LIBRARY_PATH=/home/edisonwong/dev_ws/src/install/serial_motor_demo_msgs/lib:${LD_LIBRARY_PATH} PYTHONPATH=/home/edisonwong/dev_ws/src/build/serial_motor_demo/prefix_override:/home/edisonwong/dev_ws/src/install/serial_motor_demo/lib/python3.10/site-packages:/home/edisonwong/dev_ws/src/install/serial_motor_demo_msgs/local/lib/python3.10/dist-packages:${PYTHONPATH} /usr/bin/python3 setup.py develop --editable --build-directory /home/edisonwong/dev_ws/src/build/serial_motor_demo/build --no-deps install_data
[1.361s] /usr/lib/python3/dist-packages/setuptools/dist.py:723: UserWarning: Usage of dash-separated 'script-dir' will not be supported in future versions. Please use the underscore name 'script_dir' instead
[1.361s]   warnings.warn(
[1.390s] running develop
[1.391s] /usr/lib/python3/dist-packages/setuptools/command/easy_install.py:158: EasyInstallDeprecationWarning: easy_install command is deprecated. Use build and pip and other standards-based tools.
[1.391s]   warnings.warn(
[1.393s] /usr/lib/python3/dist-packages/setuptools/command/install.py:34: SetuptoolsDeprecationWarning: setup.py install is deprecated. Use build and pip and other standards-based tools.
[1.393s]   warnings.warn(
[1.469s] /usr/lib/python3/dist-packages/pkg_resources/__init__.py:116: PkgResourcesDeprecationWarning: 1.16.0-unknown is an invalid version and will not be supported in a future release
[1.469s]   warnings.warn(
[1.470s] /usr/lib/python3/dist-packages/pkg_resources/__init__.py:116: PkgResourcesDeprecationWarning: 0.1.43ubuntu1 is an invalid version and will not be supported in a future release
[1.470s]   warnings.warn(
[1.470s] /usr/lib/python3/dist-packages/pkg_resources/__init__.py:116: PkgResourcesDeprecationWarning: 1.1build1 is an invalid version and will not be supported in a future release
[1.470s]   warnings.warn(
[1.470s] /usr/lib/python3/dist-packages/pkg_resources/__init__.py:116: PkgResourcesDeprecationWarning: 1.12.1-git20200711.33e2d80-dfsg1-0.6 is an invalid version and will not be supported in a future release
[1.471s]   warnings.warn(
[1.608s] running egg_info
[1.608s] writing serial_motor_demo.egg-info/PKG-INFO
[1.609s] writing dependency_links to serial_motor_demo.egg-info/dependency_links.txt
[1.609s] writing entry points to serial_motor_demo.egg-info/entry_points.txt
[1.609s] writing requirements to serial_motor_demo.egg-info/requires.txt
[1.610s] writing top-level names to serial_motor_demo.egg-info/top_level.txt
[1.614s] reading manifest file 'serial_motor_demo.egg-info/SOURCES.txt'
[1.615s] writing manifest file 'serial_motor_demo.egg-info/SOURCES.txt'
[1.661s] running build_ext
[1.661s] Creating /home/edisonwong/dev_ws/src/install/serial_motor_demo/lib/python3.10/site-packages/serial-motor-demo.egg-link (link to .)
[1.662s] Installing driver script to /home/edisonwong/dev_ws/src/install/serial_motor_demo/lib/serial_motor_demo
[1.663s] Installing gui script to /home/edisonwong/dev_ws/src/install/serial_motor_demo/lib/serial_motor_demo
[1.663s] 
[1.663s] Installed /home/edisonwong/dev_ws/src/build/serial_motor_demo
[1.663s] running install_data
[1.700s] Invoked command in '/home/edisonwong/dev_ws/src/build/serial_motor_demo' returned '0': AMENT_PREFIX_PATH=/home/edisonwong/dev_ws/src/install/serial_motor_demo_msgs:${AMENT_PREFIX_PATH} CMAKE_PREFIX_PATH=/home/edisonwong/dev_ws/src/install/serial_motor_demo_msgs LD_LIBRARY_PATH=/home/edisonwong/dev_ws/src/install/serial_motor_demo_msgs/lib:${LD_LIBRARY_PATH} PYTHONPATH=/home/edisonwong/dev_ws/src/build/serial_motor_demo/prefix_override:/home/edisonwong/dev_ws/src/install/serial_motor_demo/lib/python3.10/site-packages:/home/edisonwong/dev_ws/src/install/serial_motor_demo_msgs/local/lib/python3.10/dist-packages:${PYTHONPATH} /usr/bin/python3 setup.py develop --editable --build-directory /home/edisonwong/dev_ws/src/build/serial_motor_demo/build --no-deps install_data
