[0.018s] Invoking command in '/home/edisonwong/dev_ws/src/build/my_bot': CMAKE_PREFIX_PATH=${CMAKE_PREFIX_PATH}:/home/edisonwong/dev_ws/install/serial_motor_demo:/opt/ros/humble /usr/bin/cmake /home/edisonwong/dev_ws/src/my_bot -DAMENT_CMAKE_SYMLINK_INSTALL=1 -DCMAKE_INSTALL_PREFIX=/home/edisonwong/dev_ws/src/install/my_bot
[0.150s] -- The C compiler identification is GNU 11.3.0
[0.233s] -- The CXX compiler identification is GNU 11.3.0
[0.243s] -- Detecting C compiler ABI info
[0.322s] -- Detecting C compiler ABI info - done
[0.334s] -- Check for working C compiler: /usr/bin/cc - skipped
[0.334s] -- Detecting C compile features
[0.335s] -- Detecting C compile features - done
[0.339s] -- Detecting CXX compiler ABI info
[0.429s] -- Detecting CXX compiler ABI info - done
[0.439s] -- Check for working CXX compiler: /usr/bin/c++ - skipped
[0.440s] -- Detecting CXX compile features
[0.440s] -- Detecting CXX compile features - done
[0.453s] -- Found ament_cmake: 1.3.3 (/opt/ros/humble/share/ament_cmake/cmake)
[0.656s] -- Found Python3: /usr/bin/python3.10 (found version "3.10.6") found components: Interpreter 
[0.736s] -- Override CMake install command with custom implementation using symlinks instead of copying resources
[0.778s] -- Found ament_lint_auto: 0.12.4 (/opt/ros/humble/share/ament_lint_auto/cmake)
[0.889s] -- Added test 'copyright' to check source files copyright and LICENSE
[0.913s] -- Added test 'flake8' to check Python code syntax and style conventions
[0.917s] -- Added test 'lint_cmake' to check CMake code style
[0.919s] -- Added test 'pep257' to check Python code against some of the docstring style conventions in PEP 257
[0.929s] -- Added test 'xmllint' to check XML markup files
[0.932s] -- Configuring done
[0.936s] -- Generating done
[0.938s] -- Build files have been written to: /home/edisonwong/dev_ws/src/build/my_bot
[0.944s] Invoked command in '/home/edisonwong/dev_ws/src/build/my_bot' returned '0': CMAKE_PREFIX_PATH=${CMAKE_PREFIX_PATH}:/home/edisonwong/dev_ws/install/serial_motor_demo:/opt/ros/humble /usr/bin/cmake /home/edisonwong/dev_ws/src/my_bot -DAMENT_CMAKE_SYMLINK_INSTALL=1 -DCMAKE_INSTALL_PREFIX=/home/edisonwong/dev_ws/src/install/my_bot
[0.946s] Invoking command in '/home/edisonwong/dev_ws/src/build/my_bot': CMAKE_PREFIX_PATH=${CMAKE_PREFIX_PATH}:/home/edisonwong/dev_ws/install/serial_motor_demo:/opt/ros/humble /usr/bin/cmake --build /home/edisonwong/dev_ws/src/build/my_bot -- -j8 -l8
[0.986s] Invoked command in '/home/edisonwong/dev_ws/src/build/my_bot' returned '0': CMAKE_PREFIX_PATH=${CMAKE_PREFIX_PATH}:/home/edisonwong/dev_ws/install/serial_motor_demo:/opt/ros/humble /usr/bin/cmake --build /home/edisonwong/dev_ws/src/build/my_bot -- -j8 -l8
[1.020s] Invoking command in '/home/edisonwong/dev_ws/src/build/my_bot': CMAKE_PREFIX_PATH=${CMAKE_PREFIX_PATH}:/home/edisonwong/dev_ws/install/serial_motor_demo:/opt/ros/humble /usr/bin/cmake --install /home/edisonwong/dev_ws/src/build/my_bot
[1.028s] -- Install configuration: ""
[1.028s] -- Execute custom install script
[1.029s] -- Symlinking: /home/edisonwong/dev_ws/src/install/my_bot/share/my_bot/config/drive_bot.rviz
[1.039s] -- Symlinking: /home/edisonwong/dev_ws/src/install/my_bot/share/my_bot/config/empty.yaml
[1.048s] -- Symlinking: /home/edisonwong/dev_ws/src/install/my_bot/share/my_bot/config/gazebo_params.yaml
[1.057s] -- Symlinking: /home/edisonwong/dev_ws/src/install/my_bot/share/my_bot/config/my_controllers.yaml
[1.067s] -- Symlinking: /home/edisonwong/dev_ws/src/install/my_bot/share/my_bot/config/view_bot.rviz
[1.078s] -- Symlinking: /home/edisonwong/dev_ws/src/install/my_bot/share/my_bot/description/camera.xacro
[1.088s] -- Symlinking: /home/edisonwong/dev_ws/src/install/my_bot/share/my_bot/description/depth_camera.xacro
[1.097s] -- Symlinking: /home/edisonwong/dev_ws/src/install/my_bot/share/my_bot/description/gazebo_control.xacro
[1.106s] -- Symlinking: /home/edisonwong/dev_ws/src/install/my_bot/share/my_bot/description/inertial_macros.xacro
[1.117s] -- Symlinking: /home/edisonwong/dev_ws/src/install/my_bot/share/my_bot/description/lidar.xacro
[1.128s] -- Symlinking: /home/edisonwong/dev_ws/src/install/my_bot/share/my_bot/description/robot.urdf.xacro
[1.140s] -- Symlinking: /home/edisonwong/dev_ws/src/install/my_bot/share/my_bot/description/robot_core.xacro
[1.153s] -- Symlinking: /home/edisonwong/dev_ws/src/install/my_bot/share/my_bot/description/ros2_control.xacro
[1.174s] -- Symlinking: /home/edisonwong/dev_ws/src/install/my_bot/share/my_bot/launch/launch_sim.launch.py
[1.186s] -- Symlinking: /home/edisonwong/dev_ws/src/install/my_bot/share/my_bot/launch/rsp.launch.py
[1.199s] -- Symlinking: /home/edisonwong/dev_ws/src/install/my_bot/share/my_bot/worlds/empty.world
[1.213s] -- Symlinking: /home/edisonwong/dev_ws/src/install/my_bot/share/my_bot/worlds/kb5.world
[1.231s] -- Symlinking: /home/edisonwong/dev_ws/src/install/my_bot/share/my_bot/worlds/obstacles.world
[1.246s] -- Symlinking: /home/edisonwong/dev_ws/src/install/my_bot/share/ament_index/resource_index/package_run_dependencies/my_bot
[1.258s] -- Symlinking: /home/edisonwong/dev_ws/src/install/my_bot/share/ament_index/resource_index/parent_prefix_path/my_bot
[1.269s] -- Symlinking: /home/edisonwong/dev_ws/src/install/my_bot/share/my_bot/environment/ament_prefix_path.sh
[1.280s] -- Symlinking: /home/edisonwong/dev_ws/src/install/my_bot/share/my_bot/environment/ament_prefix_path.dsv
[1.296s] -- Symlinking: /home/edisonwong/dev_ws/src/install/my_bot/share/my_bot/environment/path.sh
[1.309s] -- Symlinking: /home/edisonwong/dev_ws/src/install/my_bot/share/my_bot/environment/path.dsv
[1.338s] -- Symlinking: /home/edisonwong/dev_ws/src/install/my_bot/share/my_bot/local_setup.bash
[1.352s] -- Symlinking: /home/edisonwong/dev_ws/src/install/my_bot/share/my_bot/local_setup.sh
[1.376s] -- Symlinking: /home/edisonwong/dev_ws/src/install/my_bot/share/my_bot/local_setup.zsh
[1.390s] -- Symlinking: /home/edisonwong/dev_ws/src/install/my_bot/share/my_bot/local_setup.dsv
[1.406s] -- Symlinking: /home/edisonwong/dev_ws/src/install/my_bot/share/my_bot/package.dsv
[1.419s] -- Symlinking: /home/edisonwong/dev_ws/src/install/my_bot/share/ament_index/resource_index/packages/my_bot
[1.433s] -- Symlinking: /home/edisonwong/dev_ws/src/install/my_bot/share/my_bot/cmake/my_botConfig.cmake
[1.448s] -- Symlinking: /home/edisonwong/dev_ws/src/install/my_bot/share/my_bot/cmake/my_botConfig-version.cmake
[1.463s] -- Symlinking: /home/edisonwong/dev_ws/src/install/my_bot/share/my_bot/package.xml
[1.484s] Invoked command in '/home/edisonwong/dev_ws/src/build/my_bot' returned '0': CMAKE_PREFIX_PATH=${CMAKE_PREFIX_PATH}:/home/edisonwong/dev_ws/install/serial_motor_demo:/opt/ros/humble /usr/bin/cmake --install /home/edisonwong/dev_ws/src/build/my_bot
