[0.009s] Invoking command in '/home/edisonwong/dev_ws/build/diffdrive_arduino': AMENT_PREFIX_PATH=/home/edisonwong/dev_ws/install/serial:${AMENT_PREFIX_PATH} CMAKE_PREFIX_PATH=/home/edisonwong/dev_ws/install/serial:/opt/ros/humble LD_LIBRARY_PATH=/home/edisonwong/dev_ws/install/serial/lib:${LD_LIBRARY_PATH} /usr/bin/cmake /home/edisonwong/dev_ws/src/diffdrive_arduino -DAMENT_CMAKE_SYMLINK_INSTALL=1 -DCMAKE_INSTALL_PREFIX=/home/edisonwong/dev_ws/install/diffdrive_arduino
[0.066s] -- The C compiler identification is GNU 11.3.0
[0.126s] -- The CXX compiler identification is GNU 11.3.0
[0.134s] -- Detecting C compiler ABI info
[0.204s] -- Detecting C compiler ABI info - done
[0.212s] -- Check for working C compiler: /usr/bin/cc - skipped
[0.213s] -- Detecting C compile features
[0.213s] -- Detecting C compile features - done
[0.217s] -- Detecting CXX compiler ABI info
[0.303s] -- Detecting CXX compiler ABI info - done
[0.312s] -- Check for working CXX compiler: /usr/bin/c++ - skipped
[0.312s] -- Detecting CXX compile features
[0.313s] -- Detecting CXX compile features - done
[0.316s] -- Found ament_cmake: 1.3.3 (/opt/ros/humble/share/ament_cmake/cmake)
[0.515s] -- Found Python3: /usr/bin/python3.10 (found version "3.10.6") found components: Interpreter 
[0.581s] -- Override CMake install command with custom implementation using symlinks instead of copying resources
[0.609s] -- Found serial: 1.2.1 (/home/edisonwong/dev_ws/install/serial/share/serial/cmake)
[0.623s] -- Found hardware_interface: 2.18.0 (/opt/ros/humble/share/hardware_interface/cmake)
[0.702s] -- Found rosidl_generator_c: 3.1.4 (/opt/ros/humble/share/rosidl_generator_c/cmake)
[0.711s] -- Found rosidl_adapter: 3.1.4 (/opt/ros/humble/share/rosidl_adapter/cmake)
[0.731s] -- Found rosidl_generator_cpp: 3.1.4 (/opt/ros/humble/share/rosidl_generator_cpp/cmake)
[0.757s] -- Using all available rosidl_typesupport_c: rosidl_typesupport_fastrtps_c;rosidl_typesupport_introspection_c
[0.792s] -- Using all available rosidl_typesupport_cpp: rosidl_typesupport_fastrtps_cpp;rosidl_typesupport_introspection_cpp
[1.827s] -- Found rmw_implementation_cmake: 6.1.1 (/opt/ros/humble/share/rmw_implementation_cmake/cmake)
[1.831s] -- Found rmw_fastrtps_cpp: 6.2.2 (/opt/ros/humble/share/rmw_fastrtps_cpp/cmake)
[1.953s] -- Found OpenSSL: /usr/lib/x86_64-linux-gnu/libcrypto.so (found version "3.0.2")  
[1.996s] -- Found FastRTPS: /opt/ros/humble/include  
[2.069s] -- Using RMW implementation 'rmw_fastrtps_cpp' as default
[2.084s] -- Looking for pthread.h
[2.168s] -- Looking for pthread.h - found
[2.168s] -- Performing Test CMAKE_HAVE_LIBC_PTHREAD
[2.243s] -- Performing Test CMAKE_HAVE_LIBC_PTHREAD - Success
[2.244s] -- Found Threads: TRUE  
[2.526s] -- Found controller_manager: 2.18.0 (/opt/ros/humble/share/controller_manager/cmake)
[5.262s] -- Configuring done
[5.377s] -- Generating done
[5.379s] -- Build files have been written to: /home/edisonwong/dev_ws/build/diffdrive_arduino
[5.395s] Invoked command in '/home/edisonwong/dev_ws/build/diffdrive_arduino' returned '0': AMENT_PREFIX_PATH=/home/edisonwong/dev_ws/install/serial:${AMENT_PREFIX_PATH} CMAKE_PREFIX_PATH=/home/edisonwong/dev_ws/install/serial:/opt/ros/humble LD_LIBRARY_PATH=/home/edisonwong/dev_ws/install/serial/lib:${LD_LIBRARY_PATH} /usr/bin/cmake /home/edisonwong/dev_ws/src/diffdrive_arduino -DAMENT_CMAKE_SYMLINK_INSTALL=1 -DCMAKE_INSTALL_PREFIX=/home/edisonwong/dev_ws/install/diffdrive_arduino
[5.398s] Invoking command in '/home/edisonwong/dev_ws/build/diffdrive_arduino': AMENT_PREFIX_PATH=/home/edisonwong/dev_ws/install/serial:${AMENT_PREFIX_PATH} CMAKE_PREFIX_PATH=/home/edisonwong/dev_ws/install/serial:/opt/ros/humble LD_LIBRARY_PATH=/home/edisonwong/dev_ws/install/serial/lib:${LD_LIBRARY_PATH} /usr/bin/cmake --build /home/edisonwong/dev_ws/build/diffdrive_arduino -- -j8 -l8
[5.463s] [ 42%] [32mBuilding CXX object CMakeFiles/diffdrive_arduino.dir/src/arduino_comms.cpp.o[0m
[5.463s] [ 42%] [32mBuilding CXX object CMakeFiles/fake_robot.dir/src/fake_robot.cpp.o[0m
[5.463s] [ 42%] [32mBuilding CXX object CMakeFiles/diffdrive_arduino.dir/src/wheel.cpp.o[0m
[5.465s] [ 71%] [32mBuilding CXX object CMakeFiles/diffdrive_arduino.dir/src/diffdrive_arduino.cpp.o[0m
[5.466s] [ 71%] [32mBuilding CXX object CMakeFiles/fake_robot.dir/src/wheel.cpp.o[0m
[5.994s] In file included from [01m[K/home/edisonwong/dev_ws/src/diffdrive_arduino/src/diffdrive_arduino.cpp:1[m[K:
[5.994s] [01m[K/home/edisonwong/dev_ws/src/diffdrive_arduino/include/diffdrive_arduino/diffdrive_arduino.h:7:10:[m[K [01;31m[Kfatal error: [m[Khardware_interface/base_interface.hpp: No such file or directory
[5.995s]     7 | #include [01;31m[K"hardware_interface/base_interface.hpp"[m[K
[5.995s]       |          [01;31m[K^~~~~~~~~~~~~~~~~~~~~~~~~~~~~~~~~~~~~~~[m[K
[5.995s] compilation terminated.
[5.999s] gmake[2]: *** [CMakeFiles/diffdrive_arduino.dir/build.make:76: CMakeFiles/diffdrive_arduino.dir/src/diffdrive_arduino.cpp.o] Error 1
[5.999s] gmake[2]: *** Waiting for unfinished jobs....
[6.019s] In file included from [01m[K/home/edisonwong/dev_ws/src/diffdrive_arduino/src/fake_robot.cpp:1[m[K:
[6.019s] [01m[K/home/edisonwong/dev_ws/src/diffdrive_arduino/include/diffdrive_arduino/fake_robot.h:7:10:[m[K [01;31m[Kfatal error: [m[Khardware_interface/base_interface.hpp: No such file or directory
[6.019s]     7 | #include [01;31m[K"hardware_interface/base_interface.hpp"[m[K
[6.019s]       |          [01;31m[K^~~~~~~~~~~~~~~~~~~~~~~~~~~~~~~~~~~~~~~[m[K
[6.020s] compilation terminated.
[6.023s] gmake[2]: *** [CMakeFiles/fake_robot.dir/build.make:76: CMakeFiles/fake_robot.dir/src/fake_robot.cpp.o] Error 1
[6.023s] gmake[2]: *** Waiting for unfinished jobs....
[6.039s] gmake[1]: *** [CMakeFiles/Makefile2:165: CMakeFiles/fake_robot.dir/all] Error 2
[6.040s] gmake[1]: *** Waiting for unfinished jobs....
[8.995s] gmake[1]: *** [CMakeFiles/Makefile2:139: CMakeFiles/diffdrive_arduino.dir/all] Error 2
[8.995s] gmake: *** [Makefile:146: all] Error 2
[8.998s] Invoked command in '/home/edisonwong/dev_ws/build/diffdrive_arduino' returned '2': AMENT_PREFIX_PATH=/home/edisonwong/dev_ws/install/serial:${AMENT_PREFIX_PATH} CMAKE_PREFIX_PATH=/home/edisonwong/dev_ws/install/serial:/opt/ros/humble LD_LIBRARY_PATH=/home/edisonwong/dev_ws/install/serial/lib:${LD_LIBRARY_PATH} /usr/bin/cmake --build /home/edisonwong/dev_ws/build/diffdrive_arduino -- -j8 -l8
